---------------------------------------------------------------
[ 2019-04-15T10:20:40+08:00 ] 127.0.0.1 GET test.pcnfc.com/index/index/hcb
[运行时间：1.315075s] [吞吐率：0.76req/s] [内存消耗：1,707.91kb] [文件加载：81]
[ info ] [ LANG ] D:\mf\pcnfctest\thinkphp\lang\zh-cn.php
[ info ] [ ROUTE ] array (
)
[ info ] [ HEADER ] array (
  'accept-language' => 'zh-CN,zh;q=0.9,en;q=0.8,zh-TW;q=0.7',
  'accept-encoding' => 'gzip, deflate',
  'accept' => 'text/html,application/xhtml+xml,application/xml;q=0.9,image/webp,image/apng,*/*;q=0.8',
  'user-agent' => 'Mozilla/5.0 (Windows NT 6.1; WOW64) AppleWebKit/537.36 (KHTML, like Gecko) Chrome/69.0.3497.100 Safari/537.36',
  'upgrade-insecure-requests' => '1',
  'connection' => 'close',
  'host' => 'test.pcnfc.com',
)
[ info ] [ PARAM ] array (
)
---------------------------------------------------------------
[ 2019-04-15T10:22:49+08:00 ] 127.0.0.1 GET test.pcnfc.com/index/index/hcb
[运行时间：0.436025s] [吞吐率：2.29req/s] [内存消耗：1,708.20kb] [文件加载：81]
[ info ] [ LANG ] D:\mf\pcnfctest\thinkphp\lang\zh-cn.php
[ info ] [ ROUTE ] array (
)
[ info ] [ HEADER ] array (
  'accept-language' => 'zh-CN,zh;q=0.9,en;q=0.8,zh-TW;q=0.7',
  'accept-encoding' => 'gzip, deflate',
  'accept' => 'text/html,application/xhtml+xml,application/xml;q=0.9,image/webp,image/apng,*/*;q=0.8',
  'user-agent' => 'Mozilla/5.0 (Windows NT 6.1; WOW64) AppleWebKit/537.36 (KHTML, like Gecko) Chrome/69.0.3497.100 Safari/537.36',
  'upgrade-insecure-requests' => '1',
  'cache-control' => 'max-age=0',
  'connection' => 'close',
  'host' => 'test.pcnfc.com',
)
[ info ] [ PARAM ] array (
)
---------------------------------------------------------------
[ 2019-04-15T15:17:01+08:00 ] 127.0.0.1 GET test.pcnfc.com/index/index/hcbs2
[运行时间：0.254014s] [吞吐率：3.94req/s] [内存消耗：1,707.95kb] [文件加载：81]
[ info ] [ LANG ] D:\mf\pcnfctest\thinkphp\lang\zh-cn.php
[ info ] [ ROUTE ] array (
)
[ info ] [ HEADER ] array (
  'accept-language' => 'zh-CN,zh;q=0.9,en;q=0.8,zh-TW;q=0.7',
  'accept-encoding' => 'gzip, deflate',
  'accept' => 'text/html,application/xhtml+xml,application/xml;q=0.9,image/webp,image/apng,*/*;q=0.8',
  'user-agent' => 'Mozilla/5.0 (Windows NT 6.1; WOW64) AppleWebKit/537.36 (KHTML, like Gecko) Chrome/69.0.3497.100 Safari/537.36',
  'upgrade-insecure-requests' => '1',
  'connection' => 'close',
  'host' => 'test.pcnfc.com',
)
[ info ] [ PARAM ] array (
)
---------------------------------------------------------------
[ 2019-04-15T15:19:44+08:00 ] 127.0.0.1 GET test.pcnfc.com/index/index/hcbs2
[运行时间：0.227013s] [吞吐率：4.41req/s] [内存消耗：1,708.11kb] [文件加载：81]
[ info ] [ LANG ] D:\mf\pcnfctest\thinkphp\lang\zh-cn.php
[ info ] [ ROUTE ] array (
)
[ info ] [ HEADER ] array (
  'accept-language' => 'zh-CN,zh;q=0.9,en;q=0.8,zh-TW;q=0.7',
  'accept-encoding' => 'gzip, deflate',
  'accept' => 'text/html,application/xhtml+xml,application/xml;q=0.9,image/webp,image/apng,*/*;q=0.8',
  'user-agent' => 'Mozilla/5.0 (Windows NT 6.1; WOW64) AppleWebKit/537.36 (KHTML, like Gecko) Chrome/69.0.3497.100 Safari/537.36',
  'upgrade-insecure-requests' => '1',
  'cache-control' => 'max-age=0',
  'connection' => 'close',
  'host' => 'test.pcnfc.com',
)
[ info ] [ PARAM ] array (
)
---------------------------------------------------------------
[ 2019-04-15T15:23:31+08:00 ] 127.0.0.1 GET test.pcnfc.com/index/index/hcbs
[运行时间：0.195011s] [吞吐率：5.13req/s] [内存消耗：1,707.97kb] [文件加载：81]
[ info ] [ LANG ] D:\mf\pcnfctest\thinkphp\lang\zh-cn.php
[ info ] [ ROUTE ] array (
)
[ info ] [ HEADER ] array (
  'accept-language' => 'zh-CN,zh;q=0.9,en;q=0.8,zh-TW;q=0.7',
  'accept-encoding' => 'gzip, deflate',
  'accept' => 'text/html,application/xhtml+xml,application/xml;q=0.9,image/webp,image/apng,*/*;q=0.8',
  'user-agent' => 'Mozilla/5.0 (Windows NT 6.1; WOW64) AppleWebKit/537.36 (KHTML, like Gecko) Chrome/69.0.3497.100 Safari/537.36',
  'upgrade-insecure-requests' => '1',
  'connection' => 'close',
  'host' => 'test.pcnfc.com',
)
[ info ] [ PARAM ] array (
)
