---------------------------------------------------------------
[ 2019-01-07T16:25:54+08:00 ] 127.0.0.1 GET test.pcnfc.com/index/index/t3
[运行时间：2.361135s] [吞吐率：0.42req/s] [内存消耗：1,556.23kb] [文件加载：66]
[ info ] [ LANG ] D:\mf\pcnfctest\thinkphp\lang\zh-cn.php
[ info ] [ ROUTE ] array (
)
[ info ] [ HEADER ] array (
  'cookie' => 'pgv_pvi=7296268288',
  'accept-language' => 'zh-CN,zh;q=0.9,en;q=0.8,zh-TW;q=0.7',
  'accept-encoding' => 'gzip, deflate',
  'accept' => 'text/html,application/xhtml+xml,application/xml;q=0.9,image/webp,image/apng,*/*;q=0.8',
  'user-agent' => 'Mozilla/5.0 (Windows NT 6.1; WOW64) AppleWebKit/537.36 (KHTML, like Gecko) Chrome/63.0.3239.132 Safari/537.36',
  'upgrade-insecure-requests' => '1',
  'connection' => 'close',
  'host' => 'test.pcnfc.com',
)
[ info ] [ PARAM ] array (
)
---------------------------------------------------------------
[ 2019-01-07T16:34:59+08:00 ] 127.0.0.1 GET test.pcnfc.com/
[运行时间：0.656822s] [吞吐率：1.52req/s] [内存消耗：1,608.95kb] [文件加载：70]
[ info ] [ LANG ] D:\mf\pcnfctest\thinkphp\lang\zh-cn.php
[ info ] [ ROUTE ] array (
)
[ info ] [ HEADER ] array (
  'cookie' => 'pgv_pvi=7296268288',
  'accept-language' => 'zh-CN,zh;q=0.9,en;q=0.8,zh-TW;q=0.7',
  'accept-encoding' => 'gzip, deflate',
  'accept' => 'text/html,application/xhtml+xml,application/xml;q=0.9,image/webp,image/apng,*/*;q=0.8',
  'user-agent' => 'Mozilla/5.0 (Windows NT 6.1; WOW64) AppleWebKit/537.36 (KHTML, like Gecko) Chrome/63.0.3239.132 Safari/537.36',
  'upgrade-insecure-requests' => '1',
  'connection' => 'close',
  'host' => 'test.pcnfc.com',
)
[ info ] [ PARAM ] array (
)
---------------------------------------------------------------
[ 2019-01-07T16:35:05+08:00 ] 127.0.0.1 GET test.pcnfc.com/index/index/t3
[运行时间：2.979308s] [吞吐率：0.34req/s] [内存消耗：1,556.24kb] [文件加载：66]
[ info ] [ LANG ] D:\mf\pcnfctest\thinkphp\lang\zh-cn.php
[ info ] [ ROUTE ] array (
)
[ info ] [ HEADER ] array (
  'cookie' => 'pgv_pvi=7296268288',
  'accept-language' => 'zh-CN,zh;q=0.9,en;q=0.8,zh-TW;q=0.7',
  'accept-encoding' => 'gzip, deflate',
  'accept' => 'text/html,application/xhtml+xml,application/xml;q=0.9,image/webp,image/apng,*/*;q=0.8',
  'user-agent' => 'Mozilla/5.0 (Windows NT 6.1; WOW64) AppleWebKit/537.36 (KHTML, like Gecko) Chrome/63.0.3239.132 Safari/537.36',
  'upgrade-insecure-requests' => '1',
  'connection' => 'close',
  'host' => 'test.pcnfc.com',
)
[ info ] [ PARAM ] array (
)
