---------------------------------------------------------------
[ 2019-01-30T11:05:17+08:00 ] 127.0.0.1 GET test.pcnfc.com/index/openssltest/m4
[运行时间：1.966104s] [吞吐率：0.51req/s] [内存消耗：1,651.91kb] [文件加载：80]
[ info ] [ LANG ] D:\mf\pcnfctest\thinkphp\lang\zh-cn.php
[ info ] [ ROUTE ] array (
)
[ info ] [ HEADER ] array (
  'cookie' => 'pgv_pvi=7296268288',
  'accept-language' => 'zh-CN,zh;q=0.9,en;q=0.8,zh-TW;q=0.7',
  'accept-encoding' => 'gzip, deflate',
  'accept' => 'text/html,application/xhtml+xml,application/xml;q=0.9,image/webp,image/apng,*/*;q=0.8',
  'user-agent' => 'Mozilla/5.0 (Windows NT 6.1; WOW64) AppleWebKit/537.36 (KHTML, like Gecko) Chrome/63.0.3239.132 Safari/537.36',
  'upgrade-insecure-requests' => '1',
  'connection' => 'close',
  'host' => 'test.pcnfc.com',
)
[ info ] [ PARAM ] array (
)
---------------------------------------------------------------
[ 2019-01-30T11:06:25+08:00 ] 127.0.0.1 GET test.pcnfc.com/index/openssltest/m4
[运行时间：0.057003s] [吞吐率：17.54req/s] [内存消耗：1,652.01kb] [文件加载：80]
[ info ] [ LANG ] D:\mf\pcnfctest\thinkphp\lang\zh-cn.php
[ info ] [ ROUTE ] array (
)
[ info ] [ HEADER ] array (
  'cookie' => 'pgv_pvi=7296268288',
  'accept-language' => 'zh-CN,zh;q=0.9,en;q=0.8,zh-TW;q=0.7',
  'accept-encoding' => 'gzip, deflate',
  'accept' => 'text/html,application/xhtml+xml,application/xml;q=0.9,image/webp,image/apng,*/*;q=0.8',
  'user-agent' => 'Mozilla/5.0 (Windows NT 6.1; WOW64) AppleWebKit/537.36 (KHTML, like Gecko) Chrome/63.0.3239.132 Safari/537.36',
  'upgrade-insecure-requests' => '1',
  'cache-control' => 'max-age=0',
  'connection' => 'close',
  'host' => 'test.pcnfc.com',
)
[ info ] [ PARAM ] array (
)
---------------------------------------------------------------
[ 2019-01-30T11:06:41+08:00 ] 127.0.0.1 GET test.pcnfc.com/index/openssltest/m4
[运行时间：0.055003s] [吞吐率：18.18req/s] [内存消耗：1,651.77kb] [文件加载：80]
[ info ] [ LANG ] D:\mf\pcnfctest\thinkphp\lang\zh-cn.php
[ info ] [ ROUTE ] array (
)
[ info ] [ HEADER ] array (
  'cookie' => 'pgv_pvi=7296268288',
  'accept-language' => 'zh-CN,zh;q=0.9,en;q=0.8,zh-TW;q=0.7',
  'accept-encoding' => 'gzip, deflate',
  'accept' => 'text/html,application/xhtml+xml,application/xml;q=0.9,image/webp,image/apng,*/*;q=0.8',
  'user-agent' => 'Mozilla/5.0 (Windows NT 6.1; WOW64) AppleWebKit/537.36 (KHTML, like Gecko) Chrome/63.0.3239.132 Safari/537.36',
  'upgrade-insecure-requests' => '1',
  'cache-control' => 'max-age=0',
  'connection' => 'close',
  'host' => 'test.pcnfc.com',
)
[ info ] [ PARAM ] array (
)
---------------------------------------------------------------
[ 2019-01-30T11:06:48+08:00 ] 127.0.0.1 GET test.pcnfc.com/index/openssltest/m4
[运行时间：0.060003s] [吞吐率：16.67req/s] [内存消耗：1,651.98kb] [文件加载：80]
[ info ] [ LANG ] D:\mf\pcnfctest\thinkphp\lang\zh-cn.php
[ info ] [ ROUTE ] array (
)
[ info ] [ HEADER ] array (
  'cookie' => 'pgv_pvi=7296268288',
  'accept-language' => 'zh-CN,zh;q=0.9,en;q=0.8,zh-TW;q=0.7',
  'accept-encoding' => 'gzip, deflate',
  'accept' => 'text/html,application/xhtml+xml,application/xml;q=0.9,image/webp,image/apng,*/*;q=0.8',
  'user-agent' => 'Mozilla/5.0 (Windows NT 6.1; WOW64) AppleWebKit/537.36 (KHTML, like Gecko) Chrome/63.0.3239.132 Safari/537.36',
  'upgrade-insecure-requests' => '1',
  'cache-control' => 'max-age=0',
  'connection' => 'close',
  'host' => 'test.pcnfc.com',
)
[ info ] [ PARAM ] array (
)
---------------------------------------------------------------
[ 2019-01-30T11:07:46+08:00 ] 127.0.0.1 GET test.pcnfc.com/index/openssltest/m4
[运行时间：0.061003s] [吞吐率：16.39req/s] [内存消耗：1,652.41kb] [文件加载：80]
[ info ] [ LANG ] D:\mf\pcnfctest\thinkphp\lang\zh-cn.php
[ info ] [ ROUTE ] array (
)
[ info ] [ HEADER ] array (
  'cookie' => 'pgv_pvi=7296268288',
  'accept-language' => 'zh-CN,zh;q=0.9,en;q=0.8,zh-TW;q=0.7',
  'accept-encoding' => 'gzip, deflate',
  'accept' => 'text/html,application/xhtml+xml,application/xml;q=0.9,image/webp,image/apng,*/*;q=0.8',
  'user-agent' => 'Mozilla/5.0 (Windows NT 6.1; WOW64) AppleWebKit/537.36 (KHTML, like Gecko) Chrome/63.0.3239.132 Safari/537.36',
  'upgrade-insecure-requests' => '1',
  'cache-control' => 'max-age=0',
  'connection' => 'close',
  'host' => 'test.pcnfc.com',
)
[ info ] [ PARAM ] array (
)
---------------------------------------------------------------
[ 2019-01-30T11:08:46+08:00 ] 127.0.0.1 GET test.pcnfc.com/index/openssltest/m4
[运行时间：0.052800s] [吞吐率：18.94req/s] [内存消耗：1,652.41kb] [文件加载：80]
[ info ] [ LANG ] D:\mf\pcnfctest\thinkphp\lang\zh-cn.php
[ info ] [ ROUTE ] array (
)
[ info ] [ HEADER ] array (
  'cookie' => 'pgv_pvi=7296268288',
  'accept-language' => 'zh-CN,zh;q=0.9,en;q=0.8,zh-TW;q=0.7',
  'accept-encoding' => 'gzip, deflate',
  'accept' => 'text/html,application/xhtml+xml,application/xml;q=0.9,image/webp,image/apng,*/*;q=0.8',
  'user-agent' => 'Mozilla/5.0 (Windows NT 6.1; WOW64) AppleWebKit/537.36 (KHTML, like Gecko) Chrome/63.0.3239.132 Safari/537.36',
  'upgrade-insecure-requests' => '1',
  'cache-control' => 'max-age=0',
  'connection' => 'close',
  'host' => 'test.pcnfc.com',
)
[ info ] [ PARAM ] array (
)
---------------------------------------------------------------
[ 2019-01-30T11:08:47+08:00 ] 127.0.0.1 GET test.pcnfc.com/index/openssltest/m4
[运行时间：0.037201s] [吞吐率：26.88req/s] [内存消耗：1,652.41kb] [文件加载：80]
[ info ] [ LANG ] D:\mf\pcnfctest\thinkphp\lang\zh-cn.php
[ info ] [ ROUTE ] array (
)
[ info ] [ HEADER ] array (
  'cookie' => 'pgv_pvi=7296268288',
  'accept-language' => 'zh-CN,zh;q=0.9,en;q=0.8,zh-TW;q=0.7',
  'accept-encoding' => 'gzip, deflate',
  'accept' => 'text/html,application/xhtml+xml,application/xml;q=0.9,image/webp,image/apng,*/*;q=0.8',
  'user-agent' => 'Mozilla/5.0 (Windows NT 6.1; WOW64) AppleWebKit/537.36 (KHTML, like Gecko) Chrome/63.0.3239.132 Safari/537.36',
  'upgrade-insecure-requests' => '1',
  'cache-control' => 'max-age=0',
  'connection' => 'close',
  'host' => 'test.pcnfc.com',
)
[ info ] [ PARAM ] array (
)
---------------------------------------------------------------
[ 2019-01-30T11:08:48+08:00 ] 127.0.0.1 GET test.pcnfc.com/index/openssltest/m4
[运行时间：0.054800s] [吞吐率：18.25req/s] [内存消耗：1,652.41kb] [文件加载：80]
[ info ] [ LANG ] D:\mf\pcnfctest\thinkphp\lang\zh-cn.php
[ info ] [ ROUTE ] array (
)
[ info ] [ HEADER ] array (
  'cookie' => 'pgv_pvi=7296268288',
  'accept-language' => 'zh-CN,zh;q=0.9,en;q=0.8,zh-TW;q=0.7',
  'accept-encoding' => 'gzip, deflate',
  'accept' => 'text/html,application/xhtml+xml,application/xml;q=0.9,image/webp,image/apng,*/*;q=0.8',
  'user-agent' => 'Mozilla/5.0 (Windows NT 6.1; WOW64) AppleWebKit/537.36 (KHTML, like Gecko) Chrome/63.0.3239.132 Safari/537.36',
  'upgrade-insecure-requests' => '1',
  'cache-control' => 'max-age=0',
  'connection' => 'close',
  'host' => 'test.pcnfc.com',
)
[ info ] [ PARAM ] array (
)
---------------------------------------------------------------
[ 2019-01-30T11:08:49+08:00 ] 127.0.0.1 GET test.pcnfc.com/index/openssltest/m4
[运行时间：0.052800s] [吞吐率：18.94req/s] [内存消耗：1,652.41kb] [文件加载：80]
[ info ] [ LANG ] D:\mf\pcnfctest\thinkphp\lang\zh-cn.php
[ info ] [ ROUTE ] array (
)
[ info ] [ HEADER ] array (
  'cookie' => 'pgv_pvi=7296268288',
  'accept-language' => 'zh-CN,zh;q=0.9,en;q=0.8,zh-TW;q=0.7',
  'accept-encoding' => 'gzip, deflate',
  'accept' => 'text/html,application/xhtml+xml,application/xml;q=0.9,image/webp,image/apng,*/*;q=0.8',
  'user-agent' => 'Mozilla/5.0 (Windows NT 6.1; WOW64) AppleWebKit/537.36 (KHTML, like Gecko) Chrome/63.0.3239.132 Safari/537.36',
  'upgrade-insecure-requests' => '1',
  'cache-control' => 'max-age=0',
  'connection' => 'close',
  'host' => 'test.pcnfc.com',
)
[ info ] [ PARAM ] array (
)
---------------------------------------------------------------
[ 2019-01-30T11:08:50+08:00 ] 127.0.0.1 GET test.pcnfc.com/index/openssltest/m4
[运行时间：0.068401s] [吞吐率：14.62req/s] [内存消耗：1,652.41kb] [文件加载：80]
[ info ] [ LANG ] D:\mf\pcnfctest\thinkphp\lang\zh-cn.php
[ info ] [ ROUTE ] array (
)
[ info ] [ HEADER ] array (
  'cookie' => 'pgv_pvi=7296268288',
  'accept-language' => 'zh-CN,zh;q=0.9,en;q=0.8,zh-TW;q=0.7',
  'accept-encoding' => 'gzip, deflate',
  'accept' => 'text/html,application/xhtml+xml,application/xml;q=0.9,image/webp,image/apng,*/*;q=0.8',
  'user-agent' => 'Mozilla/5.0 (Windows NT 6.1; WOW64) AppleWebKit/537.36 (KHTML, like Gecko) Chrome/63.0.3239.132 Safari/537.36',
  'upgrade-insecure-requests' => '1',
  'cache-control' => 'max-age=0',
  'connection' => 'close',
  'host' => 'test.pcnfc.com',
)
[ info ] [ PARAM ] array (
)
---------------------------------------------------------------
[ 2019-01-30T11:08:50+08:00 ] 127.0.0.1 GET test.pcnfc.com/index/openssltest/m4
[运行时间：0.052801s] [吞吐率：18.94req/s] [内存消耗：1,652.41kb] [文件加载：80]
[ info ] [ LANG ] D:\mf\pcnfctest\thinkphp\lang\zh-cn.php
[ info ] [ ROUTE ] array (
)
[ info ] [ HEADER ] array (
  'cookie' => 'pgv_pvi=7296268288',
  'accept-language' => 'zh-CN,zh;q=0.9,en;q=0.8,zh-TW;q=0.7',
  'accept-encoding' => 'gzip, deflate',
  'accept' => 'text/html,application/xhtml+xml,application/xml;q=0.9,image/webp,image/apng,*/*;q=0.8',
  'user-agent' => 'Mozilla/5.0 (Windows NT 6.1; WOW64) AppleWebKit/537.36 (KHTML, like Gecko) Chrome/63.0.3239.132 Safari/537.36',
  'upgrade-insecure-requests' => '1',
  'cache-control' => 'max-age=0',
  'connection' => 'close',
  'host' => 'test.pcnfc.com',
)
[ info ] [ PARAM ] array (
)
---------------------------------------------------------------
[ 2019-01-30T11:08:51+08:00 ] 127.0.0.1 GET test.pcnfc.com/index/openssltest/m4
[运行时间：0.041200s] [吞吐率：24.27req/s] [内存消耗：1,652.41kb] [文件加载：80]
[ info ] [ LANG ] D:\mf\pcnfctest\thinkphp\lang\zh-cn.php
[ info ] [ ROUTE ] array (
)
[ info ] [ HEADER ] array (
  'cookie' => 'pgv_pvi=7296268288',
  'accept-language' => 'zh-CN,zh;q=0.9,en;q=0.8,zh-TW;q=0.7',
  'accept-encoding' => 'gzip, deflate',
  'accept' => 'text/html,application/xhtml+xml,application/xml;q=0.9,image/webp,image/apng,*/*;q=0.8',
  'user-agent' => 'Mozilla/5.0 (Windows NT 6.1; WOW64) AppleWebKit/537.36 (KHTML, like Gecko) Chrome/63.0.3239.132 Safari/537.36',
  'upgrade-insecure-requests' => '1',
  'cache-control' => 'max-age=0',
  'connection' => 'close',
  'host' => 'test.pcnfc.com',
)
[ info ] [ PARAM ] array (
)
---------------------------------------------------------------
[ 2019-01-30T11:08:52+08:00 ] 127.0.0.1 GET test.pcnfc.com/index/openssltest/m4
[运行时间：0.068401s] [吞吐率：14.62req/s] [内存消耗：1,652.41kb] [文件加载：80]
[ info ] [ LANG ] D:\mf\pcnfctest\thinkphp\lang\zh-cn.php
[ info ] [ ROUTE ] array (
)
[ info ] [ HEADER ] array (
  'cookie' => 'pgv_pvi=7296268288',
  'accept-language' => 'zh-CN,zh;q=0.9,en;q=0.8,zh-TW;q=0.7',
  'accept-encoding' => 'gzip, deflate',
  'accept' => 'text/html,application/xhtml+xml,application/xml;q=0.9,image/webp,image/apng,*/*;q=0.8',
  'user-agent' => 'Mozilla/5.0 (Windows NT 6.1; WOW64) AppleWebKit/537.36 (KHTML, like Gecko) Chrome/63.0.3239.132 Safari/537.36',
  'upgrade-insecure-requests' => '1',
  'cache-control' => 'max-age=0',
  'connection' => 'close',
  'host' => 'test.pcnfc.com',
)
[ info ] [ PARAM ] array (
)
---------------------------------------------------------------
[ 2019-01-30T11:08:52+08:00 ] 127.0.0.1 GET test.pcnfc.com/index/openssltest/m4
[运行时间：0.038201s] [吞吐率：26.18req/s] [内存消耗：1,652.41kb] [文件加载：80]
[ info ] [ LANG ] D:\mf\pcnfctest\thinkphp\lang\zh-cn.php
[ info ] [ ROUTE ] array (
)
[ info ] [ HEADER ] array (
  'cookie' => 'pgv_pvi=7296268288',
  'accept-language' => 'zh-CN,zh;q=0.9,en;q=0.8,zh-TW;q=0.7',
  'accept-encoding' => 'gzip, deflate',
  'accept' => 'text/html,application/xhtml+xml,application/xml;q=0.9,image/webp,image/apng,*/*;q=0.8',
  'user-agent' => 'Mozilla/5.0 (Windows NT 6.1; WOW64) AppleWebKit/537.36 (KHTML, like Gecko) Chrome/63.0.3239.132 Safari/537.36',
  'upgrade-insecure-requests' => '1',
  'cache-control' => 'max-age=0',
  'connection' => 'close',
  'host' => 'test.pcnfc.com',
)
[ info ] [ PARAM ] array (
)
---------------------------------------------------------------
[ 2019-01-30T11:08:53+08:00 ] 127.0.0.1 GET test.pcnfc.com/index/openssltest/m4
[运行时间：0.065801s] [吞吐率：15.20req/s] [内存消耗：1,652.41kb] [文件加载：80]
[ info ] [ LANG ] D:\mf\pcnfctest\thinkphp\lang\zh-cn.php
[ info ] [ ROUTE ] array (
)
[ info ] [ HEADER ] array (
  'cookie' => 'pgv_pvi=7296268288',
  'accept-language' => 'zh-CN,zh;q=0.9,en;q=0.8,zh-TW;q=0.7',
  'accept-encoding' => 'gzip, deflate',
  'accept' => 'text/html,application/xhtml+xml,application/xml;q=0.9,image/webp,image/apng,*/*;q=0.8',
  'user-agent' => 'Mozilla/5.0 (Windows NT 6.1; WOW64) AppleWebKit/537.36 (KHTML, like Gecko) Chrome/63.0.3239.132 Safari/537.36',
  'upgrade-insecure-requests' => '1',
  'cache-control' => 'max-age=0',
  'connection' => 'close',
  'host' => 'test.pcnfc.com',
)
[ info ] [ PARAM ] array (
)
---------------------------------------------------------------
[ 2019-01-30T11:08:55+08:00 ] 127.0.0.1 GET test.pcnfc.com/index/openssltest/m4
[运行时间：0.054800s] [吞吐率：18.25req/s] [内存消耗：1,652.41kb] [文件加载：80]
[ info ] [ LANG ] D:\mf\pcnfctest\thinkphp\lang\zh-cn.php
[ info ] [ ROUTE ] array (
)
[ info ] [ HEADER ] array (
  'cookie' => 'pgv_pvi=7296268288',
  'accept-language' => 'zh-CN,zh;q=0.9,en;q=0.8,zh-TW;q=0.7',
  'accept-encoding' => 'gzip, deflate',
  'accept' => 'text/html,application/xhtml+xml,application/xml;q=0.9,image/webp,image/apng,*/*;q=0.8',
  'user-agent' => 'Mozilla/5.0 (Windows NT 6.1; WOW64) AppleWebKit/537.36 (KHTML, like Gecko) Chrome/63.0.3239.132 Safari/537.36',
  'upgrade-insecure-requests' => '1',
  'cache-control' => 'max-age=0',
  'connection' => 'close',
  'host' => 'test.pcnfc.com',
)
[ info ] [ PARAM ] array (
)
---------------------------------------------------------------
[ 2019-01-30T11:08:55+08:00 ] 127.0.0.1 GET test.pcnfc.com/index/openssltest/m4
[运行时间：0.051800s] [吞吐率：19.31req/s] [内存消耗：1,652.41kb] [文件加载：80]
[ info ] [ LANG ] D:\mf\pcnfctest\thinkphp\lang\zh-cn.php
[ info ] [ ROUTE ] array (
)
[ info ] [ HEADER ] array (
  'cookie' => 'pgv_pvi=7296268288',
  'accept-language' => 'zh-CN,zh;q=0.9,en;q=0.8,zh-TW;q=0.7',
  'accept-encoding' => 'gzip, deflate',
  'accept' => 'text/html,application/xhtml+xml,application/xml;q=0.9,image/webp,image/apng,*/*;q=0.8',
  'user-agent' => 'Mozilla/5.0 (Windows NT 6.1; WOW64) AppleWebKit/537.36 (KHTML, like Gecko) Chrome/63.0.3239.132 Safari/537.36',
  'upgrade-insecure-requests' => '1',
  'cache-control' => 'max-age=0',
  'connection' => 'close',
  'host' => 'test.pcnfc.com',
)
[ info ] [ PARAM ] array (
)
---------------------------------------------------------------
[ 2019-01-30T11:08:56+08:00 ] 127.0.0.1 GET test.pcnfc.com/index/openssltest/m4
[运行时间：0.067004s] [吞吐率：14.92req/s] [内存消耗：1,652.41kb] [文件加载：80]
[ info ] [ LANG ] D:\mf\pcnfctest\thinkphp\lang\zh-cn.php
[ info ] [ ROUTE ] array (
)
[ info ] [ HEADER ] array (
  'cookie' => 'pgv_pvi=7296268288',
  'accept-language' => 'zh-CN,zh;q=0.9,en;q=0.8,zh-TW;q=0.7',
  'accept-encoding' => 'gzip, deflate',
  'accept' => 'text/html,application/xhtml+xml,application/xml;q=0.9,image/webp,image/apng,*/*;q=0.8',
  'user-agent' => 'Mozilla/5.0 (Windows NT 6.1; WOW64) AppleWebKit/537.36 (KHTML, like Gecko) Chrome/63.0.3239.132 Safari/537.36',
  'upgrade-insecure-requests' => '1',
  'cache-control' => 'max-age=0',
  'connection' => 'close',
  'host' => 'test.pcnfc.com',
)
[ info ] [ PARAM ] array (
)
---------------------------------------------------------------
[ 2019-01-30T11:08:56+08:00 ] 127.0.0.1 GET test.pcnfc.com/index/openssltest/m4
[运行时间：0.052800s] [吞吐率：18.94req/s] [内存消耗：1,652.41kb] [文件加载：80]
[ info ] [ LANG ] D:\mf\pcnfctest\thinkphp\lang\zh-cn.php
[ info ] [ ROUTE ] array (
)
[ info ] [ HEADER ] array (
  'cookie' => 'pgv_pvi=7296268288',
  'accept-language' => 'zh-CN,zh;q=0.9,en;q=0.8,zh-TW;q=0.7',
  'accept-encoding' => 'gzip, deflate',
  'accept' => 'text/html,application/xhtml+xml,application/xml;q=0.9,image/webp,image/apng,*/*;q=0.8',
  'user-agent' => 'Mozilla/5.0 (Windows NT 6.1; WOW64) AppleWebKit/537.36 (KHTML, like Gecko) Chrome/63.0.3239.132 Safari/537.36',
  'upgrade-insecure-requests' => '1',
  'cache-control' => 'max-age=0',
  'connection' => 'close',
  'host' => 'test.pcnfc.com',
)
[ info ] [ PARAM ] array (
)
---------------------------------------------------------------
[ 2019-01-30T11:08:57+08:00 ] 127.0.0.1 GET test.pcnfc.com/index/openssltest/m4
[运行时间：0.062004s] [吞吐率：16.13req/s] [内存消耗：1,652.41kb] [文件加载：80]
[ info ] [ LANG ] D:\mf\pcnfctest\thinkphp\lang\zh-cn.php
[ info ] [ ROUTE ] array (
)
[ info ] [ HEADER ] array (
  'cookie' => 'pgv_pvi=7296268288',
  'accept-language' => 'zh-CN,zh;q=0.9,en;q=0.8,zh-TW;q=0.7',
  'accept-encoding' => 'gzip, deflate',
  'accept' => 'text/html,application/xhtml+xml,application/xml;q=0.9,image/webp,image/apng,*/*;q=0.8',
  'user-agent' => 'Mozilla/5.0 (Windows NT 6.1; WOW64) AppleWebKit/537.36 (KHTML, like Gecko) Chrome/63.0.3239.132 Safari/537.36',
  'upgrade-insecure-requests' => '1',
  'cache-control' => 'max-age=0',
  'connection' => 'close',
  'host' => 'test.pcnfc.com',
)
[ info ] [ PARAM ] array (
)
---------------------------------------------------------------
[ 2019-01-30T11:14:47+08:00 ] 127.0.0.1 GET test.pcnfc.com/index/openssltest/m1
[运行时间：0.163605s] [吞吐率：6.11req/s] [内存消耗：1,650.35kb] [文件加载：82]
[ info ] [ LANG ] D:\mf\pcnfctest\thinkphp\lang\zh-cn.php
[ info ] [ ROUTE ] array (
)
[ info ] [ HEADER ] array (
  'cookie' => 'pgv_pvi=7296268288',
  'accept-language' => 'zh-CN,zh;q=0.9,en;q=0.8,zh-TW;q=0.7',
  'accept-encoding' => 'gzip, deflate',
  'accept' => 'text/html,application/xhtml+xml,application/xml;q=0.9,image/webp,image/apng,*/*;q=0.8',
  'user-agent' => 'Mozilla/5.0 (Windows NT 6.1; WOW64) AppleWebKit/537.36 (KHTML, like Gecko) Chrome/63.0.3239.132 Safari/537.36',
  'upgrade-insecure-requests' => '1',
  'connection' => 'close',
  'host' => 'test.pcnfc.com',
)
[ info ] [ PARAM ] array (
)
[ error ] [4]语法错误: unexpected 'var_dump' (T_STRING)[D:\mf\pcnfctest\application\index\controller\Openssltest.php:407]
---------------------------------------------------------------
[ 2019-01-30T11:15:01+08:00 ] 127.0.0.1 GET test.pcnfc.com/index/openssltest/m1
[运行时间：1.271638s] [吞吐率：0.79req/s] [内存消耗：1,652.52kb] [文件加载：80]
[ info ] [ LANG ] D:\mf\pcnfctest\thinkphp\lang\zh-cn.php
[ info ] [ ROUTE ] array (
)
[ info ] [ HEADER ] array (
  'cookie' => 'pgv_pvi=7296268288',
  'accept-language' => 'zh-CN,zh;q=0.9,en;q=0.8,zh-TW;q=0.7',
  'accept-encoding' => 'gzip, deflate',
  'accept' => 'text/html,application/xhtml+xml,application/xml;q=0.9,image/webp,image/apng,*/*;q=0.8',
  'user-agent' => 'Mozilla/5.0 (Windows NT 6.1; WOW64) AppleWebKit/537.36 (KHTML, like Gecko) Chrome/63.0.3239.132 Safari/537.36',
  'upgrade-insecure-requests' => '1',
  'cache-control' => 'max-age=0',
  'connection' => 'close',
  'host' => 'test.pcnfc.com',
)
[ info ] [ PARAM ] array (
)
---------------------------------------------------------------
[ 2019-01-30T11:15:10+08:00 ] 127.0.0.1 GET test.pcnfc.com/index/openssltest/index
[运行时间：0.048003s] [吞吐率：20.83req/s] [内存消耗：1,652.13kb] [文件加载：80]
[ info ] [ LANG ] D:\mf\pcnfctest\thinkphp\lang\zh-cn.php
[ info ] [ ROUTE ] array (
)
[ info ] [ HEADER ] array (
  'cookie' => 'pgv_pvi=7296268288',
  'accept-language' => 'zh-CN,zh;q=0.9,en;q=0.8,zh-TW;q=0.7',
  'accept-encoding' => 'gzip, deflate',
  'accept' => 'text/html,application/xhtml+xml,application/xml;q=0.9,image/webp,image/apng,*/*;q=0.8',
  'user-agent' => 'Mozilla/5.0 (Windows NT 6.1; WOW64) AppleWebKit/537.36 (KHTML, like Gecko) Chrome/63.0.3239.132 Safari/537.36',
  'upgrade-insecure-requests' => '1',
  'connection' => 'close',
  'host' => 'test.pcnfc.com',
)
[ info ] [ PARAM ] array (
)
---------------------------------------------------------------
[ 2019-01-30T11:33:56+08:00 ] 127.0.0.1 GET test.pcnfc.com/index/openssltest/m4
[运行时间：1.235429s] [吞吐率：0.81req/s] [内存消耗：1,716.16kb] [文件加载：85]
[ info ] [ LANG ] D:\mf\pcnfctest\thinkphp\lang\zh-cn.php
[ info ] [ ROUTE ] array (
)
[ info ] [ HEADER ] array (
  'cookie' => 'pgv_pvi=7296268288',
  'accept-language' => 'zh-CN,zh;q=0.9,en;q=0.8,zh-TW;q=0.7',
  'accept-encoding' => 'gzip, deflate',
  'accept' => 'text/html,application/xhtml+xml,application/xml;q=0.9,image/webp,image/apng,*/*;q=0.8',
  'user-agent' => 'Mozilla/5.0 (Windows NT 6.1; WOW64) AppleWebKit/537.36 (KHTML, like Gecko) Chrome/63.0.3239.132 Safari/537.36',
  'upgrade-insecure-requests' => '1',
  'connection' => 'close',
  'host' => 'test.pcnfc.com',
)
[ info ] [ PARAM ] array (
)
[ error ] [8]Undefined property: app\index\controller\openssltest::$alipayPublicKey[D:\mf\pcnfctest\application\index\controller\Openssltest.php:897]
---------------------------------------------------------------
[ 2019-01-30T11:34:52+08:00 ] 127.0.0.1 GET test.pcnfc.com/index/openssltest/m4
[运行时间：0.050201s] [吞吐率：19.92req/s] [内存消耗：1,653.84kb] [文件加载：80]
[ info ] [ LANG ] D:\mf\pcnfctest\thinkphp\lang\zh-cn.php
[ info ] [ ROUTE ] array (
)
[ info ] [ HEADER ] array (
  'cookie' => 'pgv_pvi=7296268288',
  'accept-language' => 'zh-CN,zh;q=0.9,en;q=0.8,zh-TW;q=0.7',
  'accept-encoding' => 'gzip, deflate',
  'accept' => 'text/html,application/xhtml+xml,application/xml;q=0.9,image/webp,image/apng,*/*;q=0.8',
  'user-agent' => 'Mozilla/5.0 (Windows NT 6.1; WOW64) AppleWebKit/537.36 (KHTML, like Gecko) Chrome/63.0.3239.132 Safari/537.36',
  'upgrade-insecure-requests' => '1',
  'cache-control' => 'max-age=0',
  'connection' => 'close',
  'host' => 'test.pcnfc.com',
)
[ info ] [ PARAM ] array (
)
---------------------------------------------------------------
[ 2019-01-30T11:34:54+08:00 ] 127.0.0.1 GET test.pcnfc.com/index/openssltest/m4
[运行时间：0.038200s] [吞吐率：26.18req/s] [内存消耗：1,653.84kb] [文件加载：80]
[ info ] [ LANG ] D:\mf\pcnfctest\thinkphp\lang\zh-cn.php
[ info ] [ ROUTE ] array (
)
[ info ] [ HEADER ] array (
  'cookie' => 'pgv_pvi=7296268288',
  'accept-language' => 'zh-CN,zh;q=0.9,en;q=0.8,zh-TW;q=0.7',
  'accept-encoding' => 'gzip, deflate',
  'accept' => 'text/html,application/xhtml+xml,application/xml;q=0.9,image/webp,image/apng,*/*;q=0.8',
  'user-agent' => 'Mozilla/5.0 (Windows NT 6.1; WOW64) AppleWebKit/537.36 (KHTML, like Gecko) Chrome/63.0.3239.132 Safari/537.36',
  'upgrade-insecure-requests' => '1',
  'cache-control' => 'max-age=0',
  'connection' => 'close',
  'host' => 'test.pcnfc.com',
)
[ info ] [ PARAM ] array (
)
---------------------------------------------------------------
[ 2019-01-30T11:34:55+08:00 ] 127.0.0.1 GET test.pcnfc.com/index/openssltest/m4
[运行时间：0.071401s] [吞吐率：14.01req/s] [内存消耗：1,653.84kb] [文件加载：80]
[ info ] [ LANG ] D:\mf\pcnfctest\thinkphp\lang\zh-cn.php
[ info ] [ ROUTE ] array (
)
[ info ] [ HEADER ] array (
  'cookie' => 'pgv_pvi=7296268288',
  'accept-language' => 'zh-CN,zh;q=0.9,en;q=0.8,zh-TW;q=0.7',
  'accept-encoding' => 'gzip, deflate',
  'accept' => 'text/html,application/xhtml+xml,application/xml;q=0.9,image/webp,image/apng,*/*;q=0.8',
  'user-agent' => 'Mozilla/5.0 (Windows NT 6.1; WOW64) AppleWebKit/537.36 (KHTML, like Gecko) Chrome/63.0.3239.132 Safari/537.36',
  'upgrade-insecure-requests' => '1',
  'cache-control' => 'max-age=0',
  'connection' => 'close',
  'host' => 'test.pcnfc.com',
)
[ info ] [ PARAM ] array (
)
---------------------------------------------------------------
[ 2019-01-30T11:34:55+08:00 ] 127.0.0.1 GET test.pcnfc.com/index/openssltest/m4
[运行时间：0.066801s] [吞吐率：14.97req/s] [内存消耗：1,653.84kb] [文件加载：80]
[ info ] [ LANG ] D:\mf\pcnfctest\thinkphp\lang\zh-cn.php
[ info ] [ ROUTE ] array (
)
[ info ] [ HEADER ] array (
  'cookie' => 'pgv_pvi=7296268288',
  'accept-language' => 'zh-CN,zh;q=0.9,en;q=0.8,zh-TW;q=0.7',
  'accept-encoding' => 'gzip, deflate',
  'accept' => 'text/html,application/xhtml+xml,application/xml;q=0.9,image/webp,image/apng,*/*;q=0.8',
  'user-agent' => 'Mozilla/5.0 (Windows NT 6.1; WOW64) AppleWebKit/537.36 (KHTML, like Gecko) Chrome/63.0.3239.132 Safari/537.36',
  'upgrade-insecure-requests' => '1',
  'cache-control' => 'max-age=0',
  'connection' => 'close',
  'host' => 'test.pcnfc.com',
)
[ info ] [ PARAM ] array (
)
---------------------------------------------------------------
[ 2019-01-30T11:35:07+08:00 ] 127.0.0.1 GET test.pcnfc.com/index/openssltest/m4
[运行时间：0.053800s] [吞吐率：18.59req/s] [内存消耗：1,653.84kb] [文件加载：80]
[ info ] [ LANG ] D:\mf\pcnfctest\thinkphp\lang\zh-cn.php
[ info ] [ ROUTE ] array (
)
[ info ] [ HEADER ] array (
  'cookie' => 'pgv_pvi=7296268288',
  'accept-language' => 'zh-CN,zh;q=0.9,en;q=0.8,zh-TW;q=0.7',
  'accept-encoding' => 'gzip, deflate',
  'accept' => 'text/html,application/xhtml+xml,application/xml;q=0.9,image/webp,image/apng,*/*;q=0.8',
  'user-agent' => 'Mozilla/5.0 (Windows NT 6.1; WOW64) AppleWebKit/537.36 (KHTML, like Gecko) Chrome/63.0.3239.132 Safari/537.36',
  'upgrade-insecure-requests' => '1',
  'cache-control' => 'max-age=0',
  'connection' => 'close',
  'host' => 'test.pcnfc.com',
)
[ info ] [ PARAM ] array (
)
---------------------------------------------------------------
[ 2019-01-30T11:35:08+08:00 ] 127.0.0.1 GET test.pcnfc.com/index/openssltest/m4
[运行时间：0.051800s] [吞吐率：19.31req/s] [内存消耗：1,653.84kb] [文件加载：80]
[ info ] [ LANG ] D:\mf\pcnfctest\thinkphp\lang\zh-cn.php
[ info ] [ ROUTE ] array (
)
[ info ] [ HEADER ] array (
  'cookie' => 'pgv_pvi=7296268288',
  'accept-language' => 'zh-CN,zh;q=0.9,en;q=0.8,zh-TW;q=0.7',
  'accept-encoding' => 'gzip, deflate',
  'accept' => 'text/html,application/xhtml+xml,application/xml;q=0.9,image/webp,image/apng,*/*;q=0.8',
  'user-agent' => 'Mozilla/5.0 (Windows NT 6.1; WOW64) AppleWebKit/537.36 (KHTML, like Gecko) Chrome/63.0.3239.132 Safari/537.36',
  'upgrade-insecure-requests' => '1',
  'cache-control' => 'max-age=0',
  'connection' => 'close',
  'host' => 'test.pcnfc.com',
)
[ info ] [ PARAM ] array (
)
---------------------------------------------------------------
[ 2019-01-30T11:35:09+08:00 ] 127.0.0.1 GET test.pcnfc.com/index/openssltest/m4
[运行时间：0.052800s] [吞吐率：18.94req/s] [内存消耗：1,653.84kb] [文件加载：80]
[ info ] [ LANG ] D:\mf\pcnfctest\thinkphp\lang\zh-cn.php
[ info ] [ ROUTE ] array (
)
[ info ] [ HEADER ] array (
  'cookie' => 'pgv_pvi=7296268288',
  'accept-language' => 'zh-CN,zh;q=0.9,en;q=0.8,zh-TW;q=0.7',
  'accept-encoding' => 'gzip, deflate',
  'accept' => 'text/html,application/xhtml+xml,application/xml;q=0.9,image/webp,image/apng,*/*;q=0.8',
  'user-agent' => 'Mozilla/5.0 (Windows NT 6.1; WOW64) AppleWebKit/537.36 (KHTML, like Gecko) Chrome/63.0.3239.132 Safari/537.36',
  'upgrade-insecure-requests' => '1',
  'cache-control' => 'max-age=0',
  'connection' => 'close',
  'host' => 'test.pcnfc.com',
)
[ info ] [ PARAM ] array (
)
---------------------------------------------------------------
[ 2019-01-30T11:35:09+08:00 ] 127.0.0.1 GET test.pcnfc.com/index/openssltest/m4
[运行时间：0.072603s] [吞吐率：13.77req/s] [内存消耗：1,653.84kb] [文件加载：80]
[ info ] [ LANG ] D:\mf\pcnfctest\thinkphp\lang\zh-cn.php
[ info ] [ ROUTE ] array (
)
[ info ] [ HEADER ] array (
  'cookie' => 'pgv_pvi=7296268288',
  'accept-language' => 'zh-CN,zh;q=0.9,en;q=0.8,zh-TW;q=0.7',
  'accept-encoding' => 'gzip, deflate',
  'accept' => 'text/html,application/xhtml+xml,application/xml;q=0.9,image/webp,image/apng,*/*;q=0.8',
  'user-agent' => 'Mozilla/5.0 (Windows NT 6.1; WOW64) AppleWebKit/537.36 (KHTML, like Gecko) Chrome/63.0.3239.132 Safari/537.36',
  'upgrade-insecure-requests' => '1',
  'cache-control' => 'max-age=0',
  'connection' => 'close',
  'host' => 'test.pcnfc.com',
)
[ info ] [ PARAM ] array (
)
---------------------------------------------------------------
[ 2019-01-30T11:35:12+08:00 ] 127.0.0.1 GET test.pcnfc.com/index/openssltest/m4
[运行时间：0.075203s] [吞吐率：13.30req/s] [内存消耗：1,653.84kb] [文件加载：80]
[ info ] [ LANG ] D:\mf\pcnfctest\thinkphp\lang\zh-cn.php
[ info ] [ ROUTE ] array (
)
[ info ] [ HEADER ] array (
  'cookie' => 'pgv_pvi=7296268288',
  'accept-language' => 'zh-CN,zh;q=0.9,en;q=0.8,zh-TW;q=0.7',
  'accept-encoding' => 'gzip, deflate',
  'accept' => 'text/html,application/xhtml+xml,application/xml;q=0.9,image/webp,image/apng,*/*;q=0.8',
  'user-agent' => 'Mozilla/5.0 (Windows NT 6.1; WOW64) AppleWebKit/537.36 (KHTML, like Gecko) Chrome/63.0.3239.132 Safari/537.36',
  'upgrade-insecure-requests' => '1',
  'cache-control' => 'max-age=0',
  'connection' => 'close',
  'host' => 'test.pcnfc.com',
)
[ info ] [ PARAM ] array (
)
---------------------------------------------------------------
[ 2019-01-30T11:35:13+08:00 ] 127.0.0.1 GET test.pcnfc.com/index/openssltest/m4
[运行时间：0.051801s] [吞吐率：19.30req/s] [内存消耗：1,653.84kb] [文件加载：80]
[ info ] [ LANG ] D:\mf\pcnfctest\thinkphp\lang\zh-cn.php
[ info ] [ ROUTE ] array (
)
[ info ] [ HEADER ] array (
  'cookie' => 'pgv_pvi=7296268288',
  'accept-language' => 'zh-CN,zh;q=0.9,en;q=0.8,zh-TW;q=0.7',
  'accept-encoding' => 'gzip, deflate',
  'accept' => 'text/html,application/xhtml+xml,application/xml;q=0.9,image/webp,image/apng,*/*;q=0.8',
  'user-agent' => 'Mozilla/5.0 (Windows NT 6.1; WOW64) AppleWebKit/537.36 (KHTML, like Gecko) Chrome/63.0.3239.132 Safari/537.36',
  'upgrade-insecure-requests' => '1',
  'cache-control' => 'max-age=0',
  'connection' => 'close',
  'host' => 'test.pcnfc.com',
)
[ info ] [ PARAM ] array (
)
---------------------------------------------------------------
[ 2019-01-30T12:14:20+08:00 ] 127.0.0.1 GET test.pcnfc.com/index/openssltest/m4
[运行时间：1.113835s] [吞吐率：0.90req/s] [内存消耗：1,653.58kb] [文件加载：80]
[ info ] [ LANG ] D:\mf\pcnfctest\thinkphp\lang\zh-cn.php
[ info ] [ ROUTE ] array (
)
[ info ] [ HEADER ] array (
  'cookie' => 'pgv_pvi=7296268288',
  'accept-language' => 'zh-CN,zh;q=0.9,en;q=0.8,zh-TW;q=0.7',
  'accept-encoding' => 'gzip, deflate',
  'accept' => 'text/html,application/xhtml+xml,application/xml;q=0.9,image/webp,image/apng,*/*;q=0.8',
  'user-agent' => 'Mozilla/5.0 (Windows NT 6.1; WOW64) AppleWebKit/537.36 (KHTML, like Gecko) Chrome/63.0.3239.132 Safari/537.36',
  'upgrade-insecure-requests' => '1',
  'cache-control' => 'max-age=0',
  'connection' => 'close',
  'host' => 'test.pcnfc.com',
)
[ info ] [ PARAM ] array (
)
---------------------------------------------------------------
[ 2019-01-30T12:14:20+08:00 ] 127.0.0.1 GET test.pcnfc.com/index/openssltest/m4
[运行时间：0.057004s] [吞吐率：17.54req/s] [内存消耗：1,653.55kb] [文件加载：80]
[ info ] [ LANG ] D:\mf\pcnfctest\thinkphp\lang\zh-cn.php
[ info ] [ ROUTE ] array (
)
[ info ] [ HEADER ] array (
  'cookie' => 'pgv_pvi=7296268288',
  'accept-language' => 'zh-CN,zh;q=0.9,en;q=0.8,zh-TW;q=0.7',
  'accept-encoding' => 'gzip, deflate',
  'accept' => 'text/html,application/xhtml+xml,application/xml;q=0.9,image/webp,image/apng,*/*;q=0.8',
  'user-agent' => 'Mozilla/5.0 (Windows NT 6.1; WOW64) AppleWebKit/537.36 (KHTML, like Gecko) Chrome/63.0.3239.132 Safari/537.36',
  'upgrade-insecure-requests' => '1',
  'cache-control' => 'max-age=0',
  'connection' => 'close',
  'host' => 'test.pcnfc.com',
)
[ info ] [ PARAM ] array (
)
