---------------------------------------------------------------
[ 2019-02-21T11:13:09+08:00 ] 127.0.0.1 GET test.pcnfc.com/open
[运行时间：0.586033s] [吞吐率：1.71req/s] [内存消耗：1,289.13kb] [文件加载：71]
[ info ] [ LANG ] D:\mf\pcnfctest\thinkphp\lang\zh-cn.php
---------------------------------------------------------------
[ 2019-02-21T11:13:16+08:00 ] 127.0.0.1 GET test.pcnfc.com/index/index/t3
[运行时间：1.667096s] [吞吐率：0.60req/s] [内存消耗：1,694.59kb] [文件加载：85]
[ info ] [ LANG ] D:\mf\pcnfctest\thinkphp\lang\zh-cn.php
[ info ] [ ROUTE ] array (
)
[ info ] [ HEADER ] array (
  'accept-language' => 'zh-CN,zh;q=0.9,en;q=0.8,zh-TW;q=0.7',
  'accept-encoding' => 'gzip, deflate',
  'accept' => 'text/html,application/xhtml+xml,application/xml;q=0.9,image/webp,image/apng,*/*;q=0.8',
  'user-agent' => 'Mozilla/5.0 (Windows NT 6.1; WOW64) AppleWebKit/537.36 (KHTML, like Gecko) Chrome/63.0.3239.132 Safari/537.36',
  'upgrade-insecure-requests' => '1',
  'connection' => 'close',
  'host' => 'test.pcnfc.com',
)
[ info ] [ PARAM ] array (
)
[ error ] [8]未定义数组索引: data[D:\mf\pcnfctest\application\index\controller\Index.php:105]
---------------------------------------------------------------
[ 2019-02-21T11:15:48+08:00 ] 127.0.0.1 GET test.pcnfc.com/index/index/t3
[运行时间：0.322018s] [吞吐率：3.11req/s] [内存消耗：1,632.28kb] [文件加载：80]
[ info ] [ LANG ] D:\mf\pcnfctest\thinkphp\lang\zh-cn.php
[ info ] [ ROUTE ] array (
)
[ info ] [ HEADER ] array (
  'accept-language' => 'zh-CN,zh;q=0.9,en;q=0.8,zh-TW;q=0.7',
  'accept-encoding' => 'gzip, deflate',
  'accept' => 'text/html,application/xhtml+xml,application/xml;q=0.9,image/webp,image/apng,*/*;q=0.8',
  'user-agent' => 'Mozilla/5.0 (Windows NT 6.1; WOW64) AppleWebKit/537.36 (KHTML, like Gecko) Chrome/63.0.3239.132 Safari/537.36',
  'upgrade-insecure-requests' => '1',
  'cache-control' => 'max-age=0',
  'connection' => 'close',
  'host' => 'test.pcnfc.com',
)
[ info ] [ PARAM ] array (
)
