---------------------------------------------------------------
[ 2019-02-22T15:45:04+08:00 ] 127.0.0.1 GET test.pcnfc.com/open
[è¿è¡Œæ—¶é—´ï¼š0.594034s] [åžåçŽ‡ï¼š1.68req/s] [å†…å­˜æ¶ˆè€—ï¼š1,289.70kb] [æ–‡ä»¶åŠ è½½ï¼š71]
[ info ] [ LANG ] D:\mf\pcnfctest\thinkphp\lang\zh-cn.php
---------------------------------------------------------------
[ 2019-02-22T15:45:16+08:00 ] 127.0.0.1 GET test.pcnfc.com/index/MycatTest/select
[è¿è¡Œæ—¶é—´ï¼š0.272016s] [åžåçŽ‡ï¼š3.68req/s] [å†…å­˜æ¶ˆè€—ï¼š1,634.23kb] [æ–‡ä»¶åŠ è½½ï¼š82]
[ info ] [ LANG ] D:\mf\pcnfctest\thinkphp\lang\zh-cn.php
[ info ] [ ROUTE ] array (
)
[ info ] [ HEADER ] array (
  'accept-language' => 'zh-CN,zh;q=0.9,en;q=0.8,zh-TW;q=0.7',
  'accept-encoding' => 'gzip, deflate',
  'accept' => 'text/html,application/xhtml+xml,application/xml;q=0.9,image/webp,image/apng,*/*;q=0.8',
  'user-agent' => 'Mozilla/5.0 (Windows NT 6.1; WOW64) AppleWebKit/537.36 (KHTML, like Gecko) Chrome/63.0.3239.132 Safari/537.36',
  'upgrade-insecure-requests' => '1',
  'connection' => 'close',
  'host' => 'test.pcnfc.com',
)
[ info ] [ PARAM ] array (
)
---------------------------------------------------------------
[ 2019-02-22T15:46:07+08:00 ] 127.0.0.1 GET test.pcnfc.com/index/c/index
[è¿è¡Œæ—¶é—´ï¼š0.311018s] [åžåçŽ‡ï¼š3.22req/s] [å†…å­˜æ¶ˆè€—ï¼š2,461.77kb] [æ–‡ä»¶åŠ è½½ï¼š91]
[ info ] [ LANG ] D:\mf\pcnfctest\thinkphp\lang\zh-cn.php
[ info ] [ ROUTE ] array (
)
[ info ] [ HEADER ] array (
  'accept-language' => 'zh-CN,zh;q=0.9,en;q=0.8,zh-TW;q=0.7',
  'accept-encoding' => 'gzip, deflate',
  'accept' => 'text/html,application/xhtml+xml,application/xml;q=0.9,image/webp,image/apng,*/*;q=0.8',
  'user-agent' => 'Mozilla/5.0 (Windows NT 6.1; WOW64) AppleWebKit/537.36 (KHTML, like Gecko) Chrome/63.0.3239.132 Safari/537.36',
  'upgrade-insecure-requests' => '1',
  'connection' => 'close',
  'host' => 'test.pcnfc.com',
)
[ info ] [ PARAM ] array (
)
[ info ] [ DB ] INIT mysql
[ error ] [10501]SQLSTATE[42S02]: Base table or view not found: 1146 Table 'test.info' doesn't exist[D:\mf\pcnfctest\thinkphp\library\think\db\Connection.php:687]
---------------------------------------------------------------
[ 2019-02-22T15:50:37+08:00 ] 127.0.0.1 GET test.pcnfc.com/index/mycattest/select
[è¿è¡Œæ—¶é—´ï¼š0.069004s] [åžåçŽ‡ï¼š14.49req/s] [å†…å­˜æ¶ˆè€—ï¼š1,634.27kb] [æ–‡ä»¶åŠ è½½ï¼š82]
[ info ] [ LANG ] D:\mf\pcnfctest\thinkphp\lang\zh-cn.php
[ info ] [ ROUTE ] array (
)
[ info ] [ HEADER ] array (
  'accept-language' => 'zh-CN,zh;q=0.9,en;q=0.8,zh-TW;q=0.7',
  'accept-encoding' => 'gzip, deflate',
  'accept' => 'text/html,application/xhtml+xml,application/xml;q=0.9,image/webp,image/apng,*/*;q=0.8',
  'user-agent' => 'Mozilla/5.0 (Windows NT 6.1; WOW64) AppleWebKit/537.36 (KHTML, like Gecko) Chrome/63.0.3239.132 Safari/537.36',
  'upgrade-insecure-requests' => '1',
  'connection' => 'close',
  'host' => 'test.pcnfc.com',
)
[ info ] [ PARAM ] array (
)
---------------------------------------------------------------
[ 2019-02-22T15:51:43+08:00 ] 127.0.0.1 GET test.pcnfc.com/index/mycattest/select
[è¿è¡Œæ—¶é—´ï¼š0.063004s] [åžåçŽ‡ï¼š15.87req/s] [å†…å­˜æ¶ˆè€—ï¼š1,634.52kb] [æ–‡ä»¶åŠ è½½ï¼š82]
[ info ] [ LANG ] D:\mf\pcnfctest\thinkphp\lang\zh-cn.php
[ info ] [ ROUTE ] array (
)
[ info ] [ HEADER ] array (
  'accept-language' => 'zh-CN,zh;q=0.9,en;q=0.8,zh-TW;q=0.7',
  'accept-encoding' => 'gzip, deflate',
  'accept' => 'text/html,application/xhtml+xml,application/xml;q=0.9,image/webp,image/apng,*/*;q=0.8',
  'user-agent' => 'Mozilla/5.0 (Windows NT 6.1; WOW64) AppleWebKit/537.36 (KHTML, like Gecko) Chrome/63.0.3239.132 Safari/537.36',
  'upgrade-insecure-requests' => '1',
  'cache-control' => 'max-age=0',
  'connection' => 'close',
  'host' => 'test.pcnfc.com',
)
[ info ] [ PARAM ] array (
)
---------------------------------------------------------------
[ 2019-02-22T15:51:44+08:00 ] 127.0.0.1 GET test.pcnfc.com/index/mycattest/select
[è¿è¡Œæ—¶é—´ï¼š0.060003s] [åžåçŽ‡ï¼š16.67req/s] [å†…å­˜æ¶ˆè€—ï¼š1,634.52kb] [æ–‡ä»¶åŠ è½½ï¼š82]
[ info ] [ LANG ] D:\mf\pcnfctest\thinkphp\lang\zh-cn.php
[ info ] [ ROUTE ] array (
)
[ info ] [ HEADER ] array (
  'accept-language' => 'zh-CN,zh;q=0.9,en;q=0.8,zh-TW;q=0.7',
  'accept-encoding' => 'gzip, deflate',
  'accept' => 'text/html,application/xhtml+xml,application/xml;q=0.9,image/webp,image/apng,*/*;q=0.8',
  'user-agent' => 'Mozilla/5.0 (Windows NT 6.1; WOW64) AppleWebKit/537.36 (KHTML, like Gecko) Chrome/63.0.3239.132 Safari/537.36',
  'upgrade-insecure-requests' => '1',
  'cache-control' => 'max-age=0',
  'connection' => 'close',
  'host' => 'test.pcnfc.com',
)
[ info ] [ PARAM ] array (
)
---------------------------------------------------------------
[ 2019-02-22T15:51:45+08:00 ] 127.0.0.1 GET test.pcnfc.com/index/mycattest/select
[è¿è¡Œæ—¶é—´ï¼š0.067004s] [åžåçŽ‡ï¼š14.92req/s] [å†…å­˜æ¶ˆè€—ï¼š1,634.52kb] [æ–‡ä»¶åŠ è½½ï¼š82]
[ info ] [ LANG ] D:\mf\pcnfctest\thinkphp\lang\zh-cn.php
[ info ] [ ROUTE ] array (
)
[ info ] [ HEADER ] array (
  'accept-language' => 'zh-CN,zh;q=0.9,en;q=0.8,zh-TW;q=0.7',
  'accept-encoding' => 'gzip, deflate',
  'accept' => 'text/html,application/xhtml+xml,application/xml;q=0.9,image/webp,image/apng,*/*;q=0.8',
  'user-agent' => 'Mozilla/5.0 (Windows NT 6.1; WOW64) AppleWebKit/537.36 (KHTML, like Gecko) Chrome/63.0.3239.132 Safari/537.36',
  'upgrade-insecure-requests' => '1',
  'cache-control' => 'max-age=0',
  'connection' => 'close',
  'host' => 'test.pcnfc.com',
)
[ info ] [ PARAM ] array (
)
---------------------------------------------------------------
[ 2019-02-22T15:51:46+08:00 ] 127.0.0.1 GET test.pcnfc.com/index/mycattest/select
[è¿è¡Œæ—¶é—´ï¼š0.071004s] [åžåçŽ‡ï¼š14.08req/s] [å†…å­˜æ¶ˆè€—ï¼š1,634.52kb] [æ–‡ä»¶åŠ è½½ï¼š82]
[ info ] [ LANG ] D:\mf\pcnfctest\thinkphp\lang\zh-cn.php
[ info ] [ ROUTE ] array (
)
[ info ] [ HEADER ] array (
  'accept-language' => 'zh-CN,zh;q=0.9,en;q=0.8,zh-TW;q=0.7',
  'accept-encoding' => 'gzip, deflate',
  'accept' => 'text/html,application/xhtml+xml,application/xml;q=0.9,image/webp,image/apng,*/*;q=0.8',
  'user-agent' => 'Mozilla/5.0 (Windows NT 6.1; WOW64) AppleWebKit/537.36 (KHTML, like Gecko) Chrome/63.0.3239.132 Safari/537.36',
  'upgrade-insecure-requests' => '1',
  'cache-control' => 'max-age=0',
  'connection' => 'close',
  'host' => 'test.pcnfc.com',
)
[ info ] [ PARAM ] array (
)
---------------------------------------------------------------
[ 2019-02-22T15:52:43+08:00 ] 127.0.0.1 GET test.pcnfc.com/index/c/index
[è¿è¡Œæ—¶é—´ï¼š0.073004s] [åžåçŽ‡ï¼š13.70req/s] [å†…å­˜æ¶ˆè€—ï¼š1,681.67kb] [æ–‡ä»¶åŠ è½½ï¼š83]
[ info ] [ LANG ] D:\mf\pcnfctest\thinkphp\lang\zh-cn.php
[ info ] [ ROUTE ] array (
)
[ info ] [ HEADER ] array (
  'accept-language' => 'zh-CN,zh;q=0.9,en;q=0.8,zh-TW;q=0.7',
  'accept-encoding' => 'gzip, deflate',
  'accept' => 'text/html,application/xhtml+xml,application/xml;q=0.9,image/webp,image/apng,*/*;q=0.8',
  'user-agent' => 'Mozilla/5.0 (Windows NT 6.1; WOW64) AppleWebKit/537.36 (KHTML, like Gecko) Chrome/63.0.3239.132 Safari/537.36',
  'upgrade-insecure-requests' => '1',
  'connection' => 'close',
  'host' => 'test.pcnfc.com',
)
[ info ] [ PARAM ] array (
)
[ error ] [0]variable type errorï¼š boolean[D:\mf\pcnfctest\thinkphp\library\think\Response.php:403]
---------------------------------------------------------------
[ 2019-02-22T15:53:54+08:00 ] 127.0.0.1 GET test.pcnfc.com/index/mycattest/select.html
[è¿è¡Œæ—¶é—´ï¼š1.077062s] [åžåçŽ‡ï¼š0.93req/s] [å†…å­˜æ¶ˆè€—ï¼š2,417.13kb] [æ–‡ä»¶åŠ è½½ï¼š88]
[ info ] [ LANG ] D:\mf\pcnfctest\thinkphp\lang\zh-cn.php
[ info ] [ ROUTE ] array (
)
[ info ] [ HEADER ] array (
  'accept-language' => 'zh-CN,zh;q=0.9,en;q=0.8,zh-TW;q=0.7',
  'accept-encoding' => 'gzip, deflate',
  'accept' => 'text/html,application/xhtml+xml,application/xml;q=0.9,image/webp,image/apng,*/*;q=0.8',
  'user-agent' => 'Mozilla/5.0 (Windows NT 6.1; WOW64) AppleWebKit/537.36 (KHTML, like Gecko) Chrome/63.0.3239.132 Safari/537.36',
  'upgrade-insecure-requests' => '1',
  'connection' => 'close',
  'host' => 'test.pcnfc.com',
)
[ info ] [ PARAM ] array (
)
[ info ] [ DB ] INIT mysql
[ error ] [2002]SQLSTATE[HY000] [2002] ÓÉÓÚÄ¿±ê¼ÆËã»ú»ý¼«¾Ü¾ø£¬ÎÞ·¨Á¬½Ó¡£
[D:\mf\pcnfctest\thinkphp\library\think\db\Connection.php:528]
---------------------------------------------------------------
[ 2019-02-22T15:54:03+08:00 ] 127.0.0.1 GET test.pcnfc.com/index/mycattest/select
[è¿è¡Œæ—¶é—´ï¼š1.084062s] [åžåçŽ‡ï¼š0.92req/s] [å†…å­˜æ¶ˆè€—ï¼š2,417.00kb] [æ–‡ä»¶åŠ è½½ï¼š88]
[ info ] [ LANG ] D:\mf\pcnfctest\thinkphp\lang\zh-cn.php
[ info ] [ ROUTE ] array (
)
[ info ] [ HEADER ] array (
  'accept-language' => 'zh-CN,zh;q=0.9,en;q=0.8,zh-TW;q=0.7',
  'accept-encoding' => 'gzip, deflate',
  'accept' => 'text/html,application/xhtml+xml,application/xml;q=0.9,image/webp,image/apng,*/*;q=0.8',
  'user-agent' => 'Mozilla/5.0 (Windows NT 6.1; WOW64) AppleWebKit/537.36 (KHTML, like Gecko) Chrome/63.0.3239.132 Safari/537.36',
  'upgrade-insecure-requests' => '1',
  'connection' => 'close',
  'host' => 'test.pcnfc.com',
)
[ info ] [ PARAM ] array (
)
[ info ] [ DB ] INIT mysql
[ error ] [2002]SQLSTATE[HY000] [2002] ÓÉÓÚÄ¿±ê¼ÆËã»ú»ý¼«¾Ü¾ø£¬ÎÞ·¨Á¬½Ó¡£
[D:\mf\pcnfctest\thinkphp\library\think\db\Connection.php:528]
---------------------------------------------------------------
[ 2019-02-22T15:54:33+08:00 ] 127.0.0.1 GET test.pcnfc.com/index/mycattest/select
[è¿è¡Œæ—¶é—´ï¼š0.086005s] [åžåçŽ‡ï¼š11.63req/s] [å†…å­˜æ¶ˆè€—ï¼š2,417.73kb] [æ–‡ä»¶åŠ è½½ï¼š88]
[ info ] [ LANG ] D:\mf\pcnfctest\thinkphp\lang\zh-cn.php
[ info ] [ ROUTE ] array (
)
[ info ] [ HEADER ] array (
  'accept-language' => 'zh-CN,zh;q=0.9,en;q=0.8,zh-TW;q=0.7',
  'accept-encoding' => 'gzip, deflate',
  'accept' => 'text/html,application/xhtml+xml,application/xml;q=0.9,image/webp,image/apng,*/*;q=0.8',
  'user-agent' => 'Mozilla/5.0 (Windows NT 6.1; WOW64) AppleWebKit/537.36 (KHTML, like Gecko) Chrome/63.0.3239.132 Safari/537.36',
  'upgrade-insecure-requests' => '1',
  'cache-control' => 'max-age=0',
  'connection' => 'close',
  'host' => 'test.pcnfc.com',
)
[ info ] [ PARAM ] array (
)
[ info ] [ DB ] INIT mysql
[ error ] [1045]SQLSTATE[HY000] [1045] Access denied for user 'root', because password is error [D:\mf\pcnfctest\thinkphp\library\think\db\Connection.php:528]
---------------------------------------------------------------
[ 2019-02-22T15:55:41+08:00 ] 127.0.0.1 GET test.pcnfc.com/index/mycattest/select
[è¿è¡Œæ—¶é—´ï¼š0.180010s] [åžåçŽ‡ï¼š5.56req/s] [å†…å­˜æ¶ˆè€—ï¼š2,383.41kb] [æ–‡ä»¶åŠ è½½ï¼š85]
[ info ] [ LANG ] D:\mf\pcnfctest\thinkphp\lang\zh-cn.php
[ info ] [ ROUTE ] array (
)
[ info ] [ HEADER ] array (
  'accept-language' => 'zh-CN,zh;q=0.9,en;q=0.8,zh-TW;q=0.7',
  'accept-encoding' => 'gzip, deflate',
  'accept' => 'text/html,application/xhtml+xml,application/xml;q=0.9,image/webp,image/apng,*/*;q=0.8',
  'user-agent' => 'Mozilla/5.0 (Windows NT 6.1; WOW64) AppleWebKit/537.36 (KHTML, like Gecko) Chrome/63.0.3239.132 Safari/537.36',
  'upgrade-insecure-requests' => '1',
  'cache-control' => 'max-age=0',
  'connection' => 'close',
  'host' => 'test.pcnfc.com',
)
[ info ] [ PARAM ] array (
)
[ info ] [ DB ] INIT mysql
---------------------------------------------------------------
[ 2019-02-22T15:59:09+08:00 ] 127.0.0.1 GET test.pcnfc.com/index/mycattest/select
[è¿è¡Œæ—¶é—´ï¼š1.090062s] [åžåçŽ‡ï¼š0.92req/s] [å†…å­˜æ¶ˆè€—ï¼š2,417.18kb] [æ–‡ä»¶åŠ è½½ï¼š88]
[ info ] [ LANG ] D:\mf\pcnfctest\thinkphp\lang\zh-cn.php
[ info ] [ ROUTE ] array (
)
[ info ] [ HEADER ] array (
  'accept-language' => 'zh-CN,zh;q=0.9,en;q=0.8,zh-TW;q=0.7',
  'accept-encoding' => 'gzip, deflate',
  'accept' => 'text/html,application/xhtml+xml,application/xml;q=0.9,image/webp,image/apng,*/*;q=0.8',
  'user-agent' => 'Mozilla/5.0 (Windows NT 6.1; WOW64) AppleWebKit/537.36 (KHTML, like Gecko) Chrome/63.0.3239.132 Safari/537.36',
  'upgrade-insecure-requests' => '1',
  'cache-control' => 'max-age=0',
  'connection' => 'close',
  'host' => 'test.pcnfc.com',
)
[ info ] [ PARAM ] array (
)
[ info ] [ DB ] INIT mysql
[ error ] [2002]SQLSTATE[HY000] [2002] ÓÉÓÚÄ¿±ê¼ÆËã»ú»ý¼«¾Ü¾ø£¬ÎÞ·¨Á¬½Ó¡£
[D:\mf\pcnfctest\thinkphp\library\think\db\Connection.php:528]
---------------------------------------------------------------
[ 2019-02-22T15:59:12+08:00 ] 127.0.0.1 GET test.pcnfc.com/index/mycattest/select
[è¿è¡Œæ—¶é—´ï¼š1.076062s] [åžåçŽ‡ï¼š0.93req/s] [å†…å­˜æ¶ˆè€—ï¼š2,417.32kb] [æ–‡ä»¶åŠ è½½ï¼š88]
[ info ] [ LANG ] D:\mf\pcnfctest\thinkphp\lang\zh-cn.php
[ info ] [ ROUTE ] array (
)
[ info ] [ HEADER ] array (
  'accept-language' => 'zh-CN,zh;q=0.9,en;q=0.8,zh-TW;q=0.7',
  'accept-encoding' => 'gzip, deflate',
  'accept' => 'text/html,application/xhtml+xml,application/xml;q=0.9,image/webp,image/apng,*/*;q=0.8',
  'user-agent' => 'Mozilla/5.0 (Windows NT 6.1; WOW64) AppleWebKit/537.36 (KHTML, like Gecko) Chrome/63.0.3239.132 Safari/537.36',
  'upgrade-insecure-requests' => '1',
  'cache-control' => 'max-age=0',
  'connection' => 'close',
  'host' => 'test.pcnfc.com',
)
[ info ] [ PARAM ] array (
)
[ info ] [ DB ] INIT mysql
[ error ] [2002]SQLSTATE[HY000] [2002] ÓÉÓÚÄ¿±ê¼ÆËã»ú»ý¼«¾Ü¾ø£¬ÎÞ·¨Á¬½Ó¡£
[D:\mf\pcnfctest\thinkphp\library\think\db\Connection.php:528]
---------------------------------------------------------------
[ 2019-02-22T15:59:15+08:00 ] 127.0.0.1 GET test.pcnfc.com/index/mycattest/select
[è¿è¡Œæ—¶é—´ï¼š1.068061s] [åžåçŽ‡ï¼š0.94req/s] [å†…å­˜æ¶ˆè€—ï¼š2,417.32kb] [æ–‡ä»¶åŠ è½½ï¼š88]
[ info ] [ LANG ] D:\mf\pcnfctest\thinkphp\lang\zh-cn.php
[ info ] [ ROUTE ] array (
)
[ info ] [ HEADER ] array (
  'accept-language' => 'zh-CN,zh;q=0.9,en;q=0.8,zh-TW;q=0.7',
  'accept-encoding' => 'gzip, deflate',
  'accept' => 'text/html,application/xhtml+xml,application/xml;q=0.9,image/webp,image/apng,*/*;q=0.8',
  'user-agent' => 'Mozilla/5.0 (Windows NT 6.1; WOW64) AppleWebKit/537.36 (KHTML, like Gecko) Chrome/63.0.3239.132 Safari/537.36',
  'upgrade-insecure-requests' => '1',
  'cache-control' => 'max-age=0',
  'connection' => 'close',
  'host' => 'test.pcnfc.com',
)
[ info ] [ PARAM ] array (
)
[ info ] [ DB ] INIT mysql
[ error ] [2002]SQLSTATE[HY000] [2002] ÓÉÓÚÄ¿±ê¼ÆËã»ú»ý¼«¾Ü¾ø£¬ÎÞ·¨Á¬½Ó¡£
[D:\mf\pcnfctest\thinkphp\library\think\db\Connection.php:528]
---------------------------------------------------------------
[ 2019-02-22T15:59:23+08:00 ] 127.0.0.1 GET test.pcnfc.com/index/mycattest/select
[è¿è¡Œæ—¶é—´ï¼š1.071061s] [åžåçŽ‡ï¼š0.93req/s] [å†…å­˜æ¶ˆè€—ï¼š2,417.32kb] [æ–‡ä»¶åŠ è½½ï¼š88]
[ info ] [ LANG ] D:\mf\pcnfctest\thinkphp\lang\zh-cn.php
[ info ] [ ROUTE ] array (
)
[ info ] [ HEADER ] array (
  'accept-language' => 'zh-CN,zh;q=0.9,en;q=0.8,zh-TW;q=0.7',
  'accept-encoding' => 'gzip, deflate',
  'accept' => 'text/html,application/xhtml+xml,application/xml;q=0.9,image/webp,image/apng,*/*;q=0.8',
  'user-agent' => 'Mozilla/5.0 (Windows NT 6.1; WOW64) AppleWebKit/537.36 (KHTML, like Gecko) Chrome/63.0.3239.132 Safari/537.36',
  'upgrade-insecure-requests' => '1',
  'cache-control' => 'max-age=0',
  'connection' => 'close',
  'host' => 'test.pcnfc.com',
)
[ info ] [ PARAM ] array (
)
[ info ] [ DB ] INIT mysql
[ error ] [2002]SQLSTATE[HY000] [2002] ÓÉÓÚÄ¿±ê¼ÆËã»ú»ý¼«¾Ü¾ø£¬ÎÞ·¨Á¬½Ó¡£
[D:\mf\pcnfctest\thinkphp\library\think\db\Connection.php:528]
---------------------------------------------------------------
[ 2019-02-22T15:59:30+08:00 ] 127.0.0.1 GET test.pcnfc.com/index/mycattest/select
[è¿è¡Œæ—¶é—´ï¼š1.083062s] [åžåçŽ‡ï¼š0.92req/s] [å†…å­˜æ¶ˆè€—ï¼š2,417.32kb] [æ–‡ä»¶åŠ è½½ï¼š88]
[ info ] [ LANG ] D:\mf\pcnfctest\thinkphp\lang\zh-cn.php
[ info ] [ ROUTE ] array (
)
[ info ] [ HEADER ] array (
  'accept-language' => 'zh-CN,zh;q=0.9,en;q=0.8,zh-TW;q=0.7',
  'accept-encoding' => 'gzip, deflate',
  'accept' => 'text/html,application/xhtml+xml,application/xml;q=0.9,image/webp,image/apng,*/*;q=0.8',
  'user-agent' => 'Mozilla/5.0 (Windows NT 6.1; WOW64) AppleWebKit/537.36 (KHTML, like Gecko) Chrome/63.0.3239.132 Safari/537.36',
  'upgrade-insecure-requests' => '1',
  'cache-control' => 'max-age=0',
  'connection' => 'close',
  'host' => 'test.pcnfc.com',
)
[ info ] [ PARAM ] array (
)
[ info ] [ DB ] INIT mysql
[ error ] [2002]SQLSTATE[HY000] [2002] ÓÉÓÚÄ¿±ê¼ÆËã»ú»ý¼«¾Ü¾ø£¬ÎÞ·¨Á¬½Ó¡£
[D:\mf\pcnfctest\thinkphp\library\think\db\Connection.php:528]
---------------------------------------------------------------
[ 2019-02-22T16:01:02+08:00 ] 127.0.0.1 GET test.pcnfc.com/index/mycattest/select
[è¿è¡Œæ—¶é—´ï¼š0.369021s] [åžåçŽ‡ï¼š2.71req/s] [å†…å­˜æ¶ˆè€—ï¼š2,383.41kb] [æ–‡ä»¶åŠ è½½ï¼š85]
[ info ] [ LANG ] D:\mf\pcnfctest\thinkphp\lang\zh-cn.php
[ info ] [ ROUTE ] array (
)
[ info ] [ HEADER ] array (
  'accept-language' => 'zh-CN,zh;q=0.9,en;q=0.8,zh-TW;q=0.7',
  'accept-encoding' => 'gzip, deflate',
  'accept' => 'text/html,application/xhtml+xml,application/xml;q=0.9,image/webp,image/apng,*/*;q=0.8',
  'user-agent' => 'Mozilla/5.0 (Windows NT 6.1; WOW64) AppleWebKit/537.36 (KHTML, like Gecko) Chrome/63.0.3239.132 Safari/537.36',
  'upgrade-insecure-requests' => '1',
  'cache-control' => 'max-age=0',
  'connection' => 'close',
  'host' => 'test.pcnfc.com',
)
[ info ] [ PARAM ] array (
)
[ info ] [ DB ] INIT mysql
---------------------------------------------------------------
[ 2019-02-22T16:01:05+08:00 ] 127.0.0.1 GET test.pcnfc.com/index/mycattest/select
[è¿è¡Œæ—¶é—´ï¼š0.196011s] [åžåçŽ‡ï¼š5.10req/s] [å†…å­˜æ¶ˆè€—ï¼š2,383.41kb] [æ–‡ä»¶åŠ è½½ï¼š85]
[ info ] [ LANG ] D:\mf\pcnfctest\thinkphp\lang\zh-cn.php
[ info ] [ ROUTE ] array (
)
[ info ] [ HEADER ] array (
  'accept-language' => 'zh-CN,zh;q=0.9,en;q=0.8,zh-TW;q=0.7',
  'accept-encoding' => 'gzip, deflate',
  'accept' => 'text/html,application/xhtml+xml,application/xml;q=0.9,image/webp,image/apng,*/*;q=0.8',
  'user-agent' => 'Mozilla/5.0 (Windows NT 6.1; WOW64) AppleWebKit/537.36 (KHTML, like Gecko) Chrome/63.0.3239.132 Safari/537.36',
  'upgrade-insecure-requests' => '1',
  'cache-control' => 'max-age=0',
  'connection' => 'close',
  'host' => 'test.pcnfc.com',
)
[ info ] [ PARAM ] array (
)
[ info ] [ DB ] INIT mysql
---------------------------------------------------------------
[ 2019-02-22T16:01:05+08:00 ] 127.0.0.1 GET test.pcnfc.com/index/mycattest/select
[è¿è¡Œæ—¶é—´ï¼š0.196011s] [åžåçŽ‡ï¼š5.10req/s] [å†…å­˜æ¶ˆè€—ï¼š2,383.41kb] [æ–‡ä»¶åŠ è½½ï¼š85]
[ info ] [ LANG ] D:\mf\pcnfctest\thinkphp\lang\zh-cn.php
[ info ] [ ROUTE ] array (
)
[ info ] [ HEADER ] array (
  'accept-language' => 'zh-CN,zh;q=0.9,en;q=0.8,zh-TW;q=0.7',
  'accept-encoding' => 'gzip, deflate',
  'accept' => 'text/html,application/xhtml+xml,application/xml;q=0.9,image/webp,image/apng,*/*;q=0.8',
  'user-agent' => 'Mozilla/5.0 (Windows NT 6.1; WOW64) AppleWebKit/537.36 (KHTML, like Gecko) Chrome/63.0.3239.132 Safari/537.36',
  'upgrade-insecure-requests' => '1',
  'cache-control' => 'max-age=0',
  'connection' => 'close',
  'host' => 'test.pcnfc.com',
)
[ info ] [ PARAM ] array (
)
[ info ] [ DB ] INIT mysql
---------------------------------------------------------------
[ 2019-02-22T16:01:07+08:00 ] 127.0.0.1 GET test.pcnfc.com/index/mycattest/select
[è¿è¡Œæ—¶é—´ï¼š0.221012s] [åžåçŽ‡ï¼š4.52req/s] [å†…å­˜æ¶ˆè€—ï¼š2,383.41kb] [æ–‡ä»¶åŠ è½½ï¼š85]
[ info ] [ LANG ] D:\mf\pcnfctest\thinkphp\lang\zh-cn.php
[ info ] [ ROUTE ] array (
)
[ info ] [ HEADER ] array (
  'accept-language' => 'zh-CN,zh;q=0.9,en;q=0.8,zh-TW;q=0.7',
  'accept-encoding' => 'gzip, deflate',
  'accept' => 'text/html,application/xhtml+xml,application/xml;q=0.9,image/webp,image/apng,*/*;q=0.8',
  'user-agent' => 'Mozilla/5.0 (Windows NT 6.1; WOW64) AppleWebKit/537.36 (KHTML, like Gecko) Chrome/63.0.3239.132 Safari/537.36',
  'upgrade-insecure-requests' => '1',
  'cache-control' => 'max-age=0',
  'connection' => 'close',
  'host' => 'test.pcnfc.com',
)
[ info ] [ PARAM ] array (
)
[ info ] [ DB ] INIT mysql
---------------------------------------------------------------
[ 2019-02-22T16:01:07+08:00 ] 127.0.0.1 GET test.pcnfc.com/index/mycattest/select
[è¿è¡Œæ—¶é—´ï¼š0.194011s] [åžåçŽ‡ï¼š5.15req/s] [å†…å­˜æ¶ˆè€—ï¼š2,383.41kb] [æ–‡ä»¶åŠ è½½ï¼š85]
[ info ] [ LANG ] D:\mf\pcnfctest\thinkphp\lang\zh-cn.php
[ info ] [ ROUTE ] array (
)
[ info ] [ HEADER ] array (
  'accept-language' => 'zh-CN,zh;q=0.9,en;q=0.8,zh-TW;q=0.7',
  'accept-encoding' => 'gzip, deflate',
  'accept' => 'text/html,application/xhtml+xml,application/xml;q=0.9,image/webp,image/apng,*/*;q=0.8',
  'user-agent' => 'Mozilla/5.0 (Windows NT 6.1; WOW64) AppleWebKit/537.36 (KHTML, like Gecko) Chrome/63.0.3239.132 Safari/537.36',
  'upgrade-insecure-requests' => '1',
  'cache-control' => 'max-age=0',
  'connection' => 'close',
  'host' => 'test.pcnfc.com',
)
[ info ] [ PARAM ] array (
)
[ info ] [ DB ] INIT mysql
---------------------------------------------------------------
[ 2019-02-22T16:01:08+08:00 ] 127.0.0.1 GET test.pcnfc.com/index/mycattest/select
[è¿è¡Œæ—¶é—´ï¼š0.163009s] [åžåçŽ‡ï¼š6.13req/s] [å†…å­˜æ¶ˆè€—ï¼š2,383.41kb] [æ–‡ä»¶åŠ è½½ï¼š85]
[ info ] [ LANG ] D:\mf\pcnfctest\thinkphp\lang\zh-cn.php
[ info ] [ ROUTE ] array (
)
[ info ] [ HEADER ] array (
  'accept-language' => 'zh-CN,zh;q=0.9,en;q=0.8,zh-TW;q=0.7',
  'accept-encoding' => 'gzip, deflate',
  'accept' => 'text/html,application/xhtml+xml,application/xml;q=0.9,image/webp,image/apng,*/*;q=0.8',
  'user-agent' => 'Mozilla/5.0 (Windows NT 6.1; WOW64) AppleWebKit/537.36 (KHTML, like Gecko) Chrome/63.0.3239.132 Safari/537.36',
  'upgrade-insecure-requests' => '1',
  'cache-control' => 'max-age=0',
  'connection' => 'close',
  'host' => 'test.pcnfc.com',
)
[ info ] [ PARAM ] array (
)
[ info ] [ DB ] INIT mysql
---------------------------------------------------------------
[ 2019-02-22T16:01:09+08:00 ] 127.0.0.1 GET test.pcnfc.com/index/mycattest/select
[è¿è¡Œæ—¶é—´ï¼š0.132007s] [åžåçŽ‡ï¼š7.58req/s] [å†…å­˜æ¶ˆè€—ï¼š2,383.41kb] [æ–‡ä»¶åŠ è½½ï¼š85]
[ info ] [ LANG ] D:\mf\pcnfctest\thinkphp\lang\zh-cn.php
[ info ] [ ROUTE ] array (
)
[ info ] [ HEADER ] array (
  'accept-language' => 'zh-CN,zh;q=0.9,en;q=0.8,zh-TW;q=0.7',
  'accept-encoding' => 'gzip, deflate',
  'accept' => 'text/html,application/xhtml+xml,application/xml;q=0.9,image/webp,image/apng,*/*;q=0.8',
  'user-agent' => 'Mozilla/5.0 (Windows NT 6.1; WOW64) AppleWebKit/537.36 (KHTML, like Gecko) Chrome/63.0.3239.132 Safari/537.36',
  'upgrade-insecure-requests' => '1',
  'cache-control' => 'max-age=0',
  'connection' => 'close',
  'host' => 'test.pcnfc.com',
)
[ info ] [ PARAM ] array (
)
[ info ] [ DB ] INIT mysql
---------------------------------------------------------------
[ 2019-02-22T16:01:10+08:00 ] 127.0.0.1 GET test.pcnfc.com/index/mycattest/select
[è¿è¡Œæ—¶é—´ï¼š0.123007s] [åžåçŽ‡ï¼š8.13req/s] [å†…å­˜æ¶ˆè€—ï¼š2,383.41kb] [æ–‡ä»¶åŠ è½½ï¼š85]
[ info ] [ LANG ] D:\mf\pcnfctest\thinkphp\lang\zh-cn.php
[ info ] [ ROUTE ] array (
)
[ info ] [ HEADER ] array (
  'accept-language' => 'zh-CN,zh;q=0.9,en;q=0.8,zh-TW;q=0.7',
  'accept-encoding' => 'gzip, deflate',
  'accept' => 'text/html,application/xhtml+xml,application/xml;q=0.9,image/webp,image/apng,*/*;q=0.8',
  'user-agent' => 'Mozilla/5.0 (Windows NT 6.1; WOW64) AppleWebKit/537.36 (KHTML, like Gecko) Chrome/63.0.3239.132 Safari/537.36',
  'upgrade-insecure-requests' => '1',
  'cache-control' => 'max-age=0',
  'connection' => 'close',
  'host' => 'test.pcnfc.com',
)
[ info ] [ PARAM ] array (
)
[ info ] [ DB ] INIT mysql
---------------------------------------------------------------
[ 2019-02-22T16:01:13+08:00 ] 127.0.0.1 GET test.pcnfc.com/index/mycattest/select
[è¿è¡Œæ—¶é—´ï¼š0.117006s] [åžåçŽ‡ï¼š8.55req/s] [å†…å­˜æ¶ˆè€—ï¼š2,383.41kb] [æ–‡ä»¶åŠ è½½ï¼š85]
[ info ] [ LANG ] D:\mf\pcnfctest\thinkphp\lang\zh-cn.php
[ info ] [ ROUTE ] array (
)
[ info ] [ HEADER ] array (
  'accept-language' => 'zh-CN,zh;q=0.9,en;q=0.8,zh-TW;q=0.7',
  'accept-encoding' => 'gzip, deflate',
  'accept' => 'text/html,application/xhtml+xml,application/xml;q=0.9,image/webp,image/apng,*/*;q=0.8',
  'user-agent' => 'Mozilla/5.0 (Windows NT 6.1; WOW64) AppleWebKit/537.36 (KHTML, like Gecko) Chrome/63.0.3239.132 Safari/537.36',
  'upgrade-insecure-requests' => '1',
  'cache-control' => 'max-age=0',
  'connection' => 'close',
  'host' => 'test.pcnfc.com',
)
[ info ] [ PARAM ] array (
)
[ info ] [ DB ] INIT mysql
---------------------------------------------------------------
[ 2019-02-22T16:01:14+08:00 ] 127.0.0.1 GET test.pcnfc.com/index/mycattest/select
[è¿è¡Œæ—¶é—´ï¼š0.096005s] [åžåçŽ‡ï¼š10.42req/s] [å†…å­˜æ¶ˆè€—ï¼š2,383.41kb] [æ–‡ä»¶åŠ è½½ï¼š85]
[ info ] [ LANG ] D:\mf\pcnfctest\thinkphp\lang\zh-cn.php
[ info ] [ ROUTE ] array (
)
[ info ] [ HEADER ] array (
  'accept-language' => 'zh-CN,zh;q=0.9,en;q=0.8,zh-TW;q=0.7',
  'accept-encoding' => 'gzip, deflate',
  'accept' => 'text/html,application/xhtml+xml,application/xml;q=0.9,image/webp,image/apng,*/*;q=0.8',
  'user-agent' => 'Mozilla/5.0 (Windows NT 6.1; WOW64) AppleWebKit/537.36 (KHTML, like Gecko) Chrome/63.0.3239.132 Safari/537.36',
  'upgrade-insecure-requests' => '1',
  'cache-control' => 'max-age=0',
  'connection' => 'close',
  'host' => 'test.pcnfc.com',
)
[ info ] [ PARAM ] array (
)
[ info ] [ DB ] INIT mysql
---------------------------------------------------------------
[ 2019-02-22T16:01:16+08:00 ] 127.0.0.1 GET test.pcnfc.com/index/mycattest/select
[è¿è¡Œæ—¶é—´ï¼š0.107006s] [åžåçŽ‡ï¼š9.35req/s] [å†…å­˜æ¶ˆè€—ï¼š2,383.41kb] [æ–‡ä»¶åŠ è½½ï¼š85]
[ info ] [ LANG ] D:\mf\pcnfctest\thinkphp\lang\zh-cn.php
[ info ] [ ROUTE ] array (
)
[ info ] [ HEADER ] array (
  'accept-language' => 'zh-CN,zh;q=0.9,en;q=0.8,zh-TW;q=0.7',
  'accept-encoding' => 'gzip, deflate',
  'accept' => 'text/html,application/xhtml+xml,application/xml;q=0.9,image/webp,image/apng,*/*;q=0.8',
  'user-agent' => 'Mozilla/5.0 (Windows NT 6.1; WOW64) AppleWebKit/537.36 (KHTML, like Gecko) Chrome/63.0.3239.132 Safari/537.36',
  'upgrade-insecure-requests' => '1',
  'cache-control' => 'max-age=0',
  'connection' => 'close',
  'host' => 'test.pcnfc.com',
)
[ info ] [ PARAM ] array (
)
[ info ] [ DB ] INIT mysql
---------------------------------------------------------------
[ 2019-02-22T16:01:22+08:00 ] 127.0.0.1 GET test.pcnfc.com/index/mycattest/select
[è¿è¡Œæ—¶é—´ï¼š0.200011s] [åžåçŽ‡ï¼š5.00req/s] [å†…å­˜æ¶ˆè€—ï¼š2,383.47kb] [æ–‡ä»¶åŠ è½½ï¼š85]
[ info ] [ LANG ] D:\mf\pcnfctest\thinkphp\lang\zh-cn.php
[ info ] [ ROUTE ] array (
)
[ info ] [ HEADER ] array (
  'accept-language' => 'zh-CN,zh;q=0.9,en;q=0.8,zh-TW;q=0.7',
  'accept-encoding' => 'gzip, deflate',
  'accept' => 'text/html,application/xhtml+xml,application/xml;q=0.9,image/webp,image/apng,*/*;q=0.8',
  'user-agent' => 'Mozilla/5.0 (Windows NT 6.1; WOW64) AppleWebKit/537.36 (KHTML, like Gecko) Chrome/63.0.3239.132 Safari/537.36',
  'upgrade-insecure-requests' => '1',
  'cache-control' => 'max-age=0',
  'connection' => 'close',
  'host' => 'test.pcnfc.com',
)
[ info ] [ PARAM ] array (
)
[ info ] [ DB ] INIT mysql
---------------------------------------------------------------
[ 2019-02-22T16:01:26+08:00 ] 127.0.0.1 GET test.pcnfc.com/index/mycattest/select
[è¿è¡Œæ—¶é—´ï¼š0.152009s] [åžåçŽ‡ï¼š6.58req/s] [å†…å­˜æ¶ˆè€—ï¼š2,383.41kb] [æ–‡ä»¶åŠ è½½ï¼š85]
[ info ] [ LANG ] D:\mf\pcnfctest\thinkphp\lang\zh-cn.php
[ info ] [ ROUTE ] array (
)
[ info ] [ HEADER ] array (
  'accept-language' => 'zh-CN,zh;q=0.9,en;q=0.8,zh-TW;q=0.7',
  'accept-encoding' => 'gzip, deflate',
  'accept' => 'text/html,application/xhtml+xml,application/xml;q=0.9,image/webp,image/apng,*/*;q=0.8',
  'user-agent' => 'Mozilla/5.0 (Windows NT 6.1; WOW64) AppleWebKit/537.36 (KHTML, like Gecko) Chrome/63.0.3239.132 Safari/537.36',
  'upgrade-insecure-requests' => '1',
  'cache-control' => 'max-age=0',
  'connection' => 'close',
  'host' => 'test.pcnfc.com',
)
[ info ] [ PARAM ] array (
)
[ info ] [ DB ] INIT mysql
---------------------------------------------------------------
[ 2019-02-22T16:01:31+08:00 ] 127.0.0.1 GET test.pcnfc.com/index/mycattest/select
[è¿è¡Œæ—¶é—´ï¼š0.148008s] [åžåçŽ‡ï¼š6.76req/s] [å†…å­˜æ¶ˆè€—ï¼š2,383.41kb] [æ–‡ä»¶åŠ è½½ï¼š85]
[ info ] [ LANG ] D:\mf\pcnfctest\thinkphp\lang\zh-cn.php
[ info ] [ ROUTE ] array (
)
[ info ] [ HEADER ] array (
  'accept-language' => 'zh-CN,zh;q=0.9,en;q=0.8,zh-TW;q=0.7',
  'accept-encoding' => 'gzip, deflate',
  'accept' => 'text/html,application/xhtml+xml,application/xml;q=0.9,image/webp,image/apng,*/*;q=0.8',
  'user-agent' => 'Mozilla/5.0 (Windows NT 6.1; WOW64) AppleWebKit/537.36 (KHTML, like Gecko) Chrome/63.0.3239.132 Safari/537.36',
  'upgrade-insecure-requests' => '1',
  'cache-control' => 'max-age=0',
  'connection' => 'close',
  'host' => 'test.pcnfc.com',
)
[ info ] [ PARAM ] array (
)
[ info ] [ DB ] INIT mysql
---------------------------------------------------------------
[ 2019-02-22T16:01:32+08:00 ] 127.0.0.1 GET test.pcnfc.com/index/mycattest/select
[è¿è¡Œæ—¶é—´ï¼š0.203011s] [åžåçŽ‡ï¼š4.93req/s] [å†…å­˜æ¶ˆè€—ï¼š2,383.41kb] [æ–‡ä»¶åŠ è½½ï¼š85]
[ info ] [ LANG ] D:\mf\pcnfctest\thinkphp\lang\zh-cn.php
[ info ] [ ROUTE ] array (
)
[ info ] [ HEADER ] array (
  'accept-language' => 'zh-CN,zh;q=0.9,en;q=0.8,zh-TW;q=0.7',
  'accept-encoding' => 'gzip, deflate',
  'accept' => 'text/html,application/xhtml+xml,application/xml;q=0.9,image/webp,image/apng,*/*;q=0.8',
  'user-agent' => 'Mozilla/5.0 (Windows NT 6.1; WOW64) AppleWebKit/537.36 (KHTML, like Gecko) Chrome/63.0.3239.132 Safari/537.36',
  'upgrade-insecure-requests' => '1',
  'cache-control' => 'max-age=0',
  'connection' => 'close',
  'host' => 'test.pcnfc.com',
)
[ info ] [ PARAM ] array (
)
[ info ] [ DB ] INIT mysql
---------------------------------------------------------------
[ 2019-02-22T16:01:33+08:00 ] 127.0.0.1 GET test.pcnfc.com/index/mycattest/select
[è¿è¡Œæ—¶é—´ï¼š0.156008s] [åžåçŽ‡ï¼š6.41req/s] [å†…å­˜æ¶ˆè€—ï¼š2,383.41kb] [æ–‡ä»¶åŠ è½½ï¼š85]
[ info ] [ LANG ] D:\mf\pcnfctest\thinkphp\lang\zh-cn.php
[ info ] [ ROUTE ] array (
)
[ info ] [ HEADER ] array (
  'accept-language' => 'zh-CN,zh;q=0.9,en;q=0.8,zh-TW;q=0.7',
  'accept-encoding' => 'gzip, deflate',
  'accept' => 'text/html,application/xhtml+xml,application/xml;q=0.9,image/webp,image/apng,*/*;q=0.8',
  'user-agent' => 'Mozilla/5.0 (Windows NT 6.1; WOW64) AppleWebKit/537.36 (KHTML, like Gecko) Chrome/63.0.3239.132 Safari/537.36',
  'upgrade-insecure-requests' => '1',
  'cache-control' => 'max-age=0',
  'connection' => 'close',
  'host' => 'test.pcnfc.com',
)
[ info ] [ PARAM ] array (
)
[ info ] [ DB ] INIT mysql
---------------------------------------------------------------
[ 2019-02-22T16:01:33+08:00 ] 127.0.0.1 GET test.pcnfc.com/index/mycattest/select
[è¿è¡Œæ—¶é—´ï¼š0.192011s] [åžåçŽ‡ï¼š5.21req/s] [å†…å­˜æ¶ˆè€—ï¼š2,383.41kb] [æ–‡ä»¶åŠ è½½ï¼š85]
[ info ] [ LANG ] D:\mf\pcnfctest\thinkphp\lang\zh-cn.php
[ info ] [ ROUTE ] array (
)
[ info ] [ HEADER ] array (
  'accept-language' => 'zh-CN,zh;q=0.9,en;q=0.8,zh-TW;q=0.7',
  'accept-encoding' => 'gzip, deflate',
  'accept' => 'text/html,application/xhtml+xml,application/xml;q=0.9,image/webp,image/apng,*/*;q=0.8',
  'user-agent' => 'Mozilla/5.0 (Windows NT 6.1; WOW64) AppleWebKit/537.36 (KHTML, like Gecko) Chrome/63.0.3239.132 Safari/537.36',
  'upgrade-insecure-requests' => '1',
  'cache-control' => 'max-age=0',
  'connection' => 'close',
  'host' => 'test.pcnfc.com',
)
[ info ] [ PARAM ] array (
)
[ info ] [ DB ] INIT mysql
---------------------------------------------------------------
[ 2019-02-22T16:02:02+08:00 ] 127.0.0.1 GET test.pcnfc.com/index/mycattest/select
[è¿è¡Œæ—¶é—´ï¼š0.167009s] [åžåçŽ‡ï¼š5.99req/s] [å†…å­˜æ¶ˆè€—ï¼š2,443.49kb] [æ–‡ä»¶åŠ è½½ï¼š90]
[ info ] [ LANG ] D:\mf\pcnfctest\thinkphp\lang\zh-cn.php
[ info ] [ ROUTE ] array (
)
[ info ] [ HEADER ] array (
  'accept-language' => 'zh-CN,zh;q=0.9,en;q=0.8,zh-TW;q=0.7',
  'accept-encoding' => 'gzip, deflate',
  'accept' => 'text/html,application/xhtml+xml,application/xml;q=0.9,image/webp,image/apng,*/*;q=0.8',
  'user-agent' => 'Mozilla/5.0 (Windows NT 6.1; WOW64) AppleWebKit/537.36 (KHTML, like Gecko) Chrome/63.0.3239.132 Safari/537.36',
  'upgrade-insecure-requests' => '1',
  'cache-control' => 'max-age=0',
  'connection' => 'close',
  'host' => 'test.pcnfc.com',
)
[ info ] [ PARAM ] array (
)
[ info ] [ DB ] INIT mysql
[ error ] [2]Packets out of order. Expected 6 received 1. Packet size=46[D:\mf\pcnfctest\thinkphp\library\think\db\Connection.php:675]
---------------------------------------------------------------
[ 2019-02-22T16:02:04+08:00 ] 127.0.0.1 GET test.pcnfc.com/index/mycattest/select
[è¿è¡Œæ—¶é—´ï¼š0.143008s] [åžåçŽ‡ï¼š6.99req/s] [å†…å­˜æ¶ˆè€—ï¼š2,450.63kb] [æ–‡ä»¶åŠ è½½ï¼š91]
[ info ] [ LANG ] D:\mf\pcnfctest\thinkphp\lang\zh-cn.php
[ info ] [ ROUTE ] array (
)
[ info ] [ HEADER ] array (
  'accept-language' => 'zh-CN,zh;q=0.9,en;q=0.8,zh-TW;q=0.7',
  'accept-encoding' => 'gzip, deflate',
  'accept' => 'text/html,application/xhtml+xml,application/xml;q=0.9,image/webp,image/apng,*/*;q=0.8',
  'user-agent' => 'Mozilla/5.0 (Windows NT 6.1; WOW64) AppleWebKit/537.36 (KHTML, like Gecko) Chrome/63.0.3239.132 Safari/537.36',
  'upgrade-insecure-requests' => '1',
  'cache-control' => 'max-age=0',
  'connection' => 'close',
  'host' => 'test.pcnfc.com',
)
[ info ] [ PARAM ] array (
)
[ info ] [ DB ] INIT mysql
[ error ] [10501]SQLSTATE[HY000]: General error: 1105 Unknown column 'id' in 'order clause'[D:\mf\pcnfctest\thinkphp\library\think\db\Connection.php:687]
---------------------------------------------------------------
[ 2019-02-22T16:02:04+08:00 ] 127.0.0.1 GET test.pcnfc.com/index/mycattest/select
[è¿è¡Œæ—¶é—´ï¼š0.127007s] [åžåçŽ‡ï¼š7.87req/s] [å†…å­˜æ¶ˆè€—ï¼š2,443.49kb] [æ–‡ä»¶åŠ è½½ï¼š90]
[ info ] [ LANG ] D:\mf\pcnfctest\thinkphp\lang\zh-cn.php
[ info ] [ ROUTE ] array (
)
[ info ] [ HEADER ] array (
  'accept-language' => 'zh-CN,zh;q=0.9,en;q=0.8,zh-TW;q=0.7',
  'accept-encoding' => 'gzip, deflate',
  'accept' => 'text/html,application/xhtml+xml,application/xml;q=0.9,image/webp,image/apng,*/*;q=0.8',
  'user-agent' => 'Mozilla/5.0 (Windows NT 6.1; WOW64) AppleWebKit/537.36 (KHTML, like Gecko) Chrome/63.0.3239.132 Safari/537.36',
  'upgrade-insecure-requests' => '1',
  'cache-control' => 'max-age=0',
  'connection' => 'close',
  'host' => 'test.pcnfc.com',
)
[ info ] [ PARAM ] array (
)
[ info ] [ DB ] INIT mysql
[ error ] [2]Packets out of order. Expected 6 received 1. Packet size=46[D:\mf\pcnfctest\thinkphp\library\think\db\Connection.php:675]
---------------------------------------------------------------
[ 2019-02-22T16:02:05+08:00 ] 127.0.0.1 GET test.pcnfc.com/index/mycattest/select
[è¿è¡Œæ—¶é—´ï¼š0.125008s] [åžåçŽ‡ï¼š8.00req/s] [å†…å­˜æ¶ˆè€—ï¼š2,443.49kb] [æ–‡ä»¶åŠ è½½ï¼š90]
[ info ] [ LANG ] D:\mf\pcnfctest\thinkphp\lang\zh-cn.php
[ info ] [ ROUTE ] array (
)
[ info ] [ HEADER ] array (
  'accept-language' => 'zh-CN,zh;q=0.9,en;q=0.8,zh-TW;q=0.7',
  'accept-encoding' => 'gzip, deflate',
  'accept' => 'text/html,application/xhtml+xml,application/xml;q=0.9,image/webp,image/apng,*/*;q=0.8',
  'user-agent' => 'Mozilla/5.0 (Windows NT 6.1; WOW64) AppleWebKit/537.36 (KHTML, like Gecko) Chrome/63.0.3239.132 Safari/537.36',
  'upgrade-insecure-requests' => '1',
  'cache-control' => 'max-age=0',
  'connection' => 'close',
  'host' => 'test.pcnfc.com',
)
[ info ] [ PARAM ] array (
)
[ info ] [ DB ] INIT mysql
[ error ] [2]Packets out of order. Expected 6 received 1. Packet size=46[D:\mf\pcnfctest\thinkphp\library\think\db\Connection.php:675]
---------------------------------------------------------------
[ 2019-02-22T16:02:06+08:00 ] 127.0.0.1 GET test.pcnfc.com/index/mycattest/select
[è¿è¡Œæ—¶é—´ï¼š0.132008s] [åžåçŽ‡ï¼š7.58req/s] [å†…å­˜æ¶ˆè€—ï¼š2,443.49kb] [æ–‡ä»¶åŠ è½½ï¼š90]
[ info ] [ LANG ] D:\mf\pcnfctest\thinkphp\lang\zh-cn.php
[ info ] [ ROUTE ] array (
)
[ info ] [ HEADER ] array (
  'accept-language' => 'zh-CN,zh;q=0.9,en;q=0.8,zh-TW;q=0.7',
  'accept-encoding' => 'gzip, deflate',
  'accept' => 'text/html,application/xhtml+xml,application/xml;q=0.9,image/webp,image/apng,*/*;q=0.8',
  'user-agent' => 'Mozilla/5.0 (Windows NT 6.1; WOW64) AppleWebKit/537.36 (KHTML, like Gecko) Chrome/63.0.3239.132 Safari/537.36',
  'upgrade-insecure-requests' => '1',
  'cache-control' => 'max-age=0',
  'connection' => 'close',
  'host' => 'test.pcnfc.com',
)
[ info ] [ PARAM ] array (
)
[ info ] [ DB ] INIT mysql
[ error ] [2]Packets out of order. Expected 6 received 1. Packet size=46[D:\mf\pcnfctest\thinkphp\library\think\db\Connection.php:675]
---------------------------------------------------------------
[ 2019-02-22T16:02:07+08:00 ] 127.0.0.1 GET test.pcnfc.com/index/mycattest/select
[è¿è¡Œæ—¶é—´ï¼š0.136007s] [åžåçŽ‡ï¼š7.35req/s] [å†…å­˜æ¶ˆè€—ï¼š2,443.49kb] [æ–‡ä»¶åŠ è½½ï¼š90]
[ info ] [ LANG ] D:\mf\pcnfctest\thinkphp\lang\zh-cn.php
[ info ] [ ROUTE ] array (
)
[ info ] [ HEADER ] array (
  'accept-language' => 'zh-CN,zh;q=0.9,en;q=0.8,zh-TW;q=0.7',
  'accept-encoding' => 'gzip, deflate',
  'accept' => 'text/html,application/xhtml+xml,application/xml;q=0.9,image/webp,image/apng,*/*;q=0.8',
  'user-agent' => 'Mozilla/5.0 (Windows NT 6.1; WOW64) AppleWebKit/537.36 (KHTML, like Gecko) Chrome/63.0.3239.132 Safari/537.36',
  'upgrade-insecure-requests' => '1',
  'cache-control' => 'max-age=0',
  'connection' => 'close',
  'host' => 'test.pcnfc.com',
)
[ info ] [ PARAM ] array (
)
[ info ] [ DB ] INIT mysql
[ error ] [2]Packets out of order. Expected 6 received 1. Packet size=46[D:\mf\pcnfctest\thinkphp\library\think\db\Connection.php:675]
---------------------------------------------------------------
[ 2019-02-22T16:02:08+08:00 ] 127.0.0.1 GET test.pcnfc.com/index/mycattest/select
[è¿è¡Œæ—¶é—´ï¼š0.156009s] [åžåçŽ‡ï¼š6.41req/s] [å†…å­˜æ¶ˆè€—ï¼š2,443.49kb] [æ–‡ä»¶åŠ è½½ï¼š90]
[ info ] [ LANG ] D:\mf\pcnfctest\thinkphp\lang\zh-cn.php
[ info ] [ ROUTE ] array (
)
[ info ] [ HEADER ] array (
  'accept-language' => 'zh-CN,zh;q=0.9,en;q=0.8,zh-TW;q=0.7',
  'accept-encoding' => 'gzip, deflate',
  'accept' => 'text/html,application/xhtml+xml,application/xml;q=0.9,image/webp,image/apng,*/*;q=0.8',
  'user-agent' => 'Mozilla/5.0 (Windows NT 6.1; WOW64) AppleWebKit/537.36 (KHTML, like Gecko) Chrome/63.0.3239.132 Safari/537.36',
  'upgrade-insecure-requests' => '1',
  'cache-control' => 'max-age=0',
  'connection' => 'close',
  'host' => 'test.pcnfc.com',
)
[ info ] [ PARAM ] array (
)
[ info ] [ DB ] INIT mysql
[ error ] [2]Packets out of order. Expected 6 received 1. Packet size=46[D:\mf\pcnfctest\thinkphp\library\think\db\Connection.php:675]
---------------------------------------------------------------
[ 2019-02-22T16:03:03+08:00 ] 127.0.0.1 GET test.pcnfc.com/index/mycattest/select
[è¿è¡Œæ—¶é—´ï¼š0.113007s] [åžåçŽ‡ï¼š8.85req/s] [å†…å­˜æ¶ˆè€—ï¼š2,443.49kb] [æ–‡ä»¶åŠ è½½ï¼š90]
[ info ] [ LANG ] D:\mf\pcnfctest\thinkphp\lang\zh-cn.php
[ info ] [ ROUTE ] array (
)
[ info ] [ HEADER ] array (
  'accept-language' => 'zh-CN,zh;q=0.9,en;q=0.8,zh-TW;q=0.7',
  'accept-encoding' => 'gzip, deflate',
  'accept' => 'text/html,application/xhtml+xml,application/xml;q=0.9,image/webp,image/apng,*/*;q=0.8',
  'user-agent' => 'Mozilla/5.0 (Windows NT 6.1; WOW64) AppleWebKit/537.36 (KHTML, like Gecko) Chrome/63.0.3239.132 Safari/537.36',
  'upgrade-insecure-requests' => '1',
  'cache-control' => 'max-age=0',
  'connection' => 'close',
  'host' => 'test.pcnfc.com',
)
[ info ] [ PARAM ] array (
)
[ info ] [ DB ] INIT mysql
[ error ] [2]Packets out of order. Expected 6 received 1. Packet size=46[D:\mf\pcnfctest\thinkphp\library\think\db\Connection.php:675]
---------------------------------------------------------------
[ 2019-02-22T16:03:04+08:00 ] 127.0.0.1 GET test.pcnfc.com/index/mycattest/select
[è¿è¡Œæ—¶é—´ï¼š0.114007s] [åžåçŽ‡ï¼š8.77req/s] [å†…å­˜æ¶ˆè€—ï¼š2,443.49kb] [æ–‡ä»¶åŠ è½½ï¼š90]
[ info ] [ LANG ] D:\mf\pcnfctest\thinkphp\lang\zh-cn.php
[ info ] [ ROUTE ] array (
)
[ info ] [ HEADER ] array (
  'accept-language' => 'zh-CN,zh;q=0.9,en;q=0.8,zh-TW;q=0.7',
  'accept-encoding' => 'gzip, deflate',
  'accept' => 'text/html,application/xhtml+xml,application/xml;q=0.9,image/webp,image/apng,*/*;q=0.8',
  'user-agent' => 'Mozilla/5.0 (Windows NT 6.1; WOW64) AppleWebKit/537.36 (KHTML, like Gecko) Chrome/63.0.3239.132 Safari/537.36',
  'upgrade-insecure-requests' => '1',
  'cache-control' => 'max-age=0',
  'connection' => 'close',
  'host' => 'test.pcnfc.com',
)
[ info ] [ PARAM ] array (
)
[ info ] [ DB ] INIT mysql
[ error ] [2]Packets out of order. Expected 6 received 1. Packet size=46[D:\mf\pcnfctest\thinkphp\library\think\db\Connection.php:675]
---------------------------------------------------------------
[ 2019-02-22T16:03:05+08:00 ] 127.0.0.1 GET test.pcnfc.com/index/mycattest/select
[è¿è¡Œæ—¶é—´ï¼š0.128007s] [åžåçŽ‡ï¼š7.81req/s] [å†…å­˜æ¶ˆè€—ï¼š2,443.49kb] [æ–‡ä»¶åŠ è½½ï¼š90]
[ info ] [ LANG ] D:\mf\pcnfctest\thinkphp\lang\zh-cn.php
[ info ] [ ROUTE ] array (
)
[ info ] [ HEADER ] array (
  'accept-language' => 'zh-CN,zh;q=0.9,en;q=0.8,zh-TW;q=0.7',
  'accept-encoding' => 'gzip, deflate',
  'accept' => 'text/html,application/xhtml+xml,application/xml;q=0.9,image/webp,image/apng,*/*;q=0.8',
  'user-agent' => 'Mozilla/5.0 (Windows NT 6.1; WOW64) AppleWebKit/537.36 (KHTML, like Gecko) Chrome/63.0.3239.132 Safari/537.36',
  'upgrade-insecure-requests' => '1',
  'cache-control' => 'max-age=0',
  'connection' => 'close',
  'host' => 'test.pcnfc.com',
)
[ info ] [ PARAM ] array (
)
[ info ] [ DB ] INIT mysql
[ error ] [2]Packets out of order. Expected 6 received 1. Packet size=46[D:\mf\pcnfctest\thinkphp\library\think\db\Connection.php:675]
---------------------------------------------------------------
[ 2019-02-22T16:03:07+08:00 ] 127.0.0.1 GET test.pcnfc.com/index/mycattest/select
[è¿è¡Œæ—¶é—´ï¼š0.130008s] [åžåçŽ‡ï¼š7.69req/s] [å†…å­˜æ¶ˆè€—ï¼š2,443.49kb] [æ–‡ä»¶åŠ è½½ï¼š90]
[ info ] [ LANG ] D:\mf\pcnfctest\thinkphp\lang\zh-cn.php
[ info ] [ ROUTE ] array (
)
[ info ] [ HEADER ] array (
  'accept-language' => 'zh-CN,zh;q=0.9,en;q=0.8,zh-TW;q=0.7',
  'accept-encoding' => 'gzip, deflate',
  'accept' => 'text/html,application/xhtml+xml,application/xml;q=0.9,image/webp,image/apng,*/*;q=0.8',
  'user-agent' => 'Mozilla/5.0 (Windows NT 6.1; WOW64) AppleWebKit/537.36 (KHTML, like Gecko) Chrome/63.0.3239.132 Safari/537.36',
  'upgrade-insecure-requests' => '1',
  'cache-control' => 'max-age=0',
  'connection' => 'close',
  'host' => 'test.pcnfc.com',
)
[ info ] [ PARAM ] array (
)
[ info ] [ DB ] INIT mysql
[ error ] [2]Packets out of order. Expected 6 received 1. Packet size=46[D:\mf\pcnfctest\thinkphp\library\think\db\Connection.php:675]
---------------------------------------------------------------
[ 2019-02-22T16:03:26+08:00 ] 127.0.0.1 GET test.pcnfc.com/index/mycattest/select
[è¿è¡Œæ—¶é—´ï¼š0.132008s] [åžåçŽ‡ï¼š7.58req/s] [å†…å­˜æ¶ˆè€—ï¼š2,443.50kb] [æ–‡ä»¶åŠ è½½ï¼š90]
[ info ] [ LANG ] D:\mf\pcnfctest\thinkphp\lang\zh-cn.php
[ info ] [ ROUTE ] array (
)
[ info ] [ HEADER ] array (
  'accept-language' => 'zh-CN,zh;q=0.9,en;q=0.8,zh-TW;q=0.7',
  'accept-encoding' => 'gzip, deflate',
  'accept' => 'text/html,application/xhtml+xml,application/xml;q=0.9,image/webp,image/apng,*/*;q=0.8',
  'user-agent' => 'Mozilla/5.0 (Windows NT 6.1; WOW64) AppleWebKit/537.36 (KHTML, like Gecko) Chrome/63.0.3239.132 Safari/537.36',
  'upgrade-insecure-requests' => '1',
  'cache-control' => 'max-age=0',
  'connection' => 'close',
  'host' => 'test.pcnfc.com',
)
[ info ] [ PARAM ] array (
)
[ info ] [ DB ] INIT mysql
[ error ] [2]Packets out of order. Expected 6 received 1. Packet size=46[D:\mf\pcnfctest\thinkphp\library\think\db\Connection.php:675]
---------------------------------------------------------------
[ 2019-02-22T16:03:27+08:00 ] 127.0.0.1 GET test.pcnfc.com/index/mycattest/select
[è¿è¡Œæ—¶é—´ï¼š0.124008s] [åžåçŽ‡ï¼š8.06req/s] [å†…å­˜æ¶ˆè€—ï¼š2,443.50kb] [æ–‡ä»¶åŠ è½½ï¼š90]
[ info ] [ LANG ] D:\mf\pcnfctest\thinkphp\lang\zh-cn.php
[ info ] [ ROUTE ] array (
)
[ info ] [ HEADER ] array (
  'accept-language' => 'zh-CN,zh;q=0.9,en;q=0.8,zh-TW;q=0.7',
  'accept-encoding' => 'gzip, deflate',
  'accept' => 'text/html,application/xhtml+xml,application/xml;q=0.9,image/webp,image/apng,*/*;q=0.8',
  'user-agent' => 'Mozilla/5.0 (Windows NT 6.1; WOW64) AppleWebKit/537.36 (KHTML, like Gecko) Chrome/63.0.3239.132 Safari/537.36',
  'upgrade-insecure-requests' => '1',
  'cache-control' => 'max-age=0',
  'connection' => 'close',
  'host' => 'test.pcnfc.com',
)
[ info ] [ PARAM ] array (
)
[ info ] [ DB ] INIT mysql
[ error ] [2]Packets out of order. Expected 6 received 1. Packet size=46[D:\mf\pcnfctest\thinkphp\library\think\db\Connection.php:675]
---------------------------------------------------------------
[ 2019-02-22T16:03:28+08:00 ] 127.0.0.1 GET test.pcnfc.com/index/mycattest/select
[è¿è¡Œæ—¶é—´ï¼š0.134008s] [åžåçŽ‡ï¼š7.46req/s] [å†…å­˜æ¶ˆè€—ï¼š2,381.20kb] [æ–‡ä»¶åŠ è½½ï¼š85]
[ info ] [ LANG ] D:\mf\pcnfctest\thinkphp\lang\zh-cn.php
[ info ] [ ROUTE ] array (
)
[ info ] [ HEADER ] array (
  'accept-language' => 'zh-CN,zh;q=0.9,en;q=0.8,zh-TW;q=0.7',
  'accept-encoding' => 'gzip, deflate',
  'accept' => 'text/html,application/xhtml+xml,application/xml;q=0.9,image/webp,image/apng,*/*;q=0.8',
  'user-agent' => 'Mozilla/5.0 (Windows NT 6.1; WOW64) AppleWebKit/537.36 (KHTML, like Gecko) Chrome/63.0.3239.132 Safari/537.36',
  'upgrade-insecure-requests' => '1',
  'cache-control' => 'max-age=0',
  'connection' => 'close',
  'host' => 'test.pcnfc.com',
)
[ info ] [ PARAM ] array (
)
[ info ] [ DB ] INIT mysql
---------------------------------------------------------------
[ 2019-02-22T16:03:31+08:00 ] 127.0.0.1 GET test.pcnfc.com/index/mycattest/select
[è¿è¡Œæ—¶é—´ï¼š1.109063s] [åžåçŽ‡ï¼š0.90req/s] [å†…å­˜æ¶ˆè€—ï¼š2,417.63kb] [æ–‡ä»¶åŠ è½½ï¼š88]
[ info ] [ LANG ] D:\mf\pcnfctest\thinkphp\lang\zh-cn.php
[ info ] [ ROUTE ] array (
)
[ info ] [ HEADER ] array (
  'accept-language' => 'zh-CN,zh;q=0.9,en;q=0.8,zh-TW;q=0.7',
  'accept-encoding' => 'gzip, deflate',
  'accept' => 'text/html,application/xhtml+xml,application/xml;q=0.9,image/webp,image/apng,*/*;q=0.8',
  'user-agent' => 'Mozilla/5.0 (Windows NT 6.1; WOW64) AppleWebKit/537.36 (KHTML, like Gecko) Chrome/63.0.3239.132 Safari/537.36',
  'upgrade-insecure-requests' => '1',
  'cache-control' => 'max-age=0',
  'connection' => 'close',
  'host' => 'test.pcnfc.com',
)
[ info ] [ PARAM ] array (
)
[ info ] [ DB ] INIT mysql
[ error ] [2002]SQLSTATE[HY000] [2002] ÓÉÓÚÄ¿±ê¼ÆËã»ú»ý¼«¾Ü¾ø£¬ÎÞ·¨Á¬½Ó¡£
[D:\mf\pcnfctest\thinkphp\library\think\db\Connection.php:528]
---------------------------------------------------------------
[ 2019-02-22T16:03:33+08:00 ] 127.0.0.1 GET test.pcnfc.com/index/mycattest/select
[è¿è¡Œæ—¶é—´ï¼š1.094062s] [åžåçŽ‡ï¼š0.91req/s] [å†…å­˜æ¶ˆè€—ï¼š2,417.63kb] [æ–‡ä»¶åŠ è½½ï¼š88]
[ info ] [ LANG ] D:\mf\pcnfctest\thinkphp\lang\zh-cn.php
[ info ] [ ROUTE ] array (
)
[ info ] [ HEADER ] array (
  'accept-language' => 'zh-CN,zh;q=0.9,en;q=0.8,zh-TW;q=0.7',
  'accept-encoding' => 'gzip, deflate',
  'accept' => 'text/html,application/xhtml+xml,application/xml;q=0.9,image/webp,image/apng,*/*;q=0.8',
  'user-agent' => 'Mozilla/5.0 (Windows NT 6.1; WOW64) AppleWebKit/537.36 (KHTML, like Gecko) Chrome/63.0.3239.132 Safari/537.36',
  'upgrade-insecure-requests' => '1',
  'cache-control' => 'max-age=0',
  'connection' => 'close',
  'host' => 'test.pcnfc.com',
)
[ info ] [ PARAM ] array (
)
[ info ] [ DB ] INIT mysql
[ error ] [2002]SQLSTATE[HY000] [2002] ÓÉÓÚÄ¿±ê¼ÆËã»ú»ý¼«¾Ü¾ø£¬ÎÞ·¨Á¬½Ó¡£
[D:\mf\pcnfctest\thinkphp\library\think\db\Connection.php:528]
---------------------------------------------------------------
[ 2019-02-22T16:03:43+08:00 ] 127.0.0.1 GET test.pcnfc.com/index/mycattest/select
[è¿è¡Œæ—¶é—´ï¼š1.116064s] [åžåçŽ‡ï¼š0.90req/s] [å†…å­˜æ¶ˆè€—ï¼š2,417.32kb] [æ–‡ä»¶åŠ è½½ï¼š88]
[ info ] [ LANG ] D:\mf\pcnfctest\thinkphp\lang\zh-cn.php
[ info ] [ ROUTE ] array (
)
[ info ] [ HEADER ] array (
  'accept-language' => 'zh-CN,zh;q=0.9,en;q=0.8,zh-TW;q=0.7',
  'accept-encoding' => 'gzip, deflate',
  'accept' => 'text/html,application/xhtml+xml,application/xml;q=0.9,image/webp,image/apng,*/*;q=0.8',
  'user-agent' => 'Mozilla/5.0 (Windows NT 6.1; WOW64) AppleWebKit/537.36 (KHTML, like Gecko) Chrome/63.0.3239.132 Safari/537.36',
  'upgrade-insecure-requests' => '1',
  'cache-control' => 'max-age=0',
  'connection' => 'close',
  'host' => 'test.pcnfc.com',
)
[ info ] [ PARAM ] array (
)
[ info ] [ DB ] INIT mysql
[ error ] [2002]SQLSTATE[HY000] [2002] ÓÉÓÚÄ¿±ê¼ÆËã»ú»ý¼«¾Ü¾ø£¬ÎÞ·¨Á¬½Ó¡£
[D:\mf\pcnfctest\thinkphp\library\think\db\Connection.php:528]
---------------------------------------------------------------
[ 2019-02-22T16:03:45+08:00 ] 127.0.0.1 GET test.pcnfc.com/index/mycattest/select
[è¿è¡Œæ—¶é—´ï¼š1.092063s] [åžåçŽ‡ï¼š0.92req/s] [å†…å­˜æ¶ˆè€—ï¼š2,417.32kb] [æ–‡ä»¶åŠ è½½ï¼š88]
[ info ] [ LANG ] D:\mf\pcnfctest\thinkphp\lang\zh-cn.php
[ info ] [ ROUTE ] array (
)
[ info ] [ HEADER ] array (
  'accept-language' => 'zh-CN,zh;q=0.9,en;q=0.8,zh-TW;q=0.7',
  'accept-encoding' => 'gzip, deflate',
  'accept' => 'text/html,application/xhtml+xml,application/xml;q=0.9,image/webp,image/apng,*/*;q=0.8',
  'user-agent' => 'Mozilla/5.0 (Windows NT 6.1; WOW64) AppleWebKit/537.36 (KHTML, like Gecko) Chrome/63.0.3239.132 Safari/537.36',
  'upgrade-insecure-requests' => '1',
  'cache-control' => 'max-age=0',
  'connection' => 'close',
  'host' => 'test.pcnfc.com',
)
[ info ] [ PARAM ] array (
)
[ info ] [ DB ] INIT mysql
[ error ] [2002]SQLSTATE[HY000] [2002] ÓÉÓÚÄ¿±ê¼ÆËã»ú»ý¼«¾Ü¾ø£¬ÎÞ·¨Á¬½Ó¡£
[D:\mf\pcnfctest\thinkphp\library\think\db\Connection.php:528]
---------------------------------------------------------------
[ 2019-02-22T16:04:32+08:00 ] 127.0.0.1 GET test.pcnfc.com/index/mycattest/select
[è¿è¡Œæ—¶é—´ï¼š0.374021s] [åžåçŽ‡ï¼š2.67req/s] [å†…å­˜æ¶ˆè€—ï¼š2,383.47kb] [æ–‡ä»¶åŠ è½½ï¼š85]
[ info ] [ LANG ] D:\mf\pcnfctest\thinkphp\lang\zh-cn.php
[ info ] [ ROUTE ] array (
)
[ info ] [ HEADER ] array (
  'accept-language' => 'zh-CN,zh;q=0.9,en;q=0.8,zh-TW;q=0.7',
  'accept-encoding' => 'gzip, deflate',
  'accept' => 'text/html,application/xhtml+xml,application/xml;q=0.9,image/webp,image/apng,*/*;q=0.8',
  'user-agent' => 'Mozilla/5.0 (Windows NT 6.1; WOW64) AppleWebKit/537.36 (KHTML, like Gecko) Chrome/63.0.3239.132 Safari/537.36',
  'upgrade-insecure-requests' => '1',
  'cache-control' => 'max-age=0',
  'connection' => 'close',
  'host' => 'test.pcnfc.com',
)
[ info ] [ PARAM ] array (
)
[ info ] [ DB ] INIT mysql
---------------------------------------------------------------
[ 2019-02-22T16:04:33+08:00 ] 127.0.0.1 GET test.pcnfc.com/index/mycattest/select
[è¿è¡Œæ—¶é—´ï¼š0.099006s] [åžåçŽ‡ï¼š10.10req/s] [å†…å­˜æ¶ˆè€—ï¼š2,383.41kb] [æ–‡ä»¶åŠ è½½ï¼š85]
[ info ] [ LANG ] D:\mf\pcnfctest\thinkphp\lang\zh-cn.php
[ info ] [ ROUTE ] array (
)
[ info ] [ HEADER ] array (
  'accept-language' => 'zh-CN,zh;q=0.9,en;q=0.8,zh-TW;q=0.7',
  'accept-encoding' => 'gzip, deflate',
  'accept' => 'text/html,application/xhtml+xml,application/xml;q=0.9,image/webp,image/apng,*/*;q=0.8',
  'user-agent' => 'Mozilla/5.0 (Windows NT 6.1; WOW64) AppleWebKit/537.36 (KHTML, like Gecko) Chrome/63.0.3239.132 Safari/537.36',
  'upgrade-insecure-requests' => '1',
  'cache-control' => 'max-age=0',
  'connection' => 'close',
  'host' => 'test.pcnfc.com',
)
[ info ] [ PARAM ] array (
)
[ info ] [ DB ] INIT mysql
---------------------------------------------------------------
[ 2019-02-22T16:04:34+08:00 ] 127.0.0.1 GET test.pcnfc.com/index/mycattest/select
[è¿è¡Œæ—¶é—´ï¼š0.133007s] [åžåçŽ‡ï¼š7.52req/s] [å†…å­˜æ¶ˆè€—ï¼š2,383.41kb] [æ–‡ä»¶åŠ è½½ï¼š85]
[ info ] [ LANG ] D:\mf\pcnfctest\thinkphp\lang\zh-cn.php
[ info ] [ ROUTE ] array (
)
[ info ] [ HEADER ] array (
  'accept-language' => 'zh-CN,zh;q=0.9,en;q=0.8,zh-TW;q=0.7',
  'accept-encoding' => 'gzip, deflate',
  'accept' => 'text/html,application/xhtml+xml,application/xml;q=0.9,image/webp,image/apng,*/*;q=0.8',
  'user-agent' => 'Mozilla/5.0 (Windows NT 6.1; WOW64) AppleWebKit/537.36 (KHTML, like Gecko) Chrome/63.0.3239.132 Safari/537.36',
  'upgrade-insecure-requests' => '1',
  'cache-control' => 'max-age=0',
  'connection' => 'close',
  'host' => 'test.pcnfc.com',
)
[ info ] [ PARAM ] array (
)
[ info ] [ DB ] INIT mysql
---------------------------------------------------------------
[ 2019-02-22T16:09:21+08:00 ] 127.0.0.1 GET test.pcnfc.com/index/mycattest/select
[è¿è¡Œæ—¶é—´ï¼š0.215013s] [åžåçŽ‡ï¼š4.65req/s] [å†…å­˜æ¶ˆè€—ï¼š2,384.47kb] [æ–‡ä»¶åŠ è½½ï¼š85]
[ info ] [ LANG ] D:\mf\pcnfctest\thinkphp\lang\zh-cn.php
[ info ] [ ROUTE ] array (
)
[ info ] [ HEADER ] array (
  'accept-language' => 'zh-CN,zh;q=0.9,en;q=0.8,zh-TW;q=0.7',
  'accept-encoding' => 'gzip, deflate',
  'accept' => 'text/html,application/xhtml+xml,application/xml;q=0.9,image/webp,image/apng,*/*;q=0.8',
  'user-agent' => 'Mozilla/5.0 (Windows NT 6.1; WOW64) AppleWebKit/537.36 (KHTML, like Gecko) Chrome/63.0.3239.132 Safari/537.36',
  'upgrade-insecure-requests' => '1',
  'cache-control' => 'max-age=0',
  'connection' => 'close',
  'host' => 'test.pcnfc.com',
)
[ info ] [ PARAM ] array (
)
[ info ] [ DB ] INIT mysql
---------------------------------------------------------------
[ 2019-02-22T16:09:28+08:00 ] 127.0.0.1 GET test.pcnfc.com/index/mycattest/select
[è¿è¡Œæ—¶é—´ï¼š0.193011s] [åžåçŽ‡ï¼š5.18req/s] [å†…å­˜æ¶ˆè€—ï¼š2,384.47kb] [æ–‡ä»¶åŠ è½½ï¼š85]
[ info ] [ LANG ] D:\mf\pcnfctest\thinkphp\lang\zh-cn.php
[ info ] [ ROUTE ] array (
)
[ info ] [ HEADER ] array (
  'accept-language' => 'zh-CN,zh;q=0.9,en;q=0.8,zh-TW;q=0.7',
  'accept-encoding' => 'gzip, deflate',
  'accept' => 'text/html,application/xhtml+xml,application/xml;q=0.9,image/webp,image/apng,*/*;q=0.8',
  'user-agent' => 'Mozilla/5.0 (Windows NT 6.1; WOW64) AppleWebKit/537.36 (KHTML, like Gecko) Chrome/63.0.3239.132 Safari/537.36',
  'upgrade-insecure-requests' => '1',
  'cache-control' => 'max-age=0',
  'connection' => 'close',
  'host' => 'test.pcnfc.com',
)
[ info ] [ PARAM ] array (
)
[ info ] [ DB ] INIT mysql
---------------------------------------------------------------
[ 2019-02-22T16:09:28+08:00 ] 127.0.0.1 GET test.pcnfc.com/index/mycattest/select
[è¿è¡Œæ—¶é—´ï¼š0.207012s] [åžåçŽ‡ï¼š4.83req/s] [å†…å­˜æ¶ˆè€—ï¼š2,384.50kb] [æ–‡ä»¶åŠ è½½ï¼š85]
[ info ] [ LANG ] D:\mf\pcnfctest\thinkphp\lang\zh-cn.php
[ info ] [ ROUTE ] array (
)
[ info ] [ HEADER ] array (
  'accept-language' => 'zh-CN,zh;q=0.9,en;q=0.8,zh-TW;q=0.7',
  'accept-encoding' => 'gzip, deflate',
  'accept' => 'text/html,application/xhtml+xml,application/xml;q=0.9,image/webp,image/apng,*/*;q=0.8',
  'user-agent' => 'Mozilla/5.0 (Windows NT 6.1; WOW64) AppleWebKit/537.36 (KHTML, like Gecko) Chrome/63.0.3239.132 Safari/537.36',
  'upgrade-insecure-requests' => '1',
  'cache-control' => 'max-age=0',
  'connection' => 'close',
  'host' => 'test.pcnfc.com',
)
[ info ] [ PARAM ] array (
)
[ info ] [ DB ] INIT mysql
---------------------------------------------------------------
[ 2019-02-22T16:09:29+08:00 ] 127.0.0.1 GET test.pcnfc.com/index/mycattest/select
[è¿è¡Œæ—¶é—´ï¼š0.162010s] [åžåçŽ‡ï¼š6.17req/s] [å†…å­˜æ¶ˆè€—ï¼š2,384.47kb] [æ–‡ä»¶åŠ è½½ï¼š85]
[ info ] [ LANG ] D:\mf\pcnfctest\thinkphp\lang\zh-cn.php
[ info ] [ ROUTE ] array (
)
[ info ] [ HEADER ] array (
  'accept-language' => 'zh-CN,zh;q=0.9,en;q=0.8,zh-TW;q=0.7',
  'accept-encoding' => 'gzip, deflate',
  'accept' => 'text/html,application/xhtml+xml,application/xml;q=0.9,image/webp,image/apng,*/*;q=0.8',
  'user-agent' => 'Mozilla/5.0 (Windows NT 6.1; WOW64) AppleWebKit/537.36 (KHTML, like Gecko) Chrome/63.0.3239.132 Safari/537.36',
  'upgrade-insecure-requests' => '1',
  'cache-control' => 'max-age=0',
  'connection' => 'close',
  'host' => 'test.pcnfc.com',
)
[ info ] [ PARAM ] array (
)
[ info ] [ DB ] INIT mysql
---------------------------------------------------------------
[ 2019-02-22T16:09:30+08:00 ] 127.0.0.1 GET test.pcnfc.com/index/mycattest/select
[è¿è¡Œæ—¶é—´ï¼š0.189011s] [åžåçŽ‡ï¼š5.29req/s] [å†…å­˜æ¶ˆè€—ï¼š2,384.47kb] [æ–‡ä»¶åŠ è½½ï¼š85]
[ info ] [ LANG ] D:\mf\pcnfctest\thinkphp\lang\zh-cn.php
[ info ] [ ROUTE ] array (
)
[ info ] [ HEADER ] array (
  'accept-language' => 'zh-CN,zh;q=0.9,en;q=0.8,zh-TW;q=0.7',
  'accept-encoding' => 'gzip, deflate',
  'accept' => 'text/html,application/xhtml+xml,application/xml;q=0.9,image/webp,image/apng,*/*;q=0.8',
  'user-agent' => 'Mozilla/5.0 (Windows NT 6.1; WOW64) AppleWebKit/537.36 (KHTML, like Gecko) Chrome/63.0.3239.132 Safari/537.36',
  'upgrade-insecure-requests' => '1',
  'cache-control' => 'max-age=0',
  'connection' => 'close',
  'host' => 'test.pcnfc.com',
)
[ info ] [ PARAM ] array (
)
[ info ] [ DB ] INIT mysql
---------------------------------------------------------------
[ 2019-02-22T16:09:30+08:00 ] 127.0.0.1 GET test.pcnfc.com/index/mycattest/select
[è¿è¡Œæ—¶é—´ï¼š0.187011s] [åžåçŽ‡ï¼š5.35req/s] [å†…å­˜æ¶ˆè€—ï¼š2,384.47kb] [æ–‡ä»¶åŠ è½½ï¼š85]
[ info ] [ LANG ] D:\mf\pcnfctest\thinkphp\lang\zh-cn.php
[ info ] [ ROUTE ] array (
)
[ info ] [ HEADER ] array (
  'accept-language' => 'zh-CN,zh;q=0.9,en;q=0.8,zh-TW;q=0.7',
  'accept-encoding' => 'gzip, deflate',
  'accept' => 'text/html,application/xhtml+xml,application/xml;q=0.9,image/webp,image/apng,*/*;q=0.8',
  'user-agent' => 'Mozilla/5.0 (Windows NT 6.1; WOW64) AppleWebKit/537.36 (KHTML, like Gecko) Chrome/63.0.3239.132 Safari/537.36',
  'upgrade-insecure-requests' => '1',
  'cache-control' => 'max-age=0',
  'connection' => 'close',
  'host' => 'test.pcnfc.com',
)
[ info ] [ PARAM ] array (
)
[ info ] [ DB ] INIT mysql
---------------------------------------------------------------
[ 2019-02-22T16:09:31+08:00 ] 127.0.0.1 GET test.pcnfc.com/index/mycattest/select
[è¿è¡Œæ—¶é—´ï¼š0.151008s] [åžåçŽ‡ï¼š6.62req/s] [å†…å­˜æ¶ˆè€—ï¼š2,384.47kb] [æ–‡ä»¶åŠ è½½ï¼š85]
[ info ] [ LANG ] D:\mf\pcnfctest\thinkphp\lang\zh-cn.php
[ info ] [ ROUTE ] array (
)
[ info ] [ HEADER ] array (
  'accept-language' => 'zh-CN,zh;q=0.9,en;q=0.8,zh-TW;q=0.7',
  'accept-encoding' => 'gzip, deflate',
  'accept' => 'text/html,application/xhtml+xml,application/xml;q=0.9,image/webp,image/apng,*/*;q=0.8',
  'user-agent' => 'Mozilla/5.0 (Windows NT 6.1; WOW64) AppleWebKit/537.36 (KHTML, like Gecko) Chrome/63.0.3239.132 Safari/537.36',
  'upgrade-insecure-requests' => '1',
  'cache-control' => 'max-age=0',
  'connection' => 'close',
  'host' => 'test.pcnfc.com',
)
[ info ] [ PARAM ] array (
)
[ info ] [ DB ] INIT mysql
---------------------------------------------------------------
[ 2019-02-22T16:09:32+08:00 ] 127.0.0.1 GET test.pcnfc.com/index/mycattest/select
[è¿è¡Œæ—¶é—´ï¼š0.190011s] [åžåçŽ‡ï¼š5.26req/s] [å†…å­˜æ¶ˆè€—ï¼š2,384.47kb] [æ–‡ä»¶åŠ è½½ï¼š85]
[ info ] [ LANG ] D:\mf\pcnfctest\thinkphp\lang\zh-cn.php
[ info ] [ ROUTE ] array (
)
[ info ] [ HEADER ] array (
  'accept-language' => 'zh-CN,zh;q=0.9,en;q=0.8,zh-TW;q=0.7',
  'accept-encoding' => 'gzip, deflate',
  'accept' => 'text/html,application/xhtml+xml,application/xml;q=0.9,image/webp,image/apng,*/*;q=0.8',
  'user-agent' => 'Mozilla/5.0 (Windows NT 6.1; WOW64) AppleWebKit/537.36 (KHTML, like Gecko) Chrome/63.0.3239.132 Safari/537.36',
  'upgrade-insecure-requests' => '1',
  'cache-control' => 'max-age=0',
  'connection' => 'close',
  'host' => 'test.pcnfc.com',
)
[ info ] [ PARAM ] array (
)
[ info ] [ DB ] INIT mysql
---------------------------------------------------------------
[ 2019-02-22T16:09:32+08:00 ] 127.0.0.1 GET test.pcnfc.com/index/mycattest/select
[è¿è¡Œæ—¶é—´ï¼š0.203012s] [åžåçŽ‡ï¼š4.93req/s] [å†…å­˜æ¶ˆè€—ï¼š2,384.47kb] [æ–‡ä»¶åŠ è½½ï¼š85]
[ info ] [ LANG ] D:\mf\pcnfctest\thinkphp\lang\zh-cn.php
[ info ] [ ROUTE ] array (
)
[ info ] [ HEADER ] array (
  'accept-language' => 'zh-CN,zh;q=0.9,en;q=0.8,zh-TW;q=0.7',
  'accept-encoding' => 'gzip, deflate',
  'accept' => 'text/html,application/xhtml+xml,application/xml;q=0.9,image/webp,image/apng,*/*;q=0.8',
  'user-agent' => 'Mozilla/5.0 (Windows NT 6.1; WOW64) AppleWebKit/537.36 (KHTML, like Gecko) Chrome/63.0.3239.132 Safari/537.36',
  'upgrade-insecure-requests' => '1',
  'cache-control' => 'max-age=0',
  'connection' => 'close',
  'host' => 'test.pcnfc.com',
)
[ info ] [ PARAM ] array (
)
[ info ] [ DB ] INIT mysql
---------------------------------------------------------------
[ 2019-02-22T16:09:33+08:00 ] 127.0.0.1 GET test.pcnfc.com/index/mycattest/select
[è¿è¡Œæ—¶é—´ï¼š0.221013s] [åžåçŽ‡ï¼š4.52req/s] [å†…å­˜æ¶ˆè€—ï¼š2,384.47kb] [æ–‡ä»¶åŠ è½½ï¼š85]
[ info ] [ LANG ] D:\mf\pcnfctest\thinkphp\lang\zh-cn.php
[ info ] [ ROUTE ] array (
)
[ info ] [ HEADER ] array (
  'accept-language' => 'zh-CN,zh;q=0.9,en;q=0.8,zh-TW;q=0.7',
  'accept-encoding' => 'gzip, deflate',
  'accept' => 'text/html,application/xhtml+xml,application/xml;q=0.9,image/webp,image/apng,*/*;q=0.8',
  'user-agent' => 'Mozilla/5.0 (Windows NT 6.1; WOW64) AppleWebKit/537.36 (KHTML, like Gecko) Chrome/63.0.3239.132 Safari/537.36',
  'upgrade-insecure-requests' => '1',
  'cache-control' => 'max-age=0',
  'connection' => 'close',
  'host' => 'test.pcnfc.com',
)
[ info ] [ PARAM ] array (
)
[ info ] [ DB ] INIT mysql
---------------------------------------------------------------
[ 2019-02-22T16:09:34+08:00 ] 127.0.0.1 GET test.pcnfc.com/index/mycattest/select
[è¿è¡Œæ—¶é—´ï¼š0.224012s] [åžåçŽ‡ï¼š4.46req/s] [å†…å­˜æ¶ˆè€—ï¼š2,384.47kb] [æ–‡ä»¶åŠ è½½ï¼š85]
[ info ] [ LANG ] D:\mf\pcnfctest\thinkphp\lang\zh-cn.php
[ info ] [ ROUTE ] array (
)
[ info ] [ HEADER ] array (
  'accept-language' => 'zh-CN,zh;q=0.9,en;q=0.8,zh-TW;q=0.7',
  'accept-encoding' => 'gzip, deflate',
  'accept' => 'text/html,application/xhtml+xml,application/xml;q=0.9,image/webp,image/apng,*/*;q=0.8',
  'user-agent' => 'Mozilla/5.0 (Windows NT 6.1; WOW64) AppleWebKit/537.36 (KHTML, like Gecko) Chrome/63.0.3239.132 Safari/537.36',
  'upgrade-insecure-requests' => '1',
  'cache-control' => 'max-age=0',
  'connection' => 'close',
  'host' => 'test.pcnfc.com',
)
[ info ] [ PARAM ] array (
)
[ info ] [ DB ] INIT mysql
---------------------------------------------------------------
[ 2019-02-22T16:10:20+08:00 ] 127.0.0.1 GET test.pcnfc.com/index/mycattest/select
[è¿è¡Œæ—¶é—´ï¼š0.150009s] [åžåçŽ‡ï¼š6.67req/s] [å†…å­˜æ¶ˆè€—ï¼š2,445.45kb] [æ–‡ä»¶åŠ è½½ï¼š90]
[ info ] [ LANG ] D:\mf\pcnfctest\thinkphp\lang\zh-cn.php
[ info ] [ ROUTE ] array (
)
[ info ] [ HEADER ] array (
  'accept-language' => 'zh-CN,zh;q=0.9,en;q=0.8,zh-TW;q=0.7',
  'accept-encoding' => 'gzip, deflate',
  'accept' => 'text/html,application/xhtml+xml,application/xml;q=0.9,image/webp,image/apng,*/*;q=0.8',
  'user-agent' => 'Mozilla/5.0 (Windows NT 6.1; WOW64) AppleWebKit/537.36 (KHTML, like Gecko) Chrome/63.0.3239.132 Safari/537.36',
  'upgrade-insecure-requests' => '1',
  'cache-control' => 'max-age=0',
  'connection' => 'close',
  'host' => 'test.pcnfc.com',
)
[ info ] [ PARAM ] array (
)
[ info ] [ DB ] INIT mysql
[ error ] [2]Packets out of order. Expected 6 received 1. Packet size=46[D:\mf\pcnfctest\thinkphp\library\think\db\Connection.php:675]
---------------------------------------------------------------
[ 2019-02-22T16:10:21+08:00 ] 127.0.0.1 GET test.pcnfc.com/index/mycattest/select
[è¿è¡Œæ—¶é—´ï¼š0.142009s] [åžåçŽ‡ï¼š7.04req/s] [å†…å­˜æ¶ˆè€—ï¼š2,445.45kb] [æ–‡ä»¶åŠ è½½ï¼š90]
[ info ] [ LANG ] D:\mf\pcnfctest\thinkphp\lang\zh-cn.php
[ info ] [ ROUTE ] array (
)
[ info ] [ HEADER ] array (
  'accept-language' => 'zh-CN,zh;q=0.9,en;q=0.8,zh-TW;q=0.7',
  'accept-encoding' => 'gzip, deflate',
  'accept' => 'text/html,application/xhtml+xml,application/xml;q=0.9,image/webp,image/apng,*/*;q=0.8',
  'user-agent' => 'Mozilla/5.0 (Windows NT 6.1; WOW64) AppleWebKit/537.36 (KHTML, like Gecko) Chrome/63.0.3239.132 Safari/537.36',
  'upgrade-insecure-requests' => '1',
  'cache-control' => 'max-age=0',
  'connection' => 'close',
  'host' => 'test.pcnfc.com',
)
[ info ] [ PARAM ] array (
)
[ info ] [ DB ] INIT mysql
[ error ] [2]Packets out of order. Expected 6 received 1. Packet size=46[D:\mf\pcnfctest\thinkphp\library\think\db\Connection.php:675]
---------------------------------------------------------------
[ 2019-02-22T16:10:40+08:00 ] 127.0.0.1 GET test.pcnfc.com/index/mycattest/select
[è¿è¡Œæ—¶é—´ï¼š0.151009s] [åžåçŽ‡ï¼š6.62req/s] [å†…å­˜æ¶ˆè€—ï¼š2,445.29kb] [æ–‡ä»¶åŠ è½½ï¼š90]
[ info ] [ LANG ] D:\mf\pcnfctest\thinkphp\lang\zh-cn.php
[ info ] [ ROUTE ] array (
)
[ info ] [ HEADER ] array (
  'accept-language' => 'zh-CN,zh;q=0.9,en;q=0.8,zh-TW;q=0.7',
  'accept-encoding' => 'gzip, deflate',
  'accept' => 'text/html,application/xhtml+xml,application/xml;q=0.9,image/webp,image/apng,*/*;q=0.8',
  'user-agent' => 'Mozilla/5.0 (Windows NT 6.1; WOW64) AppleWebKit/537.36 (KHTML, like Gecko) Chrome/63.0.3239.132 Safari/537.36',
  'upgrade-insecure-requests' => '1',
  'cache-control' => 'max-age=0',
  'connection' => 'close',
  'host' => 'test.pcnfc.com',
)
[ info ] [ PARAM ] array (
)
[ info ] [ DB ] INIT mysql
[ error ] [2]Packets out of order. Expected 6 received 1. Packet size=46[D:\mf\pcnfctest\thinkphp\library\think\db\Connection.php:675]
---------------------------------------------------------------
[ 2019-02-22T16:10:52+08:00 ] 127.0.0.1 GET test.pcnfc.com/index/mycattest/select
[è¿è¡Œæ—¶é—´ï¼š1.116064s] [åžåçŽ‡ï¼š0.90req/s] [å†…å­˜æ¶ˆè€—ï¼š2,418.12kb] [æ–‡ä»¶åŠ è½½ï¼š88]
[ info ] [ LANG ] D:\mf\pcnfctest\thinkphp\lang\zh-cn.php
[ info ] [ ROUTE ] array (
)
[ info ] [ HEADER ] array (
  'accept-language' => 'zh-CN,zh;q=0.9,en;q=0.8,zh-TW;q=0.7',
  'accept-encoding' => 'gzip, deflate',
  'accept' => 'text/html,application/xhtml+xml,application/xml;q=0.9,image/webp,image/apng,*/*;q=0.8',
  'user-agent' => 'Mozilla/5.0 (Windows NT 6.1; WOW64) AppleWebKit/537.36 (KHTML, like Gecko) Chrome/63.0.3239.132 Safari/537.36',
  'upgrade-insecure-requests' => '1',
  'cache-control' => 'max-age=0',
  'connection' => 'close',
  'host' => 'test.pcnfc.com',
)
[ info ] [ PARAM ] array (
)
[ info ] [ DB ] INIT mysql
[ error ] [2002]SQLSTATE[HY000] [2002] ÓÉÓÚÄ¿±ê¼ÆËã»ú»ý¼«¾Ü¾ø£¬ÎÞ·¨Á¬½Ó¡£
[D:\mf\pcnfctest\thinkphp\library\think\db\Connection.php:528]
---------------------------------------------------------------
[ 2019-02-22T16:11:01+08:00 ] 127.0.0.1 GET test.pcnfc.com/index/mycattest/select
[è¿è¡Œæ—¶é—´ï¼š0.936053s] [åžåçŽ‡ï¼š1.07req/s] [å†…å­˜æ¶ˆè€—ï¼š2,445.29kb] [æ–‡ä»¶åŠ è½½ï¼š90]
[ info ] [ LANG ] D:\mf\pcnfctest\thinkphp\lang\zh-cn.php
[ info ] [ ROUTE ] array (
)
[ info ] [ HEADER ] array (
  'accept-language' => 'zh-CN,zh;q=0.9,en;q=0.8,zh-TW;q=0.7',
  'accept-encoding' => 'gzip, deflate',
  'accept' => 'text/html,application/xhtml+xml,application/xml;q=0.9,image/webp,image/apng,*/*;q=0.8',
  'user-agent' => 'Mozilla/5.0 (Windows NT 6.1; WOW64) AppleWebKit/537.36 (KHTML, like Gecko) Chrome/63.0.3239.132 Safari/537.36',
  'upgrade-insecure-requests' => '1',
  'cache-control' => 'max-age=0',
  'connection' => 'close',
  'host' => 'test.pcnfc.com',
)
[ info ] [ PARAM ] array (
)
[ info ] [ DB ] INIT mysql
[ error ] [2]Packets out of order. Expected 6 received 1. Packet size=46[D:\mf\pcnfctest\thinkphp\library\think\db\Connection.php:675]
---------------------------------------------------------------
[ 2019-02-22T16:11:06+08:00 ] 127.0.0.1 GET test.pcnfc.com/index/mycattest/select
[è¿è¡Œæ—¶é—´ï¼š0.142008s] [åžåçŽ‡ï¼š7.04req/s] [å†…å­˜æ¶ˆè€—ï¼š2,445.29kb] [æ–‡ä»¶åŠ è½½ï¼š90]
[ info ] [ LANG ] D:\mf\pcnfctest\thinkphp\lang\zh-cn.php
[ info ] [ ROUTE ] array (
)
[ info ] [ HEADER ] array (
  'accept-language' => 'zh-CN,zh;q=0.9,en;q=0.8,zh-TW;q=0.7',
  'accept-encoding' => 'gzip, deflate',
  'accept' => 'text/html,application/xhtml+xml,application/xml;q=0.9,image/webp,image/apng,*/*;q=0.8',
  'user-agent' => 'Mozilla/5.0 (Windows NT 6.1; WOW64) AppleWebKit/537.36 (KHTML, like Gecko) Chrome/63.0.3239.132 Safari/537.36',
  'upgrade-insecure-requests' => '1',
  'cache-control' => 'max-age=0',
  'connection' => 'close',
  'host' => 'test.pcnfc.com',
)
[ info ] [ PARAM ] array (
)
[ info ] [ DB ] INIT mysql
[ error ] [2]Packets out of order. Expected 6 received 1. Packet size=46[D:\mf\pcnfctest\thinkphp\library\think\db\Connection.php:675]
