---------------------------------------------------------------
[ 2019-02-24T17:00:50+08:00 ] 127.0.0.1 GET www.tp.com/
[è¿è¡Œæ—¶é—´ï¼š1.660095s] [åžåçŽ‡ï¼š0.60req/s] [å†…å­˜æ¶ˆè€—ï¼š1,688.66kb] [æ–‡ä»¶åŠ è½½ï¼š84]
[ info ] [ LANG ] E:\php\tp5\thinkphp\lang\zh-cn.php
[ info ] [ ROUTE ] array (
)
[ info ] [ HEADER ] array (
  'accept-language' => 'zh-CN,zh;q=0.8',
  'accept-encoding' => 'gzip, deflate, sdch',
  'accept' => 'text/html,application/xhtml+xml,application/xml;q=0.9,image/webp,*/*;q=0.8',
  'user-agent' => 'Mozilla/5.0 (Windows NT 6.1; WOW64) AppleWebKit/537.36 (KHTML, like Gecko) Chrome/58.0.3029.110 Safari/537.36 SE 2.X MetaSr 1.0',
  'upgrade-insecure-requests' => '1',
  'connection' => 'close',
  'host' => 'www.tp.com',
)
[ info ] [ PARAM ] array (
)
---------------------------------------------------------------
[ 2019-02-24T17:01:05+08:00 ] 127.0.0.1 GET www.tp.com/
[è¿è¡Œæ—¶é—´ï¼š0.168009s] [åžåçŽ‡ï¼š5.95req/s] [å†…å­˜æ¶ˆè€—ï¼š1,688.63kb] [æ–‡ä»¶åŠ è½½ï¼š84]
[ info ] [ LANG ] E:\php\tp5\thinkphp\lang\zh-cn.php
[ info ] [ ROUTE ] array (
)
[ info ] [ HEADER ] array (
  'accept-language' => 'zh-CN,zh;q=0.8',
  'accept-encoding' => 'gzip, deflate, sdch',
  'accept' => 'text/html,application/xhtml+xml,application/xml;q=0.9,image/webp,*/*;q=0.8',
  'user-agent' => 'Mozilla/5.0 (Windows NT 6.1; WOW64) AppleWebKit/537.36 (KHTML, like Gecko) Chrome/58.0.3029.110 Safari/537.36 SE 2.X MetaSr 1.0',
  'upgrade-insecure-requests' => '1',
  'connection' => 'close',
  'host' => 'www.tp.com',
)
[ info ] [ PARAM ] array (
)
---------------------------------------------------------------
[ 2019-02-24T17:07:36+08:00 ] 127.0.0.1 GET www.tp.com/
[è¿è¡Œæ—¶é—´ï¼š0.291017s] [åžåçŽ‡ï¼š3.44req/s] [å†…å­˜æ¶ˆè€—ï¼š1,688.83kb] [æ–‡ä»¶åŠ è½½ï¼š84]
[ info ] [ LANG ] E:\php\tp5\thinkphp\lang\zh-cn.php
[ info ] [ ROUTE ] array (
)
[ info ] [ HEADER ] array (
  'accept-language' => 'zh-CN,zh;q=0.8',
  'accept-encoding' => 'gzip, deflate, sdch',
  'accept' => 'text/html,application/xhtml+xml,application/xml;q=0.9,image/webp,*/*;q=0.8',
  'user-agent' => 'Mozilla/5.0 (Windows NT 6.1; WOW64) AppleWebKit/537.36 (KHTML, like Gecko) Chrome/58.0.3029.110 Safari/537.36 SE 2.X MetaSr 1.0',
  'upgrade-insecure-requests' => '1',
  'cache-control' => 'max-age=0',
  'connection' => 'close',
  'host' => 'www.tp.com',
)
[ info ] [ PARAM ] array (
)
---------------------------------------------------------------
[ 2019-02-24T17:16:18+08:00 ] 127.0.0.1 GET www.tp.com/index/ct/index
[è¿è¡Œæ—¶é—´ï¼š2.252128s] [åžåçŽ‡ï¼š0.44req/s] [å†…å­˜æ¶ˆè€—ï¼š2,420.85kb] [æ–‡ä»¶åŠ è½½ï¼š88]
[ info ] [ LANG ] E:\php\tp5\thinkphp\lang\zh-cn.php
[ info ] [ ROUTE ] array (
)
[ info ] [ HEADER ] array (
  'accept-language' => 'zh-CN,zh;q=0.8',
  'accept-encoding' => 'gzip, deflate, sdch',
  'accept' => 'text/html,application/xhtml+xml,application/xml;q=0.9,image/webp,*/*;q=0.8',
  'user-agent' => 'Mozilla/5.0 (Windows NT 6.1; WOW64) AppleWebKit/537.36 (KHTML, like Gecko) Chrome/58.0.3029.110 Safari/537.36 SE 2.X MetaSr 1.0',
  'upgrade-insecure-requests' => '1',
  'connection' => 'close',
  'host' => 'www.tp.com',
)
[ info ] [ PARAM ] array (
)
[ info ] [ DB ] INIT mysql
[ error ] [2002]SQLSTATE[HY000] [2002] ÓÉÓÚÄ¿±ê¼ÆËã»ú»ý¼«¾Ü¾ø£¬ÎÞ·¨Á¬½Ó¡£
[E:\php\tp5\thinkphp\library\think\db\Connection.php:528]
---------------------------------------------------------------
[ 2019-02-24T17:18:36+08:00 ] 127.0.0.1 GET www.tp.com/index/ct/index
[è¿è¡Œæ—¶é—´ï¼š0.491029s] [åžåçŽ‡ï¼š2.04req/s] [å†…å­˜æ¶ˆè€—ï¼š2,384.45kb] [æ–‡ä»¶åŠ è½½ï¼š85]
[ info ] [ LANG ] E:\php\tp5\thinkphp\lang\zh-cn.php
[ info ] [ ROUTE ] array (
)
[ info ] [ HEADER ] array (
  'accept-language' => 'zh-CN,zh;q=0.8',
  'accept-encoding' => 'gzip, deflate, sdch',
  'accept' => 'text/html,application/xhtml+xml,application/xml;q=0.9,image/webp,*/*;q=0.8',
  'user-agent' => 'Mozilla/5.0 (Windows NT 6.1; WOW64) AppleWebKit/537.36 (KHTML, like Gecko) Chrome/58.0.3029.110 Safari/537.36 SE 2.X MetaSr 1.0',
  'upgrade-insecure-requests' => '1',
  'cache-control' => 'max-age=0',
  'connection' => 'close',
  'host' => 'www.tp.com',
)
[ info ] [ PARAM ] array (
)
[ info ] [ DB ] INIT mysql
---------------------------------------------------------------
[ 2019-02-24T17:21:05+08:00 ] 127.0.0.1 GET www.tp.com/index/ct/count
[è¿è¡Œæ—¶é—´ï¼š0.497029s] [åžåçŽ‡ï¼š2.01req/s] [å†…å­˜æ¶ˆè€—ï¼š2,386.07kb] [æ–‡ä»¶åŠ è½½ï¼š85]
[ info ] [ LANG ] E:\php\tp5\thinkphp\lang\zh-cn.php
[ info ] [ ROUTE ] array (
)
[ info ] [ HEADER ] array (
  'accept-language' => 'zh-CN,zh;q=0.8',
  'accept-encoding' => 'gzip, deflate, sdch',
  'accept' => 'text/html,application/xhtml+xml,application/xml;q=0.9,image/webp,*/*;q=0.8',
  'user-agent' => 'Mozilla/5.0 (Windows NT 6.1; WOW64) AppleWebKit/537.36 (KHTML, like Gecko) Chrome/58.0.3029.110 Safari/537.36 SE 2.X MetaSr 1.0',
  'upgrade-insecure-requests' => '1',
  'connection' => 'close',
  'host' => 'www.tp.com',
)
[ info ] [ PARAM ] array (
)
[ info ] [ DB ] INIT mysql
---------------------------------------------------------------
[ 2019-02-24T17:30:29+08:00 ] 127.0.0.1 GET www.tp.com/index/ct/sum
[è¿è¡Œæ—¶é—´ï¼š1.145065s] [åžåçŽ‡ï¼š0.87req/s] [å†…å­˜æ¶ˆè€—ï¼š2,387.03kb] [æ–‡ä»¶åŠ è½½ï¼š85]
[ info ] [ LANG ] E:\php\tp5\thinkphp\lang\zh-cn.php
[ info ] [ ROUTE ] array (
)
[ info ] [ HEADER ] array (
  'accept-language' => 'zh-CN,zh;q=0.8',
  'accept-encoding' => 'gzip, deflate, sdch',
  'accept' => 'text/html,application/xhtml+xml,application/xml;q=0.9,image/webp,*/*;q=0.8',
  'user-agent' => 'Mozilla/5.0 (Windows NT 6.1; WOW64) AppleWebKit/537.36 (KHTML, like Gecko) Chrome/58.0.3029.110 Safari/537.36 SE 2.X MetaSr 1.0',
  'upgrade-insecure-requests' => '1',
  'connection' => 'close',
  'host' => 'www.tp.com',
)
[ info ] [ PARAM ] array (
)
[ info ] [ DB ] INIT mysql
---------------------------------------------------------------
[ 2019-02-24T17:48:44+08:00 ] 127.0.0.1 GET www.tp.com/index/ct/index
[è¿è¡Œæ—¶é—´ï¼š30.583749s] [åžåçŽ‡ï¼š0.03req/s] [å†…å­˜æ¶ˆè€—ï¼š2,466.83kb] [æ–‡ä»¶åŠ è½½ï¼š90]
[ info ] [ LANG ] E:\php\tp5\thinkphp\lang\zh-cn.php
[ info ] [ ROUTE ] array (
)
[ info ] [ HEADER ] array (
  'accept-language' => 'zh-CN,zh;q=0.8',
  'accept-encoding' => 'gzip, deflate, sdch',
  'accept' => 'text/html,application/xhtml+xml,application/xml;q=0.9,image/webp,*/*;q=0.8',
  'user-agent' => 'Mozilla/5.0 (Windows NT 6.1; WOW64) AppleWebKit/537.36 (KHTML, like Gecko) Chrome/58.0.3029.110 Safari/537.36 SE 2.X MetaSr 1.0',
  'upgrade-insecure-requests' => '1',
  'connection' => 'close',
  'host' => 'www.tp.com',
)
[ info ] [ PARAM ] array (
)
[ info ] [ DB ] INIT mysql
[ error ] [1]Maximum execution time of 30 seconds exceeded[E:\php\tp5\thinkphp\library\think\db\Connection.php:750]
---------------------------------------------------------------
[ 2019-02-24T17:57:52+08:00 ] 127.0.0.1 GET www.tp.com/index/ct/index
[è¿è¡Œæ—¶é—´ï¼š0.755043s] [åžåçŽ‡ï¼š1.32req/s] [å†…å­˜æ¶ˆè€—ï¼š1,695.69kb] [æ–‡ä»¶åŠ è½½ï¼š85]
[ info ] [ LANG ] E:\php\tp5\thinkphp\lang\zh-cn.php
[ info ] [ ROUTE ] array (
)
[ info ] [ HEADER ] array (
  'accept-language' => 'zh-CN,zh;q=0.8',
  'accept-encoding' => 'gzip, deflate, sdch',
  'accept' => 'text/html,application/xhtml+xml,application/xml;q=0.9,image/webp,*/*;q=0.8',
  'user-agent' => 'Mozilla/5.0 (Windows NT 6.1; WOW64) AppleWebKit/537.36 (KHTML, like Gecko) Chrome/58.0.3029.110 Safari/537.36 SE 2.X MetaSr 1.0',
  'upgrade-insecure-requests' => '1',
  'cache-control' => 'max-age=0',
  'connection' => 'close',
  'host' => 'www.tp.com',
)
[ info ] [ PARAM ] array (
)
[ error ] [8]æœªå®šä¹‰å˜é‡: j[E:\php\tp5\application\index\controller\Ct.php:19]
---------------------------------------------------------------
[ 2019-02-24T17:58:08+08:00 ] 127.0.0.1 GET www.tp.com/index/ct/index
[è¿è¡Œæ—¶é—´ï¼š0.482028s] [åžåçŽ‡ï¼š2.07req/s] [å†…å­˜æ¶ˆè€—ï¼š2,448.97kb] [æ–‡ä»¶åŠ è½½ï¼š89]
[ info ] [ LANG ] E:\php\tp5\thinkphp\lang\zh-cn.php
[ info ] [ ROUTE ] array (
)
[ info ] [ HEADER ] array (
  'accept-language' => 'zh-CN,zh;q=0.8',
  'accept-encoding' => 'gzip, deflate, sdch',
  'accept' => 'text/html,application/xhtml+xml,application/xml;q=0.9,image/webp,*/*;q=0.8',
  'user-agent' => 'Mozilla/5.0 (Windows NT 6.1; WOW64) AppleWebKit/537.36 (KHTML, like Gecko) Chrome/58.0.3029.110 Safari/537.36 SE 2.X MetaSr 1.0',
  'upgrade-insecure-requests' => '1',
  'cache-control' => 'max-age=0',
  'connection' => 'close',
  'host' => 'www.tp.com',
)
[ info ] [ PARAM ] array (
)
[ info ] [ DB ] INIT mysql
[ error ] [0]æ•°æ®è¡¨å­—æ®µä¸å­˜åœ¨:[0][E:\php\tp5\thinkphp\library\think\db\Builder.php:138]
---------------------------------------------------------------
[ 2019-02-24T17:59:37+08:00 ] 127.0.0.1 GET www.tp.com/index/ct/index
[è¿è¡Œæ—¶é—´ï¼š0.415024s] [åžåçŽ‡ï¼š2.41req/s] [å†…å­˜æ¶ˆè€—ï¼š2,394.42kb] [æ–‡ä»¶åŠ è½½ï¼š85]
[ info ] [ LANG ] E:\php\tp5\thinkphp\lang\zh-cn.php
[ info ] [ ROUTE ] array (
)
[ info ] [ HEADER ] array (
  'accept-language' => 'zh-CN,zh;q=0.8',
  'accept-encoding' => 'gzip, deflate, sdch',
  'accept' => 'text/html,application/xhtml+xml,application/xml;q=0.9,image/webp,*/*;q=0.8',
  'user-agent' => 'Mozilla/5.0 (Windows NT 6.1; WOW64) AppleWebKit/537.36 (KHTML, like Gecko) Chrome/58.0.3029.110 Safari/537.36 SE 2.X MetaSr 1.0',
  'upgrade-insecure-requests' => '1',
  'cache-control' => 'max-age=0',
  'connection' => 'close',
  'host' => 'www.tp.com',
)
[ info ] [ PARAM ] array (
)
[ info ] [ DB ] INIT mysql
---------------------------------------------------------------
[ 2019-02-24T17:59:39+08:00 ] 127.0.0.1 GET www.tp.com/index/ct/index
[è¿è¡Œæ—¶é—´ï¼š0.500029s] [åžåçŽ‡ï¼š2.00req/s] [å†…å­˜æ¶ˆè€—ï¼š2,394.42kb] [æ–‡ä»¶åŠ è½½ï¼š85]
[ info ] [ LANG ] E:\php\tp5\thinkphp\lang\zh-cn.php
[ info ] [ ROUTE ] array (
)
[ info ] [ HEADER ] array (
  'accept-language' => 'zh-CN,zh;q=0.8',
  'accept-encoding' => 'gzip, deflate, sdch',
  'accept' => 'text/html,application/xhtml+xml,application/xml;q=0.9,image/webp,*/*;q=0.8',
  'user-agent' => 'Mozilla/5.0 (Windows NT 6.1; WOW64) AppleWebKit/537.36 (KHTML, like Gecko) Chrome/58.0.3029.110 Safari/537.36 SE 2.X MetaSr 1.0',
  'upgrade-insecure-requests' => '1',
  'cache-control' => 'max-age=0',
  'connection' => 'close',
  'host' => 'www.tp.com',
)
[ info ] [ PARAM ] array (
)
[ info ] [ DB ] INIT mysql
---------------------------------------------------------------
[ 2019-02-24T17:59:54+08:00 ] 127.0.0.1 GET www.tp.com/index/ct/index
[è¿è¡Œæ—¶é—´ï¼š0.466026s] [åžåçŽ‡ï¼š2.15req/s] [å†…å­˜æ¶ˆè€—ï¼š2,394.47kb] [æ–‡ä»¶åŠ è½½ï¼š85]
[ info ] [ LANG ] E:\php\tp5\thinkphp\lang\zh-cn.php
[ info ] [ ROUTE ] array (
)
[ info ] [ HEADER ] array (
  'accept-language' => 'zh-CN,zh;q=0.8',
  'accept-encoding' => 'gzip, deflate, sdch',
  'accept' => 'text/html,application/xhtml+xml,application/xml;q=0.9,image/webp,*/*;q=0.8',
  'user-agent' => 'Mozilla/5.0 (Windows NT 6.1; WOW64) AppleWebKit/537.36 (KHTML, like Gecko) Chrome/58.0.3029.110 Safari/537.36 SE 2.X MetaSr 1.0',
  'upgrade-insecure-requests' => '1',
  'cache-control' => 'max-age=0',
  'connection' => 'close',
  'host' => 'www.tp.com',
)
[ info ] [ PARAM ] array (
)
[ info ] [ DB ] INIT mysql
---------------------------------------------------------------
[ 2019-02-24T18:00:19+08:00 ] 127.0.0.1 GET www.tp.com/index/ct/index
[è¿è¡Œæ—¶é—´ï¼š0.464026s] [åžåçŽ‡ï¼š2.16req/s] [å†…å­˜æ¶ˆè€—ï¼š2,394.03kb] [æ–‡ä»¶åŠ è½½ï¼š85]
[ info ] [ LANG ] E:\php\tp5\thinkphp\lang\zh-cn.php
[ info ] [ ROUTE ] array (
)
[ info ] [ HEADER ] array (
  'accept-language' => 'zh-CN,zh;q=0.8',
  'accept-encoding' => 'gzip, deflate, sdch',
  'accept' => 'text/html,application/xhtml+xml,application/xml;q=0.9,image/webp,*/*;q=0.8',
  'user-agent' => 'Mozilla/5.0 (Windows NT 6.1; WOW64) AppleWebKit/537.36 (KHTML, like Gecko) Chrome/58.0.3029.110 Safari/537.36 SE 2.X MetaSr 1.0',
  'upgrade-insecure-requests' => '1',
  'cache-control' => 'max-age=0',
  'connection' => 'close',
  'host' => 'www.tp.com',
)
[ info ] [ PARAM ] array (
)
[ info ] [ DB ] INIT mysql
---------------------------------------------------------------
[ 2019-02-24T18:05:42+08:00 ] 127.0.0.1 GET www.tp.com/index/ct/index
[è¿è¡Œæ—¶é—´ï¼š0.661038s] [åžåçŽ‡ï¼š1.51req/s] [å†…å­˜æ¶ˆè€—ï¼š2,394.02kb] [æ–‡ä»¶åŠ è½½ï¼š85]
[ info ] [ LANG ] E:\php\tp5\thinkphp\lang\zh-cn.php
[ info ] [ ROUTE ] array (
)
[ info ] [ HEADER ] array (
  'accept-language' => 'zh-CN,zh;q=0.8',
  'accept-encoding' => 'gzip, deflate, sdch',
  'accept' => 'text/html,application/xhtml+xml,application/xml;q=0.9,image/webp,*/*;q=0.8',
  'user-agent' => 'Mozilla/5.0 (Windows NT 6.1; WOW64) AppleWebKit/537.36 (KHTML, like Gecko) Chrome/58.0.3029.110 Safari/537.36 SE 2.X MetaSr 1.0',
  'upgrade-insecure-requests' => '1',
  'cache-control' => 'max-age=0',
  'connection' => 'close',
  'host' => 'www.tp.com',
)
[ info ] [ PARAM ] array (
)
[ info ] [ DB ] INIT mysql
---------------------------------------------------------------
[ 2019-02-24T18:06:43+08:00 ] 127.0.0.1 GET www.tp.com/index/ct/index
[è¿è¡Œæ—¶é—´ï¼š0.671039s] [åžåçŽ‡ï¼š1.49req/s] [å†…å­˜æ¶ˆè€—ï¼š2,469.35kb] [æ–‡ä»¶åŠ è½½ï¼š90]
[ info ] [ LANG ] E:\php\tp5\thinkphp\lang\zh-cn.php
[ info ] [ ROUTE ] array (
)
[ info ] [ HEADER ] array (
  'accept-language' => 'zh-CN,zh;q=0.8',
  'accept-encoding' => 'gzip, deflate, sdch',
  'accept' => 'text/html,application/xhtml+xml,application/xml;q=0.9,image/webp,*/*;q=0.8',
  'user-agent' => 'Mozilla/5.0 (Windows NT 6.1; WOW64) AppleWebKit/537.36 (KHTML, like Gecko) Chrome/58.0.3029.110 Safari/537.36 SE 2.X MetaSr 1.0',
  'upgrade-insecure-requests' => '1',
  'cache-control' => 'max-age=0',
  'connection' => 'close',
  'host' => 'www.tp.com',
)
[ info ] [ PARAM ] array (
)
[ info ] [ DB ] INIT mysql
[ error ] [1]Call to undefined function app\index\controller\intal()[E:\php\tp5\application\index\controller\Ct.php:31]
---------------------------------------------------------------
[ 2019-02-24T18:07:10+08:00 ] 127.0.0.1 GET www.tp.com/index/ct/index
[è¿è¡Œæ—¶é—´ï¼š0.696039s] [åžåçŽ‡ï¼š1.44req/s] [å†…å­˜æ¶ˆè€—ï¼š2,457.16kb] [æ–‡ä»¶åŠ è½½ï¼š90]
[ info ] [ LANG ] E:\php\tp5\thinkphp\lang\zh-cn.php
[ info ] [ ROUTE ] array (
)
[ info ] [ HEADER ] array (
  'accept-language' => 'zh-CN,zh;q=0.8',
  'accept-encoding' => 'gzip, deflate, sdch',
  'accept' => 'text/html,application/xhtml+xml,application/xml;q=0.9,image/webp,*/*;q=0.8',
  'user-agent' => 'Mozilla/5.0 (Windows NT 6.1; WOW64) AppleWebKit/537.36 (KHTML, like Gecko) Chrome/58.0.3029.110 Safari/537.36 SE 2.X MetaSr 1.0',
  'upgrade-insecure-requests' => '1',
  'cache-control' => 'max-age=0',
  'connection' => 'close',
  'host' => 'www.tp.com',
)
[ info ] [ PARAM ] array (
)
[ info ] [ DB ] INIT mysql
[ error ] [8]Trying to get property of non-object[E:\php\tp5\application\index\controller\Ct.php:31]
---------------------------------------------------------------
[ 2019-02-24T18:07:39+08:00 ] 127.0.0.1 GET www.tp.com/index/ct/index
[è¿è¡Œæ—¶é—´ï¼š0.505029s] [åžåçŽ‡ï¼š1.98req/s] [å†…å­˜æ¶ˆè€—ï¼š2,457.31kb] [æ–‡ä»¶åŠ è½½ï¼š90]
[ info ] [ LANG ] E:\php\tp5\thinkphp\lang\zh-cn.php
[ info ] [ ROUTE ] array (
)
[ info ] [ HEADER ] array (
  'accept-language' => 'zh-CN,zh;q=0.8',
  'accept-encoding' => 'gzip, deflate, sdch',
  'accept' => 'text/html,application/xhtml+xml,application/xml;q=0.9,image/webp,*/*;q=0.8',
  'user-agent' => 'Mozilla/5.0 (Windows NT 6.1; WOW64) AppleWebKit/537.36 (KHTML, like Gecko) Chrome/58.0.3029.110 Safari/537.36 SE 2.X MetaSr 1.0',
  'upgrade-insecure-requests' => '1',
  'cache-control' => 'max-age=0',
  'connection' => 'close',
  'host' => 'www.tp.com',
)
[ info ] [ PARAM ] array (
)
[ info ] [ DB ] INIT mysql
[ error ] [8]Trying to get property of non-object[E:\php\tp5\application\index\controller\Ct.php:31]
---------------------------------------------------------------
[ 2019-02-24T18:08:08+08:00 ] 127.0.0.1 GET www.tp.com/index/ct/index
[è¿è¡Œæ—¶é—´ï¼š0.562032s] [åžåçŽ‡ï¼š1.78req/s] [å†…å­˜æ¶ˆè€—ï¼š2,393.98kb] [æ–‡ä»¶åŠ è½½ï¼š85]
[ info ] [ LANG ] E:\php\tp5\thinkphp\lang\zh-cn.php
[ info ] [ ROUTE ] array (
)
[ info ] [ HEADER ] array (
  'accept-language' => 'zh-CN,zh;q=0.8',
  'accept-encoding' => 'gzip, deflate, sdch',
  'accept' => 'text/html,application/xhtml+xml,application/xml;q=0.9,image/webp,*/*;q=0.8',
  'user-agent' => 'Mozilla/5.0 (Windows NT 6.1; WOW64) AppleWebKit/537.36 (KHTML, like Gecko) Chrome/58.0.3029.110 Safari/537.36 SE 2.X MetaSr 1.0',
  'upgrade-insecure-requests' => '1',
  'cache-control' => 'max-age=0',
  'connection' => 'close',
  'host' => 'www.tp.com',
)
[ info ] [ PARAM ] array (
)
[ info ] [ DB ] INIT mysql
---------------------------------------------------------------
[ 2019-02-24T18:13:49+08:00 ] 127.0.0.1 GET www.tp.com/index/ct/index
[è¿è¡Œæ—¶é—´ï¼š1.168067s] [åžåçŽ‡ï¼š0.86req/s] [å†…å­˜æ¶ˆè€—ï¼š2,394.70kb] [æ–‡ä»¶åŠ è½½ï¼š85]
[ info ] [ LANG ] E:\php\tp5\thinkphp\lang\zh-cn.php
[ info ] [ ROUTE ] array (
)
[ info ] [ HEADER ] array (
  'accept-language' => 'zh-CN,zh;q=0.8',
  'accept-encoding' => 'gzip, deflate, sdch',
  'accept' => 'text/html,application/xhtml+xml,application/xml;q=0.9,image/webp,*/*;q=0.8',
  'user-agent' => 'Mozilla/5.0 (Windows NT 6.1; WOW64) AppleWebKit/537.36 (KHTML, like Gecko) Chrome/58.0.3029.110 Safari/537.36 SE 2.X MetaSr 1.0',
  'upgrade-insecure-requests' => '1',
  'cache-control' => 'max-age=0',
  'connection' => 'close',
  'host' => 'www.tp.com',
)
[ info ] [ PARAM ] array (
)
[ info ] [ DB ] INIT mysql
---------------------------------------------------------------
[ 2019-02-24T18:14:23+08:00 ] 127.0.0.1 GET www.tp.com/index/ct/index
[è¿è¡Œæ—¶é—´ï¼š0.969055s] [åžåçŽ‡ï¼š1.03req/s] [å†…å­˜æ¶ˆè€—ï¼š2,394.56kb] [æ–‡ä»¶åŠ è½½ï¼š85]
[ info ] [ LANG ] E:\php\tp5\thinkphp\lang\zh-cn.php
[ info ] [ ROUTE ] array (
)
[ info ] [ HEADER ] array (
  'accept-language' => 'zh-CN,zh;q=0.8',
  'accept-encoding' => 'gzip, deflate, sdch',
  'accept' => 'text/html,application/xhtml+xml,application/xml;q=0.9,image/webp,*/*;q=0.8',
  'user-agent' => 'Mozilla/5.0 (Windows NT 6.1; WOW64) AppleWebKit/537.36 (KHTML, like Gecko) Chrome/58.0.3029.110 Safari/537.36 SE 2.X MetaSr 1.0',
  'upgrade-insecure-requests' => '1',
  'cache-control' => 'max-age=0',
  'connection' => 'close',
  'host' => 'www.tp.com',
)
[ info ] [ PARAM ] array (
)
[ info ] [ DB ] INIT mysql
---------------------------------------------------------------
[ 2019-02-24T18:23:50+08:00 ] 127.0.0.1 GET www.tp.com/index/ct/index
[è¿è¡Œæ—¶é—´ï¼š2.673153s] [åžåçŽ‡ï¼š0.37req/s] [å†…å­˜æ¶ˆè€—ï¼š2,467.61kb] [æ–‡ä»¶åŠ è½½ï¼š90]
[ info ] [ LANG ] E:\php\tp5\thinkphp\lang\zh-cn.php
[ info ] [ ROUTE ] array (
)
[ info ] [ HEADER ] array (
  'accept-language' => 'zh-CN,zh;q=0.8',
  'accept-encoding' => 'gzip, deflate, sdch',
  'accept' => 'text/html,application/xhtml+xml,application/xml;q=0.9,image/webp,*/*;q=0.8',
  'user-agent' => 'Mozilla/5.0 (Windows NT 6.1; WOW64) AppleWebKit/537.36 (KHTML, like Gecko) Chrome/58.0.3029.110 Safari/537.36 SE 2.X MetaSr 1.0',
  'upgrade-insecure-requests' => '1',
  'cache-control' => 'max-age=0',
  'connection' => 'close',
  'host' => 'www.tp.com',
)
[ info ] [ PARAM ] array (
)
[ info ] [ DB ] INIT mysql
[ error ] [1]Call to undefined function app\index\controller\data()[E:\php\tp5\application\index\controller\Ct.php:39]
---------------------------------------------------------------
[ 2019-02-24T18:24:11+08:00 ] 127.0.0.1 GET www.tp.com/index/ct/index
[è¿è¡Œæ—¶é—´ï¼š1.711098s] [åžåçŽ‡ï¼š0.58req/s] [å†…å­˜æ¶ˆè€—ï¼š2,396.52kb] [æ–‡ä»¶åŠ è½½ï¼š85]
[ info ] [ LANG ] E:\php\tp5\thinkphp\lang\zh-cn.php
[ info ] [ ROUTE ] array (
)
[ info ] [ HEADER ] array (
  'accept-language' => 'zh-CN,zh;q=0.8',
  'accept-encoding' => 'gzip, deflate, sdch',
  'accept' => 'text/html,application/xhtml+xml,application/xml;q=0.9,image/webp,*/*;q=0.8',
  'user-agent' => 'Mozilla/5.0 (Windows NT 6.1; WOW64) AppleWebKit/537.36 (KHTML, like Gecko) Chrome/58.0.3029.110 Safari/537.36 SE 2.X MetaSr 1.0',
  'upgrade-insecure-requests' => '1',
  'cache-control' => 'max-age=0',
  'connection' => 'close',
  'host' => 'www.tp.com',
)
[ info ] [ PARAM ] array (
)
[ info ] [ DB ] INIT mysql
---------------------------------------------------------------
[ 2019-02-24T18:24:18+08:00 ] 127.0.0.1 GET www.tp.com/index/ct/index
[è¿è¡Œæ—¶é—´ï¼š0.653037s] [åžåçŽ‡ï¼š1.53req/s] [å†…å­˜æ¶ˆè€—ï¼š2,396.52kb] [æ–‡ä»¶åŠ è½½ï¼š85]
[ info ] [ LANG ] E:\php\tp5\thinkphp\lang\zh-cn.php
[ info ] [ ROUTE ] array (
)
[ info ] [ HEADER ] array (
  'accept-language' => 'zh-CN,zh;q=0.8',
  'accept-encoding' => 'gzip, deflate, sdch',
  'accept' => 'text/html,application/xhtml+xml,application/xml;q=0.9,image/webp,*/*;q=0.8',
  'user-agent' => 'Mozilla/5.0 (Windows NT 6.1; WOW64) AppleWebKit/537.36 (KHTML, like Gecko) Chrome/58.0.3029.110 Safari/537.36 SE 2.X MetaSr 1.0',
  'upgrade-insecure-requests' => '1',
  'cache-control' => 'max-age=0',
  'connection' => 'close',
  'host' => 'www.tp.com',
)
[ info ] [ PARAM ] array (
)
[ info ] [ DB ] INIT mysql
---------------------------------------------------------------
[ 2019-02-24T18:24:35+08:00 ] 127.0.0.1 GET www.tp.com/index/ct/index
[è¿è¡Œæ—¶é—´ï¼š2.044117s] [åžåçŽ‡ï¼š0.49req/s] [å†…å­˜æ¶ˆè€—ï¼š2,396.50kb] [æ–‡ä»¶åŠ è½½ï¼š85]
[ info ] [ LANG ] E:\php\tp5\thinkphp\lang\zh-cn.php
[ info ] [ ROUTE ] array (
)
[ info ] [ HEADER ] array (
  'accept-language' => 'zh-CN,zh;q=0.8',
  'accept-encoding' => 'gzip, deflate, sdch',
  'accept' => 'text/html,application/xhtml+xml,application/xml;q=0.9,image/webp,*/*;q=0.8',
  'user-agent' => 'Mozilla/5.0 (Windows NT 6.1; WOW64) AppleWebKit/537.36 (KHTML, like Gecko) Chrome/58.0.3029.110 Safari/537.36 SE 2.X MetaSr 1.0',
  'upgrade-insecure-requests' => '1',
  'cache-control' => 'max-age=0',
  'connection' => 'close',
  'host' => 'www.tp.com',
)
[ info ] [ PARAM ] array (
)
[ info ] [ DB ] INIT mysql
---------------------------------------------------------------
[ 2019-02-24T18:25:29+08:00 ] 127.0.0.1 GET www.tp.com/index/ct/index
[è¿è¡Œæ—¶é—´ï¼š1.644094s] [åžåçŽ‡ï¼š0.61req/s] [å†…å­˜æ¶ˆè€—ï¼š2,396.56kb] [æ–‡ä»¶åŠ è½½ï¼š85]
[ info ] [ LANG ] E:\php\tp5\thinkphp\lang\zh-cn.php
[ info ] [ ROUTE ] array (
)
[ info ] [ HEADER ] array (
  'accept-language' => 'zh-CN,zh;q=0.8',
  'accept-encoding' => 'gzip, deflate, sdch',
  'accept' => 'text/html,application/xhtml+xml,application/xml;q=0.9,image/webp,*/*;q=0.8',
  'user-agent' => 'Mozilla/5.0 (Windows NT 6.1; WOW64) AppleWebKit/537.36 (KHTML, like Gecko) Chrome/58.0.3029.110 Safari/537.36 SE 2.X MetaSr 1.0',
  'upgrade-insecure-requests' => '1',
  'cache-control' => 'max-age=0',
  'connection' => 'close',
  'host' => 'www.tp.com',
)
[ info ] [ PARAM ] array (
)
[ info ] [ DB ] INIT mysql
---------------------------------------------------------------
[ 2019-02-24T18:26:02+08:00 ] 127.0.0.1 GET www.tp.com/index/ct/index
[è¿è¡Œæ—¶é—´ï¼š0.986056s] [åžåçŽ‡ï¼š1.01req/s] [å†…å­˜æ¶ˆè€—ï¼š2,396.71kb] [æ–‡ä»¶åŠ è½½ï¼š85]
[ info ] [ LANG ] E:\php\tp5\thinkphp\lang\zh-cn.php
[ info ] [ ROUTE ] array (
)
[ info ] [ HEADER ] array (
  'accept-language' => 'zh-CN,zh;q=0.8',
  'accept-encoding' => 'gzip, deflate, sdch',
  'accept' => 'text/html,application/xhtml+xml,application/xml;q=0.9,image/webp,*/*;q=0.8',
  'user-agent' => 'Mozilla/5.0 (Windows NT 6.1; WOW64) AppleWebKit/537.36 (KHTML, like Gecko) Chrome/58.0.3029.110 Safari/537.36 SE 2.X MetaSr 1.0',
  'upgrade-insecure-requests' => '1',
  'cache-control' => 'max-age=0',
  'connection' => 'close',
  'host' => 'www.tp.com',
)
[ info ] [ PARAM ] array (
)
[ info ] [ DB ] INIT mysql
---------------------------------------------------------------
[ 2019-02-24T18:26:17+08:00 ] 127.0.0.1 GET www.tp.com/index/ct/index
[è¿è¡Œæ—¶é—´ï¼š1.286073s] [åžåçŽ‡ï¼š0.78req/s] [å†…å­˜æ¶ˆè€—ï¼š2,396.71kb] [æ–‡ä»¶åŠ è½½ï¼š85]
[ info ] [ LANG ] E:\php\tp5\thinkphp\lang\zh-cn.php
[ info ] [ ROUTE ] array (
)
[ info ] [ HEADER ] array (
  'accept-language' => 'zh-CN,zh;q=0.8',
  'accept-encoding' => 'gzip, deflate, sdch',
  'accept' => 'text/html,application/xhtml+xml,application/xml;q=0.9,image/webp,*/*;q=0.8',
  'user-agent' => 'Mozilla/5.0 (Windows NT 6.1; WOW64) AppleWebKit/537.36 (KHTML, like Gecko) Chrome/58.0.3029.110 Safari/537.36 SE 2.X MetaSr 1.0',
  'upgrade-insecure-requests' => '1',
  'cache-control' => 'max-age=0',
  'connection' => 'close',
  'host' => 'www.tp.com',
)
[ info ] [ PARAM ] array (
)
[ info ] [ DB ] INIT mysql
---------------------------------------------------------------
[ 2019-02-24T18:27:10+08:00 ] 127.0.0.1 GET www.tp.com/index/ct/index
[è¿è¡Œæ—¶é—´ï¼š1.007058s] [åžåçŽ‡ï¼š0.99req/s] [å†…å­˜æ¶ˆè€—ï¼š2,396.48kb] [æ–‡ä»¶åŠ è½½ï¼š85]
[ info ] [ LANG ] E:\php\tp5\thinkphp\lang\zh-cn.php
[ info ] [ ROUTE ] array (
)
[ info ] [ HEADER ] array (
  'accept-language' => 'zh-CN,zh;q=0.8',
  'accept-encoding' => 'gzip, deflate, sdch',
  'accept' => 'text/html,application/xhtml+xml,application/xml;q=0.9,image/webp,*/*;q=0.8',
  'user-agent' => 'Mozilla/5.0 (Windows NT 6.1; WOW64) AppleWebKit/537.36 (KHTML, like Gecko) Chrome/58.0.3029.110 Safari/537.36 SE 2.X MetaSr 1.0',
  'upgrade-insecure-requests' => '1',
  'cache-control' => 'max-age=0',
  'connection' => 'close',
  'host' => 'www.tp.com',
)
[ info ] [ PARAM ] array (
)
[ info ] [ DB ] INIT mysql
---------------------------------------------------------------
[ 2019-02-24T18:27:33+08:00 ] 127.0.0.1 GET www.tp.com/index/ct/index
[è¿è¡Œæ—¶é—´ï¼š1.056060s] [åžåçŽ‡ï¼š0.95req/s] [å†…å­˜æ¶ˆè€—ï¼š2,396.48kb] [æ–‡ä»¶åŠ è½½ï¼š85]
[ info ] [ LANG ] E:\php\tp5\thinkphp\lang\zh-cn.php
[ info ] [ ROUTE ] array (
)
[ info ] [ HEADER ] array (
  'accept-language' => 'zh-CN,zh;q=0.8',
  'accept-encoding' => 'gzip, deflate, sdch',
  'accept' => 'text/html,application/xhtml+xml,application/xml;q=0.9,image/webp,*/*;q=0.8',
  'user-agent' => 'Mozilla/5.0 (Windows NT 6.1; WOW64) AppleWebKit/537.36 (KHTML, like Gecko) Chrome/58.0.3029.110 Safari/537.36 SE 2.X MetaSr 1.0',
  'upgrade-insecure-requests' => '1',
  'cache-control' => 'max-age=0',
  'connection' => 'close',
  'host' => 'www.tp.com',
)
[ info ] [ PARAM ] array (
)
[ info ] [ DB ] INIT mysql
---------------------------------------------------------------
[ 2019-02-24T18:57:21+08:00 ] 127.0.0.1 GET www.tp.com/index/ct/index
[è¿è¡Œæ—¶é—´ï¼š1.159067s] [åžåçŽ‡ï¼š0.86req/s] [å†…å­˜æ¶ˆè€—ï¼š2,451.59kb] [æ–‡ä»¶åŠ è½½ï¼š89]
[ info ] [ LANG ] E:\php\tp5\thinkphp\lang\zh-cn.php
[ info ] [ ROUTE ] array (
)
[ info ] [ HEADER ] array (
  'accept-language' => 'zh-CN,zh;q=0.8',
  'accept-encoding' => 'gzip, deflate, sdch',
  'accept' => 'text/html,application/xhtml+xml,application/xml;q=0.9,image/webp,*/*;q=0.8',
  'user-agent' => 'Mozilla/5.0 (Windows NT 6.1; WOW64) AppleWebKit/537.36 (KHTML, like Gecko) Chrome/58.0.3029.110 Safari/537.36 SE 2.X MetaSr 1.0',
  'upgrade-insecure-requests' => '1',
  'cache-control' => 'max-age=0',
  'connection' => 'close',
  'host' => 'www.tp.com',
)
[ info ] [ PARAM ] array (
)
[ info ] [ DB ] INIT mysql
[ error ] [0]æ•°æ®è¡¨å­—æ®µä¸å­˜åœ¨:[0][E:\php\tp5\thinkphp\library\think\db\Builder.php:138]
---------------------------------------------------------------
[ 2019-02-24T19:08:29+08:00 ] 127.0.0.1 GET www.tp.com/index/ct/index
[è¿è¡Œæ—¶é—´ï¼š3.326190s] [åžåçŽ‡ï¼š0.30req/s] [å†…å­˜æ¶ˆè€—ï¼š2,399.60kb] [æ–‡ä»¶åŠ è½½ï¼š85]
[ info ] [ LANG ] E:\php\tp5\thinkphp\lang\zh-cn.php
[ info ] [ ROUTE ] array (
)
[ info ] [ HEADER ] array (
  'accept-language' => 'zh-CN,zh;q=0.8',
  'accept-encoding' => 'gzip, deflate, sdch',
  'accept' => 'text/html,application/xhtml+xml,application/xml;q=0.9,image/webp,*/*;q=0.8',
  'user-agent' => 'Mozilla/5.0 (Windows NT 6.1; WOW64) AppleWebKit/537.36 (KHTML, like Gecko) Chrome/58.0.3029.110 Safari/537.36 SE 2.X MetaSr 1.0',
  'upgrade-insecure-requests' => '1',
  'cache-control' => 'max-age=0',
  'connection' => 'close',
  'host' => 'www.tp.com',
)
[ info ] [ PARAM ] array (
)
[ info ] [ DB ] INIT mysql
---------------------------------------------------------------
[ 2019-02-24T19:09:28+08:00 ] 127.0.0.1 GET www.tp.com/index/ct/index
[è¿è¡Œæ—¶é—´ï¼š0.902051s] [åžåçŽ‡ï¼š1.11req/s] [å†…å­˜æ¶ˆè€—ï¼š2,399.66kb] [æ–‡ä»¶åŠ è½½ï¼š85]
[ info ] [ LANG ] E:\php\tp5\thinkphp\lang\zh-cn.php
[ info ] [ ROUTE ] array (
)
[ info ] [ HEADER ] array (
  'accept-language' => 'zh-CN,zh;q=0.8',
  'accept-encoding' => 'gzip, deflate, sdch',
  'accept' => 'text/html,application/xhtml+xml,application/xml;q=0.9,image/webp,*/*;q=0.8',
  'user-agent' => 'Mozilla/5.0 (Windows NT 6.1; WOW64) AppleWebKit/537.36 (KHTML, like Gecko) Chrome/58.0.3029.110 Safari/537.36 SE 2.X MetaSr 1.0',
  'upgrade-insecure-requests' => '1',
  'cache-control' => 'max-age=0',
  'connection' => 'close',
  'host' => 'www.tp.com',
)
[ info ] [ PARAM ] array (
)
[ info ] [ DB ] INIT mysql
---------------------------------------------------------------
[ 2019-02-24T19:29:16+08:00 ] 127.0.0.1 GET www.tp.com/index
[è¿è¡Œæ—¶é—´ï¼š0.500028s] [åžåçŽ‡ï¼š2.00req/s] [å†…å­˜æ¶ˆè€—ï¼š1,688.65kb] [æ–‡ä»¶åŠ è½½ï¼š84]
[ info ] [ LANG ] E:\php\tp5\thinkphp\lang\zh-cn.php
[ info ] [ ROUTE ] array (
)
[ info ] [ HEADER ] array (
  'accept-language' => 'zh-CN,zh;q=0.8',
  'accept-encoding' => 'gzip, deflate, sdch',
  'accept' => 'text/html,application/xhtml+xml,application/xml;q=0.9,image/webp,*/*;q=0.8',
  'user-agent' => 'Mozilla/5.0 (Windows NT 6.1; WOW64) AppleWebKit/537.36 (KHTML, like Gecko) Chrome/58.0.3029.110 Safari/537.36 SE 2.X MetaSr 1.0',
  'upgrade-insecure-requests' => '1',
  'connection' => 'close',
  'host' => 'www.tp.com',
)
[ info ] [ PARAM ] array (
)
