---------------------------------------------------------------
[ 2019-02-27T22:47:48+08:00 ] 127.0.0.1 GET www.tp.com/index/ct/index
[运行时间：1.191068s] [吞吐率：0.84req/s] [内存消耗：2,439.63kb] [文件加载：88]
[ info ] [ LANG ] E:\php\tp5\thinkphp\lang\zh-cn.php
[ info ] [ ROUTE ] array (
)
[ info ] [ HEADER ] array (
  'accept-language' => 'zh-CN,zh;q=0.8',
  'accept-encoding' => 'gzip, deflate, sdch',
  'accept' => 'text/html,application/xhtml+xml,application/xml;q=0.9,image/webp,*/*;q=0.8',
  'user-agent' => 'Mozilla/5.0 (Windows NT 6.1; WOW64) AppleWebKit/537.36 (KHTML, like Gecko) Chrome/58.0.3029.110 Safari/537.36 SE 2.X MetaSr 1.0',
  'upgrade-insecure-requests' => '1',
  'connection' => 'close',
  'host' => 'www.tp.com',
)
[ info ] [ PARAM ] array (
)
[ info ] [ DB ] INIT mysql
[ error ] [1049]SQLSTATE[HY000] [1049] Unknown database 'test'[E:\php\tp5\thinkphp\library\think\db\Connection.php:528]
---------------------------------------------------------------
[ 2019-02-27T22:48:20+08:00 ] 127.0.0.1 GET www.tp.com/index/ct/index
[运行时间：0.468027s] [吞吐率：2.14req/s] [内存消耗：2,471.03kb] [文件加载：91]
[ info ] [ LANG ] E:\php\tp5\thinkphp\lang\zh-cn.php
[ info ] [ ROUTE ] array (
)
[ info ] [ HEADER ] array (
  'accept-language' => 'zh-CN,zh;q=0.8',
  'accept-encoding' => 'gzip, deflate, sdch',
  'accept' => 'text/html,application/xhtml+xml,application/xml;q=0.9,image/webp,*/*;q=0.8',
  'user-agent' => 'Mozilla/5.0 (Windows NT 6.1; WOW64) AppleWebKit/537.36 (KHTML, like Gecko) Chrome/58.0.3029.110 Safari/537.36 SE 2.X MetaSr 1.0',
  'upgrade-insecure-requests' => '1',
  'cache-control' => 'max-age=0',
  'connection' => 'close',
  'host' => 'www.tp.com',
)
[ info ] [ PARAM ] array (
)
[ info ] [ DB ] INIT mysql
[ error ] [10501]SQLSTATE[HY000]: General error: 1046 No dataNode found ,please check tables defined in schema:mycat[E:\php\tp5\thinkphp\library\think\db\Connection.php:687]
---------------------------------------------------------------
[ 2019-02-27T22:53:54+08:00 ] 127.0.0.1 GET www.tp.com/index/ct/index
[运行时间：1.797103s] [吞吐率：0.56req/s] [内存消耗：2,475.01kb] [文件加载：91]
[ info ] [ LANG ] E:\php\tp5\thinkphp\lang\zh-cn.php
[ info ] [ ROUTE ] array (
)
[ info ] [ HEADER ] array (
  'accept-language' => 'zh-CN,zh;q=0.8',
  'accept-encoding' => 'gzip, deflate, sdch',
  'accept' => 'text/html,application/xhtml+xml,application/xml;q=0.9,image/webp,*/*;q=0.8',
  'user-agent' => 'Mozilla/5.0 (Windows NT 6.1; WOW64) AppleWebKit/537.36 (KHTML, like Gecko) Chrome/58.0.3029.110 Safari/537.36 SE 2.X MetaSr 1.0',
  'upgrade-insecure-requests' => '1',
  'cache-control' => 'max-age=0',
  'connection' => 'close',
  'host' => 'www.tp.com',
)
[ info ] [ PARAM ] array (
)
[ info ] [ DB ] INIT mysql
[ error ] [10501]SQLSTATE[HY000]: General error: 1064 can't find any valid datanode :CAI -> NUM -> 01111220212508[E:\php\tp5\thinkphp\library\think\db\Connection.php:687]
---------------------------------------------------------------
[ 2019-02-27T22:55:01+08:00 ] 127.0.0.1 GET www.tp.com/index/ct/count
[运行时间：1.052060s] [吞吐率：0.95req/s] [内存消耗：2,403.79kb] [文件加载：85]
[ info ] [ LANG ] E:\php\tp5\thinkphp\lang\zh-cn.php
[ info ] [ ROUTE ] array (
)
[ info ] [ HEADER ] array (
  'accept-language' => 'zh-CN,zh;q=0.8',
  'accept-encoding' => 'gzip, deflate, sdch',
  'accept' => 'text/html,application/xhtml+xml,application/xml;q=0.9,image/webp,*/*;q=0.8',
  'user-agent' => 'Mozilla/5.0 (Windows NT 6.1; WOW64) AppleWebKit/537.36 (KHTML, like Gecko) Chrome/58.0.3029.110 Safari/537.36 SE 2.X MetaSr 1.0',
  'upgrade-insecure-requests' => '1',
  'connection' => 'close',
  'host' => 'www.tp.com',
)
[ info ] [ PARAM ] array (
)
[ info ] [ DB ] INIT mysql
---------------------------------------------------------------
[ 2019-02-27T22:55:08+08:00 ] 127.0.0.1 GET www.tp.com/index/ct/sum
[运行时间：0.490028s] [吞吐率：2.04req/s] [内存消耗：2,403.63kb] [文件加载：85]
[ info ] [ LANG ] E:\php\tp5\thinkphp\lang\zh-cn.php
[ info ] [ ROUTE ] array (
)
[ info ] [ HEADER ] array (
  'accept-language' => 'zh-CN,zh;q=0.8',
  'accept-encoding' => 'gzip, deflate, sdch',
  'accept' => 'text/html,application/xhtml+xml,application/xml;q=0.9,image/webp,*/*;q=0.8',
  'user-agent' => 'Mozilla/5.0 (Windows NT 6.1; WOW64) AppleWebKit/537.36 (KHTML, like Gecko) Chrome/58.0.3029.110 Safari/537.36 SE 2.X MetaSr 1.0',
  'upgrade-insecure-requests' => '1',
  'connection' => 'close',
  'host' => 'www.tp.com',
)
[ info ] [ PARAM ] array (
)
[ info ] [ DB ] INIT mysql
---------------------------------------------------------------
[ 2019-02-27T23:03:01+08:00 ] 127.0.0.1 GET www.tp.com/index/ct/index
[运行时间：2.045117s] [吞吐率：0.49req/s] [内存消耗：2,474.83kb] [文件加载：91]
[ info ] [ LANG ] E:\php\tp5\thinkphp\lang\zh-cn.php
[ info ] [ ROUTE ] array (
)
[ info ] [ HEADER ] array (
  'accept-language' => 'zh-CN,zh;q=0.8',
  'accept-encoding' => 'gzip, deflate, sdch',
  'accept' => 'text/html,application/xhtml+xml,application/xml;q=0.9,image/webp,*/*;q=0.8',
  'user-agent' => 'Mozilla/5.0 (Windows NT 6.1; WOW64) AppleWebKit/537.36 (KHTML, like Gecko) Chrome/58.0.3029.110 Safari/537.36 SE 2.X MetaSr 1.0',
  'upgrade-insecure-requests' => '1',
  'connection' => 'close',
  'host' => 'www.tp.com',
)
[ info ] [ PARAM ] array (
)
[ info ] [ DB ] INIT mysql
[ error ] [10501]SQLSTATE[HY000]: General error: 1064 can't find any valid datanode :CAI -> NUM -> 05071017182111[E:\php\tp5\thinkphp\library\think\db\Connection.php:687]
---------------------------------------------------------------
[ 2019-02-27T23:03:15+08:00 ] 127.0.0.1 GET www.tp.com/index/ct/index
[运行时间：0.487028s] [吞吐率：2.05req/s] [内存消耗：2,474.83kb] [文件加载：91]
[ info ] [ LANG ] E:\php\tp5\thinkphp\lang\zh-cn.php
[ info ] [ ROUTE ] array (
)
[ info ] [ HEADER ] array (
  'accept-language' => 'zh-CN,zh;q=0.8',
  'accept-encoding' => 'gzip, deflate, sdch',
  'accept' => 'text/html,application/xhtml+xml,application/xml;q=0.9,image/webp,*/*;q=0.8',
  'user-agent' => 'Mozilla/5.0 (Windows NT 6.1; WOW64) AppleWebKit/537.36 (KHTML, like Gecko) Chrome/58.0.3029.110 Safari/537.36 SE 2.X MetaSr 1.0',
  'upgrade-insecure-requests' => '1',
  'connection' => 'close',
  'host' => 'www.tp.com',
)
[ info ] [ PARAM ] array (
)
[ info ] [ DB ] INIT mysql
[ error ] [10501]SQLSTATE[HY000]: General error: 1064 can't find any valid datanode :CAI -> NUM -> 12141516233215[E:\php\tp5\thinkphp\library\think\db\Connection.php:687]
---------------------------------------------------------------
[ 2019-02-27T23:10:09+08:00 ] 127.0.0.1 GET www.tp.com/index/ct/index
[运行时间：1.888108s] [吞吐率：0.53req/s] [内存消耗：2,494.45kb] [文件加载：91]
[ info ] [ LANG ] E:\php\tp5\thinkphp\lang\zh-cn.php
[ info ] [ ROUTE ] array (
)
[ info ] [ HEADER ] array (
  'accept-language' => 'zh-CN,zh;q=0.8',
  'accept-encoding' => 'gzip, deflate, sdch',
  'accept' => 'text/html,application/xhtml+xml,application/xml;q=0.9,image/webp,*/*;q=0.8',
  'user-agent' => 'Mozilla/5.0 (Windows NT 6.1; WOW64) AppleWebKit/537.36 (KHTML, like Gecko) Chrome/58.0.3029.110 Safari/537.36 SE 2.X MetaSr 1.0',
  'upgrade-insecure-requests' => '1',
  'cache-control' => 'max-age=0',
  'connection' => 'close',
  'host' => 'www.tp.com',
)
[ info ] [ PARAM ] array (
)
[ info ] [ DB ] INIT mysql
[ info ] [ DB ] INIT mysql
[ error ] [10501]SQLSTATE[HY000]: General error: 1064 bad insert sql (sharding column:ID not provided,INSERT INTO `cai` (`num`, `n`)
VALUES ('07091320253107', 1)[E:\php\tp5\thinkphp\library\think\db\Connection.php:764]
---------------------------------------------------------------
[ 2019-02-27T23:13:18+08:00 ] 127.0.0.1 GET www.tp.com/index/ct/index
[运行时间：0.901052s] [吞吐率：1.11req/s] [内存消耗：2,492.06kb] [文件加载：91]
[ info ] [ LANG ] E:\php\tp5\thinkphp\lang\zh-cn.php
[ info ] [ ROUTE ] array (
)
[ info ] [ HEADER ] array (
  'accept-language' => 'zh-CN,zh;q=0.8',
  'accept-encoding' => 'gzip, deflate, sdch',
  'accept' => 'text/html,application/xhtml+xml,application/xml;q=0.9,image/webp,*/*;q=0.8',
  'user-agent' => 'Mozilla/5.0 (Windows NT 6.1; WOW64) AppleWebKit/537.36 (KHTML, like Gecko) Chrome/58.0.3029.110 Safari/537.36 SE 2.X MetaSr 1.0',
  'upgrade-insecure-requests' => '1',
  'cache-control' => 'max-age=0',
  'connection' => 'close',
  'host' => 'www.tp.com',
)
[ info ] [ PARAM ] array (
)
[ info ] [ DB ] INIT mysql
[ info ] [ DB ] INIT mysql
[ error ] [10501]SQLSTATE[HY000]: General error: 1220 Unknown pstmtId when executing.[E:\php\tp5\thinkphp\library\think\db\Connection.php:687]
---------------------------------------------------------------
[ 2019-02-27T23:13:47+08:00 ] 127.0.0.1 GET www.tp.com/index/ct/index
[运行时间：0.357020s] [吞吐率：2.80req/s] [内存消耗：2,491.99kb] [文件加载：91]
[ info ] [ LANG ] E:\php\tp5\thinkphp\lang\zh-cn.php
[ info ] [ ROUTE ] array (
)
[ info ] [ HEADER ] array (
  'accept-language' => 'zh-CN,zh;q=0.8',
  'accept-encoding' => 'gzip, deflate, sdch',
  'accept' => 'text/html,application/xhtml+xml,application/xml;q=0.9,image/webp,*/*;q=0.8',
  'user-agent' => 'Mozilla/5.0 (Windows NT 6.1; WOW64) AppleWebKit/537.36 (KHTML, like Gecko) Chrome/58.0.3029.110 Safari/537.36 SE 2.X MetaSr 1.0',
  'upgrade-insecure-requests' => '1',
  'cache-control' => 'max-age=0',
  'connection' => 'close',
  'host' => 'www.tp.com',
)
[ info ] [ PARAM ] array (
)
[ info ] [ DB ] INIT mysql
[ info ] [ DB ] INIT mysql
[ error ] [10501]SQLSTATE[HY000]: General error: 1220 Unknown pstmtId when executing.[E:\php\tp5\thinkphp\library\think\db\Connection.php:687]
---------------------------------------------------------------
[ 2019-02-27T23:15:24+08:00 ] 127.0.0.1 GET www.tp.com/index/ct/index
[运行时间：0.609035s] [吞吐率：1.64req/s] [内存消耗：2,491.99kb] [文件加载：91]
[ info ] [ LANG ] E:\php\tp5\thinkphp\lang\zh-cn.php
[ info ] [ ROUTE ] array (
)
[ info ] [ HEADER ] array (
  'accept-language' => 'zh-CN,zh;q=0.8',
  'accept-encoding' => 'gzip, deflate, sdch',
  'accept' => 'text/html,application/xhtml+xml,application/xml;q=0.9,image/webp,*/*;q=0.8',
  'user-agent' => 'Mozilla/5.0 (Windows NT 6.1; WOW64) AppleWebKit/537.36 (KHTML, like Gecko) Chrome/58.0.3029.110 Safari/537.36 SE 2.X MetaSr 1.0',
  'upgrade-insecure-requests' => '1',
  'cache-control' => 'max-age=0',
  'connection' => 'close',
  'host' => 'www.tp.com',
)
[ info ] [ PARAM ] array (
)
[ info ] [ DB ] INIT mysql
[ info ] [ DB ] INIT mysql
[ error ] [10501]SQLSTATE[HY000]: General error: 1220 Unknown pstmtId when executing.[E:\php\tp5\thinkphp\library\think\db\Connection.php:687]
---------------------------------------------------------------
[ 2019-02-27T23:17:12+08:00 ] 127.0.0.1 GET www.tp.com/index/ct/count
[运行时间：0.765044s] [吞吐率：1.31req/s] [内存消耗：2,403.81kb] [文件加载：85]
[ info ] [ LANG ] E:\php\tp5\thinkphp\lang\zh-cn.php
[ info ] [ ROUTE ] array (
)
[ info ] [ HEADER ] array (
  'accept-language' => 'zh-CN,zh;q=0.8',
  'accept-encoding' => 'gzip, deflate, sdch',
  'accept' => 'text/html,application/xhtml+xml,application/xml;q=0.9,image/webp,*/*;q=0.8',
  'user-agent' => 'Mozilla/5.0 (Windows NT 6.1; WOW64) AppleWebKit/537.36 (KHTML, like Gecko) Chrome/58.0.3029.110 Safari/537.36 SE 2.X MetaSr 1.0',
  'upgrade-insecure-requests' => '1',
  'connection' => 'close',
  'host' => 'www.tp.com',
)
[ info ] [ PARAM ] array (
)
[ info ] [ DB ] INIT mysql
---------------------------------------------------------------
[ 2019-02-27T23:17:16+08:00 ] 127.0.0.1 GET www.tp.com/index/ct/index
[运行时间：0.424024s] [吞吐率：2.36req/s] [内存消耗：2,491.99kb] [文件加载：91]
[ info ] [ LANG ] E:\php\tp5\thinkphp\lang\zh-cn.php
[ info ] [ ROUTE ] array (
)
[ info ] [ HEADER ] array (
  'accept-language' => 'zh-CN,zh;q=0.8',
  'accept-encoding' => 'gzip, deflate, sdch',
  'accept' => 'text/html,application/xhtml+xml,application/xml;q=0.9,image/webp,*/*;q=0.8',
  'user-agent' => 'Mozilla/5.0 (Windows NT 6.1; WOW64) AppleWebKit/537.36 (KHTML, like Gecko) Chrome/58.0.3029.110 Safari/537.36 SE 2.X MetaSr 1.0',
  'upgrade-insecure-requests' => '1',
  'cache-control' => 'max-age=0',
  'connection' => 'close',
  'host' => 'www.tp.com',
)
[ info ] [ PARAM ] array (
)
[ info ] [ DB ] INIT mysql
[ info ] [ DB ] INIT mysql
[ error ] [10501]SQLSTATE[HY000]: General error: 1220 Unknown pstmtId when executing.[E:\php\tp5\thinkphp\library\think\db\Connection.php:687]
---------------------------------------------------------------
[ 2019-02-27T23:17:18+08:00 ] 127.0.0.1 GET www.tp.com/index/ct/count
[运行时间：0.337020s] [吞吐率：2.97req/s] [内存消耗：2,404.05kb] [文件加载：85]
[ info ] [ LANG ] E:\php\tp5\thinkphp\lang\zh-cn.php
[ info ] [ ROUTE ] array (
)
[ info ] [ HEADER ] array (
  'accept-language' => 'zh-CN,zh;q=0.8',
  'accept-encoding' => 'gzip, deflate, sdch',
  'accept' => 'text/html,application/xhtml+xml,application/xml;q=0.9,image/webp,*/*;q=0.8',
  'user-agent' => 'Mozilla/5.0 (Windows NT 6.1; WOW64) AppleWebKit/537.36 (KHTML, like Gecko) Chrome/58.0.3029.110 Safari/537.36 SE 2.X MetaSr 1.0',
  'upgrade-insecure-requests' => '1',
  'cache-control' => 'max-age=0',
  'connection' => 'close',
  'host' => 'www.tp.com',
)
[ info ] [ PARAM ] array (
)
[ info ] [ DB ] INIT mysql
---------------------------------------------------------------
[ 2019-02-27T23:21:20+08:00 ] 127.0.0.1 GET www.tp.com/index/ct/index
[运行时间：0.392022s] [吞吐率：2.55req/s] [内存消耗：2,476.23kb] [文件加载：91]
[ info ] [ LANG ] E:\php\tp5\thinkphp\lang\zh-cn.php
[ info ] [ ROUTE ] array (
)
[ info ] [ HEADER ] array (
  'accept-language' => 'zh-CN,zh;q=0.8',
  'accept-encoding' => 'gzip, deflate, sdch',
  'accept' => 'text/html,application/xhtml+xml,application/xml;q=0.9,image/webp,*/*;q=0.8',
  'user-agent' => 'Mozilla/5.0 (Windows NT 6.1; WOW64) AppleWebKit/537.36 (KHTML, like Gecko) Chrome/58.0.3029.110 Safari/537.36 SE 2.X MetaSr 1.0',
  'upgrade-insecure-requests' => '1',
  'cache-control' => 'max-age=0',
  'connection' => 'close',
  'host' => 'www.tp.com',
)
[ info ] [ PARAM ] array (
)
[ info ] [ DB ] INIT mysql
[ error ] [10501]SQLSTATE[HY000]: General error: 1220 Unknown pstmtId when executing.[E:\php\tp5\thinkphp\library\think\db\Connection.php:687]
---------------------------------------------------------------
[ 2019-02-27T23:21:23+08:00 ] 127.0.0.1 GET www.tp.com/index/ct/count
[运行时间：0.529031s] [吞吐率：1.89req/s] [内存消耗：2,404.05kb] [文件加载：85]
[ info ] [ LANG ] E:\php\tp5\thinkphp\lang\zh-cn.php
[ info ] [ ROUTE ] array (
)
[ info ] [ HEADER ] array (
  'accept-language' => 'zh-CN,zh;q=0.8',
  'accept-encoding' => 'gzip, deflate, sdch',
  'accept' => 'text/html,application/xhtml+xml,application/xml;q=0.9,image/webp,*/*;q=0.8',
  'user-agent' => 'Mozilla/5.0 (Windows NT 6.1; WOW64) AppleWebKit/537.36 (KHTML, like Gecko) Chrome/58.0.3029.110 Safari/537.36 SE 2.X MetaSr 1.0',
  'upgrade-insecure-requests' => '1',
  'cache-control' => 'max-age=0',
  'connection' => 'close',
  'host' => 'www.tp.com',
)
[ info ] [ PARAM ] array (
)
[ info ] [ DB ] INIT mysql
---------------------------------------------------------------
[ 2019-02-27T23:28:09+08:00 ] 127.0.0.1 GET www.tp.com/index/ct/count
[运行时间：0.858049s] [吞吐率：1.17req/s] [内存消耗：2,404.16kb] [文件加载：85]
[ info ] [ LANG ] E:\php\tp5\thinkphp\lang\zh-cn.php
[ info ] [ ROUTE ] array (
)
[ info ] [ HEADER ] array (
  'accept-language' => 'zh-CN,zh;q=0.8',
  'accept-encoding' => 'gzip, deflate, sdch',
  'accept' => 'text/html,application/xhtml+xml,application/xml;q=0.9,image/webp,*/*;q=0.8',
  'user-agent' => 'Mozilla/5.0 (Windows NT 6.1; WOW64) AppleWebKit/537.36 (KHTML, like Gecko) Chrome/58.0.3029.110 Safari/537.36 SE 2.X MetaSr 1.0',
  'upgrade-insecure-requests' => '1',
  'cache-control' => 'max-age=0',
  'connection' => 'close',
  'host' => 'www.tp.com',
)
[ info ] [ PARAM ] array (
)
[ info ] [ DB ] INIT mysql
---------------------------------------------------------------
[ 2019-02-27T23:28:13+08:00 ] 127.0.0.1 GET www.tp.com/index/ct/index
[运行时间：0.550031s] [吞吐率：1.82req/s] [内存消耗：2,476.23kb] [文件加载：91]
[ info ] [ LANG ] E:\php\tp5\thinkphp\lang\zh-cn.php
[ info ] [ ROUTE ] array (
)
[ info ] [ HEADER ] array (
  'accept-language' => 'zh-CN,zh;q=0.8',
  'accept-encoding' => 'gzip, deflate, sdch',
  'accept' => 'text/html,application/xhtml+xml,application/xml;q=0.9,image/webp,*/*;q=0.8',
  'user-agent' => 'Mozilla/5.0 (Windows NT 6.1; WOW64) AppleWebKit/537.36 (KHTML, like Gecko) Chrome/58.0.3029.110 Safari/537.36 SE 2.X MetaSr 1.0',
  'upgrade-insecure-requests' => '1',
  'cache-control' => 'max-age=0',
  'connection' => 'close',
  'host' => 'www.tp.com',
)
[ info ] [ PARAM ] array (
)
[ info ] [ DB ] INIT mysql
[ error ] [10501]SQLSTATE[HY000]: General error: 1220 Unknown pstmtId when executing.[E:\php\tp5\thinkphp\library\think\db\Connection.php:687]
---------------------------------------------------------------
[ 2019-02-27T23:28:17+08:00 ] 127.0.0.1 GET www.tp.com/index/ct/index
[运行时间：0.340020s] [吞吐率：2.94req/s] [内存消耗：2,476.23kb] [文件加载：91]
[ info ] [ LANG ] E:\php\tp5\thinkphp\lang\zh-cn.php
[ info ] [ ROUTE ] array (
)
[ info ] [ HEADER ] array (
  'accept-language' => 'zh-CN,zh;q=0.8',
  'accept-encoding' => 'gzip, deflate, sdch',
  'accept' => 'text/html,application/xhtml+xml,application/xml;q=0.9,image/webp,*/*;q=0.8',
  'user-agent' => 'Mozilla/5.0 (Windows NT 6.1; WOW64) AppleWebKit/537.36 (KHTML, like Gecko) Chrome/58.0.3029.110 Safari/537.36 SE 2.X MetaSr 1.0',
  'upgrade-insecure-requests' => '1',
  'cache-control' => 'max-age=0',
  'connection' => 'close',
  'host' => 'www.tp.com',
)
[ info ] [ PARAM ] array (
)
[ info ] [ DB ] INIT mysql
[ error ] [10501]SQLSTATE[HY000]: General error: 1220 Unknown pstmtId when executing.[E:\php\tp5\thinkphp\library\think\db\Connection.php:687]
---------------------------------------------------------------
[ 2019-02-27T23:28:21+08:00 ] 127.0.0.1 GET www.tp.com/index/ct/count
[运行时间：0.330019s] [吞吐率：3.03req/s] [内存消耗：2,404.05kb] [文件加载：85]
[ info ] [ LANG ] E:\php\tp5\thinkphp\lang\zh-cn.php
[ info ] [ ROUTE ] array (
)
[ info ] [ HEADER ] array (
  'accept-language' => 'zh-CN,zh;q=0.8',
  'accept-encoding' => 'gzip, deflate, sdch',
  'accept' => 'text/html,application/xhtml+xml,application/xml;q=0.9,image/webp,*/*;q=0.8',
  'user-agent' => 'Mozilla/5.0 (Windows NT 6.1; WOW64) AppleWebKit/537.36 (KHTML, like Gecko) Chrome/58.0.3029.110 Safari/537.36 SE 2.X MetaSr 1.0',
  'upgrade-insecure-requests' => '1',
  'cache-control' => 'max-age=0',
  'connection' => 'close',
  'host' => 'www.tp.com',
)
[ info ] [ PARAM ] array (
)
[ info ] [ DB ] INIT mysql
---------------------------------------------------------------
[ 2019-02-27T23:28:51+08:00 ] 127.0.0.1 GET www.tp.com/index/ct/index
[运行时间：0.373022s] [吞吐率：2.68req/s] [内存消耗：2,477.73kb] [文件加载：91]
[ info ] [ LANG ] E:\php\tp5\thinkphp\lang\zh-cn.php
[ info ] [ ROUTE ] array (
)
[ info ] [ HEADER ] array (
  'accept-language' => 'zh-CN,zh;q=0.8',
  'accept-encoding' => 'gzip, deflate, sdch',
  'accept' => 'text/html,application/xhtml+xml,application/xml;q=0.9,image/webp,*/*;q=0.8',
  'user-agent' => 'Mozilla/5.0 (Windows NT 6.1; WOW64) AppleWebKit/537.36 (KHTML, like Gecko) Chrome/58.0.3029.110 Safari/537.36 SE 2.X MetaSr 1.0',
  'upgrade-insecure-requests' => '1',
  'cache-control' => 'max-age=0',
  'connection' => 'close',
  'host' => 'www.tp.com',
)
[ info ] [ PARAM ] array (
)
[ info ] [ DB ] INIT mysql
[ error ] [10501]SQLSTATE[HY000]: General error: 1220 Unknown pstmtId when executing.[E:\php\tp5\thinkphp\library\think\db\Connection.php:764]
---------------------------------------------------------------
[ 2019-02-27T23:28:58+08:00 ] 127.0.0.1 GET www.tp.com/index/ct/count
[运行时间：0.353020s] [吞吐率：2.83req/s] [内存消耗：2,404.98kb] [文件加载：85]
[ info ] [ LANG ] E:\php\tp5\thinkphp\lang\zh-cn.php
[ info ] [ ROUTE ] array (
)
[ info ] [ HEADER ] array (
  'accept-language' => 'zh-CN,zh;q=0.8',
  'accept-encoding' => 'gzip, deflate, sdch',
  'accept' => 'text/html,application/xhtml+xml,application/xml;q=0.9,image/webp,*/*;q=0.8',
  'user-agent' => 'Mozilla/5.0 (Windows NT 6.1; WOW64) AppleWebKit/537.36 (KHTML, like Gecko) Chrome/58.0.3029.110 Safari/537.36 SE 2.X MetaSr 1.0',
  'upgrade-insecure-requests' => '1',
  'cache-control' => 'max-age=0',
  'connection' => 'close',
  'host' => 'www.tp.com',
)
[ info ] [ PARAM ] array (
)
[ info ] [ DB ] INIT mysql
---------------------------------------------------------------
[ 2019-02-27T23:29:02+08:00 ] 127.0.0.1 GET www.tp.com/index/ct/index
[运行时间：0.379021s] [吞吐率：2.64req/s] [内存消耗：2,477.73kb] [文件加载：91]
[ info ] [ LANG ] E:\php\tp5\thinkphp\lang\zh-cn.php
[ info ] [ ROUTE ] array (
)
[ info ] [ HEADER ] array (
  'accept-language' => 'zh-CN,zh;q=0.8',
  'accept-encoding' => 'gzip, deflate, sdch',
  'accept' => 'text/html,application/xhtml+xml,application/xml;q=0.9,image/webp,*/*;q=0.8',
  'user-agent' => 'Mozilla/5.0 (Windows NT 6.1; WOW64) AppleWebKit/537.36 (KHTML, like Gecko) Chrome/58.0.3029.110 Safari/537.36 SE 2.X MetaSr 1.0',
  'upgrade-insecure-requests' => '1',
  'cache-control' => 'max-age=0',
  'connection' => 'close',
  'host' => 'www.tp.com',
)
[ info ] [ PARAM ] array (
)
[ info ] [ DB ] INIT mysql
[ error ] [10501]SQLSTATE[HY000]: General error: 1220 Unknown pstmtId when executing.[E:\php\tp5\thinkphp\library\think\db\Connection.php:764]
---------------------------------------------------------------
[ 2019-02-27T23:29:05+08:00 ] 127.0.0.1 GET www.tp.com/index/ct/count
[运行时间：0.357020s] [吞吐率：2.80req/s] [内存消耗：2,404.98kb] [文件加载：85]
[ info ] [ LANG ] E:\php\tp5\thinkphp\lang\zh-cn.php
[ info ] [ ROUTE ] array (
)
[ info ] [ HEADER ] array (
  'accept-language' => 'zh-CN,zh;q=0.8',
  'accept-encoding' => 'gzip, deflate, sdch',
  'accept' => 'text/html,application/xhtml+xml,application/xml;q=0.9,image/webp,*/*;q=0.8',
  'user-agent' => 'Mozilla/5.0 (Windows NT 6.1; WOW64) AppleWebKit/537.36 (KHTML, like Gecko) Chrome/58.0.3029.110 Safari/537.36 SE 2.X MetaSr 1.0',
  'upgrade-insecure-requests' => '1',
  'cache-control' => 'max-age=0',
  'connection' => 'close',
  'host' => 'www.tp.com',
)
[ info ] [ PARAM ] array (
)
[ info ] [ DB ] INIT mysql
---------------------------------------------------------------
[ 2019-02-27T23:29:36+08:00 ] 127.0.0.1 GET www.tp.com/index/ct/count
[运行时间：0.325019s] [吞吐率：3.08req/s] [内存消耗：2,405.81kb] [文件加载：85]
[ info ] [ LANG ] E:\php\tp5\thinkphp\lang\zh-cn.php
[ info ] [ ROUTE ] array (
)
[ info ] [ HEADER ] array (
  'accept-language' => 'zh-CN,zh;q=0.8',
  'accept-encoding' => 'gzip, deflate, sdch',
  'accept' => 'text/html,application/xhtml+xml,application/xml;q=0.9,image/webp,*/*;q=0.8',
  'user-agent' => 'Mozilla/5.0 (Windows NT 6.1; WOW64) AppleWebKit/537.36 (KHTML, like Gecko) Chrome/58.0.3029.110 Safari/537.36 SE 2.X MetaSr 1.0',
  'upgrade-insecure-requests' => '1',
  'cache-control' => 'max-age=0',
  'connection' => 'close',
  'host' => 'www.tp.com',
)
[ info ] [ PARAM ] array (
)
[ info ] [ DB ] INIT mysql
---------------------------------------------------------------
[ 2019-02-27T23:29:38+08:00 ] 127.0.0.1 GET www.tp.com/index/ct/index
[运行时间：0.413024s] [吞吐率：2.42req/s] [内存消耗：2,478.66kb] [文件加载：91]
[ info ] [ LANG ] E:\php\tp5\thinkphp\lang\zh-cn.php
[ info ] [ ROUTE ] array (
)
[ info ] [ HEADER ] array (
  'accept-language' => 'zh-CN,zh;q=0.8',
  'accept-encoding' => 'gzip, deflate, sdch',
  'accept' => 'text/html,application/xhtml+xml,application/xml;q=0.9,image/webp,*/*;q=0.8',
  'user-agent' => 'Mozilla/5.0 (Windows NT 6.1; WOW64) AppleWebKit/537.36 (KHTML, like Gecko) Chrome/58.0.3029.110 Safari/537.36 SE 2.X MetaSr 1.0',
  'upgrade-insecure-requests' => '1',
  'cache-control' => 'max-age=0',
  'connection' => 'close',
  'host' => 'www.tp.com',
)
[ info ] [ PARAM ] array (
)
[ info ] [ DB ] INIT mysql
[ error ] [10501]SQLSTATE[HY000]: General error: 1220 Unknown pstmtId when executing.[E:\php\tp5\thinkphp\library\think\db\Connection.php:764]
---------------------------------------------------------------
[ 2019-02-27T23:29:41+08:00 ] 127.0.0.1 GET www.tp.com/index/ct/count
[运行时间：0.267016s] [吞吐率：3.75req/s] [内存消耗：2,405.80kb] [文件加载：85]
[ info ] [ LANG ] E:\php\tp5\thinkphp\lang\zh-cn.php
[ info ] [ ROUTE ] array (
)
[ info ] [ HEADER ] array (
  'accept-language' => 'zh-CN,zh;q=0.8',
  'accept-encoding' => 'gzip, deflate, sdch',
  'accept' => 'text/html,application/xhtml+xml,application/xml;q=0.9,image/webp,*/*;q=0.8',
  'user-agent' => 'Mozilla/5.0 (Windows NT 6.1; WOW64) AppleWebKit/537.36 (KHTML, like Gecko) Chrome/58.0.3029.110 Safari/537.36 SE 2.X MetaSr 1.0',
  'upgrade-insecure-requests' => '1',
  'cache-control' => 'max-age=0',
  'connection' => 'close',
  'host' => 'www.tp.com',
)
[ info ] [ PARAM ] array (
)
[ info ] [ DB ] INIT mysql
---------------------------------------------------------------
[ 2019-02-27T23:30:15+08:00 ] 127.0.0.1 GET www.tp.com/index/ct/index
[运行时间：0.484028s] [吞吐率：2.07req/s] [内存消耗：2,478.66kb] [文件加载：91]
[ info ] [ LANG ] E:\php\tp5\thinkphp\lang\zh-cn.php
[ info ] [ ROUTE ] array (
)
[ info ] [ HEADER ] array (
  'accept-language' => 'zh-CN,zh;q=0.8',
  'accept-encoding' => 'gzip, deflate, sdch',
  'accept' => 'text/html,application/xhtml+xml,application/xml;q=0.9,image/webp,*/*;q=0.8',
  'user-agent' => 'Mozilla/5.0 (Windows NT 6.1; WOW64) AppleWebKit/537.36 (KHTML, like Gecko) Chrome/58.0.3029.110 Safari/537.36 SE 2.X MetaSr 1.0',
  'upgrade-insecure-requests' => '1',
  'cache-control' => 'max-age=0',
  'connection' => 'close',
  'host' => 'www.tp.com',
)
[ info ] [ PARAM ] array (
)
[ info ] [ DB ] INIT mysql
[ error ] [10501]SQLSTATE[HY000]: General error: 1220 Unknown pstmtId when executing.[E:\php\tp5\thinkphp\library\think\db\Connection.php:764]
---------------------------------------------------------------
[ 2019-02-27T23:30:20+08:00 ] 127.0.0.1 GET www.tp.com/index/ct/count
[运行时间：2.123121s] [吞吐率：0.47req/s] [内存消耗：2,405.80kb] [文件加载：85]
[ info ] [ LANG ] E:\php\tp5\thinkphp\lang\zh-cn.php
[ info ] [ ROUTE ] array (
)
[ info ] [ HEADER ] array (
  'accept-language' => 'zh-CN,zh;q=0.8',
  'accept-encoding' => 'gzip, deflate, sdch',
  'accept' => 'text/html,application/xhtml+xml,application/xml;q=0.9,image/webp,*/*;q=0.8',
  'user-agent' => 'Mozilla/5.0 (Windows NT 6.1; WOW64) AppleWebKit/537.36 (KHTML, like Gecko) Chrome/58.0.3029.110 Safari/537.36 SE 2.X MetaSr 1.0',
  'upgrade-insecure-requests' => '1',
  'cache-control' => 'max-age=0',
  'connection' => 'close',
  'host' => 'www.tp.com',
)
[ info ] [ PARAM ] array (
)
[ info ] [ DB ] INIT mysql
---------------------------------------------------------------
[ 2019-02-27T23:30:35+08:00 ] 127.0.0.1 GET www.tp.com/index/ct/index
[运行时间：0.249015s] [吞吐率：4.02req/s] [内存消耗：2,473.20kb] [文件加载：91]
[ info ] [ LANG ] E:\php\tp5\thinkphp\lang\zh-cn.php
[ info ] [ ROUTE ] array (
)
[ info ] [ HEADER ] array (
  'accept-language' => 'zh-CN,zh;q=0.8',
  'accept-encoding' => 'gzip, deflate, sdch',
  'accept' => 'text/html,application/xhtml+xml,application/xml;q=0.9,image/webp,*/*;q=0.8',
  'user-agent' => 'Mozilla/5.0 (Windows NT 6.1; WOW64) AppleWebKit/537.36 (KHTML, like Gecko) Chrome/58.0.3029.110 Safari/537.36 SE 2.X MetaSr 1.0',
  'upgrade-insecure-requests' => '1',
  'cache-control' => 'max-age=0',
  'connection' => 'close',
  'host' => 'www.tp.com',
)
[ info ] [ PARAM ] array (
)
[ info ] [ DB ] INIT mysql
[ error ] [10501]SQLSTATE[HY000]: General error: 1220 Unknown pstmtId when executing.[E:\php\tp5\thinkphp\library\think\db\Connection.php:687]
---------------------------------------------------------------
[ 2019-02-27T23:30:39+08:00 ] 127.0.0.1 GET www.tp.com/index/ct/index
[运行时间：1.480085s] [吞吐率：0.68req/s] [内存消耗：2,473.20kb] [文件加载：91]
[ info ] [ LANG ] E:\php\tp5\thinkphp\lang\zh-cn.php
[ info ] [ ROUTE ] array (
)
[ info ] [ HEADER ] array (
  'accept-language' => 'zh-CN,zh;q=0.8',
  'accept-encoding' => 'gzip, deflate, sdch',
  'accept' => 'text/html,application/xhtml+xml,application/xml;q=0.9,image/webp,*/*;q=0.8',
  'user-agent' => 'Mozilla/5.0 (Windows NT 6.1; WOW64) AppleWebKit/537.36 (KHTML, like Gecko) Chrome/58.0.3029.110 Safari/537.36 SE 2.X MetaSr 1.0',
  'upgrade-insecure-requests' => '1',
  'cache-control' => 'max-age=0',
  'connection' => 'close',
  'host' => 'www.tp.com',
)
[ info ] [ PARAM ] array (
)
[ info ] [ DB ] INIT mysql
[ error ] [10501]SQLSTATE[HY000]: General error: 1220 Unknown pstmtId when executing.[E:\php\tp5\thinkphp\library\think\db\Connection.php:687]
---------------------------------------------------------------
[ 2019-02-27T23:30:48+08:00 ] 127.0.0.1 GET www.tp.com/index/ct/count
[运行时间：0.508029s] [吞吐率：1.97req/s] [内存消耗：2,402.31kb] [文件加载：85]
[ info ] [ LANG ] E:\php\tp5\thinkphp\lang\zh-cn.php
[ info ] [ ROUTE ] array (
)
[ info ] [ HEADER ] array (
  'accept-language' => 'zh-CN,zh;q=0.8',
  'accept-encoding' => 'gzip, deflate, sdch',
  'accept' => 'text/html,application/xhtml+xml,application/xml;q=0.9,image/webp,*/*;q=0.8',
  'user-agent' => 'Mozilla/5.0 (Windows NT 6.1; WOW64) AppleWebKit/537.36 (KHTML, like Gecko) Chrome/58.0.3029.110 Safari/537.36 SE 2.X MetaSr 1.0',
  'upgrade-insecure-requests' => '1',
  'cache-control' => 'max-age=0',
  'connection' => 'close',
  'host' => 'www.tp.com',
)
[ info ] [ PARAM ] array (
)
[ info ] [ DB ] INIT mysql
---------------------------------------------------------------
[ 2019-02-27T23:30:49+08:00 ] 127.0.0.1 GET www.tp.com/index/ct/count
[运行时间：0.445025s] [吞吐率：2.25req/s] [内存消耗：2,402.31kb] [文件加载：85]
[ info ] [ LANG ] E:\php\tp5\thinkphp\lang\zh-cn.php
[ info ] [ ROUTE ] array (
)
[ info ] [ HEADER ] array (
  'accept-language' => 'zh-CN,zh;q=0.8',
  'accept-encoding' => 'gzip, deflate, sdch',
  'accept' => 'text/html,application/xhtml+xml,application/xml;q=0.9,image/webp,*/*;q=0.8',
  'user-agent' => 'Mozilla/5.0 (Windows NT 6.1; WOW64) AppleWebKit/537.36 (KHTML, like Gecko) Chrome/58.0.3029.110 Safari/537.36 SE 2.X MetaSr 1.0',
  'upgrade-insecure-requests' => '1',
  'cache-control' => 'max-age=0',
  'connection' => 'close',
  'host' => 'www.tp.com',
)
[ info ] [ PARAM ] array (
)
[ info ] [ DB ] INIT mysql
---------------------------------------------------------------
[ 2019-02-27T23:30:51+08:00 ] 127.0.0.1 GET www.tp.com/index/ct/index
[运行时间：0.353020s] [吞吐率：2.83req/s] [内存消耗：2,473.20kb] [文件加载：91]
[ info ] [ LANG ] E:\php\tp5\thinkphp\lang\zh-cn.php
[ info ] [ ROUTE ] array (
)
[ info ] [ HEADER ] array (
  'accept-language' => 'zh-CN,zh;q=0.8',
  'accept-encoding' => 'gzip, deflate, sdch',
  'accept' => 'text/html,application/xhtml+xml,application/xml;q=0.9,image/webp,*/*;q=0.8',
  'user-agent' => 'Mozilla/5.0 (Windows NT 6.1; WOW64) AppleWebKit/537.36 (KHTML, like Gecko) Chrome/58.0.3029.110 Safari/537.36 SE 2.X MetaSr 1.0',
  'upgrade-insecure-requests' => '1',
  'cache-control' => 'max-age=0',
  'connection' => 'close',
  'host' => 'www.tp.com',
)
[ info ] [ PARAM ] array (
)
[ info ] [ DB ] INIT mysql
[ error ] [10501]SQLSTATE[HY000]: General error: 1220 Unknown pstmtId when executing.[E:\php\tp5\thinkphp\library\think\db\Connection.php:687]
---------------------------------------------------------------
[ 2019-02-27T23:30:54+08:00 ] 127.0.0.1 GET www.tp.com/index/ct/count
[运行时间：0.292017s] [吞吐率：3.42req/s] [内存消耗：2,402.31kb] [文件加载：85]
[ info ] [ LANG ] E:\php\tp5\thinkphp\lang\zh-cn.php
[ info ] [ ROUTE ] array (
)
[ info ] [ HEADER ] array (
  'accept-language' => 'zh-CN,zh;q=0.8',
  'accept-encoding' => 'gzip, deflate, sdch',
  'accept' => 'text/html,application/xhtml+xml,application/xml;q=0.9,image/webp,*/*;q=0.8',
  'user-agent' => 'Mozilla/5.0 (Windows NT 6.1; WOW64) AppleWebKit/537.36 (KHTML, like Gecko) Chrome/58.0.3029.110 Safari/537.36 SE 2.X MetaSr 1.0',
  'upgrade-insecure-requests' => '1',
  'cache-control' => 'max-age=0',
  'connection' => 'close',
  'host' => 'www.tp.com',
)
[ info ] [ PARAM ] array (
)
[ info ] [ DB ] INIT mysql
---------------------------------------------------------------
[ 2019-02-27T23:30:56+08:00 ] 127.0.0.1 GET www.tp.com/index/ct/index
[运行时间：0.346019s] [吞吐率：2.89req/s] [内存消耗：2,473.20kb] [文件加载：91]
[ info ] [ LANG ] E:\php\tp5\thinkphp\lang\zh-cn.php
[ info ] [ ROUTE ] array (
)
[ info ] [ HEADER ] array (
  'accept-language' => 'zh-CN,zh;q=0.8',
  'accept-encoding' => 'gzip, deflate, sdch',
  'accept' => 'text/html,application/xhtml+xml,application/xml;q=0.9,image/webp,*/*;q=0.8',
  'user-agent' => 'Mozilla/5.0 (Windows NT 6.1; WOW64) AppleWebKit/537.36 (KHTML, like Gecko) Chrome/58.0.3029.110 Safari/537.36 SE 2.X MetaSr 1.0',
  'upgrade-insecure-requests' => '1',
  'cache-control' => 'max-age=0',
  'connection' => 'close',
  'host' => 'www.tp.com',
)
[ info ] [ PARAM ] array (
)
[ info ] [ DB ] INIT mysql
[ error ] [10501]SQLSTATE[HY000]: General error: 1220 Unknown pstmtId when executing.[E:\php\tp5\thinkphp\library\think\db\Connection.php:687]
---------------------------------------------------------------
[ 2019-02-27T23:31:12+08:00 ] 127.0.0.1 GET www.tp.com/index/ct/index
[运行时间：0.340019s] [吞吐率：2.94req/s] [内存消耗：2,472.29kb] [文件加载：91]
[ info ] [ LANG ] E:\php\tp5\thinkphp\lang\zh-cn.php
[ info ] [ ROUTE ] array (
)
[ info ] [ HEADER ] array (
  'accept-language' => 'zh-CN,zh;q=0.8',
  'accept-encoding' => 'gzip, deflate, sdch',
  'accept' => 'text/html,application/xhtml+xml,application/xml;q=0.9,image/webp,*/*;q=0.8',
  'user-agent' => 'Mozilla/5.0 (Windows NT 6.1; WOW64) AppleWebKit/537.36 (KHTML, like Gecko) Chrome/58.0.3029.110 Safari/537.36 SE 2.X MetaSr 1.0',
  'upgrade-insecure-requests' => '1',
  'cache-control' => 'max-age=0',
  'connection' => 'close',
  'host' => 'www.tp.com',
)
[ info ] [ PARAM ] array (
)
[ info ] [ DB ] INIT mysql
[ error ] [10501]SQLSTATE[HY000]: General error: 1220 Unknown pstmtId when executing.[E:\php\tp5\thinkphp\library\think\db\Connection.php:687]
---------------------------------------------------------------
[ 2019-02-27T23:31:13+08:00 ] 127.0.0.1 GET www.tp.com/index/ct/index
[运行时间：0.411024s] [吞吐率：2.43req/s] [内存消耗：2,472.29kb] [文件加载：91]
[ info ] [ LANG ] E:\php\tp5\thinkphp\lang\zh-cn.php
[ info ] [ ROUTE ] array (
)
[ info ] [ HEADER ] array (
  'accept-language' => 'zh-CN,zh;q=0.8',
  'accept-encoding' => 'gzip, deflate, sdch',
  'accept' => 'text/html,application/xhtml+xml,application/xml;q=0.9,image/webp,*/*;q=0.8',
  'user-agent' => 'Mozilla/5.0 (Windows NT 6.1; WOW64) AppleWebKit/537.36 (KHTML, like Gecko) Chrome/58.0.3029.110 Safari/537.36 SE 2.X MetaSr 1.0',
  'upgrade-insecure-requests' => '1',
  'cache-control' => 'max-age=0',
  'connection' => 'close',
  'host' => 'www.tp.com',
)
[ info ] [ PARAM ] array (
)
[ info ] [ DB ] INIT mysql
[ error ] [10501]SQLSTATE[HY000]: General error: 1220 Unknown pstmtId when executing.[E:\php\tp5\thinkphp\library\think\db\Connection.php:687]
---------------------------------------------------------------
[ 2019-02-27T23:31:22+08:00 ] 127.0.0.1 GET www.tp.com/index/ct/index
[运行时间：0.279016s] [吞吐率：3.58req/s] [内存消耗：1,703.84kb] [文件加载：85]
[ info ] [ LANG ] E:\php\tp5\thinkphp\lang\zh-cn.php
[ info ] [ ROUTE ] array (
)
[ info ] [ HEADER ] array (
  'accept-language' => 'zh-CN,zh;q=0.8',
  'accept-encoding' => 'gzip, deflate, sdch',
  'accept' => 'text/html,application/xhtml+xml,application/xml;q=0.9,image/webp,*/*;q=0.8',
  'user-agent' => 'Mozilla/5.0 (Windows NT 6.1; WOW64) AppleWebKit/537.36 (KHTML, like Gecko) Chrome/58.0.3029.110 Safari/537.36 SE 2.X MetaSr 1.0',
  'upgrade-insecure-requests' => '1',
  'cache-control' => 'max-age=0',
  'connection' => 'close',
  'host' => 'www.tp.com',
)
[ info ] [ PARAM ] array (
)
[ error ] [8]未定义变量: rr[E:\php\tp5\application\index\controller\Ct.php:138]
---------------------------------------------------------------
[ 2019-02-27T23:31:24+08:00 ] 127.0.0.1 GET www.tp.com/index/ct/index
[运行时间：0.265015s] [吞吐率：3.77req/s] [内存消耗：1,703.84kb] [文件加载：85]
[ info ] [ LANG ] E:\php\tp5\thinkphp\lang\zh-cn.php
[ info ] [ ROUTE ] array (
)
[ info ] [ HEADER ] array (
  'accept-language' => 'zh-CN,zh;q=0.8',
  'accept-encoding' => 'gzip, deflate, sdch',
  'accept' => 'text/html,application/xhtml+xml,application/xml;q=0.9,image/webp,*/*;q=0.8',
  'user-agent' => 'Mozilla/5.0 (Windows NT 6.1; WOW64) AppleWebKit/537.36 (KHTML, like Gecko) Chrome/58.0.3029.110 Safari/537.36 SE 2.X MetaSr 1.0',
  'upgrade-insecure-requests' => '1',
  'cache-control' => 'max-age=0',
  'connection' => 'close',
  'host' => 'www.tp.com',
)
[ info ] [ PARAM ] array (
)
[ error ] [8]未定义变量: rr[E:\php\tp5\application\index\controller\Ct.php:138]
---------------------------------------------------------------
[ 2019-02-27T23:31:37+08:00 ] 127.0.0.1 GET www.tp.com/index/ct/index
[运行时间：0.372021s] [吞吐率：2.69req/s] [内存消耗：2,472.29kb] [文件加载：91]
[ info ] [ LANG ] E:\php\tp5\thinkphp\lang\zh-cn.php
[ info ] [ ROUTE ] array (
)
[ info ] [ HEADER ] array (
  'accept-language' => 'zh-CN,zh;q=0.8',
  'accept-encoding' => 'gzip, deflate, sdch',
  'accept' => 'text/html,application/xhtml+xml,application/xml;q=0.9,image/webp,*/*;q=0.8',
  'user-agent' => 'Mozilla/5.0 (Windows NT 6.1; WOW64) AppleWebKit/537.36 (KHTML, like Gecko) Chrome/58.0.3029.110 Safari/537.36 SE 2.X MetaSr 1.0',
  'upgrade-insecure-requests' => '1',
  'cache-control' => 'max-age=0',
  'connection' => 'close',
  'host' => 'www.tp.com',
)
[ info ] [ PARAM ] array (
)
[ info ] [ DB ] INIT mysql
[ error ] [10501]SQLSTATE[HY000]: General error: 1220 Unknown pstmtId when executing.[E:\php\tp5\thinkphp\library\think\db\Connection.php:687]
---------------------------------------------------------------
[ 2019-02-27T23:31:40+08:00 ] 127.0.0.1 GET www.tp.com/index/ct/index
[运行时间：0.370021s] [吞吐率：2.70req/s] [内存消耗：2,472.29kb] [文件加载：91]
[ info ] [ LANG ] E:\php\tp5\thinkphp\lang\zh-cn.php
[ info ] [ ROUTE ] array (
)
[ info ] [ HEADER ] array (
  'accept-language' => 'zh-CN,zh;q=0.8',
  'accept-encoding' => 'gzip, deflate, sdch',
  'accept' => 'text/html,application/xhtml+xml,application/xml;q=0.9,image/webp,*/*;q=0.8',
  'user-agent' => 'Mozilla/5.0 (Windows NT 6.1; WOW64) AppleWebKit/537.36 (KHTML, like Gecko) Chrome/58.0.3029.110 Safari/537.36 SE 2.X MetaSr 1.0',
  'upgrade-insecure-requests' => '1',
  'cache-control' => 'max-age=0',
  'connection' => 'close',
  'host' => 'www.tp.com',
)
[ info ] [ PARAM ] array (
)
[ info ] [ DB ] INIT mysql
[ error ] [10501]SQLSTATE[HY000]: General error: 1220 Unknown pstmtId when executing.[E:\php\tp5\thinkphp\library\think\db\Connection.php:687]
---------------------------------------------------------------
[ 2019-02-27T23:31:57+08:00 ] 127.0.0.1 GET www.tp.com/index/ct/index
[运行时间：0.275016s] [吞吐率：3.64req/s] [内存消耗：2,472.51kb] [文件加载：91]
[ info ] [ LANG ] E:\php\tp5\thinkphp\lang\zh-cn.php
[ info ] [ ROUTE ] array (
)
[ info ] [ HEADER ] array (
  'accept-language' => 'zh-CN,zh;q=0.8',
  'accept-encoding' => 'gzip, deflate, sdch',
  'accept' => 'text/html,application/xhtml+xml,application/xml;q=0.9,image/webp,*/*;q=0.8',
  'user-agent' => 'Mozilla/5.0 (Windows NT 6.1; WOW64) AppleWebKit/537.36 (KHTML, like Gecko) Chrome/58.0.3029.110 Safari/537.36 SE 2.X MetaSr 1.0',
  'upgrade-insecure-requests' => '1',
  'cache-control' => 'max-age=0',
  'connection' => 'close',
  'host' => 'www.tp.com',
)
[ info ] [ PARAM ] array (
)
[ info ] [ DB ] INIT mysql
[ error ] [10501]SQLSTATE[HY000]: General error: 1220 Unknown pstmtId when executing.[E:\php\tp5\thinkphp\library\think\db\Connection.php:687]
---------------------------------------------------------------
[ 2019-02-27T23:31:59+08:00 ] 127.0.0.1 GET www.tp.com/index/ct/index
[运行时间：0.279016s] [吞吐率：3.58req/s] [内存消耗：2,472.48kb] [文件加载：91]
[ info ] [ LANG ] E:\php\tp5\thinkphp\lang\zh-cn.php
[ info ] [ ROUTE ] array (
)
[ info ] [ HEADER ] array (
  'accept-language' => 'zh-CN,zh;q=0.8',
  'accept-encoding' => 'gzip, deflate, sdch',
  'accept' => 'text/html,application/xhtml+xml,application/xml;q=0.9,image/webp,*/*;q=0.8',
  'user-agent' => 'Mozilla/5.0 (Windows NT 6.1; WOW64) AppleWebKit/537.36 (KHTML, like Gecko) Chrome/58.0.3029.110 Safari/537.36 SE 2.X MetaSr 1.0',
  'upgrade-insecure-requests' => '1',
  'cache-control' => 'max-age=0',
  'connection' => 'close',
  'host' => 'www.tp.com',
)
[ info ] [ PARAM ] array (
)
[ info ] [ DB ] INIT mysql
[ error ] [10501]SQLSTATE[HY000]: General error: 1220 Unknown pstmtId when executing.[E:\php\tp5\thinkphp\library\think\db\Connection.php:687]
---------------------------------------------------------------
[ 2019-02-27T23:32:00+08:00 ] 127.0.0.1 GET www.tp.com/index/ct/index
[运行时间：0.510029s] [吞吐率：1.96req/s] [内存消耗：2,472.51kb] [文件加载：91]
[ info ] [ LANG ] E:\php\tp5\thinkphp\lang\zh-cn.php
[ info ] [ ROUTE ] array (
)
[ info ] [ HEADER ] array (
  'accept-language' => 'zh-CN,zh;q=0.8',
  'accept-encoding' => 'gzip, deflate, sdch',
  'accept' => 'text/html,application/xhtml+xml,application/xml;q=0.9,image/webp,*/*;q=0.8',
  'user-agent' => 'Mozilla/5.0 (Windows NT 6.1; WOW64) AppleWebKit/537.36 (KHTML, like Gecko) Chrome/58.0.3029.110 Safari/537.36 SE 2.X MetaSr 1.0',
  'upgrade-insecure-requests' => '1',
  'cache-control' => 'max-age=0',
  'connection' => 'close',
  'host' => 'www.tp.com',
)
[ info ] [ PARAM ] array (
)
[ info ] [ DB ] INIT mysql
[ error ] [10501]SQLSTATE[HY000]: General error: 1220 Unknown pstmtId when executing.[E:\php\tp5\thinkphp\library\think\db\Connection.php:687]
---------------------------------------------------------------
[ 2019-02-27T23:32:22+08:00 ] 127.0.0.1 GET www.tp.com/index/ct/index
[运行时间：0.409024s] [吞吐率：2.44req/s] [内存消耗：2,472.38kb] [文件加载：91]
[ info ] [ LANG ] E:\php\tp5\thinkphp\lang\zh-cn.php
[ info ] [ ROUTE ] array (
)
[ info ] [ HEADER ] array (
  'accept-language' => 'zh-CN,zh;q=0.8',
  'accept-encoding' => 'gzip, deflate, sdch',
  'accept' => 'text/html,application/xhtml+xml,application/xml;q=0.9,image/webp,*/*;q=0.8',
  'user-agent' => 'Mozilla/5.0 (Windows NT 6.1; WOW64) AppleWebKit/537.36 (KHTML, like Gecko) Chrome/58.0.3029.110 Safari/537.36 SE 2.X MetaSr 1.0',
  'upgrade-insecure-requests' => '1',
  'cache-control' => 'max-age=0',
  'connection' => 'close',
  'host' => 'www.tp.com',
)
[ info ] [ PARAM ] array (
)
[ info ] [ DB ] INIT mysql
[ error ] [10501]SQLSTATE[HY000]: General error: 1220 Unknown pstmtId when executing.[E:\php\tp5\thinkphp\library\think\db\Connection.php:687]
---------------------------------------------------------------
[ 2019-02-27T23:32:39+08:00 ] 127.0.0.1 GET www.tp.com/index/ct/index
[运行时间：0.326019s] [吞吐率：3.07req/s] [内存消耗：2,472.51kb] [文件加载：91]
[ info ] [ LANG ] E:\php\tp5\thinkphp\lang\zh-cn.php
[ info ] [ ROUTE ] array (
)
[ info ] [ HEADER ] array (
  'accept-language' => 'zh-CN,zh;q=0.8',
  'accept-encoding' => 'gzip, deflate, sdch',
  'accept' => 'text/html,application/xhtml+xml,application/xml;q=0.9,image/webp,*/*;q=0.8',
  'user-agent' => 'Mozilla/5.0 (Windows NT 6.1; WOW64) AppleWebKit/537.36 (KHTML, like Gecko) Chrome/58.0.3029.110 Safari/537.36 SE 2.X MetaSr 1.0',
  'upgrade-insecure-requests' => '1',
  'cache-control' => 'max-age=0',
  'connection' => 'close',
  'host' => 'www.tp.com',
)
[ info ] [ PARAM ] array (
)
[ info ] [ DB ] INIT mysql
[ error ] [10501]SQLSTATE[HY000]: General error: 1220 Unknown pstmtId when executing.[E:\php\tp5\thinkphp\library\think\db\Connection.php:687]
---------------------------------------------------------------
[ 2019-02-27T23:32:43+08:00 ] 127.0.0.1 GET www.tp.com/index/ct/index
[运行时间：0.435025s] [吞吐率：2.30req/s] [内存消耗：2,472.51kb] [文件加载：91]
[ info ] [ LANG ] E:\php\tp5\thinkphp\lang\zh-cn.php
[ info ] [ ROUTE ] array (
)
[ info ] [ HEADER ] array (
  'accept-language' => 'zh-CN,zh;q=0.8',
  'accept-encoding' => 'gzip, deflate, sdch',
  'accept' => 'text/html,application/xhtml+xml,application/xml;q=0.9,image/webp,*/*;q=0.8',
  'user-agent' => 'Mozilla/5.0 (Windows NT 6.1; WOW64) AppleWebKit/537.36 (KHTML, like Gecko) Chrome/58.0.3029.110 Safari/537.36 SE 2.X MetaSr 1.0',
  'upgrade-insecure-requests' => '1',
  'cache-control' => 'max-age=0',
  'connection' => 'close',
  'host' => 'www.tp.com',
)
[ info ] [ PARAM ] array (
)
[ info ] [ DB ] INIT mysql
[ error ] [10501]SQLSTATE[HY000]: General error: 1220 Unknown pstmtId when executing.[E:\php\tp5\thinkphp\library\think\db\Connection.php:687]
---------------------------------------------------------------
[ 2019-02-27T23:33:15+08:00 ] 127.0.0.1 GET www.tp.com/index/ct/index
[运行时间：0.354020s] [吞吐率：2.82req/s] [内存消耗：1,665.55kb] [文件加载：82]
[ info ] [ LANG ] E:\php\tp5\thinkphp\lang\zh-cn.php
[ info ] [ ROUTE ] array (
)
[ info ] [ HEADER ] array (
  'accept-language' => 'zh-CN,zh;q=0.8',
  'accept-encoding' => 'gzip, deflate, sdch',
  'accept' => 'text/html,application/xhtml+xml,application/xml;q=0.9,image/webp,*/*;q=0.8',
  'user-agent' => 'Mozilla/5.0 (Windows NT 6.1; WOW64) AppleWebKit/537.36 (KHTML, like Gecko) Chrome/58.0.3029.110 Safari/537.36 SE 2.X MetaSr 1.0',
  'upgrade-insecure-requests' => '1',
  'cache-control' => 'max-age=0',
  'connection' => 'close',
  'host' => 'www.tp.com',
)
[ info ] [ PARAM ] array (
)
[ error ] [4]syntax error, unexpected '::' (T_PAAMAYIM_NEKUDOTAYIM)[E:\php\tp5\application\index\controller\Ct.php:137]
---------------------------------------------------------------
[ 2019-02-27T23:33:17+08:00 ] 127.0.0.1 GET www.tp.com/index/ct/index
[运行时间：0.171009s] [吞吐率：5.85req/s] [内存消耗：1,665.55kb] [文件加载：82]
[ info ] [ LANG ] E:\php\tp5\thinkphp\lang\zh-cn.php
[ info ] [ ROUTE ] array (
)
[ info ] [ HEADER ] array (
  'accept-language' => 'zh-CN,zh;q=0.8',
  'accept-encoding' => 'gzip, deflate, sdch',
  'accept' => 'text/html,application/xhtml+xml,application/xml;q=0.9,image/webp,*/*;q=0.8',
  'user-agent' => 'Mozilla/5.0 (Windows NT 6.1; WOW64) AppleWebKit/537.36 (KHTML, like Gecko) Chrome/58.0.3029.110 Safari/537.36 SE 2.X MetaSr 1.0',
  'upgrade-insecure-requests' => '1',
  'cache-control' => 'max-age=0',
  'connection' => 'close',
  'host' => 'www.tp.com',
)
[ info ] [ PARAM ] array (
)
[ error ] [4]syntax error, unexpected '::' (T_PAAMAYIM_NEKUDOTAYIM)[E:\php\tp5\application\index\controller\Ct.php:137]
---------------------------------------------------------------
[ 2019-02-27T23:33:34+08:00 ] 127.0.0.1 GET www.tp.com/index/ct/index
[运行时间：0.358021s] [吞吐率：2.79req/s] [内存消耗：2,472.59kb] [文件加载：91]
[ info ] [ LANG ] E:\php\tp5\thinkphp\lang\zh-cn.php
[ info ] [ ROUTE ] array (
)
[ info ] [ HEADER ] array (
  'accept-language' => 'zh-CN,zh;q=0.8',
  'accept-encoding' => 'gzip, deflate, sdch',
  'accept' => 'text/html,application/xhtml+xml,application/xml;q=0.9,image/webp,*/*;q=0.8',
  'user-agent' => 'Mozilla/5.0 (Windows NT 6.1; WOW64) AppleWebKit/537.36 (KHTML, like Gecko) Chrome/58.0.3029.110 Safari/537.36 SE 2.X MetaSr 1.0',
  'upgrade-insecure-requests' => '1',
  'cache-control' => 'max-age=0',
  'connection' => 'close',
  'host' => 'www.tp.com',
)
[ info ] [ PARAM ] array (
)
[ info ] [ DB ] INIT mysql
[ error ] [10501]SQLSTATE[HY000]: General error: 1220 Unknown pstmtId when executing.[E:\php\tp5\thinkphp\library\think\db\Connection.php:687]
---------------------------------------------------------------
[ 2019-02-27T23:33:37+08:00 ] 127.0.0.1 GET www.tp.com/index/ct/index
[运行时间：0.325019s] [吞吐率：3.08req/s] [内存消耗：2,472.59kb] [文件加载：91]
[ info ] [ LANG ] E:\php\tp5\thinkphp\lang\zh-cn.php
[ info ] [ ROUTE ] array (
)
[ info ] [ HEADER ] array (
  'accept-language' => 'zh-CN,zh;q=0.8',
  'accept-encoding' => 'gzip, deflate, sdch',
  'accept' => 'text/html,application/xhtml+xml,application/xml;q=0.9,image/webp,*/*;q=0.8',
  'user-agent' => 'Mozilla/5.0 (Windows NT 6.1; WOW64) AppleWebKit/537.36 (KHTML, like Gecko) Chrome/58.0.3029.110 Safari/537.36 SE 2.X MetaSr 1.0',
  'upgrade-insecure-requests' => '1',
  'cache-control' => 'max-age=0',
  'connection' => 'close',
  'host' => 'www.tp.com',
)
[ info ] [ PARAM ] array (
)
[ info ] [ DB ] INIT mysql
[ error ] [10501]SQLSTATE[HY000]: General error: 1220 Unknown pstmtId when executing.[E:\php\tp5\thinkphp\library\think\db\Connection.php:687]
---------------------------------------------------------------
[ 2019-02-27T23:33:38+08:00 ] 127.0.0.1 GET www.tp.com/index/ct/index
[运行时间：0.394022s] [吞吐率：2.54req/s] [内存消耗：2,472.59kb] [文件加载：91]
[ info ] [ LANG ] E:\php\tp5\thinkphp\lang\zh-cn.php
[ info ] [ ROUTE ] array (
)
[ info ] [ HEADER ] array (
  'accept-language' => 'zh-CN,zh;q=0.8',
  'accept-encoding' => 'gzip, deflate, sdch',
  'accept' => 'text/html,application/xhtml+xml,application/xml;q=0.9,image/webp,*/*;q=0.8',
  'user-agent' => 'Mozilla/5.0 (Windows NT 6.1; WOW64) AppleWebKit/537.36 (KHTML, like Gecko) Chrome/58.0.3029.110 Safari/537.36 SE 2.X MetaSr 1.0',
  'upgrade-insecure-requests' => '1',
  'cache-control' => 'max-age=0',
  'connection' => 'close',
  'host' => 'www.tp.com',
)
[ info ] [ PARAM ] array (
)
[ info ] [ DB ] INIT mysql
[ error ] [10501]SQLSTATE[HY000]: General error: 1220 Unknown pstmtId when executing.[E:\php\tp5\thinkphp\library\think\db\Connection.php:687]
---------------------------------------------------------------
[ 2019-02-27T23:34:02+08:00 ] 127.0.0.1 GET www.tp.com/index/ct/index
[运行时间：0.330019s] [吞吐率：3.03req/s] [内存消耗：2,472.59kb] [文件加载：91]
[ info ] [ LANG ] E:\php\tp5\thinkphp\lang\zh-cn.php
[ info ] [ ROUTE ] array (
)
[ info ] [ HEADER ] array (
  'accept-language' => 'zh-CN,zh;q=0.8',
  'accept-encoding' => 'gzip, deflate, sdch',
  'accept' => 'text/html,application/xhtml+xml,application/xml;q=0.9,image/webp,*/*;q=0.8',
  'user-agent' => 'Mozilla/5.0 (Windows NT 6.1; WOW64) AppleWebKit/537.36 (KHTML, like Gecko) Chrome/58.0.3029.110 Safari/537.36 SE 2.X MetaSr 1.0',
  'upgrade-insecure-requests' => '1',
  'cache-control' => 'max-age=0',
  'connection' => 'close',
  'host' => 'www.tp.com',
)
[ info ] [ PARAM ] array (
)
[ info ] [ DB ] INIT mysql
[ error ] [10501]SQLSTATE[HY000]: General error: 1220 Unknown pstmtId when executing.[E:\php\tp5\thinkphp\library\think\db\Connection.php:687]
---------------------------------------------------------------
[ 2019-02-27T23:35:04+08:00 ] 127.0.0.1 GET www.tp.com/index/ct/index
[运行时间：0.434025s] [吞吐率：2.30req/s] [内存消耗：2,472.35kb] [文件加载：91]
[ info ] [ LANG ] E:\php\tp5\thinkphp\lang\zh-cn.php
[ info ] [ ROUTE ] array (
)
[ info ] [ HEADER ] array (
  'accept-language' => 'zh-CN,zh;q=0.8',
  'accept-encoding' => 'gzip, deflate, sdch',
  'accept' => 'text/html,application/xhtml+xml,application/xml;q=0.9,image/webp,*/*;q=0.8',
  'user-agent' => 'Mozilla/5.0 (Windows NT 6.1; WOW64) AppleWebKit/537.36 (KHTML, like Gecko) Chrome/58.0.3029.110 Safari/537.36 SE 2.X MetaSr 1.0',
  'upgrade-insecure-requests' => '1',
  'cache-control' => 'max-age=0',
  'connection' => 'close',
  'host' => 'www.tp.com',
)
[ info ] [ PARAM ] array (
)
[ info ] [ DB ] INIT mysql
[ error ] [10501]SQLSTATE[HY000]: General error: 1220 Unknown pstmtId when executing.[E:\php\tp5\thinkphp\library\think\db\Connection.php:687]
---------------------------------------------------------------
[ 2019-02-27T23:35:06+08:00 ] 127.0.0.1 GET www.tp.com/index/ct/index
[运行时间：0.354020s] [吞吐率：2.82req/s] [内存消耗：2,472.29kb] [文件加载：91]
[ info ] [ LANG ] E:\php\tp5\thinkphp\lang\zh-cn.php
[ info ] [ ROUTE ] array (
)
[ info ] [ HEADER ] array (
  'accept-language' => 'zh-CN,zh;q=0.8',
  'accept-encoding' => 'gzip, deflate, sdch',
  'accept' => 'text/html,application/xhtml+xml,application/xml;q=0.9,image/webp,*/*;q=0.8',
  'user-agent' => 'Mozilla/5.0 (Windows NT 6.1; WOW64) AppleWebKit/537.36 (KHTML, like Gecko) Chrome/58.0.3029.110 Safari/537.36 SE 2.X MetaSr 1.0',
  'upgrade-insecure-requests' => '1',
  'cache-control' => 'max-age=0',
  'connection' => 'close',
  'host' => 'www.tp.com',
)
[ info ] [ PARAM ] array (
)
[ info ] [ DB ] INIT mysql
[ error ] [10501]SQLSTATE[HY000]: General error: 1220 Unknown pstmtId when executing.[E:\php\tp5\thinkphp\library\think\db\Connection.php:687]
---------------------------------------------------------------
[ 2019-02-27T23:36:26+08:00 ] 127.0.0.1 GET www.tp.com/index/ct/index
[运行时间：0.363021s] [吞吐率：2.75req/s] [内存消耗：2,468.59kb] [文件加载：91]
[ info ] [ LANG ] E:\php\tp5\thinkphp\lang\zh-cn.php
[ info ] [ ROUTE ] array (
)
[ info ] [ HEADER ] array (
  'accept-language' => 'zh-CN,zh;q=0.8',
  'accept-encoding' => 'gzip, deflate, sdch',
  'accept' => 'text/html,application/xhtml+xml,application/xml;q=0.9,image/webp,*/*;q=0.8',
  'user-agent' => 'Mozilla/5.0 (Windows NT 6.1; WOW64) AppleWebKit/537.36 (KHTML, like Gecko) Chrome/58.0.3029.110 Safari/537.36 SE 2.X MetaSr 1.0',
  'upgrade-insecure-requests' => '1',
  'cache-control' => 'max-age=0',
  'connection' => 'close',
  'host' => 'www.tp.com',
)
[ info ] [ PARAM ] array (
)
[ info ] [ DB ] INIT mysql
[ error ] [10501]SQLSTATE[HY000]: General error: 1220 Unknown pstmtId when executing.[E:\php\tp5\thinkphp\library\think\db\Connection.php:687]
---------------------------------------------------------------
[ 2019-02-27T23:36:27+08:00 ] 127.0.0.1 GET www.tp.com/index/ct/index
[运行时间：0.363021s] [吞吐率：2.75req/s] [内存消耗：2,468.59kb] [文件加载：91]
[ info ] [ LANG ] E:\php\tp5\thinkphp\lang\zh-cn.php
[ info ] [ ROUTE ] array (
)
[ info ] [ HEADER ] array (
  'accept-language' => 'zh-CN,zh;q=0.8',
  'accept-encoding' => 'gzip, deflate, sdch',
  'accept' => 'text/html,application/xhtml+xml,application/xml;q=0.9,image/webp,*/*;q=0.8',
  'user-agent' => 'Mozilla/5.0 (Windows NT 6.1; WOW64) AppleWebKit/537.36 (KHTML, like Gecko) Chrome/58.0.3029.110 Safari/537.36 SE 2.X MetaSr 1.0',
  'upgrade-insecure-requests' => '1',
  'cache-control' => 'max-age=0',
  'connection' => 'close',
  'host' => 'www.tp.com',
)
[ info ] [ PARAM ] array (
)
[ info ] [ DB ] INIT mysql
[ error ] [10501]SQLSTATE[HY000]: General error: 1220 Unknown pstmtId when executing.[E:\php\tp5\thinkphp\library\think\db\Connection.php:687]
---------------------------------------------------------------
[ 2019-02-27T23:36:28+08:00 ] 127.0.0.1 GET www.tp.com/index/ct/index
[运行时间：0.343020s] [吞吐率：2.92req/s] [内存消耗：2,468.59kb] [文件加载：91]
[ info ] [ LANG ] E:\php\tp5\thinkphp\lang\zh-cn.php
[ info ] [ ROUTE ] array (
)
[ info ] [ HEADER ] array (
  'accept-language' => 'zh-CN,zh;q=0.8',
  'accept-encoding' => 'gzip, deflate, sdch',
  'accept' => 'text/html,application/xhtml+xml,application/xml;q=0.9,image/webp,*/*;q=0.8',
  'user-agent' => 'Mozilla/5.0 (Windows NT 6.1; WOW64) AppleWebKit/537.36 (KHTML, like Gecko) Chrome/58.0.3029.110 Safari/537.36 SE 2.X MetaSr 1.0',
  'upgrade-insecure-requests' => '1',
  'cache-control' => 'max-age=0',
  'connection' => 'close',
  'host' => 'www.tp.com',
)
[ info ] [ PARAM ] array (
)
[ info ] [ DB ] INIT mysql
[ error ] [10501]SQLSTATE[HY000]: General error: 1220 Unknown pstmtId when executing.[E:\php\tp5\thinkphp\library\think\db\Connection.php:687]
---------------------------------------------------------------
[ 2019-02-27T23:37:39+08:00 ] 127.0.0.1 GET www.tp.com/index/ct/index
[运行时间：0.302017s] [吞吐率：3.31req/s] [内存消耗：2,437.05kb] [文件加载：88]
[ info ] [ LANG ] E:\php\tp5\thinkphp\lang\zh-cn.php
[ info ] [ ROUTE ] array (
)
[ info ] [ HEADER ] array (
  'accept-language' => 'zh-CN,zh;q=0.8',
  'accept-encoding' => 'gzip, deflate, sdch',
  'accept' => 'text/html,application/xhtml+xml,application/xml;q=0.9,image/webp,*/*;q=0.8',
  'user-agent' => 'Mozilla/5.0 (Windows NT 6.1; WOW64) AppleWebKit/537.36 (KHTML, like Gecko) Chrome/58.0.3029.110 Safari/537.36 SE 2.X MetaSr 1.0',
  'upgrade-insecure-requests' => '1',
  'cache-control' => 'max-age=0',
  'connection' => 'close',
  'host' => 'www.tp.com',
)
[ info ] [ PARAM ] array (
)
[ info ] [ DB ] INIT mysql
[ error ] [1049]SQLSTATE[HY000] [1049] Unknown database 'test'[E:\php\tp5\thinkphp\library\think\db\Connection.php:528]
---------------------------------------------------------------
[ 2019-02-27T23:37:55+08:00 ] 127.0.0.1 GET www.tp.com/index/ct/index
[运行时间：0.339019s] [吞吐率：2.95req/s] [内存消耗：2,472.14kb] [文件加载：91]
[ info ] [ LANG ] E:\php\tp5\thinkphp\lang\zh-cn.php
[ info ] [ ROUTE ] array (
)
[ info ] [ HEADER ] array (
  'accept-language' => 'zh-CN,zh;q=0.8',
  'accept-encoding' => 'gzip, deflate, sdch',
  'accept' => 'text/html,application/xhtml+xml,application/xml;q=0.9,image/webp,*/*;q=0.8',
  'user-agent' => 'Mozilla/5.0 (Windows NT 6.1; WOW64) AppleWebKit/537.36 (KHTML, like Gecko) Chrome/58.0.3029.110 Safari/537.36 SE 2.X MetaSr 1.0',
  'upgrade-insecure-requests' => '1',
  'cache-control' => 'max-age=0',
  'connection' => 'close',
  'host' => 'www.tp.com',
)
[ info ] [ PARAM ] array (
)
[ info ] [ DB ] INIT mysql
[ error ] [10501]SQLSTATE[HY000]: General error: 1220 Unknown pstmtId when executing.[E:\php\tp5\thinkphp\library\think\db\Connection.php:687]
---------------------------------------------------------------
[ 2019-02-27T23:38:24+08:00 ] 127.0.0.1 GET www.tp.com/index/ct/count
[运行时间：0.452026s] [吞吐率：2.21req/s] [内存消耗：2,401.45kb] [文件加载：85]
[ info ] [ LANG ] E:\php\tp5\thinkphp\lang\zh-cn.php
[ info ] [ ROUTE ] array (
)
[ info ] [ HEADER ] array (
  'accept-language' => 'zh-CN,zh;q=0.8',
  'accept-encoding' => 'gzip, deflate, sdch',
  'accept' => 'text/html,application/xhtml+xml,application/xml;q=0.9,image/webp,*/*;q=0.8',
  'user-agent' => 'Mozilla/5.0 (Windows NT 6.1; WOW64) AppleWebKit/537.36 (KHTML, like Gecko) Chrome/58.0.3029.110 Safari/537.36 SE 2.X MetaSr 1.0',
  'upgrade-insecure-requests' => '1',
  'cache-control' => 'max-age=0',
  'connection' => 'close',
  'host' => 'www.tp.com',
)
[ info ] [ PARAM ] array (
)
[ info ] [ DB ] INIT mysql
---------------------------------------------------------------
[ 2019-02-27T23:45:52+08:00 ] 127.0.0.1 GET www.tp.com/index/ct/count
[运行时间：0.711041s] [吞吐率：1.41req/s] [内存消耗：2,401.55kb] [文件加载：85]
[ info ] [ LANG ] E:\php\tp5\thinkphp\lang\zh-cn.php
[ info ] [ ROUTE ] array (
)
[ info ] [ HEADER ] array (
  'accept-language' => 'zh-CN,zh;q=0.8',
  'accept-encoding' => 'gzip, deflate, sdch',
  'accept' => 'text/html,application/xhtml+xml,application/xml;q=0.9,image/webp,*/*;q=0.8',
  'user-agent' => 'Mozilla/5.0 (Windows NT 6.1; WOW64) AppleWebKit/537.36 (KHTML, like Gecko) Chrome/58.0.3029.110 Safari/537.36 SE 2.X MetaSr 1.0',
  'upgrade-insecure-requests' => '1',
  'cache-control' => 'max-age=0',
  'connection' => 'close',
  'host' => 'www.tp.com',
)
[ info ] [ PARAM ] array (
)
[ info ] [ DB ] INIT mysql
