---------------------------------------------------------------
[ 2018-11-28T09:22:56+08:00 ] 127.0.0.1 GET testt.pcnfc.com/
[运行时间：0.100006s] [吞吐率：10.00req/s] [内存消耗：1,754.35kb] [文件加载：71]
[ info ] [ LANG ] D:\mf\pcnfctest\thinkphp\lang\zh-cn.php
[ info ] [ ROUTE ] array (
)
[ info ] [ HEADER ] array (
  'cookie' => 'pgv_pvi=7296268288; workspaceParam=index%7CInfo',
  'accept-language' => 'zh-CN,zh;q=0.9,en;q=0.8,zh-TW;q=0.7',
  'accept-encoding' => 'gzip, deflate',
  'accept' => 'text/html,application/xhtml+xml,application/xml;q=0.9,image/webp,image/apng,*/*;q=0.8',
  'user-agent' => 'Mozilla/5.0 (Windows NT 6.1; WOW64) AppleWebKit/537.36 (KHTML, like Gecko) Chrome/63.0.3239.132 Safari/537.36',
  'upgrade-insecure-requests' => '1',
  'connection' => 'close',
  'host' => 'testt.pcnfc.com',
)
[ info ] [ PARAM ] array (
)
[ info ] [ VIEW ] D:\mf\pcnfctest\application\index\view\index\index.html [ array (
) ]
---------------------------------------------------------------
[ 2018-11-28T09:23:02+08:00 ] 127.0.0.1 GET testt.pcnfc.com/
[运行时间：0.078604s] [吞吐率：12.72req/s] [内存消耗：1,754.76kb] [文件加载：71]
[ info ] [ LANG ] D:\mf\pcnfctest\thinkphp\lang\zh-cn.php
[ info ] [ ROUTE ] array (
)
[ info ] [ HEADER ] array (
  'cookie' => 'pgv_pvi=7296268288; workspaceParam=index%7CInfo',
  'accept-language' => 'zh-CN,zh;q=0.9,en;q=0.8,zh-TW;q=0.7',
  'accept-encoding' => 'gzip, deflate',
  'accept' => 'text/html,application/xhtml+xml,application/xml;q=0.9,image/webp,image/apng,*/*;q=0.8',
  'user-agent' => 'Mozilla/5.0 (Windows NT 6.1; WOW64) AppleWebKit/537.36 (KHTML, like Gecko) Chrome/63.0.3239.132 Safari/537.36',
  'upgrade-insecure-requests' => '1',
  'cache-control' => 'max-age=0',
  'connection' => 'close',
  'host' => 'testt.pcnfc.com',
)
[ info ] [ PARAM ] array (
)
[ info ] [ VIEW ] D:\mf\pcnfctest\application\index\view\index\index.html [ array (
) ]
---------------------------------------------------------------
[ 2018-11-28T09:23:32+08:00 ] 127.0.0.1 GET testt.pcnfc.com/open/manager/index.html
[运行时间：0.155207s] [吞吐率：6.44req/s] [内存消耗：1,846.59kb] [文件加载：77]
[ info ] [ LANG ] D:\mf\pcnfctest\thinkphp\lang\zh-cn.php
[ info ] [ ROUTE ] array (
)
[ info ] [ HEADER ] array (
  'cookie' => 'pgv_pvi=7296268288; workspaceParam=index%7CInfo',
  'accept-language' => 'zh-CN,zh;q=0.9,en;q=0.8,zh-TW;q=0.7',
  'accept-encoding' => 'gzip, deflate',
  'referer' => 'http://testt.pcnfc.com/',
  'accept' => 'text/html,application/xhtml+xml,application/xml;q=0.9,image/webp,image/apng,*/*;q=0.8',
  'user-agent' => 'Mozilla/5.0 (Windows NT 6.1; WOW64) AppleWebKit/537.36 (KHTML, like Gecko) Chrome/63.0.3239.132 Safari/537.36',
  'upgrade-insecure-requests' => '1',
  'connection' => 'close',
  'host' => 'testt.pcnfc.com',
)
[ info ] [ PARAM ] array (
)
---------------------------------------------------------------
[ 2018-11-28T09:23:32+08:00 ] 127.0.0.1 GET testt.pcnfc.com/open/users/
[运行时间：0.231807s] [吞吐率：4.31req/s] [内存消耗：3,023.90kb] [文件加载：94]
[ info ] [ LANG ] D:\mf\pcnfctest\thinkphp\lang\zh-cn.php
[ info ] [ ROUTE ] array (
)
[ info ] [ HEADER ] array (
  'cookie' => 'pgv_pvi=7296268288; workspaceParam=index%7CInfo; PHPSESSID=nobkbresbfb37ihhv58psoost5',
  'accept-language' => 'zh-CN,zh;q=0.9,en;q=0.8,zh-TW;q=0.7',
  'accept-encoding' => 'gzip, deflate',
  'referer' => 'http://testt.pcnfc.com/',
  'accept' => 'text/html,application/xhtml+xml,application/xml;q=0.9,image/webp,image/apng,*/*;q=0.8',
  'user-agent' => 'Mozilla/5.0 (Windows NT 6.1; WOW64) AppleWebKit/537.36 (KHTML, like Gecko) Chrome/63.0.3239.132 Safari/537.36',
  'upgrade-insecure-requests' => '1',
  'connection' => 'close',
  'host' => 'testt.pcnfc.com',
)
[ info ] [ PARAM ] array (
)
[ info ] [ DB ] INIT mysql
[ info ] [ VIEW ] D:\mf\pcnfctest\application\open\view\users\index.html [ array (
  0 => 'user',
  1 => 'title',
  2 => 'login_ads',
) ]
---------------------------------------------------------------
[ 2018-11-28T09:23:33+08:00 ] 127.0.0.1 GET testt.pcnfc.com/static/upload/adv/2018/11-13/582536473960212520.jpg
[运行时间：0.058003s] [吞吐率：17.24req/s] [内存消耗：1,646.88kb] [文件加载：68]
[ info ] [ LANG ] D:\mf\pcnfctest\thinkphp\lang\zh-cn.php
---------------------------------------------------------------
[ 2018-11-28T09:23:34+08:00 ] 127.0.0.1 GET testt.pcnfc.com/captcha.html
[运行时间：0.216608s] [吞吐率：4.62req/s] [内存消耗：1,649.53kb] [文件加载：68]
[ info ] [ LANG ] D:\mf\pcnfctest\thinkphp\lang\zh-cn.php
[ info ] [ ROUTE ] array (
  'rule' => 'captcha/<id?>',
  'route' => '\\think\\captcha\\CaptchaController@index',
  'option' => 
  array (
    'merge_rule_regex' => false,
  ),
  'var' => 
  array (
  ),
)
[ info ] [ HEADER ] array (
  'cookie' => 'pgv_pvi=7296268288; workspaceParam=index%7CInfo; PHPSESSID=nobkbresbfb37ihhv58psoost5',
  'accept-language' => 'zh-CN,zh;q=0.9,en;q=0.8,zh-TW;q=0.7',
  'accept-encoding' => 'gzip, deflate',
  'referer' => 'http://testt.pcnfc.com/open/users/',
  'accept' => 'image/webp,image/apng,image/*,*/*;q=0.8',
  'user-agent' => 'Mozilla/5.0 (Windows NT 6.1; WOW64) AppleWebKit/537.36 (KHTML, like Gecko) Chrome/63.0.3239.132 Safari/537.36',
  'connection' => 'close',
  'host' => 'testt.pcnfc.com',
)
[ info ] [ PARAM ] array (
)
---------------------------------------------------------------
[ 2018-11-28T09:23:34+08:00 ] 127.0.0.1 GET testt.pcnfc.com/open/users/favicon.ico
[运行时间：0.057602s] [吞吐率：17.36req/s] [内存消耗：1,821.23kb] [文件加载：78]
[ info ] [ LANG ] D:\mf\pcnfctest\thinkphp\lang\zh-cn.php
[ info ] [ ROUTE ] array (
)
[ info ] [ HEADER ] array (
  'cookie' => 'pgv_pvi=7296268288; workspaceParam=index%7CInfo; PHPSESSID=nobkbresbfb37ihhv58psoost5',
  'accept-language' => 'zh-CN,zh;q=0.9,en;q=0.8,zh-TW;q=0.7',
  'accept-encoding' => 'gzip, deflate',
  'referer' => 'http://testt.pcnfc.com/open/users/',
  'accept' => 'image/webp,image/apng,image/*,*/*;q=0.8',
  'user-agent' => 'Mozilla/5.0 (Windows NT 6.1; WOW64) AppleWebKit/537.36 (KHTML, like Gecko) Chrome/63.0.3239.132 Safari/537.36',
  'connection' => 'close',
  'host' => 'testt.pcnfc.com',
)
[ info ] [ PARAM ] array (
)
---------------------------------------------------------------
[ 2018-11-28T09:23:34+08:00 ] 127.0.0.1 GET testt.pcnfc.com/open/users/
[运行时间：0.102002s] [吞吐率：9.80req/s] [内存消耗：3,024.04kb] [文件加载：94]
[ info ] [ LANG ] D:\mf\pcnfctest\thinkphp\lang\zh-cn.php
[ info ] [ ROUTE ] array (
)
[ info ] [ HEADER ] array (
  'cookie' => 'pgv_pvi=7296268288; workspaceParam=index%7CInfo; PHPSESSID=nobkbresbfb37ihhv58psoost5',
  'accept-language' => 'zh-CN,zh;q=0.9,en;q=0.8,zh-TW;q=0.7',
  'accept-encoding' => 'gzip, deflate',
  'referer' => 'http://testt.pcnfc.com/open/users/',
  'accept' => 'image/webp,image/apng,image/*,*/*;q=0.8',
  'user-agent' => 'Mozilla/5.0 (Windows NT 6.1; WOW64) AppleWebKit/537.36 (KHTML, like Gecko) Chrome/63.0.3239.132 Safari/537.36',
  'connection' => 'close',
  'host' => 'testt.pcnfc.com',
)
[ info ] [ PARAM ] array (
)
[ info ] [ DB ] INIT mysql
[ info ] [ VIEW ] D:\mf\pcnfctest\application\open\view\users\index.html [ array (
  0 => 'user',
  1 => 'title',
  2 => 'login_ads',
) ]
---------------------------------------------------------------
[ 2018-11-28T09:23:53+08:00 ] 127.0.0.1 POST testt.pcnfc.com/open/users/login
[运行时间：0.118403s] [吞吐率：8.45req/s] [内存消耗：2,876.73kb] [文件加载：90]
[ info ] [ LANG ] D:\mf\pcnfctest\thinkphp\lang\zh-cn.php
[ info ] [ ROUTE ] array (
)
[ info ] [ HEADER ] array (
  'cookie' => 'pgv_pvi=7296268288; workspaceParam=index%7CInfo; PHPSESSID=nobkbresbfb37ihhv58psoost5',
  'accept-language' => 'zh-CN,zh;q=0.9,en;q=0.8,zh-TW;q=0.7',
  'accept-encoding' => 'gzip, deflate',
  'referer' => 'http://testt.pcnfc.com/open/users/',
  'content-type' => 'application/x-www-form-urlencoded; charset=UTF-8',
  'user-agent' => 'Mozilla/5.0 (Windows NT 6.1; WOW64) AppleWebKit/537.36 (KHTML, like Gecko) Chrome/63.0.3239.132 Safari/537.36',
  'x-requested-with' => 'XMLHttpRequest',
  'origin' => 'http://testt.pcnfc.com',
  'accept' => 'application/json, text/javascript, */*; q=0.01',
  'content-length' => '52',
  'connection' => 'close',
  'host' => 'testt.pcnfc.com',
)
[ info ] [ PARAM ] array (
  'username' => '18325048987',
  'password' => '11111111',
  'randcode' => 'fabr',
)
[ info ] [ DB ] INIT mysql
---------------------------------------------------------------
[ 2018-11-28T09:23:54+08:00 ] 127.0.0.1 POST testt.pcnfc.com/open/manager/index.html
[运行时间：0.438607s] [吞吐率：2.28req/s] [内存消耗：3,299.05kb] [文件加载：101]
[ info ] [ LANG ] D:\mf\pcnfctest\thinkphp\lang\zh-cn.php
[ info ] [ ROUTE ] array (
)
[ info ] [ HEADER ] array (
  'cookie' => 'pgv_pvi=7296268288; workspaceParam=index%7CInfo; PHPSESSID=nobkbresbfb37ihhv58psoost5',
  'accept-language' => 'zh-CN,zh;q=0.9,en;q=0.8,zh-TW;q=0.7',
  'accept-encoding' => 'gzip, deflate',
  'referer' => 'http://testt.pcnfc.com/open/users/',
  'accept' => 'text/html,application/xhtml+xml,application/xml;q=0.9,image/webp,image/apng,*/*;q=0.8',
  'content-type' => 'application/x-www-form-urlencoded',
  'user-agent' => 'Mozilla/5.0 (Windows NT 6.1; WOW64) AppleWebKit/537.36 (KHTML, like Gecko) Chrome/63.0.3239.132 Safari/537.36',
  'upgrade-insecure-requests' => '1',
  'origin' => 'http://testt.pcnfc.com',
  'cache-control' => 'max-age=0',
  'content-length' => '75',
  'connection' => 'close',
  'host' => 'testt.pcnfc.com',
)
[ info ] [ PARAM ] array (
  'username' => '18325048987',
  'password' => '11111111',
  'randcode' => 'fabr',
  'action' => 'submit',
  'forward' => '',
)
[ info ] [ DB ] INIT mysql
[ info ] [ VIEW ] D:\mf\pcnfctest\application\open\view\manager\index.html [ array (
  0 => 'user',
  1 => 'title',
  2 => 'status',
  3 => 'adv',
  4 => 'msg',
  5 => 'userCount',
  6 => 'viewSum',
) ]
---------------------------------------------------------------
[ 2018-11-28T09:23:54+08:00 ] 127.0.0.1 GET testt.pcnfc.com/open/manager/favicon.ico
[运行时间：0.122805s] [吞吐率：8.14req/s] [内存消耗：2,906.10kb] [文件加载：90]
[ info ] [ LANG ] D:\mf\pcnfctest\thinkphp\lang\zh-cn.php
[ info ] [ ROUTE ] array (
)
[ info ] [ HEADER ] array (
  'cookie' => 'pgv_pvi=7296268288; workspaceParam=index%7CInfo; PHPSESSID=nobkbresbfb37ihhv58psoost5',
  'accept-language' => 'zh-CN,zh;q=0.9,en;q=0.8,zh-TW;q=0.7',
  'accept-encoding' => 'gzip, deflate',
  'referer' => 'http://testt.pcnfc.com/open/manager/index.html',
  'accept' => 'image/webp,image/apng,image/*,*/*;q=0.8',
  'user-agent' => 'Mozilla/5.0 (Windows NT 6.1; WOW64) AppleWebKit/537.36 (KHTML, like Gecko) Chrome/63.0.3239.132 Safari/537.36',
  'connection' => 'close',
  'host' => 'testt.pcnfc.com',
)
[ info ] [ PARAM ] array (
)
[ info ] [ DB ] INIT mysql
---------------------------------------------------------------
[ 2018-11-28T09:23:57+08:00 ] 127.0.0.1 GET testt.pcnfc.com/open/manager/userAccount.html
[运行时间：0.242613s] [吞吐率：4.12req/s] [内存消耗：3,076.38kb] [文件加载：92]
[ info ] [ LANG ] D:\mf\pcnfctest\thinkphp\lang\zh-cn.php
[ info ] [ ROUTE ] array (
)
[ info ] [ HEADER ] array (
  'cookie' => 'pgv_pvi=7296268288; workspaceParam=index%7CInfo; PHPSESSID=nobkbresbfb37ihhv58psoost5',
  'accept-language' => 'zh-CN,zh;q=0.9,en;q=0.8,zh-TW;q=0.7',
  'accept-encoding' => 'gzip, deflate',
  'referer' => 'http://testt.pcnfc.com/open/manager/index.html',
  'accept' => 'text/html,application/xhtml+xml,application/xml;q=0.9,image/webp,image/apng,*/*;q=0.8',
  'user-agent' => 'Mozilla/5.0 (Windows NT 6.1; WOW64) AppleWebKit/537.36 (KHTML, like Gecko) Chrome/63.0.3239.132 Safari/537.36',
  'upgrade-insecure-requests' => '1',
  'connection' => 'close',
  'host' => 'testt.pcnfc.com',
)
[ info ] [ PARAM ] array (
)
[ info ] [ DB ] INIT mysql
[ info ] [ VIEW ] D:\mf\pcnfctest\application\open\view\manager\user_account.html [ array (
  0 => 'user',
  1 => 'title',
  2 => 'status',
  3 => 'type',
  4 => 'users',
) ]
---------------------------------------------------------------
[ 2018-11-28T09:24:06+08:00 ] 127.0.0.1 GET testt.pcnfc.com/admin/index/index.html
[运行时间：0.090605s] [吞吐率：11.04req/s] [内存消耗：1,850.42kb] [文件加载：81]
[ info ] [ LANG ] D:\mf\pcnfctest\thinkphp\lang\zh-cn.php
[ info ] [ ROUTE ] array (
)
[ info ] [ HEADER ] array (
  'cookie' => 'pgv_pvi=7296268288; workspaceParam=index%7CInfo; PHPSESSID=nobkbresbfb37ihhv58psoost5',
  'accept-language' => 'zh-CN,zh;q=0.9,en;q=0.8,zh-TW;q=0.7',
  'accept-encoding' => 'gzip, deflate',
  'accept' => 'text/html,application/xhtml+xml,application/xml;q=0.9,image/webp,image/apng,*/*;q=0.8',
  'user-agent' => 'Mozilla/5.0 (Windows NT 6.1; WOW64) AppleWebKit/537.36 (KHTML, like Gecko) Chrome/63.0.3239.132 Safari/537.36',
  'upgrade-insecure-requests' => '1',
  'connection' => 'close',
  'host' => 'testt.pcnfc.com',
)
[ info ] [ PARAM ] array (
)
[ info ] [ VIEW ] D:\mf\pcnfctest\application\admin\view\public\jump.html [ array (
  0 => 'code',
  1 => 'msg',
  2 => 'data',
  3 => 'url',
  4 => 'wait',
) ]
---------------------------------------------------------------
[ 2018-11-28T09:24:08+08:00 ] 127.0.0.1 GET testt.pcnfc.com/admin.html
[运行时间：0.234013s] [吞吐率：4.27req/s] [内存消耗：3,065.43kb] [文件加载：97]
[ info ] [ LANG ] D:\mf\pcnfctest\thinkphp\lang\zh-cn.php
[ info ] [ ROUTE ] array (
  'rule' => 'admin',
  'route' => 'admin/Admin/login',
  'option' => 
  array (
    'merge_rule_regex' => false,
    'complete_match' => true,
  ),
  'var' => 
  array (
  ),
)
[ info ] [ HEADER ] array (
  'cookie' => 'pgv_pvi=7296268288; workspaceParam=index%7CInfo; PHPSESSID=nobkbresbfb37ihhv58psoost5',
  'accept-language' => 'zh-CN,zh;q=0.9,en;q=0.8,zh-TW;q=0.7',
  'accept-encoding' => 'gzip, deflate',
  'referer' => 'http://testt.pcnfc.com/admin/index/index.html',
  'accept' => 'text/html,application/xhtml+xml,application/xml;q=0.9,image/webp,image/apng,*/*;q=0.8',
  'user-agent' => 'Mozilla/5.0 (Windows NT 6.1; WOW64) AppleWebKit/537.36 (KHTML, like Gecko) Chrome/63.0.3239.132 Safari/537.36',
  'upgrade-insecure-requests' => '1',
  'connection' => 'close',
  'host' => 'testt.pcnfc.com',
)
[ info ] [ PARAM ] array (
)
[ info ] [ DB ] INIT mysql
[ info ] [ VIEW ] D:\mf\pcnfctest\application\admin\view\admin\login.html [ array (
  0 => 'shop_config',
  1 => 'admin',
) ]
---------------------------------------------------------------
[ 2018-11-28T09:24:08+08:00 ] 127.0.0.1 GET testt.pcnfc.com/static/upload/logo/2018/11-09/15b19b5d14fc55de10a1a9675caf2be2.png
[运行时间：0.082004s] [吞吐率：12.19req/s] [内存消耗：1,646.83kb] [文件加载：68]
[ info ] [ LANG ] D:\mf\pcnfctest\thinkphp\lang\zh-cn.php
---------------------------------------------------------------
[ 2018-11-28T09:24:09+08:00 ] 127.0.0.1 GET testt.pcnfc.com/admin/admin/verify.html
[运行时间：0.074004s] [吞吐率：13.51req/s] [内存消耗：1,913.03kb] [文件加载：80]
[ info ] [ LANG ] D:\mf\pcnfctest\thinkphp\lang\zh-cn.php
[ info ] [ ROUTE ] array (
)
[ info ] [ HEADER ] array (
  'cookie' => 'pgv_pvi=7296268288; workspaceParam=index%7CInfo; PHPSESSID=nobkbresbfb37ihhv58psoost5',
  'accept-language' => 'zh-CN,zh;q=0.9,en;q=0.8,zh-TW;q=0.7',
  'accept-encoding' => 'gzip, deflate',
  'referer' => 'http://testt.pcnfc.com/admin.html',
  'accept' => 'image/webp,image/apng,image/*,*/*;q=0.8',
  'user-agent' => 'Mozilla/5.0 (Windows NT 6.1; WOW64) AppleWebKit/537.36 (KHTML, like Gecko) Chrome/63.0.3239.132 Safari/537.36',
  'connection' => 'close',
  'host' => 'testt.pcnfc.com',
)
[ info ] [ PARAM ] array (
)
---------------------------------------------------------------
[ 2018-11-28T09:24:09+08:00 ] 127.0.0.1 GET testt.pcnfc.com/static/upload/logo/2018/11-09/70dcd275b67182d5a1dfbc647f4b80b9.png
[运行时间：0.059004s] [吞吐率：16.95req/s] [内存消耗：1,646.83kb] [文件加载：68]
[ info ] [ LANG ] D:\mf\pcnfctest\thinkphp\lang\zh-cn.php
---------------------------------------------------------------
[ 2018-11-28T09:24:21+08:00 ] 127.0.0.1 POST testt.pcnfc.com/admin.html?t=0.9711684827850284
[运行时间：0.224806s] [吞吐率：4.45req/s] [内存消耗：3,157.59kb] [文件加载：99]
[ info ] [ LANG ] D:\mf\pcnfctest\thinkphp\lang\zh-cn.php
[ info ] [ ROUTE ] array (
  'rule' => 'admin',
  'route' => 'admin/Admin/login',
  'option' => 
  array (
    'merge_rule_regex' => false,
    'complete_match' => true,
  ),
  'var' => 
  array (
  ),
)
[ info ] [ HEADER ] array (
  'cookie' => 'pgv_pvi=7296268288; workspaceParam=index%7CInfo; PHPSESSID=nobkbresbfb37ihhv58psoost5',
  'accept-language' => 'zh-CN,zh;q=0.9,en;q=0.8,zh-TW;q=0.7',
  'accept-encoding' => 'gzip, deflate',
  'referer' => 'http://testt.pcnfc.com/admin.html',
  'content-type' => 'application/x-www-form-urlencoded; charset=UTF-8',
  'user-agent' => 'Mozilla/5.0 (Windows NT 6.1; WOW64) AppleWebKit/537.36 (KHTML, like Gecko) Chrome/63.0.3239.132 Safari/537.36',
  'x-requested-with' => 'XMLHttpRequest',
  'origin' => 'http://testt.pcnfc.com',
  'accept' => 'application/json, text/javascript, */*; q=0.01',
  'content-length' => '44',
  'connection' => 'close',
  'host' => 'testt.pcnfc.com',
)
[ info ] [ PARAM ] array (
  't' => '0.9711684827850284',
  'username' => 'mafei',
  'password' => '11111111',
  'verify' => 'glzu',
)
[ info ] [ DB ] INIT mysql
---------------------------------------------------------------
[ 2018-11-28T09:24:21+08:00 ] 127.0.0.1 GET testt.pcnfc.com/admin/index/index.html
[运行时间：0.241609s] [吞吐率：4.14req/s] [内存消耗：3,243.39kb] [文件加载：102]
[ info ] [ LANG ] D:\mf\pcnfctest\thinkphp\lang\zh-cn.php
[ info ] [ ROUTE ] array (
)
[ info ] [ HEADER ] array (
  'cookie' => 'pgv_pvi=7296268288; workspaceParam=index%7CInfo; PHPSESSID=nobkbresbfb37ihhv58psoost5',
  'accept-language' => 'zh-CN,zh;q=0.9,en;q=0.8,zh-TW;q=0.7',
  'accept-encoding' => 'gzip, deflate',
  'referer' => 'http://testt.pcnfc.com/admin.html',
  'accept' => 'text/html,application/xhtml+xml,application/xml;q=0.9,image/webp,image/apng,*/*;q=0.8',
  'user-agent' => 'Mozilla/5.0 (Windows NT 6.1; WOW64) AppleWebKit/537.36 (KHTML, like Gecko) Chrome/63.0.3239.132 Safari/537.36',
  'upgrade-insecure-requests' => '1',
  'connection' => 'close',
  'host' => 'testt.pcnfc.com',
)
[ info ] [ PARAM ] array (
)
[ info ] [ DB ] INIT mysql
[ info ] [ VIEW ] D:\mf\pcnfctest\application\admin\view\index\index.html [ array (
  0 => 'tpshop_config',
  1 => 'order_amount',
  2 => 'admin_info',
  3 => 'menu',
) ]
---------------------------------------------------------------
[ 2018-11-28T09:24:21+08:00 ] 127.0.0.1 GET testt.pcnfc.com/static/upload/logo/2018/11-13/b2725889db979757573bfebeb9aa96dc.png
[运行时间：0.050202s] [吞吐率：19.92req/s] [内存消耗：1,646.80kb] [文件加载：68]
[ info ] [ LANG ] D:\mf\pcnfctest\thinkphp\lang\zh-cn.php
---------------------------------------------------------------
[ 2018-11-28T09:24:22+08:00 ] 127.0.0.1 GET testt.pcnfc.com/Admin/Info/index
[运行时间：0.076401s] [吞吐率：13.09req/s] [内存消耗：2,055.84kb] [文件加载：86]
[ info ] [ LANG ] D:\mf\pcnfctest\thinkphp\lang\zh-cn.php
[ info ] [ ROUTE ] array (
)
[ info ] [ HEADER ] array (
  'cookie' => 'pgv_pvi=7296268288; workspaceParam=index%7CInfo; PHPSESSID=nobkbresbfb37ihhv58psoost5',
  'accept-language' => 'zh-CN,zh;q=0.9,en;q=0.8,zh-TW;q=0.7',
  'accept-encoding' => 'gzip, deflate',
  'referer' => 'http://testt.pcnfc.com/admin/index/index.html',
  'accept' => 'text/html,application/xhtml+xml,application/xml;q=0.9,image/webp,image/apng,*/*;q=0.8',
  'user-agent' => 'Mozilla/5.0 (Windows NT 6.1; WOW64) AppleWebKit/537.36 (KHTML, like Gecko) Chrome/63.0.3239.132 Safari/537.36',
  'upgrade-insecure-requests' => '1',
  'connection' => 'close',
  'host' => 'testt.pcnfc.com',
)
[ info ] [ PARAM ] array (
)
[ info ] [ VIEW ] D:\mf\pcnfctest\application\admin\view\info\index_1.html [ array (
) ]
[ error ] [8]未定义变量: totalCount[D:\mf\pcnfctest\runtime\temp\89cf62b4382962b2013e0182fc3dd7d6.php:197]
---------------------------------------------------------------
[ 2018-11-28T09:24:22+08:00 ] 127.0.0.1 GET testt.pcnfc.com/static/js/jquery-ui/images/ui-bg_highlight-soft_100_f6f6f6_1x100.png
[运行时间：0.061003s] [吞吐率：16.39req/s] [内存消耗：1,647.00kb] [文件加载：68]
[ info ] [ LANG ] D:\mf\pcnfctest\thinkphp\lang\zh-cn.php
---------------------------------------------------------------
[ 2018-11-28T09:24:23+08:00 ] 127.0.0.1 GET testt.pcnfc.com/static/js/jquery-ui/images/ui-icons_666666_256x240.png
[运行时间：0.051003s] [吞吐率：19.61req/s] [内存消耗：1,646.84kb] [文件加载：68]
[ info ] [ LANG ] D:\mf\pcnfctest\thinkphp\lang\zh-cn.php
---------------------------------------------------------------
[ 2018-11-28T09:24:23+08:00 ] 127.0.0.1 GET testt.pcnfc.com/admin/info/index?draw=1&columns%5B0%5D%5Bdata%5D=id&columns%5B0%5D%5Bname%5D=&columns%5B0%5D%5Bsearchable%5D=true&columns%5B0%5D%5Borderable%5D=true&columns%5B0%5D%5Bsearch%5D%5Bvalue%5D=&columns%5B0%5D%5Bsearch%5D%5Bregex%5D=false&columns%5B1%5D%5Bdata%5D=title&columns%5B1%5D%5Bname%5D=&columns%5B1%5D%5Bsearchable%5D=true&columns%5B1%5D%5Borderable%5D=true&columns%5B1%5D%5Bsearch%5D%5Bvalue%5D=&columns%5B1%5D%5Bsearch%5D%5Bregex%5D=false&columns%5B2%5D%5Bdata%5D%5B_%5D=username&columns%5B2%5D%5Bdata%5D%5Bsort%5D=user_id&columns%5B2%5D%5Bname%5D=&columns%5B2%5D%5Bsearchable%5D=true&columns%5B2%5D%5Borderable%5D=true&columns%5B2%5D%5Bsearch%5D%5Bvalue%5D=&columns%5B2%5D%5Bsearch%5D%5Bregex%5D=false&columns%5B3%5D%5Bdata%5D=&columns%5B3%5D%5Bname%5D=&columns%5B3%5D%5Bsearchable%5D=true&columns%5B3%5D%5Borderable%5D=false&columns%5B3%5D%5Bsearch%5D%5Bvalue%5D=&columns%5B3%5D%5Bsearch%5D%5Bregex%5D=false&order%5B0%5D%5Bcolumn%5D=0&order%5B0%5D%5Bdir%5D=asc&start=0&length=4&search%5Bvalue%5D=&search%5Bregex%5D=false&_=1543368262377
[运行时间：0.187200s] [吞吐率：5.34req/s] [内存消耗：3,155.72kb] [文件加载：100]
[ info ] [ LANG ] D:\mf\pcnfctest\thinkphp\lang\zh-cn.php
[ info ] [ ROUTE ] array (
)
[ info ] [ HEADER ] array (
  'cookie' => 'pgv_pvi=7296268288; workspaceParam=index%7CInfo; PHPSESSID=nobkbresbfb37ihhv58psoost5',
  'accept-language' => 'zh-CN,zh;q=0.9,en;q=0.8,zh-TW;q=0.7',
  'accept-encoding' => 'gzip, deflate',
  'referer' => 'http://testt.pcnfc.com/Admin/Info/index',
  'user-agent' => 'Mozilla/5.0 (Windows NT 6.1; WOW64) AppleWebKit/537.36 (KHTML, like Gecko) Chrome/63.0.3239.132 Safari/537.36',
  'x-requested-with' => 'XMLHttpRequest',
  'accept' => 'application/json, text/javascript, */*; q=0.01',
  'connection' => 'close',
  'host' => 'testt.pcnfc.com',
)
[ info ] [ PARAM ] array (
  'draw' => '1',
  'columns' => 
  array (
    0 => 
    array (
      'data' => 'id',
      'name' => '',
      'searchable' => 'true',
      'orderable' => 'true',
      'search' => 
      array (
        'value' => '',
        'regex' => 'false',
      ),
    ),
    1 => 
    array (
      'data' => 'title',
      'name' => '',
      'searchable' => 'true',
      'orderable' => 'true',
      'search' => 
      array (
        'value' => '',
        'regex' => 'false',
      ),
    ),
    2 => 
    array (
      'data' => 
      array (
        '_' => 'username',
        'sort' => 'user_id',
      ),
      'name' => '',
      'searchable' => 'true',
      'orderable' => 'true',
      'search' => 
      array (
        'value' => '',
        'regex' => 'false',
      ),
    ),
    3 => 
    array (
      'data' => '',
      'name' => '',
      'searchable' => 'true',
      'orderable' => 'false',
      'search' => 
      array (
        'value' => '',
        'regex' => 'false',
      ),
    ),
  ),
  'order' => 
  array (
    0 => 
    array (
      'column' => '0',
      'dir' => 'asc',
    ),
  ),
  'start' => '0',
  'length' => '4',
  'search' => 
  array (
    'value' => '',
    'regex' => 'false',
  ),
  '_' => '1543368262377',
)
[ info ] [ DB ] INIT mysql
[ error ] [8]未定义数组索引: user_id[D:\mf\pcnfctest\application\admin\controller\Info.php:44]
[ error ] [8]未定义数组索引: id[D:\mf\pcnfctest\application\admin\controller\Info.php:47]
[ error ] [8]未定义数组索引: status[D:\mf\pcnfctest\application\admin\controller\Info.php:50]
[ error ] [8]未定义数组索引: plus[D:\mf\pcnfctest\application\admin\controller\Info.php:53]
[ error ] [8]未定义数组索引: keywords[D:\mf\pcnfctest\application\admin\controller\Info.php:56]
[ error ] [8]未定义数组索引: id[D:\mf\pcnfctest\application\admin\controller\Info.php:75]
[ error ] [8]未定义数组索引: id[D:\mf\pcnfctest\application\admin\controller\Info.php:82]
[ error ] [8]未定义数组索引: id[D:\mf\pcnfctest\application\admin\controller\Info.php:75]
[ error ] [8]未定义数组索引: id[D:\mf\pcnfctest\application\admin\controller\Info.php:82]
[ error ] [8]未定义数组索引: id[D:\mf\pcnfctest\application\admin\controller\Info.php:75]
[ error ] [8]未定义数组索引: id[D:\mf\pcnfctest\application\admin\controller\Info.php:82]
[ error ] [8]未定义数组索引: id[D:\mf\pcnfctest\application\admin\controller\Info.php:75]
[ error ] [8]未定义数组索引: id[D:\mf\pcnfctest\application\admin\controller\Info.php:82]
[ error ] [8]未定义数组索引: id[D:\mf\pcnfctest\application\admin\controller\Info.php:75]
[ error ] [8]未定义数组索引: id[D:\mf\pcnfctest\application\admin\controller\Info.php:82]
[ error ] [8]未定义数组索引: id[D:\mf\pcnfctest\application\admin\controller\Info.php:75]
[ error ] [8]未定义数组索引: id[D:\mf\pcnfctest\application\admin\controller\Info.php:82]
[ error ] [8]未定义数组索引: id[D:\mf\pcnfctest\application\admin\controller\Info.php:75]
[ error ] [8]未定义数组索引: id[D:\mf\pcnfctest\application\admin\controller\Info.php:82]
[ error ] [8]未定义数组索引: id[D:\mf\pcnfctest\application\admin\controller\Info.php:75]
[ error ] [8]未定义数组索引: id[D:\mf\pcnfctest\application\admin\controller\Info.php:82]
[ error ] [8]未定义数组索引: id[D:\mf\pcnfctest\application\admin\controller\Info.php:75]
[ error ] [8]未定义数组索引: id[D:\mf\pcnfctest\application\admin\controller\Info.php:82]
[ error ] [8]未定义数组索引: id[D:\mf\pcnfctest\application\admin\controller\Info.php:75]
[ error ] [8]未定义数组索引: id[D:\mf\pcnfctest\application\admin\controller\Info.php:82]
---------------------------------------------------------------
[ 2018-11-28T09:24:24+08:00 ] 127.0.0.1 GET testt.pcnfc.com/Admin/Info/comment
[运行时间：0.177403s] [吞吐率：5.64req/s] [内存消耗：3,211.44kb] [文件加载：101]
[ info ] [ LANG ] D:\mf\pcnfctest\thinkphp\lang\zh-cn.php
[ info ] [ ROUTE ] array (
)
[ info ] [ HEADER ] array (
  'cookie' => 'pgv_pvi=7296268288; PHPSESSID=nobkbresbfb37ihhv58psoost5; workspaceParam=comment%7CInfo',
  'accept-language' => 'zh-CN,zh;q=0.9,en;q=0.8,zh-TW;q=0.7',
  'accept-encoding' => 'gzip, deflate',
  'referer' => 'http://testt.pcnfc.com/admin/index/index.html',
  'accept' => 'text/html,application/xhtml+xml,application/xml;q=0.9,image/webp,image/apng,*/*;q=0.8',
  'user-agent' => 'Mozilla/5.0 (Windows NT 6.1; WOW64) AppleWebKit/537.36 (KHTML, like Gecko) Chrome/63.0.3239.132 Safari/537.36',
  'upgrade-insecure-requests' => '1',
  'connection' => 'close',
  'host' => 'testt.pcnfc.com',
)
[ info ] [ PARAM ] array (
)
[ info ] [ DB ] INIT mysql
[ info ] [ VIEW ] D:\mf\pcnfctest\application\admin\view\info\comment.html [ array (
  0 => 'list',
  1 => 'totalCount',
) ]
[ error ] [8]未定义数组索引: keywords[D:\mf\pcnfctest\application\admin\controller\Info.php:243]
---------------------------------------------------------------
[ 2018-11-28T09:24:25+08:00 ] 127.0.0.1 GET testt.pcnfc.com/Admin/Info/index
[运行时间：0.055603s] [吞吐率：17.98req/s] [内存消耗：1,928.52kb] [文件加载：84]
[ info ] [ LANG ] D:\mf\pcnfctest\thinkphp\lang\zh-cn.php
[ info ] [ ROUTE ] array (
)
[ info ] [ HEADER ] array (
  'cookie' => 'pgv_pvi=7296268288; PHPSESSID=nobkbresbfb37ihhv58psoost5; workspaceParam=index%7CInfo',
  'accept-language' => 'zh-CN,zh;q=0.9,en;q=0.8,zh-TW;q=0.7',
  'accept-encoding' => 'gzip, deflate',
  'referer' => 'http://testt.pcnfc.com/admin/index/index.html',
  'accept' => 'text/html,application/xhtml+xml,application/xml;q=0.9,image/webp,image/apng,*/*;q=0.8',
  'user-agent' => 'Mozilla/5.0 (Windows NT 6.1; WOW64) AppleWebKit/537.36 (KHTML, like Gecko) Chrome/63.0.3239.132 Safari/537.36',
  'upgrade-insecure-requests' => '1',
  'connection' => 'close',
  'host' => 'testt.pcnfc.com',
)
[ info ] [ PARAM ] array (
)
[ info ] [ VIEW ] D:\mf\pcnfctest\application\admin\view\info\index_1.html [ array (
) ]
[ error ] [8]未定义变量: totalCount[D:\mf\pcnfctest\runtime\temp\89cf62b4382962b2013e0182fc3dd7d6.php:197]
---------------------------------------------------------------
[ 2018-11-28T09:24:26+08:00 ] 127.0.0.1 GET testt.pcnfc.com/admin/info/index?draw=1&columns%5B0%5D%5Bdata%5D=id&columns%5B0%5D%5Bname%5D=&columns%5B0%5D%5Bsearchable%5D=true&columns%5B0%5D%5Borderable%5D=true&columns%5B0%5D%5Bsearch%5D%5Bvalue%5D=&columns%5B0%5D%5Bsearch%5D%5Bregex%5D=false&columns%5B1%5D%5Bdata%5D=title&columns%5B1%5D%5Bname%5D=&columns%5B1%5D%5Bsearchable%5D=true&columns%5B1%5D%5Borderable%5D=true&columns%5B1%5D%5Bsearch%5D%5Bvalue%5D=&columns%5B1%5D%5Bsearch%5D%5Bregex%5D=false&columns%5B2%5D%5Bdata%5D%5B_%5D=username&columns%5B2%5D%5Bdata%5D%5Bsort%5D=user_id&columns%5B2%5D%5Bname%5D=&columns%5B2%5D%5Bsearchable%5D=true&columns%5B2%5D%5Borderable%5D=true&columns%5B2%5D%5Bsearch%5D%5Bvalue%5D=&columns%5B2%5D%5Bsearch%5D%5Bregex%5D=false&columns%5B3%5D%5Bdata%5D=&columns%5B3%5D%5Bname%5D=&columns%5B3%5D%5Bsearchable%5D=true&columns%5B3%5D%5Borderable%5D=false&columns%5B3%5D%5Bsearch%5D%5Bvalue%5D=&columns%5B3%5D%5Bsearch%5D%5Bregex%5D=false&order%5B0%5D%5Bcolumn%5D=0&order%5B0%5D%5Bdir%5D=asc&start=0&length=4&search%5Bvalue%5D=&search%5Bregex%5D=false&_=1543368265990
[运行时间：0.143004s] [吞吐率：6.99req/s] [内存消耗：3,155.74kb] [文件加载：100]
[ info ] [ LANG ] D:\mf\pcnfctest\thinkphp\lang\zh-cn.php
[ info ] [ ROUTE ] array (
)
[ info ] [ HEADER ] array (
  'cookie' => 'pgv_pvi=7296268288; PHPSESSID=nobkbresbfb37ihhv58psoost5; workspaceParam=index%7CInfo',
  'accept-language' => 'zh-CN,zh;q=0.9,en;q=0.8,zh-TW;q=0.7',
  'accept-encoding' => 'gzip, deflate',
  'referer' => 'http://testt.pcnfc.com/Admin/Info/index',
  'user-agent' => 'Mozilla/5.0 (Windows NT 6.1; WOW64) AppleWebKit/537.36 (KHTML, like Gecko) Chrome/63.0.3239.132 Safari/537.36',
  'x-requested-with' => 'XMLHttpRequest',
  'accept' => 'application/json, text/javascript, */*; q=0.01',
  'connection' => 'close',
  'host' => 'testt.pcnfc.com',
)
[ info ] [ PARAM ] array (
  'draw' => '1',
  'columns' => 
  array (
    0 => 
    array (
      'data' => 'id',
      'name' => '',
      'searchable' => 'true',
      'orderable' => 'true',
      'search' => 
      array (
        'value' => '',
        'regex' => 'false',
      ),
    ),
    1 => 
    array (
      'data' => 'title',
      'name' => '',
      'searchable' => 'true',
      'orderable' => 'true',
      'search' => 
      array (
        'value' => '',
        'regex' => 'false',
      ),
    ),
    2 => 
    array (
      'data' => 
      array (
        '_' => 'username',
        'sort' => 'user_id',
      ),
      'name' => '',
      'searchable' => 'true',
      'orderable' => 'true',
      'search' => 
      array (
        'value' => '',
        'regex' => 'false',
      ),
    ),
    3 => 
    array (
      'data' => '',
      'name' => '',
      'searchable' => 'true',
      'orderable' => 'false',
      'search' => 
      array (
        'value' => '',
        'regex' => 'false',
      ),
    ),
  ),
  'order' => 
  array (
    0 => 
    array (
      'column' => '0',
      'dir' => 'asc',
    ),
  ),
  'start' => '0',
  'length' => '4',
  'search' => 
  array (
    'value' => '',
    'regex' => 'false',
  ),
  '_' => '1543368265990',
)
[ info ] [ DB ] INIT mysql
[ error ] [8]未定义数组索引: user_id[D:\mf\pcnfctest\application\admin\controller\Info.php:44]
[ error ] [8]未定义数组索引: id[D:\mf\pcnfctest\application\admin\controller\Info.php:47]
[ error ] [8]未定义数组索引: status[D:\mf\pcnfctest\application\admin\controller\Info.php:50]
[ error ] [8]未定义数组索引: plus[D:\mf\pcnfctest\application\admin\controller\Info.php:53]
[ error ] [8]未定义数组索引: keywords[D:\mf\pcnfctest\application\admin\controller\Info.php:56]
[ error ] [8]未定义数组索引: id[D:\mf\pcnfctest\application\admin\controller\Info.php:75]
[ error ] [8]未定义数组索引: id[D:\mf\pcnfctest\application\admin\controller\Info.php:82]
[ error ] [8]未定义数组索引: id[D:\mf\pcnfctest\application\admin\controller\Info.php:75]
[ error ] [8]未定义数组索引: id[D:\mf\pcnfctest\application\admin\controller\Info.php:82]
[ error ] [8]未定义数组索引: id[D:\mf\pcnfctest\application\admin\controller\Info.php:75]
[ error ] [8]未定义数组索引: id[D:\mf\pcnfctest\application\admin\controller\Info.php:82]
[ error ] [8]未定义数组索引: id[D:\mf\pcnfctest\application\admin\controller\Info.php:75]
[ error ] [8]未定义数组索引: id[D:\mf\pcnfctest\application\admin\controller\Info.php:82]
[ error ] [8]未定义数组索引: id[D:\mf\pcnfctest\application\admin\controller\Info.php:75]
[ error ] [8]未定义数组索引: id[D:\mf\pcnfctest\application\admin\controller\Info.php:82]
[ error ] [8]未定义数组索引: id[D:\mf\pcnfctest\application\admin\controller\Info.php:75]
[ error ] [8]未定义数组索引: id[D:\mf\pcnfctest\application\admin\controller\Info.php:82]
[ error ] [8]未定义数组索引: id[D:\mf\pcnfctest\application\admin\controller\Info.php:75]
[ error ] [8]未定义数组索引: id[D:\mf\pcnfctest\application\admin\controller\Info.php:82]
[ error ] [8]未定义数组索引: id[D:\mf\pcnfctest\application\admin\controller\Info.php:75]
[ error ] [8]未定义数组索引: id[D:\mf\pcnfctest\application\admin\controller\Info.php:82]
[ error ] [8]未定义数组索引: id[D:\mf\pcnfctest\application\admin\controller\Info.php:75]
[ error ] [8]未定义数组索引: id[D:\mf\pcnfctest\application\admin\controller\Info.php:82]
[ error ] [8]未定义数组索引: id[D:\mf\pcnfctest\application\admin\controller\Info.php:75]
[ error ] [8]未定义数组索引: id[D:\mf\pcnfctest\application\admin\controller\Info.php:82]
---------------------------------------------------------------
[ 2018-11-28T09:24:37+08:00 ] 127.0.0.1 GET testt.pcnfc.com/admin/info/index?draw=11&columns%5B0%5D%5Bdata%5D=id&columns%5B0%5D%5Bname%5D=&columns%5B0%5D%5Bsearchable%5D=true&columns%5B0%5D%5Borderable%5D=true&columns%5B0%5D%5Bsearch%5D%5Bvalue%5D=&columns%5B0%5D%5Bsearch%5D%5Bregex%5D=false&columns%5B1%5D%5Bdata%5D=title&columns%5B1%5D%5Bname%5D=&columns%5B1%5D%5Bsearchable%5D=true&columns%5B1%5D%5Borderable%5D=true&columns%5B1%5D%5Bsearch%5D%5Bvalue%5D=&columns%5B1%5D%5Bsearch%5D%5Bregex%5D=false&columns%5B2%5D%5Bdata%5D%5B_%5D=username&columns%5B2%5D%5Bdata%5D%5Bsort%5D=user_id&columns%5B2%5D%5Bname%5D=&columns%5B2%5D%5Bsearchable%5D=true&columns%5B2%5D%5Borderable%5D=true&columns%5B2%5D%5Bsearch%5D%5Bvalue%5D=&columns%5B2%5D%5Bsearch%5D%5Bregex%5D=false&columns%5B3%5D%5Bdata%5D=&columns%5B3%5D%5Bname%5D=&columns%5B3%5D%5Bsearchable%5D=true&columns%5B3%5D%5Borderable%5D=false&columns%5B3%5D%5Bsearch%5D%5Bvalue%5D=&columns%5B3%5D%5Bsearch%5D%5Bregex%5D=false&order%5B0%5D%5Bcolumn%5D=0&order%5B0%5D%5Bdir%5D=asc&start=16&length=4&search%5Bvalue%5D=&search%5Bregex%5D=false&_=1543368265991
[运行时间：0.132801s] [吞吐率：7.53req/s] [内存消耗：3,155.74kb] [文件加载：100]
[ info ] [ LANG ] D:\mf\pcnfctest\thinkphp\lang\zh-cn.php
[ info ] [ ROUTE ] array (
)
[ info ] [ HEADER ] array (
  'cookie' => 'pgv_pvi=7296268288; PHPSESSID=nobkbresbfb37ihhv58psoost5; workspaceParam=index%7CInfo',
  'accept-language' => 'zh-CN,zh;q=0.9,en;q=0.8,zh-TW;q=0.7',
  'accept-encoding' => 'gzip, deflate',
  'referer' => 'http://testt.pcnfc.com/Admin/Info/index',
  'user-agent' => 'Mozilla/5.0 (Windows NT 6.1; WOW64) AppleWebKit/537.36 (KHTML, like Gecko) Chrome/63.0.3239.132 Safari/537.36',
  'x-requested-with' => 'XMLHttpRequest',
  'accept' => 'application/json, text/javascript, */*; q=0.01',
  'connection' => 'close',
  'host' => 'testt.pcnfc.com',
)
[ info ] [ PARAM ] array (
  'draw' => '11',
  'columns' => 
  array (
    0 => 
    array (
      'data' => 'id',
      'name' => '',
      'searchable' => 'true',
      'orderable' => 'true',
      'search' => 
      array (
        'value' => '',
        'regex' => 'false',
      ),
    ),
    1 => 
    array (
      'data' => 'title',
      'name' => '',
      'searchable' => 'true',
      'orderable' => 'true',
      'search' => 
      array (
        'value' => '',
        'regex' => 'false',
      ),
    ),
    2 => 
    array (
      'data' => 
      array (
        '_' => 'username',
        'sort' => 'user_id',
      ),
      'name' => '',
      'searchable' => 'true',
      'orderable' => 'true',
      'search' => 
      array (
        'value' => '',
        'regex' => 'false',
      ),
    ),
    3 => 
    array (
      'data' => '',
      'name' => '',
      'searchable' => 'true',
      'orderable' => 'false',
      'search' => 
      array (
        'value' => '',
        'regex' => 'false',
      ),
    ),
  ),
  'order' => 
  array (
    0 => 
    array (
      'column' => '0',
      'dir' => 'asc',
    ),
  ),
  'start' => '16',
  'length' => '4',
  'search' => 
  array (
    'value' => '',
    'regex' => 'false',
  ),
  '_' => '1543368265991',
)
[ info ] [ DB ] INIT mysql
[ error ] [8]未定义数组索引: user_id[D:\mf\pcnfctest\application\admin\controller\Info.php:44]
[ error ] [8]未定义数组索引: id[D:\mf\pcnfctest\application\admin\controller\Info.php:47]
[ error ] [8]未定义数组索引: status[D:\mf\pcnfctest\application\admin\controller\Info.php:50]
[ error ] [8]未定义数组索引: plus[D:\mf\pcnfctest\application\admin\controller\Info.php:53]
[ error ] [8]未定义数组索引: keywords[D:\mf\pcnfctest\application\admin\controller\Info.php:56]
[ error ] [8]未定义数组索引: id[D:\mf\pcnfctest\application\admin\controller\Info.php:75]
[ error ] [8]未定义数组索引: id[D:\mf\pcnfctest\application\admin\controller\Info.php:82]
[ error ] [8]未定义数组索引: id[D:\mf\pcnfctest\application\admin\controller\Info.php:75]
[ error ] [8]未定义数组索引: id[D:\mf\pcnfctest\application\admin\controller\Info.php:82]
[ error ] [8]未定义数组索引: id[D:\mf\pcnfctest\application\admin\controller\Info.php:75]
[ error ] [8]未定义数组索引: id[D:\mf\pcnfctest\application\admin\controller\Info.php:82]
[ error ] [8]未定义数组索引: id[D:\mf\pcnfctest\application\admin\controller\Info.php:75]
[ error ] [8]未定义数组索引: id[D:\mf\pcnfctest\application\admin\controller\Info.php:82]
[ error ] [8]未定义数组索引: id[D:\mf\pcnfctest\application\admin\controller\Info.php:75]
[ error ] [8]未定义数组索引: id[D:\mf\pcnfctest\application\admin\controller\Info.php:82]
[ error ] [8]未定义数组索引: id[D:\mf\pcnfctest\application\admin\controller\Info.php:75]
[ error ] [8]未定义数组索引: id[D:\mf\pcnfctest\application\admin\controller\Info.php:82]
[ error ] [8]未定义数组索引: id[D:\mf\pcnfctest\application\admin\controller\Info.php:75]
[ error ] [8]未定义数组索引: id[D:\mf\pcnfctest\application\admin\controller\Info.php:82]
[ error ] [8]未定义数组索引: id[D:\mf\pcnfctest\application\admin\controller\Info.php:75]
[ error ] [8]未定义数组索引: id[D:\mf\pcnfctest\application\admin\controller\Info.php:82]
[ error ] [8]未定义数组索引: id[D:\mf\pcnfctest\application\admin\controller\Info.php:75]
[ error ] [8]未定义数组索引: id[D:\mf\pcnfctest\application\admin\controller\Info.php:82]
[ error ] [8]未定义数组索引: id[D:\mf\pcnfctest\application\admin\controller\Info.php:75]
[ error ] [8]未定义数组索引: id[D:\mf\pcnfctest\application\admin\controller\Info.php:82]
---------------------------------------------------------------
[ 2018-11-28T09:24:38+08:00 ] 127.0.0.1 GET testt.pcnfc.com/admin/info/index?draw=12&columns%5B0%5D%5Bdata%5D=id&columns%5B0%5D%5Bname%5D=&columns%5B0%5D%5Bsearchable%5D=true&columns%5B0%5D%5Borderable%5D=true&columns%5B0%5D%5Bsearch%5D%5Bvalue%5D=&columns%5B0%5D%5Bsearch%5D%5Bregex%5D=false&columns%5B1%5D%5Bdata%5D=title&columns%5B1%5D%5Bname%5D=&columns%5B1%5D%5Bsearchable%5D=true&columns%5B1%5D%5Borderable%5D=true&columns%5B1%5D%5Bsearch%5D%5Bvalue%5D=&columns%5B1%5D%5Bsearch%5D%5Bregex%5D=false&columns%5B2%5D%5Bdata%5D%5B_%5D=username&columns%5B2%5D%5Bdata%5D%5Bsort%5D=user_id&columns%5B2%5D%5Bname%5D=&columns%5B2%5D%5Bsearchable%5D=true&columns%5B2%5D%5Borderable%5D=true&columns%5B2%5D%5Bsearch%5D%5Bvalue%5D=&columns%5B2%5D%5Bsearch%5D%5Bregex%5D=false&columns%5B3%5D%5Bdata%5D=&columns%5B3%5D%5Bname%5D=&columns%5B3%5D%5Bsearchable%5D=true&columns%5B3%5D%5Borderable%5D=false&columns%5B3%5D%5Bsearch%5D%5Bvalue%5D=&columns%5B3%5D%5Bsearch%5D%5Bregex%5D=false&order%5B0%5D%5Bcolumn%5D=0&order%5B0%5D%5Bdir%5D=asc&start=8&length=4&search%5Bvalue%5D=&search%5Bregex%5D=false&_=1543368265992
[运行时间：0.118200s] [吞吐率：8.46req/s] [内存消耗：3,155.74kb] [文件加载：100]
[ info ] [ LANG ] D:\mf\pcnfctest\thinkphp\lang\zh-cn.php
[ info ] [ ROUTE ] array (
)
[ info ] [ HEADER ] array (
  'cookie' => 'pgv_pvi=7296268288; PHPSESSID=nobkbresbfb37ihhv58psoost5; workspaceParam=index%7CInfo',
  'accept-language' => 'zh-CN,zh;q=0.9,en;q=0.8,zh-TW;q=0.7',
  'accept-encoding' => 'gzip, deflate',
  'referer' => 'http://testt.pcnfc.com/Admin/Info/index',
  'user-agent' => 'Mozilla/5.0 (Windows NT 6.1; WOW64) AppleWebKit/537.36 (KHTML, like Gecko) Chrome/63.0.3239.132 Safari/537.36',
  'x-requested-with' => 'XMLHttpRequest',
  'accept' => 'application/json, text/javascript, */*; q=0.01',
  'connection' => 'close',
  'host' => 'testt.pcnfc.com',
)
[ info ] [ PARAM ] array (
  'draw' => '12',
  'columns' => 
  array (
    0 => 
    array (
      'data' => 'id',
      'name' => '',
      'searchable' => 'true',
      'orderable' => 'true',
      'search' => 
      array (
        'value' => '',
        'regex' => 'false',
      ),
    ),
    1 => 
    array (
      'data' => 'title',
      'name' => '',
      'searchable' => 'true',
      'orderable' => 'true',
      'search' => 
      array (
        'value' => '',
        'regex' => 'false',
      ),
    ),
    2 => 
    array (
      'data' => 
      array (
        '_' => 'username',
        'sort' => 'user_id',
      ),
      'name' => '',
      'searchable' => 'true',
      'orderable' => 'true',
      'search' => 
      array (
        'value' => '',
        'regex' => 'false',
      ),
    ),
    3 => 
    array (
      'data' => '',
      'name' => '',
      'searchable' => 'true',
      'orderable' => 'false',
      'search' => 
      array (
        'value' => '',
        'regex' => 'false',
      ),
    ),
  ),
  'order' => 
  array (
    0 => 
    array (
      'column' => '0',
      'dir' => 'asc',
    ),
  ),
  'start' => '8',
  'length' => '4',
  'search' => 
  array (
    'value' => '',
    'regex' => 'false',
  ),
  '_' => '1543368265992',
)
[ info ] [ DB ] INIT mysql
[ error ] [8]未定义数组索引: user_id[D:\mf\pcnfctest\application\admin\controller\Info.php:44]
[ error ] [8]未定义数组索引: id[D:\mf\pcnfctest\application\admin\controller\Info.php:47]
[ error ] [8]未定义数组索引: status[D:\mf\pcnfctest\application\admin\controller\Info.php:50]
[ error ] [8]未定义数组索引: plus[D:\mf\pcnfctest\application\admin\controller\Info.php:53]
[ error ] [8]未定义数组索引: keywords[D:\mf\pcnfctest\application\admin\controller\Info.php:56]
[ error ] [8]未定义数组索引: id[D:\mf\pcnfctest\application\admin\controller\Info.php:75]
[ error ] [8]未定义数组索引: id[D:\mf\pcnfctest\application\admin\controller\Info.php:82]
[ error ] [8]未定义数组索引: id[D:\mf\pcnfctest\application\admin\controller\Info.php:75]
[ error ] [8]未定义数组索引: id[D:\mf\pcnfctest\application\admin\controller\Info.php:82]
[ error ] [8]未定义数组索引: id[D:\mf\pcnfctest\application\admin\controller\Info.php:75]
[ error ] [8]未定义数组索引: id[D:\mf\pcnfctest\application\admin\controller\Info.php:82]
[ error ] [8]未定义数组索引: id[D:\mf\pcnfctest\application\admin\controller\Info.php:75]
[ error ] [8]未定义数组索引: id[D:\mf\pcnfctest\application\admin\controller\Info.php:82]
[ error ] [8]未定义数组索引: id[D:\mf\pcnfctest\application\admin\controller\Info.php:75]
[ error ] [8]未定义数组索引: id[D:\mf\pcnfctest\application\admin\controller\Info.php:82]
[ error ] [8]未定义数组索引: id[D:\mf\pcnfctest\application\admin\controller\Info.php:75]
[ error ] [8]未定义数组索引: id[D:\mf\pcnfctest\application\admin\controller\Info.php:82]
[ error ] [8]未定义数组索引: id[D:\mf\pcnfctest\application\admin\controller\Info.php:75]
[ error ] [8]未定义数组索引: id[D:\mf\pcnfctest\application\admin\controller\Info.php:82]
[ error ] [8]未定义数组索引: id[D:\mf\pcnfctest\application\admin\controller\Info.php:75]
[ error ] [8]未定义数组索引: id[D:\mf\pcnfctest\application\admin\controller\Info.php:82]
[ error ] [8]未定义数组索引: id[D:\mf\pcnfctest\application\admin\controller\Info.php:75]
[ error ] [8]未定义数组索引: id[D:\mf\pcnfctest\application\admin\controller\Info.php:82]
[ error ] [8]未定义数组索引: id[D:\mf\pcnfctest\application\admin\controller\Info.php:75]
[ error ] [8]未定义数组索引: id[D:\mf\pcnfctest\application\admin\controller\Info.php:82]
---------------------------------------------------------------
[ 2018-11-28T09:24:53+08:00 ] 127.0.0.1 GET testt.pcnfc.com/Admin/Info/index
[运行时间：0.053202s] [吞吐率：18.80req/s] [内存消耗：1,928.52kb] [文件加载：84]
[ info ] [ LANG ] D:\mf\pcnfctest\thinkphp\lang\zh-cn.php
[ info ] [ ROUTE ] array (
)
[ info ] [ HEADER ] array (
  'cookie' => 'pgv_pvi=7296268288; PHPSESSID=nobkbresbfb37ihhv58psoost5; workspaceParam=index%7CInfo',
  'accept-language' => 'zh-CN,zh;q=0.9,en;q=0.8,zh-TW;q=0.7',
  'accept-encoding' => 'gzip, deflate',
  'referer' => 'http://testt.pcnfc.com/admin/index/index.html',
  'accept' => 'text/html,application/xhtml+xml,application/xml;q=0.9,image/webp,image/apng,*/*;q=0.8',
  'user-agent' => 'Mozilla/5.0 (Windows NT 6.1; WOW64) AppleWebKit/537.36 (KHTML, like Gecko) Chrome/63.0.3239.132 Safari/537.36',
  'upgrade-insecure-requests' => '1',
  'connection' => 'close',
  'host' => 'testt.pcnfc.com',
)
[ info ] [ PARAM ] array (
)
[ info ] [ VIEW ] D:\mf\pcnfctest\application\admin\view\info\index_1.html [ array (
) ]
[ error ] [8]未定义变量: totalCount[D:\mf\pcnfctest\runtime\temp\89cf62b4382962b2013e0182fc3dd7d6.php:197]
---------------------------------------------------------------
[ 2018-11-28T09:24:53+08:00 ] 127.0.0.1 GET testt.pcnfc.com/static/js/jquery-ui/images/ui-bg_highlight-soft_100_f6f6f6_1x100.png
[运行时间：0.063003s] [吞吐率：15.87req/s] [内存消耗：1,647.00kb] [文件加载：68]
[ info ] [ LANG ] D:\mf\pcnfctest\thinkphp\lang\zh-cn.php
---------------------------------------------------------------
[ 2018-11-28T09:24:53+08:00 ] 127.0.0.1 GET testt.pcnfc.com/static/js/jquery-ui/images/ui-icons_666666_256x240.png
[运行时间：0.065003s] [吞吐率：15.38req/s] [内存消耗：1,646.84kb] [文件加载：68]
[ info ] [ LANG ] D:\mf\pcnfctest\thinkphp\lang\zh-cn.php
---------------------------------------------------------------
[ 2018-11-28T09:24:55+08:00 ] 127.0.0.1 GET testt.pcnfc.com/admin/info/index?draw=1&columns%5B0%5D%5Bdata%5D=id&columns%5B0%5D%5Bname%5D=&columns%5B0%5D%5Bsearchable%5D=true&columns%5B0%5D%5Borderable%5D=true&columns%5B0%5D%5Bsearch%5D%5Bvalue%5D=&columns%5B0%5D%5Bsearch%5D%5Bregex%5D=false&columns%5B1%5D%5Bdata%5D=title&columns%5B1%5D%5Bname%5D=&columns%5B1%5D%5Bsearchable%5D=true&columns%5B1%5D%5Borderable%5D=true&columns%5B1%5D%5Bsearch%5D%5Bvalue%5D=&columns%5B1%5D%5Bsearch%5D%5Bregex%5D=false&columns%5B2%5D%5Bdata%5D%5B_%5D=username&columns%5B2%5D%5Bdata%5D%5Bsort%5D=user_id&columns%5B2%5D%5Bname%5D=&columns%5B2%5D%5Bsearchable%5D=true&columns%5B2%5D%5Borderable%5D=true&columns%5B2%5D%5Bsearch%5D%5Bvalue%5D=&columns%5B2%5D%5Bsearch%5D%5Bregex%5D=false&columns%5B3%5D%5Bdata%5D=&columns%5B3%5D%5Bname%5D=&columns%5B3%5D%5Bsearchable%5D=true&columns%5B3%5D%5Borderable%5D=false&columns%5B3%5D%5Bsearch%5D%5Bvalue%5D=&columns%5B3%5D%5Bsearch%5D%5Bregex%5D=false&order%5B0%5D%5Bcolumn%5D=0&order%5B0%5D%5Bdir%5D=asc&start=0&length=4&search%5Bvalue%5D=&search%5Bregex%5D=false&_=1543368293781
[运行时间：0.124800s] [吞吐率：8.01req/s] [内存消耗：3,155.74kb] [文件加载：100]
[ info ] [ LANG ] D:\mf\pcnfctest\thinkphp\lang\zh-cn.php
[ info ] [ ROUTE ] array (
)
[ info ] [ HEADER ] array (
  'cookie' => 'pgv_pvi=7296268288; PHPSESSID=nobkbresbfb37ihhv58psoost5; workspaceParam=index%7CInfo',
  'accept-language' => 'zh-CN,zh;q=0.9,en;q=0.8,zh-TW;q=0.7',
  'accept-encoding' => 'gzip, deflate',
  'referer' => 'http://testt.pcnfc.com/Admin/Info/index',
  'user-agent' => 'Mozilla/5.0 (Windows NT 6.1; WOW64) AppleWebKit/537.36 (KHTML, like Gecko) Chrome/63.0.3239.132 Safari/537.36',
  'x-requested-with' => 'XMLHttpRequest',
  'accept' => 'application/json, text/javascript, */*; q=0.01',
  'connection' => 'close',
  'host' => 'testt.pcnfc.com',
)
[ info ] [ PARAM ] array (
  'draw' => '1',
  'columns' => 
  array (
    0 => 
    array (
      'data' => 'id',
      'name' => '',
      'searchable' => 'true',
      'orderable' => 'true',
      'search' => 
      array (
        'value' => '',
        'regex' => 'false',
      ),
    ),
    1 => 
    array (
      'data' => 'title',
      'name' => '',
      'searchable' => 'true',
      'orderable' => 'true',
      'search' => 
      array (
        'value' => '',
        'regex' => 'false',
      ),
    ),
    2 => 
    array (
      'data' => 
      array (
        '_' => 'username',
        'sort' => 'user_id',
      ),
      'name' => '',
      'searchable' => 'true',
      'orderable' => 'true',
      'search' => 
      array (
        'value' => '',
        'regex' => 'false',
      ),
    ),
    3 => 
    array (
      'data' => '',
      'name' => '',
      'searchable' => 'true',
      'orderable' => 'false',
      'search' => 
      array (
        'value' => '',
        'regex' => 'false',
      ),
    ),
  ),
  'order' => 
  array (
    0 => 
    array (
      'column' => '0',
      'dir' => 'asc',
    ),
  ),
  'start' => '0',
  'length' => '4',
  'search' => 
  array (
    'value' => '',
    'regex' => 'false',
  ),
  '_' => '1543368293781',
)
[ info ] [ DB ] INIT mysql
[ error ] [8]未定义数组索引: user_id[D:\mf\pcnfctest\application\admin\controller\Info.php:44]
[ error ] [8]未定义数组索引: id[D:\mf\pcnfctest\application\admin\controller\Info.php:47]
[ error ] [8]未定义数组索引: status[D:\mf\pcnfctest\application\admin\controller\Info.php:50]
[ error ] [8]未定义数组索引: plus[D:\mf\pcnfctest\application\admin\controller\Info.php:53]
[ error ] [8]未定义数组索引: keywords[D:\mf\pcnfctest\application\admin\controller\Info.php:56]
[ error ] [8]未定义数组索引: id[D:\mf\pcnfctest\application\admin\controller\Info.php:75]
[ error ] [8]未定义数组索引: id[D:\mf\pcnfctest\application\admin\controller\Info.php:82]
[ error ] [8]未定义数组索引: id[D:\mf\pcnfctest\application\admin\controller\Info.php:75]
[ error ] [8]未定义数组索引: id[D:\mf\pcnfctest\application\admin\controller\Info.php:82]
[ error ] [8]未定义数组索引: id[D:\mf\pcnfctest\application\admin\controller\Info.php:75]
[ error ] [8]未定义数组索引: id[D:\mf\pcnfctest\application\admin\controller\Info.php:82]
[ error ] [8]未定义数组索引: id[D:\mf\pcnfctest\application\admin\controller\Info.php:75]
[ error ] [8]未定义数组索引: id[D:\mf\pcnfctest\application\admin\controller\Info.php:82]
[ error ] [8]未定义数组索引: id[D:\mf\pcnfctest\application\admin\controller\Info.php:75]
[ error ] [8]未定义数组索引: id[D:\mf\pcnfctest\application\admin\controller\Info.php:82]
[ error ] [8]未定义数组索引: id[D:\mf\pcnfctest\application\admin\controller\Info.php:75]
[ error ] [8]未定义数组索引: id[D:\mf\pcnfctest\application\admin\controller\Info.php:82]
[ error ] [8]未定义数组索引: id[D:\mf\pcnfctest\application\admin\controller\Info.php:75]
[ error ] [8]未定义数组索引: id[D:\mf\pcnfctest\application\admin\controller\Info.php:82]
[ error ] [8]未定义数组索引: id[D:\mf\pcnfctest\application\admin\controller\Info.php:75]
[ error ] [8]未定义数组索引: id[D:\mf\pcnfctest\application\admin\controller\Info.php:82]
[ error ] [8]未定义数组索引: id[D:\mf\pcnfctest\application\admin\controller\Info.php:75]
[ error ] [8]未定义数组索引: id[D:\mf\pcnfctest\application\admin\controller\Info.php:82]
[ error ] [8]未定义数组索引: id[D:\mf\pcnfctest\application\admin\controller\Info.php:75]
[ error ] [8]未定义数组索引: id[D:\mf\pcnfctest\application\admin\controller\Info.php:82]
---------------------------------------------------------------
[ 2018-11-28T09:25:27+08:00 ] 127.0.0.1 GET testt.pcnfc.com/Admin/Info/index
[运行时间：0.071801s] [吞吐率：13.93req/s] [内存消耗：2,055.58kb] [文件加载：86]
[ info ] [ LANG ] D:\mf\pcnfctest\thinkphp\lang\zh-cn.php
[ info ] [ ROUTE ] array (
)
[ info ] [ HEADER ] array (
  'cookie' => 'pgv_pvi=7296268288; PHPSESSID=nobkbresbfb37ihhv58psoost5; workspaceParam=index%7CInfo',
  'accept-language' => 'zh-CN,zh;q=0.9,en;q=0.8,zh-TW;q=0.7',
  'accept-encoding' => 'gzip, deflate',
  'referer' => 'http://testt.pcnfc.com/admin/index/index.html',
  'accept' => 'text/html,application/xhtml+xml,application/xml;q=0.9,image/webp,image/apng,*/*;q=0.8',
  'user-agent' => 'Mozilla/5.0 (Windows NT 6.1; WOW64) AppleWebKit/537.36 (KHTML, like Gecko) Chrome/63.0.3239.132 Safari/537.36',
  'upgrade-insecure-requests' => '1',
  'connection' => 'close',
  'host' => 'testt.pcnfc.com',
)
[ info ] [ PARAM ] array (
)
[ info ] [ VIEW ] D:\mf\pcnfctest\application\admin\view\info\index_1.html [ array (
) ]
[ error ] [8]未定义变量: totalCount[D:\mf\pcnfctest\runtime\temp\89cf62b4382962b2013e0182fc3dd7d6.php:196]
---------------------------------------------------------------
[ 2018-11-28T09:25:27+08:00 ] 127.0.0.1 GET testt.pcnfc.com/static/js/jquery-ui/images/ui-bg_highlight-soft_100_f6f6f6_1x100.png
[运行时间：0.059003s] [吞吐率：16.95req/s] [内存消耗：1,647.00kb] [文件加载：68]
[ info ] [ LANG ] D:\mf\pcnfctest\thinkphp\lang\zh-cn.php
---------------------------------------------------------------
[ 2018-11-28T09:25:27+08:00 ] 127.0.0.1 GET testt.pcnfc.com/static/js/jquery-ui/images/ui-icons_666666_256x240.png
[运行时间：0.056003s] [吞吐率：17.86req/s] [内存消耗：1,646.84kb] [文件加载：68]
[ info ] [ LANG ] D:\mf\pcnfctest\thinkphp\lang\zh-cn.php
---------------------------------------------------------------
[ 2018-11-28T09:25:28+08:00 ] 127.0.0.1 GET testt.pcnfc.com/admin/info/index?draw=1&columns%5B0%5D%5Bdata%5D=id&columns%5B0%5D%5Bname%5D=&columns%5B0%5D%5Bsearchable%5D=true&columns%5B0%5D%5Borderable%5D=true&columns%5B0%5D%5Bsearch%5D%5Bvalue%5D=&columns%5B0%5D%5Bsearch%5D%5Bregex%5D=false&columns%5B1%5D%5Bdata%5D=title&columns%5B1%5D%5Bname%5D=&columns%5B1%5D%5Bsearchable%5D=true&columns%5B1%5D%5Borderable%5D=true&columns%5B1%5D%5Bsearch%5D%5Bvalue%5D=&columns%5B1%5D%5Bsearch%5D%5Bregex%5D=false&columns%5B2%5D%5Bdata%5D%5B_%5D=username&columns%5B2%5D%5Bdata%5D%5Bsort%5D=user_id&columns%5B2%5D%5Bname%5D=&columns%5B2%5D%5Bsearchable%5D=true&columns%5B2%5D%5Borderable%5D=true&columns%5B2%5D%5Bsearch%5D%5Bvalue%5D=&columns%5B2%5D%5Bsearch%5D%5Bregex%5D=false&columns%5B3%5D%5Bdata%5D=&columns%5B3%5D%5Bname%5D=&columns%5B3%5D%5Bsearchable%5D=true&columns%5B3%5D%5Borderable%5D=false&columns%5B3%5D%5Bsearch%5D%5Bvalue%5D=&columns%5B3%5D%5Bsearch%5D%5Bregex%5D=false&order%5B0%5D%5Bcolumn%5D=0&order%5B0%5D%5Bdir%5D=asc&start=0&length=4&search%5Bvalue%5D=&search%5Bregex%5D=false&_=1543368327259
[运行时间：0.109200s] [吞吐率：9.16req/s] [内存消耗：3,155.74kb] [文件加载：100]
[ info ] [ LANG ] D:\mf\pcnfctest\thinkphp\lang\zh-cn.php
[ info ] [ ROUTE ] array (
)
[ info ] [ HEADER ] array (
  'cookie' => 'pgv_pvi=7296268288; PHPSESSID=nobkbresbfb37ihhv58psoost5; workspaceParam=index%7CInfo',
  'accept-language' => 'zh-CN,zh;q=0.9,en;q=0.8,zh-TW;q=0.7',
  'accept-encoding' => 'gzip, deflate',
  'referer' => 'http://testt.pcnfc.com/Admin/Info/index',
  'user-agent' => 'Mozilla/5.0 (Windows NT 6.1; WOW64) AppleWebKit/537.36 (KHTML, like Gecko) Chrome/63.0.3239.132 Safari/537.36',
  'x-requested-with' => 'XMLHttpRequest',
  'accept' => 'application/json, text/javascript, */*; q=0.01',
  'connection' => 'close',
  'host' => 'testt.pcnfc.com',
)
[ info ] [ PARAM ] array (
  'draw' => '1',
  'columns' => 
  array (
    0 => 
    array (
      'data' => 'id',
      'name' => '',
      'searchable' => 'true',
      'orderable' => 'true',
      'search' => 
      array (
        'value' => '',
        'regex' => 'false',
      ),
    ),
    1 => 
    array (
      'data' => 'title',
      'name' => '',
      'searchable' => 'true',
      'orderable' => 'true',
      'search' => 
      array (
        'value' => '',
        'regex' => 'false',
      ),
    ),
    2 => 
    array (
      'data' => 
      array (
        '_' => 'username',
        'sort' => 'user_id',
      ),
      'name' => '',
      'searchable' => 'true',
      'orderable' => 'true',
      'search' => 
      array (
        'value' => '',
        'regex' => 'false',
      ),
    ),
    3 => 
    array (
      'data' => '',
      'name' => '',
      'searchable' => 'true',
      'orderable' => 'false',
      'search' => 
      array (
        'value' => '',
        'regex' => 'false',
      ),
    ),
  ),
  'order' => 
  array (
    0 => 
    array (
      'column' => '0',
      'dir' => 'asc',
    ),
  ),
  'start' => '0',
  'length' => '4',
  'search' => 
  array (
    'value' => '',
    'regex' => 'false',
  ),
  '_' => '1543368327259',
)
[ info ] [ DB ] INIT mysql
[ error ] [8]未定义数组索引: user_id[D:\mf\pcnfctest\application\admin\controller\Info.php:44]
[ error ] [8]未定义数组索引: id[D:\mf\pcnfctest\application\admin\controller\Info.php:47]
[ error ] [8]未定义数组索引: status[D:\mf\pcnfctest\application\admin\controller\Info.php:50]
[ error ] [8]未定义数组索引: plus[D:\mf\pcnfctest\application\admin\controller\Info.php:53]
[ error ] [8]未定义数组索引: keywords[D:\mf\pcnfctest\application\admin\controller\Info.php:56]
[ error ] [8]未定义数组索引: id[D:\mf\pcnfctest\application\admin\controller\Info.php:75]
[ error ] [8]未定义数组索引: id[D:\mf\pcnfctest\application\admin\controller\Info.php:82]
[ error ] [8]未定义数组索引: id[D:\mf\pcnfctest\application\admin\controller\Info.php:75]
[ error ] [8]未定义数组索引: id[D:\mf\pcnfctest\application\admin\controller\Info.php:82]
[ error ] [8]未定义数组索引: id[D:\mf\pcnfctest\application\admin\controller\Info.php:75]
[ error ] [8]未定义数组索引: id[D:\mf\pcnfctest\application\admin\controller\Info.php:82]
[ error ] [8]未定义数组索引: id[D:\mf\pcnfctest\application\admin\controller\Info.php:75]
[ error ] [8]未定义数组索引: id[D:\mf\pcnfctest\application\admin\controller\Info.php:82]
[ error ] [8]未定义数组索引: id[D:\mf\pcnfctest\application\admin\controller\Info.php:75]
[ error ] [8]未定义数组索引: id[D:\mf\pcnfctest\application\admin\controller\Info.php:82]
[ error ] [8]未定义数组索引: id[D:\mf\pcnfctest\application\admin\controller\Info.php:75]
[ error ] [8]未定义数组索引: id[D:\mf\pcnfctest\application\admin\controller\Info.php:82]
[ error ] [8]未定义数组索引: id[D:\mf\pcnfctest\application\admin\controller\Info.php:75]
[ error ] [8]未定义数组索引: id[D:\mf\pcnfctest\application\admin\controller\Info.php:82]
[ error ] [8]未定义数组索引: id[D:\mf\pcnfctest\application\admin\controller\Info.php:75]
[ error ] [8]未定义数组索引: id[D:\mf\pcnfctest\application\admin\controller\Info.php:82]
[ error ] [8]未定义数组索引: id[D:\mf\pcnfctest\application\admin\controller\Info.php:75]
[ error ] [8]未定义数组索引: id[D:\mf\pcnfctest\application\admin\controller\Info.php:82]
[ error ] [8]未定义数组索引: id[D:\mf\pcnfctest\application\admin\controller\Info.php:75]
[ error ] [8]未定义数组索引: id[D:\mf\pcnfctest\application\admin\controller\Info.php:82]
---------------------------------------------------------------
[ 2018-11-28T09:25:29+08:00 ] 127.0.0.1 GET testt.pcnfc.com/Admin/Info/index
[运行时间：0.053202s] [吞吐率：18.80req/s] [内存消耗：1,928.51kb] [文件加载：84]
[ info ] [ LANG ] D:\mf\pcnfctest\thinkphp\lang\zh-cn.php
[ info ] [ ROUTE ] array (
)
[ info ] [ HEADER ] array (
  'cookie' => 'pgv_pvi=7296268288; PHPSESSID=nobkbresbfb37ihhv58psoost5; workspaceParam=index%7CInfo',
  'accept-language' => 'zh-CN,zh;q=0.9,en;q=0.8,zh-TW;q=0.7',
  'accept-encoding' => 'gzip, deflate',
  'referer' => 'http://testt.pcnfc.com/admin/index/index.html',
  'accept' => 'text/html,application/xhtml+xml,application/xml;q=0.9,image/webp,image/apng,*/*;q=0.8',
  'user-agent' => 'Mozilla/5.0 (Windows NT 6.1; WOW64) AppleWebKit/537.36 (KHTML, like Gecko) Chrome/63.0.3239.132 Safari/537.36',
  'upgrade-insecure-requests' => '1',
  'connection' => 'close',
  'host' => 'testt.pcnfc.com',
)
[ info ] [ PARAM ] array (
)
[ info ] [ VIEW ] D:\mf\pcnfctest\application\admin\view\info\index_1.html [ array (
) ]
[ error ] [8]未定义变量: totalCount[D:\mf\pcnfctest\runtime\temp\89cf62b4382962b2013e0182fc3dd7d6.php:196]
---------------------------------------------------------------
[ 2018-11-28T09:25:29+08:00 ] 127.0.0.1 GET testt.pcnfc.com/static/js/jquery-ui/images/ui-icons_666666_256x240.png
[运行时间：0.071004s] [吞吐率：14.08req/s] [内存消耗：1,646.84kb] [文件加载：68]
[ info ] [ LANG ] D:\mf\pcnfctest\thinkphp\lang\zh-cn.php
---------------------------------------------------------------
[ 2018-11-28T09:25:29+08:00 ] 127.0.0.1 GET testt.pcnfc.com/static/js/jquery-ui/images/ui-bg_highlight-soft_100_f6f6f6_1x100.png
[运行时间：0.076004s] [吞吐率：13.16req/s] [内存消耗：1,647.00kb] [文件加载：68]
[ info ] [ LANG ] D:\mf\pcnfctest\thinkphp\lang\zh-cn.php
---------------------------------------------------------------
[ 2018-11-28T09:25:30+08:00 ] 127.0.0.1 GET testt.pcnfc.com/admin/info/index?draw=1&columns%5B0%5D%5Bdata%5D=id&columns%5B0%5D%5Bname%5D=&columns%5B0%5D%5Bsearchable%5D=true&columns%5B0%5D%5Borderable%5D=true&columns%5B0%5D%5Bsearch%5D%5Bvalue%5D=&columns%5B0%5D%5Bsearch%5D%5Bregex%5D=false&columns%5B1%5D%5Bdata%5D=title&columns%5B1%5D%5Bname%5D=&columns%5B1%5D%5Bsearchable%5D=true&columns%5B1%5D%5Borderable%5D=true&columns%5B1%5D%5Bsearch%5D%5Bvalue%5D=&columns%5B1%5D%5Bsearch%5D%5Bregex%5D=false&columns%5B2%5D%5Bdata%5D%5B_%5D=username&columns%5B2%5D%5Bdata%5D%5Bsort%5D=user_id&columns%5B2%5D%5Bname%5D=&columns%5B2%5D%5Bsearchable%5D=true&columns%5B2%5D%5Borderable%5D=true&columns%5B2%5D%5Bsearch%5D%5Bvalue%5D=&columns%5B2%5D%5Bsearch%5D%5Bregex%5D=false&columns%5B3%5D%5Bdata%5D=&columns%5B3%5D%5Bname%5D=&columns%5B3%5D%5Bsearchable%5D=true&columns%5B3%5D%5Borderable%5D=false&columns%5B3%5D%5Bsearch%5D%5Bvalue%5D=&columns%5B3%5D%5Bsearch%5D%5Bregex%5D=false&order%5B0%5D%5Bcolumn%5D=0&order%5B0%5D%5Bdir%5D=asc&start=0&length=4&search%5Bvalue%5D=&search%5Bregex%5D=false&_=1543368329344
[运行时间：0.140400s] [吞吐率：7.12req/s] [内存消耗：3,155.74kb] [文件加载：100]
[ info ] [ LANG ] D:\mf\pcnfctest\thinkphp\lang\zh-cn.php
[ info ] [ ROUTE ] array (
)
[ info ] [ HEADER ] array (
  'cookie' => 'pgv_pvi=7296268288; PHPSESSID=nobkbresbfb37ihhv58psoost5; workspaceParam=index%7CInfo',
  'accept-language' => 'zh-CN,zh;q=0.9,en;q=0.8,zh-TW;q=0.7',
  'accept-encoding' => 'gzip, deflate',
  'referer' => 'http://testt.pcnfc.com/Admin/Info/index',
  'user-agent' => 'Mozilla/5.0 (Windows NT 6.1; WOW64) AppleWebKit/537.36 (KHTML, like Gecko) Chrome/63.0.3239.132 Safari/537.36',
  'x-requested-with' => 'XMLHttpRequest',
  'accept' => 'application/json, text/javascript, */*; q=0.01',
  'connection' => 'close',
  'host' => 'testt.pcnfc.com',
)
[ info ] [ PARAM ] array (
  'draw' => '1',
  'columns' => 
  array (
    0 => 
    array (
      'data' => 'id',
      'name' => '',
      'searchable' => 'true',
      'orderable' => 'true',
      'search' => 
      array (
        'value' => '',
        'regex' => 'false',
      ),
    ),
    1 => 
    array (
      'data' => 'title',
      'name' => '',
      'searchable' => 'true',
      'orderable' => 'true',
      'search' => 
      array (
        'value' => '',
        'regex' => 'false',
      ),
    ),
    2 => 
    array (
      'data' => 
      array (
        '_' => 'username',
        'sort' => 'user_id',
      ),
      'name' => '',
      'searchable' => 'true',
      'orderable' => 'true',
      'search' => 
      array (
        'value' => '',
        'regex' => 'false',
      ),
    ),
    3 => 
    array (
      'data' => '',
      'name' => '',
      'searchable' => 'true',
      'orderable' => 'false',
      'search' => 
      array (
        'value' => '',
        'regex' => 'false',
      ),
    ),
  ),
  'order' => 
  array (
    0 => 
    array (
      'column' => '0',
      'dir' => 'asc',
    ),
  ),
  'start' => '0',
  'length' => '4',
  'search' => 
  array (
    'value' => '',
    'regex' => 'false',
  ),
  '_' => '1543368329344',
)
[ info ] [ DB ] INIT mysql
[ error ] [8]未定义数组索引: user_id[D:\mf\pcnfctest\application\admin\controller\Info.php:44]
[ error ] [8]未定义数组索引: id[D:\mf\pcnfctest\application\admin\controller\Info.php:47]
[ error ] [8]未定义数组索引: status[D:\mf\pcnfctest\application\admin\controller\Info.php:50]
[ error ] [8]未定义数组索引: plus[D:\mf\pcnfctest\application\admin\controller\Info.php:53]
[ error ] [8]未定义数组索引: keywords[D:\mf\pcnfctest\application\admin\controller\Info.php:56]
[ error ] [8]未定义数组索引: id[D:\mf\pcnfctest\application\admin\controller\Info.php:75]
[ error ] [8]未定义数组索引: id[D:\mf\pcnfctest\application\admin\controller\Info.php:82]
[ error ] [8]未定义数组索引: id[D:\mf\pcnfctest\application\admin\controller\Info.php:75]
[ error ] [8]未定义数组索引: id[D:\mf\pcnfctest\application\admin\controller\Info.php:82]
[ error ] [8]未定义数组索引: id[D:\mf\pcnfctest\application\admin\controller\Info.php:75]
[ error ] [8]未定义数组索引: id[D:\mf\pcnfctest\application\admin\controller\Info.php:82]
[ error ] [8]未定义数组索引: id[D:\mf\pcnfctest\application\admin\controller\Info.php:75]
[ error ] [8]未定义数组索引: id[D:\mf\pcnfctest\application\admin\controller\Info.php:82]
[ error ] [8]未定义数组索引: id[D:\mf\pcnfctest\application\admin\controller\Info.php:75]
[ error ] [8]未定义数组索引: id[D:\mf\pcnfctest\application\admin\controller\Info.php:82]
[ error ] [8]未定义数组索引: id[D:\mf\pcnfctest\application\admin\controller\Info.php:75]
[ error ] [8]未定义数组索引: id[D:\mf\pcnfctest\application\admin\controller\Info.php:82]
[ error ] [8]未定义数组索引: id[D:\mf\pcnfctest\application\admin\controller\Info.php:75]
[ error ] [8]未定义数组索引: id[D:\mf\pcnfctest\application\admin\controller\Info.php:82]
[ error ] [8]未定义数组索引: id[D:\mf\pcnfctest\application\admin\controller\Info.php:75]
[ error ] [8]未定义数组索引: id[D:\mf\pcnfctest\application\admin\controller\Info.php:82]
[ error ] [8]未定义数组索引: id[D:\mf\pcnfctest\application\admin\controller\Info.php:75]
[ error ] [8]未定义数组索引: id[D:\mf\pcnfctest\application\admin\controller\Info.php:82]
[ error ] [8]未定义数组索引: id[D:\mf\pcnfctest\application\admin\controller\Info.php:75]
[ error ] [8]未定义数组索引: id[D:\mf\pcnfctest\application\admin\controller\Info.php:82]
---------------------------------------------------------------
[ 2018-11-28T09:32:09+08:00 ] 127.0.0.1 GET testt.pcnfc.com/Admin/Info/index
[运行时间：0.062400s] [吞吐率：16.03req/s] [内存消耗：2,056.18kb] [文件加载：86]
[ info ] [ LANG ] D:\mf\pcnfctest\thinkphp\lang\zh-cn.php
[ info ] [ ROUTE ] array (
)
[ info ] [ HEADER ] array (
  'cookie' => 'pgv_pvi=7296268288; PHPSESSID=nobkbresbfb37ihhv58psoost5; workspaceParam=index%7CInfo',
  'accept-language' => 'zh-CN,zh;q=0.9,en;q=0.8,zh-TW;q=0.7',
  'accept-encoding' => 'gzip, deflate',
  'referer' => 'http://testt.pcnfc.com/admin/index/index.html',
  'accept' => 'text/html,application/xhtml+xml,application/xml;q=0.9,image/webp,image/apng,*/*;q=0.8',
  'user-agent' => 'Mozilla/5.0 (Windows NT 6.1; WOW64) AppleWebKit/537.36 (KHTML, like Gecko) Chrome/63.0.3239.132 Safari/537.36',
  'upgrade-insecure-requests' => '1',
  'connection' => 'close',
  'host' => 'testt.pcnfc.com',
)
[ info ] [ PARAM ] array (
)
[ info ] [ VIEW ] D:\mf\pcnfctest\application\admin\view\info\index_1.html [ array (
) ]
[ error ] [8]未定义变量: totalCount[D:\mf\pcnfctest\runtime\temp\89cf62b4382962b2013e0182fc3dd7d6.php:196]
---------------------------------------------------------------
[ 2018-11-28T09:32:12+08:00 ] 127.0.0.1 GET testt.pcnfc.com/Admin/Info/index
[运行时间：0.070802s] [吞吐率：14.12req/s] [内存消耗：1,928.52kb] [文件加载：84]
[ info ] [ LANG ] D:\mf\pcnfctest\thinkphp\lang\zh-cn.php
[ info ] [ ROUTE ] array (
)
[ info ] [ HEADER ] array (
  'cookie' => 'pgv_pvi=7296268288; PHPSESSID=nobkbresbfb37ihhv58psoost5; workspaceParam=index%7CInfo',
  'accept-language' => 'zh-CN,zh;q=0.9,en;q=0.8,zh-TW;q=0.7',
  'accept-encoding' => 'gzip, deflate',
  'referer' => 'http://testt.pcnfc.com/admin/index/index.html',
  'accept' => 'text/html,application/xhtml+xml,application/xml;q=0.9,image/webp,image/apng,*/*;q=0.8',
  'user-agent' => 'Mozilla/5.0 (Windows NT 6.1; WOW64) AppleWebKit/537.36 (KHTML, like Gecko) Chrome/63.0.3239.132 Safari/537.36',
  'upgrade-insecure-requests' => '1',
  'connection' => 'close',
  'host' => 'testt.pcnfc.com',
)
[ info ] [ PARAM ] array (
)
[ info ] [ VIEW ] D:\mf\pcnfctest\application\admin\view\info\index_1.html [ array (
) ]
[ error ] [8]未定义变量: totalCount[D:\mf\pcnfctest\runtime\temp\89cf62b4382962b2013e0182fc3dd7d6.php:196]
---------------------------------------------------------------
[ 2018-11-28T09:32:23+08:00 ] 127.0.0.1 GET testt.pcnfc.com/Admin/Info/index
[运行时间：0.054201s] [吞吐率：18.45req/s] [内存消耗：2,056.34kb] [文件加载：86]
[ info ] [ LANG ] D:\mf\pcnfctest\thinkphp\lang\zh-cn.php
[ info ] [ ROUTE ] array (
)
[ info ] [ HEADER ] array (
  'cookie' => 'pgv_pvi=7296268288; PHPSESSID=nobkbresbfb37ihhv58psoost5; workspaceParam=index%7CInfo',
  'accept-language' => 'zh-CN,zh;q=0.9,en;q=0.8,zh-TW;q=0.7',
  'accept-encoding' => 'gzip, deflate',
  'referer' => 'http://testt.pcnfc.com/admin/index/index.html',
  'accept' => 'text/html,application/xhtml+xml,application/xml;q=0.9,image/webp,image/apng,*/*;q=0.8',
  'user-agent' => 'Mozilla/5.0 (Windows NT 6.1; WOW64) AppleWebKit/537.36 (KHTML, like Gecko) Chrome/63.0.3239.132 Safari/537.36',
  'upgrade-insecure-requests' => '1',
  'connection' => 'close',
  'host' => 'testt.pcnfc.com',
)
[ info ] [ PARAM ] array (
)
[ info ] [ VIEW ] D:\mf\pcnfctest\application\admin\view\info\index_1.html [ array (
) ]
[ error ] [8]未定义变量: totalCount[D:\mf\pcnfctest\runtime\temp\89cf62b4382962b2013e0182fc3dd7d6.php:196]
---------------------------------------------------------------
[ 2018-11-28T09:32:23+08:00 ] 127.0.0.1 GET testt.pcnfc.com/static/js/jquery-ui/images/ui-bg_highlight-soft_100_f6f6f6_1x100.png
[运行时间：0.059003s] [吞吐率：16.95req/s] [内存消耗：1,647.00kb] [文件加载：68]
[ info ] [ LANG ] D:\mf\pcnfctest\thinkphp\lang\zh-cn.php
---------------------------------------------------------------
[ 2018-11-28T09:32:24+08:00 ] 127.0.0.1 GET testt.pcnfc.com/static/js/jquery-ui/images/ui-icons_666666_256x240.png
[运行时间：0.048800s] [吞吐率：20.49req/s] [内存消耗：1,646.84kb] [文件加载：68]
[ info ] [ LANG ] D:\mf\pcnfctest\thinkphp\lang\zh-cn.php
---------------------------------------------------------------
[ 2018-11-28T09:32:24+08:00 ] 127.0.0.1 GET testt.pcnfc.com/admin/info/index?draw=1&columns%5B0%5D%5Bdata%5D=id&columns%5B0%5D%5Bname%5D=&columns%5B0%5D%5Bsearchable%5D=true&columns%5B0%5D%5Borderable%5D=true&columns%5B0%5D%5Bsearch%5D%5Bvalue%5D=&columns%5B0%5D%5Bsearch%5D%5Bregex%5D=false&columns%5B1%5D%5Bdata%5D=title&columns%5B1%5D%5Bname%5D=&columns%5B1%5D%5Bsearchable%5D=true&columns%5B1%5D%5Borderable%5D=true&columns%5B1%5D%5Bsearch%5D%5Bvalue%5D=&columns%5B1%5D%5Bsearch%5D%5Bregex%5D=false&columns%5B2%5D%5Bdata%5D%5B_%5D=username&columns%5B2%5D%5Bdata%5D%5Bsort%5D=user_id&columns%5B2%5D%5Bname%5D=&columns%5B2%5D%5Bsearchable%5D=true&columns%5B2%5D%5Borderable%5D=true&columns%5B2%5D%5Bsearch%5D%5Bvalue%5D=&columns%5B2%5D%5Bsearch%5D%5Bregex%5D=false&columns%5B3%5D%5Bdata%5D=&columns%5B3%5D%5Bname%5D=&columns%5B3%5D%5Bsearchable%5D=true&columns%5B3%5D%5Borderable%5D=false&columns%5B3%5D%5Bsearch%5D%5Bvalue%5D=&columns%5B3%5D%5Bsearch%5D%5Bregex%5D=false&columns%5B4%5D%5Bdata%5D=&columns%5B4%5D%5Bname%5D=&columns%5B4%5D%5Bsearchable%5D=true&columns%5B4%5D%5Borderable%5D=false&columns%5B4%5D%5Bsearch%5D%5Bvalue%5D=&columns%5B4%5D%5Bsearch%5D%5Bregex%5D=false&order%5B0%5D%5Bcolumn%5D=0&order%5B0%5D%5Bdir%5D=asc&start=0&length=4&search%5Bvalue%5D=&search%5Bregex%5D=false&_=1543368743391
[运行时间：0.140400s] [吞吐率：7.12req/s] [内存消耗：3,156.55kb] [文件加载：100]
[ info ] [ LANG ] D:\mf\pcnfctest\thinkphp\lang\zh-cn.php
[ info ] [ ROUTE ] array (
)
[ info ] [ HEADER ] array (
  'cookie' => 'pgv_pvi=7296268288; PHPSESSID=nobkbresbfb37ihhv58psoost5; workspaceParam=index%7CInfo',
  'accept-language' => 'zh-CN,zh;q=0.9,en;q=0.8,zh-TW;q=0.7',
  'accept-encoding' => 'gzip, deflate',
  'referer' => 'http://testt.pcnfc.com/Admin/Info/index',
  'user-agent' => 'Mozilla/5.0 (Windows NT 6.1; WOW64) AppleWebKit/537.36 (KHTML, like Gecko) Chrome/63.0.3239.132 Safari/537.36',
  'x-requested-with' => 'XMLHttpRequest',
  'accept' => 'application/json, text/javascript, */*; q=0.01',
  'connection' => 'close',
  'host' => 'testt.pcnfc.com',
)
[ info ] [ PARAM ] array (
  'draw' => '1',
  'columns' => 
  array (
    0 => 
    array (
      'data' => 'id',
      'name' => '',
      'searchable' => 'true',
      'orderable' => 'true',
      'search' => 
      array (
        'value' => '',
        'regex' => 'false',
      ),
    ),
    1 => 
    array (
      'data' => 'title',
      'name' => '',
      'searchable' => 'true',
      'orderable' => 'true',
      'search' => 
      array (
        'value' => '',
        'regex' => 'false',
      ),
    ),
    2 => 
    array (
      'data' => 
      array (
        '_' => 'username',
        'sort' => 'user_id',
      ),
      'name' => '',
      'searchable' => 'true',
      'orderable' => 'true',
      'search' => 
      array (
        'value' => '',
        'regex' => 'false',
      ),
    ),
    3 => 
    array (
      'data' => '',
      'name' => '',
      'searchable' => 'true',
      'orderable' => 'false',
      'search' => 
      array (
        'value' => '',
        'regex' => 'false',
      ),
    ),
    4 => 
    array (
      'data' => '',
      'name' => '',
      'searchable' => 'true',
      'orderable' => 'false',
      'search' => 
      array (
        'value' => '',
        'regex' => 'false',
      ),
    ),
  ),
  'order' => 
  array (
    0 => 
    array (
      'column' => '0',
      'dir' => 'asc',
    ),
  ),
  'start' => '0',
  'length' => '4',
  'search' => 
  array (
    'value' => '',
    'regex' => 'false',
  ),
  '_' => '1543368743391',
)
[ info ] [ DB ] INIT mysql
[ error ] [8]未定义数组索引: user_id[D:\mf\pcnfctest\application\admin\controller\Info.php:44]
[ error ] [8]未定义数组索引: id[D:\mf\pcnfctest\application\admin\controller\Info.php:47]
[ error ] [8]未定义数组索引: status[D:\mf\pcnfctest\application\admin\controller\Info.php:50]
[ error ] [8]未定义数组索引: plus[D:\mf\pcnfctest\application\admin\controller\Info.php:53]
[ error ] [8]未定义数组索引: keywords[D:\mf\pcnfctest\application\admin\controller\Info.php:56]
[ error ] [8]未定义数组索引: id[D:\mf\pcnfctest\application\admin\controller\Info.php:75]
[ error ] [8]未定义数组索引: id[D:\mf\pcnfctest\application\admin\controller\Info.php:82]
[ error ] [8]未定义数组索引: id[D:\mf\pcnfctest\application\admin\controller\Info.php:75]
[ error ] [8]未定义数组索引: id[D:\mf\pcnfctest\application\admin\controller\Info.php:82]
[ error ] [8]未定义数组索引: id[D:\mf\pcnfctest\application\admin\controller\Info.php:75]
[ error ] [8]未定义数组索引: id[D:\mf\pcnfctest\application\admin\controller\Info.php:82]
[ error ] [8]未定义数组索引: id[D:\mf\pcnfctest\application\admin\controller\Info.php:75]
[ error ] [8]未定义数组索引: id[D:\mf\pcnfctest\application\admin\controller\Info.php:82]
[ error ] [8]未定义数组索引: id[D:\mf\pcnfctest\application\admin\controller\Info.php:75]
[ error ] [8]未定义数组索引: id[D:\mf\pcnfctest\application\admin\controller\Info.php:82]
[ error ] [8]未定义数组索引: id[D:\mf\pcnfctest\application\admin\controller\Info.php:75]
[ error ] [8]未定义数组索引: id[D:\mf\pcnfctest\application\admin\controller\Info.php:82]
[ error ] [8]未定义数组索引: id[D:\mf\pcnfctest\application\admin\controller\Info.php:75]
[ error ] [8]未定义数组索引: id[D:\mf\pcnfctest\application\admin\controller\Info.php:82]
[ error ] [8]未定义数组索引: id[D:\mf\pcnfctest\application\admin\controller\Info.php:75]
[ error ] [8]未定义数组索引: id[D:\mf\pcnfctest\application\admin\controller\Info.php:82]
[ error ] [8]未定义数组索引: id[D:\mf\pcnfctest\application\admin\controller\Info.php:75]
[ error ] [8]未定义数组索引: id[D:\mf\pcnfctest\application\admin\controller\Info.php:82]
[ error ] [8]未定义数组索引: id[D:\mf\pcnfctest\application\admin\controller\Info.php:75]
[ error ] [8]未定义数组索引: id[D:\mf\pcnfctest\application\admin\controller\Info.php:82]
---------------------------------------------------------------
[ 2018-11-28T09:32:24+08:00 ] 127.0.0.1 GET testt.pcnfc.com/Admin/Info/index
[运行时间：0.056202s] [吞吐率：17.79req/s] [内存消耗：1,928.52kb] [文件加载：84]
[ info ] [ LANG ] D:\mf\pcnfctest\thinkphp\lang\zh-cn.php
[ info ] [ ROUTE ] array (
)
[ info ] [ HEADER ] array (
  'cookie' => 'pgv_pvi=7296268288; PHPSESSID=nobkbresbfb37ihhv58psoost5; workspaceParam=index%7CInfo',
  'accept-language' => 'zh-CN,zh;q=0.9,en;q=0.8,zh-TW;q=0.7',
  'accept-encoding' => 'gzip, deflate',
  'referer' => 'http://testt.pcnfc.com/admin/index/index.html',
  'accept' => 'text/html,application/xhtml+xml,application/xml;q=0.9,image/webp,image/apng,*/*;q=0.8',
  'user-agent' => 'Mozilla/5.0 (Windows NT 6.1; WOW64) AppleWebKit/537.36 (KHTML, like Gecko) Chrome/63.0.3239.132 Safari/537.36',
  'upgrade-insecure-requests' => '1',
  'connection' => 'close',
  'host' => 'testt.pcnfc.com',
)
[ info ] [ PARAM ] array (
)
[ info ] [ VIEW ] D:\mf\pcnfctest\application\admin\view\info\index_1.html [ array (
) ]
[ error ] [8]未定义变量: totalCount[D:\mf\pcnfctest\runtime\temp\89cf62b4382962b2013e0182fc3dd7d6.php:196]
---------------------------------------------------------------
[ 2018-11-28T09:32:25+08:00 ] 127.0.0.1 GET testt.pcnfc.com/admin/info/index?draw=1&columns%5B0%5D%5Bdata%5D=id&columns%5B0%5D%5Bname%5D=&columns%5B0%5D%5Bsearchable%5D=true&columns%5B0%5D%5Borderable%5D=true&columns%5B0%5D%5Bsearch%5D%5Bvalue%5D=&columns%5B0%5D%5Bsearch%5D%5Bregex%5D=false&columns%5B1%5D%5Bdata%5D=title&columns%5B1%5D%5Bname%5D=&columns%5B1%5D%5Bsearchable%5D=true&columns%5B1%5D%5Borderable%5D=true&columns%5B1%5D%5Bsearch%5D%5Bvalue%5D=&columns%5B1%5D%5Bsearch%5D%5Bregex%5D=false&columns%5B2%5D%5Bdata%5D%5B_%5D=username&columns%5B2%5D%5Bdata%5D%5Bsort%5D=user_id&columns%5B2%5D%5Bname%5D=&columns%5B2%5D%5Bsearchable%5D=true&columns%5B2%5D%5Borderable%5D=true&columns%5B2%5D%5Bsearch%5D%5Bvalue%5D=&columns%5B2%5D%5Bsearch%5D%5Bregex%5D=false&columns%5B3%5D%5Bdata%5D=&columns%5B3%5D%5Bname%5D=&columns%5B3%5D%5Bsearchable%5D=true&columns%5B3%5D%5Borderable%5D=false&columns%5B3%5D%5Bsearch%5D%5Bvalue%5D=&columns%5B3%5D%5Bsearch%5D%5Bregex%5D=false&columns%5B4%5D%5Bdata%5D=&columns%5B4%5D%5Bname%5D=&columns%5B4%5D%5Bsearchable%5D=true&columns%5B4%5D%5Borderable%5D=false&columns%5B4%5D%5Bsearch%5D%5Bvalue%5D=&columns%5B4%5D%5Bsearch%5D%5Bregex%5D=false&order%5B0%5D%5Bcolumn%5D=0&order%5B0%5D%5Bdir%5D=asc&start=0&length=4&search%5Bvalue%5D=&search%5Bregex%5D=false&_=1543368745077
[运行时间：0.159604s] [吞吐率：6.27req/s] [内存消耗：3,156.42kb] [文件加载：100]
[ info ] [ LANG ] D:\mf\pcnfctest\thinkphp\lang\zh-cn.php
[ info ] [ ROUTE ] array (
)
[ info ] [ HEADER ] array (
  'cookie' => 'pgv_pvi=7296268288; PHPSESSID=nobkbresbfb37ihhv58psoost5; workspaceParam=index%7CInfo',
  'accept-language' => 'zh-CN,zh;q=0.9,en;q=0.8,zh-TW;q=0.7',
  'accept-encoding' => 'gzip, deflate',
  'referer' => 'http://testt.pcnfc.com/Admin/Info/index',
  'user-agent' => 'Mozilla/5.0 (Windows NT 6.1; WOW64) AppleWebKit/537.36 (KHTML, like Gecko) Chrome/63.0.3239.132 Safari/537.36',
  'x-requested-with' => 'XMLHttpRequest',
  'accept' => 'application/json, text/javascript, */*; q=0.01',
  'connection' => 'close',
  'host' => 'testt.pcnfc.com',
)
[ info ] [ PARAM ] array (
  'draw' => '1',
  'columns' => 
  array (
    0 => 
    array (
      'data' => 'id',
      'name' => '',
      'searchable' => 'true',
      'orderable' => 'true',
      'search' => 
      array (
        'value' => '',
        'regex' => 'false',
      ),
    ),
    1 => 
    array (
      'data' => 'title',
      'name' => '',
      'searchable' => 'true',
      'orderable' => 'true',
      'search' => 
      array (
        'value' => '',
        'regex' => 'false',
      ),
    ),
    2 => 
    array (
      'data' => 
      array (
        '_' => 'username',
        'sort' => 'user_id',
      ),
      'name' => '',
      'searchable' => 'true',
      'orderable' => 'true',
      'search' => 
      array (
        'value' => '',
        'regex' => 'false',
      ),
    ),
    3 => 
    array (
      'data' => '',
      'name' => '',
      'searchable' => 'true',
      'orderable' => 'false',
      'search' => 
      array (
        'value' => '',
        'regex' => 'false',
      ),
    ),
    4 => 
    array (
      'data' => '',
      'name' => '',
      'searchable' => 'true',
      'orderable' => 'false',
      'search' => 
      array (
        'value' => '',
        'regex' => 'false',
      ),
    ),
  ),
  'order' => 
  array (
    0 => 
    array (
      'column' => '0',
      'dir' => 'asc',
    ),
  ),
  'start' => '0',
  'length' => '4',
  'search' => 
  array (
    'value' => '',
    'regex' => 'false',
  ),
  '_' => '1543368745077',
)
[ info ] [ DB ] INIT mysql
[ error ] [8]未定义数组索引: user_id[D:\mf\pcnfctest\application\admin\controller\Info.php:44]
[ error ] [8]未定义数组索引: id[D:\mf\pcnfctest\application\admin\controller\Info.php:47]
[ error ] [8]未定义数组索引: status[D:\mf\pcnfctest\application\admin\controller\Info.php:50]
[ error ] [8]未定义数组索引: plus[D:\mf\pcnfctest\application\admin\controller\Info.php:53]
[ error ] [8]未定义数组索引: keywords[D:\mf\pcnfctest\application\admin\controller\Info.php:56]
[ error ] [8]未定义数组索引: id[D:\mf\pcnfctest\application\admin\controller\Info.php:75]
[ error ] [8]未定义数组索引: id[D:\mf\pcnfctest\application\admin\controller\Info.php:82]
[ error ] [8]未定义数组索引: id[D:\mf\pcnfctest\application\admin\controller\Info.php:75]
[ error ] [8]未定义数组索引: id[D:\mf\pcnfctest\application\admin\controller\Info.php:82]
[ error ] [8]未定义数组索引: id[D:\mf\pcnfctest\application\admin\controller\Info.php:75]
[ error ] [8]未定义数组索引: id[D:\mf\pcnfctest\application\admin\controller\Info.php:82]
[ error ] [8]未定义数组索引: id[D:\mf\pcnfctest\application\admin\controller\Info.php:75]
[ error ] [8]未定义数组索引: id[D:\mf\pcnfctest\application\admin\controller\Info.php:82]
[ error ] [8]未定义数组索引: id[D:\mf\pcnfctest\application\admin\controller\Info.php:75]
[ error ] [8]未定义数组索引: id[D:\mf\pcnfctest\application\admin\controller\Info.php:82]
[ error ] [8]未定义数组索引: id[D:\mf\pcnfctest\application\admin\controller\Info.php:75]
[ error ] [8]未定义数组索引: id[D:\mf\pcnfctest\application\admin\controller\Info.php:82]
[ error ] [8]未定义数组索引: id[D:\mf\pcnfctest\application\admin\controller\Info.php:75]
[ error ] [8]未定义数组索引: id[D:\mf\pcnfctest\application\admin\controller\Info.php:82]
[ error ] [8]未定义数组索引: id[D:\mf\pcnfctest\application\admin\controller\Info.php:75]
[ error ] [8]未定义数组索引: id[D:\mf\pcnfctest\application\admin\controller\Info.php:82]
[ error ] [8]未定义数组索引: id[D:\mf\pcnfctest\application\admin\controller\Info.php:75]
[ error ] [8]未定义数组索引: id[D:\mf\pcnfctest\application\admin\controller\Info.php:82]
[ error ] [8]未定义数组索引: id[D:\mf\pcnfctest\application\admin\controller\Info.php:75]
[ error ] [8]未定义数组索引: id[D:\mf\pcnfctest\application\admin\controller\Info.php:82]
---------------------------------------------------------------
[ 2018-11-28T09:32:30+08:00 ] 127.0.0.1 GET testt.pcnfc.com/Admin/Info/index
[运行时间：0.053201s] [吞吐率：18.80req/s] [内存消耗：1,928.52kb] [文件加载：84]
[ info ] [ LANG ] D:\mf\pcnfctest\thinkphp\lang\zh-cn.php
[ info ] [ ROUTE ] array (
)
[ info ] [ HEADER ] array (
  'cookie' => 'pgv_pvi=7296268288; PHPSESSID=nobkbresbfb37ihhv58psoost5; workspaceParam=index%7CInfo',
  'accept-language' => 'zh-CN,zh;q=0.9,en;q=0.8,zh-TW;q=0.7',
  'accept-encoding' => 'gzip, deflate',
  'referer' => 'http://testt.pcnfc.com/admin/index/index.html',
  'accept' => 'text/html,application/xhtml+xml,application/xml;q=0.9,image/webp,image/apng,*/*;q=0.8',
  'user-agent' => 'Mozilla/5.0 (Windows NT 6.1; WOW64) AppleWebKit/537.36 (KHTML, like Gecko) Chrome/63.0.3239.132 Safari/537.36',
  'upgrade-insecure-requests' => '1',
  'connection' => 'close',
  'host' => 'testt.pcnfc.com',
)
[ info ] [ PARAM ] array (
)
[ info ] [ VIEW ] D:\mf\pcnfctest\application\admin\view\info\index_1.html [ array (
) ]
[ error ] [8]未定义变量: totalCount[D:\mf\pcnfctest\runtime\temp\89cf62b4382962b2013e0182fc3dd7d6.php:196]
---------------------------------------------------------------
[ 2018-11-28T09:32:31+08:00 ] 127.0.0.1 GET testt.pcnfc.com/admin/info/index?draw=1&columns%5B0%5D%5Bdata%5D=id&columns%5B0%5D%5Bname%5D=&columns%5B0%5D%5Bsearchable%5D=true&columns%5B0%5D%5Borderable%5D=true&columns%5B0%5D%5Bsearch%5D%5Bvalue%5D=&columns%5B0%5D%5Bsearch%5D%5Bregex%5D=false&columns%5B1%5D%5Bdata%5D=title&columns%5B1%5D%5Bname%5D=&columns%5B1%5D%5Bsearchable%5D=true&columns%5B1%5D%5Borderable%5D=true&columns%5B1%5D%5Bsearch%5D%5Bvalue%5D=&columns%5B1%5D%5Bsearch%5D%5Bregex%5D=false&columns%5B2%5D%5Bdata%5D%5B_%5D=username&columns%5B2%5D%5Bdata%5D%5Bsort%5D=user_id&columns%5B2%5D%5Bname%5D=&columns%5B2%5D%5Bsearchable%5D=true&columns%5B2%5D%5Borderable%5D=true&columns%5B2%5D%5Bsearch%5D%5Bvalue%5D=&columns%5B2%5D%5Bsearch%5D%5Bregex%5D=false&columns%5B3%5D%5Bdata%5D=&columns%5B3%5D%5Bname%5D=&columns%5B3%5D%5Bsearchable%5D=true&columns%5B3%5D%5Borderable%5D=false&columns%5B3%5D%5Bsearch%5D%5Bvalue%5D=&columns%5B3%5D%5Bsearch%5D%5Bregex%5D=false&columns%5B4%5D%5Bdata%5D=&columns%5B4%5D%5Bname%5D=&columns%5B4%5D%5Bsearchable%5D=true&columns%5B4%5D%5Borderable%5D=false&columns%5B4%5D%5Bsearch%5D%5Bvalue%5D=&columns%5B4%5D%5Bsearch%5D%5Bregex%5D=false&order%5B0%5D%5Bcolumn%5D=0&order%5B0%5D%5Bdir%5D=asc&start=0&length=4&search%5Bvalue%5D=&search%5Bregex%5D=false&_=1543368751049
[运行时间：0.152008s] [吞吐率：6.58req/s] [内存消耗：3,156.42kb] [文件加载：100]
[ info ] [ LANG ] D:\mf\pcnfctest\thinkphp\lang\zh-cn.php
[ info ] [ ROUTE ] array (
)
[ info ] [ HEADER ] array (
  'cookie' => 'pgv_pvi=7296268288; PHPSESSID=nobkbresbfb37ihhv58psoost5; workspaceParam=index%7CInfo',
  'accept-language' => 'zh-CN,zh;q=0.9,en;q=0.8,zh-TW;q=0.7',
  'accept-encoding' => 'gzip, deflate',
  'referer' => 'http://testt.pcnfc.com/Admin/Info/index',
  'user-agent' => 'Mozilla/5.0 (Windows NT 6.1; WOW64) AppleWebKit/537.36 (KHTML, like Gecko) Chrome/63.0.3239.132 Safari/537.36',
  'x-requested-with' => 'XMLHttpRequest',
  'accept' => 'application/json, text/javascript, */*; q=0.01',
  'connection' => 'close',
  'host' => 'testt.pcnfc.com',
)
[ info ] [ PARAM ] array (
  'draw' => '1',
  'columns' => 
  array (
    0 => 
    array (
      'data' => 'id',
      'name' => '',
      'searchable' => 'true',
      'orderable' => 'true',
      'search' => 
      array (
        'value' => '',
        'regex' => 'false',
      ),
    ),
    1 => 
    array (
      'data' => 'title',
      'name' => '',
      'searchable' => 'true',
      'orderable' => 'true',
      'search' => 
      array (
        'value' => '',
        'regex' => 'false',
      ),
    ),
    2 => 
    array (
      'data' => 
      array (
        '_' => 'username',
        'sort' => 'user_id',
      ),
      'name' => '',
      'searchable' => 'true',
      'orderable' => 'true',
      'search' => 
      array (
        'value' => '',
        'regex' => 'false',
      ),
    ),
    3 => 
    array (
      'data' => '',
      'name' => '',
      'searchable' => 'true',
      'orderable' => 'false',
      'search' => 
      array (
        'value' => '',
        'regex' => 'false',
      ),
    ),
    4 => 
    array (
      'data' => '',
      'name' => '',
      'searchable' => 'true',
      'orderable' => 'false',
      'search' => 
      array (
        'value' => '',
        'regex' => 'false',
      ),
    ),
  ),
  'order' => 
  array (
    0 => 
    array (
      'column' => '0',
      'dir' => 'asc',
    ),
  ),
  'start' => '0',
  'length' => '4',
  'search' => 
  array (
    'value' => '',
    'regex' => 'false',
  ),
  '_' => '1543368751049',
)
[ info ] [ DB ] INIT mysql
[ error ] [8]未定义数组索引: user_id[D:\mf\pcnfctest\application\admin\controller\Info.php:44]
[ error ] [8]未定义数组索引: id[D:\mf\pcnfctest\application\admin\controller\Info.php:47]
[ error ] [8]未定义数组索引: status[D:\mf\pcnfctest\application\admin\controller\Info.php:50]
[ error ] [8]未定义数组索引: plus[D:\mf\pcnfctest\application\admin\controller\Info.php:53]
[ error ] [8]未定义数组索引: keywords[D:\mf\pcnfctest\application\admin\controller\Info.php:56]
[ error ] [8]未定义数组索引: id[D:\mf\pcnfctest\application\admin\controller\Info.php:75]
[ error ] [8]未定义数组索引: id[D:\mf\pcnfctest\application\admin\controller\Info.php:82]
[ error ] [8]未定义数组索引: id[D:\mf\pcnfctest\application\admin\controller\Info.php:75]
[ error ] [8]未定义数组索引: id[D:\mf\pcnfctest\application\admin\controller\Info.php:82]
[ error ] [8]未定义数组索引: id[D:\mf\pcnfctest\application\admin\controller\Info.php:75]
[ error ] [8]未定义数组索引: id[D:\mf\pcnfctest\application\admin\controller\Info.php:82]
[ error ] [8]未定义数组索引: id[D:\mf\pcnfctest\application\admin\controller\Info.php:75]
[ error ] [8]未定义数组索引: id[D:\mf\pcnfctest\application\admin\controller\Info.php:82]
[ error ] [8]未定义数组索引: id[D:\mf\pcnfctest\application\admin\controller\Info.php:75]
[ error ] [8]未定义数组索引: id[D:\mf\pcnfctest\application\admin\controller\Info.php:82]
[ error ] [8]未定义数组索引: id[D:\mf\pcnfctest\application\admin\controller\Info.php:75]
[ error ] [8]未定义数组索引: id[D:\mf\pcnfctest\application\admin\controller\Info.php:82]
[ error ] [8]未定义数组索引: id[D:\mf\pcnfctest\application\admin\controller\Info.php:75]
[ error ] [8]未定义数组索引: id[D:\mf\pcnfctest\application\admin\controller\Info.php:82]
[ error ] [8]未定义数组索引: id[D:\mf\pcnfctest\application\admin\controller\Info.php:75]
[ error ] [8]未定义数组索引: id[D:\mf\pcnfctest\application\admin\controller\Info.php:82]
[ error ] [8]未定义数组索引: id[D:\mf\pcnfctest\application\admin\controller\Info.php:75]
[ error ] [8]未定义数组索引: id[D:\mf\pcnfctest\application\admin\controller\Info.php:82]
[ error ] [8]未定义数组索引: id[D:\mf\pcnfctest\application\admin\controller\Info.php:75]
[ error ] [8]未定义数组索引: id[D:\mf\pcnfctest\application\admin\controller\Info.php:82]
---------------------------------------------------------------
[ 2018-11-28T09:33:17+08:00 ] 127.0.0.1 GET testt.pcnfc.com/Admin/Info/index
[运行时间：0.066003s] [吞吐率：15.15req/s] [内存消耗：2,056.37kb] [文件加载：86]
[ info ] [ LANG ] D:\mf\pcnfctest\thinkphp\lang\zh-cn.php
[ info ] [ ROUTE ] array (
)
[ info ] [ HEADER ] array (
  'cookie' => 'pgv_pvi=7296268288; PHPSESSID=nobkbresbfb37ihhv58psoost5; workspaceParam=index%7CInfo',
  'accept-language' => 'zh-CN,zh;q=0.9,en;q=0.8,zh-TW;q=0.7',
  'accept-encoding' => 'gzip, deflate',
  'referer' => 'http://testt.pcnfc.com/admin/index/index.html',
  'accept' => 'text/html,application/xhtml+xml,application/xml;q=0.9,image/webp,image/apng,*/*;q=0.8',
  'user-agent' => 'Mozilla/5.0 (Windows NT 6.1; WOW64) AppleWebKit/537.36 (KHTML, like Gecko) Chrome/63.0.3239.132 Safari/537.36',
  'upgrade-insecure-requests' => '1',
  'connection' => 'close',
  'host' => 'testt.pcnfc.com',
)
[ info ] [ PARAM ] array (
)
[ info ] [ VIEW ] D:\mf\pcnfctest\application\admin\view\info\index_1.html [ array (
) ]
[ error ] [8]未定义变量: totalCount[D:\mf\pcnfctest\runtime\temp\89cf62b4382962b2013e0182fc3dd7d6.php:196]
---------------------------------------------------------------
[ 2018-11-28T09:33:17+08:00 ] 127.0.0.1 GET testt.pcnfc.com/admin/info/index?draw=1&columns%5B0%5D%5Bdata%5D=id&columns%5B0%5D%5Bname%5D=&columns%5B0%5D%5Bsearchable%5D=true&columns%5B0%5D%5Borderable%5D=true&columns%5B0%5D%5Bsearch%5D%5Bvalue%5D=&columns%5B0%5D%5Bsearch%5D%5Bregex%5D=false&columns%5B1%5D%5Bdata%5D=title&columns%5B1%5D%5Bname%5D=&columns%5B1%5D%5Bsearchable%5D=true&columns%5B1%5D%5Borderable%5D=true&columns%5B1%5D%5Bsearch%5D%5Bvalue%5D=&columns%5B1%5D%5Bsearch%5D%5Bregex%5D=false&columns%5B2%5D%5Bdata%5D%5B_%5D=username&columns%5B2%5D%5Bdata%5D%5Bsort%5D=user_id&columns%5B2%5D%5Bname%5D=&columns%5B2%5D%5Bsearchable%5D=true&columns%5B2%5D%5Borderable%5D=true&columns%5B2%5D%5Bsearch%5D%5Bvalue%5D=&columns%5B2%5D%5Bsearch%5D%5Bregex%5D=false&columns%5B3%5D%5Bdata%5D=&columns%5B3%5D%5Bname%5D=&columns%5B3%5D%5Bsearchable%5D=true&columns%5B3%5D%5Borderable%5D=false&columns%5B3%5D%5Bsearch%5D%5Bvalue%5D=&columns%5B3%5D%5Bsearch%5D%5Bregex%5D=false&columns%5B4%5D%5Bdata%5D=&columns%5B4%5D%5Bname%5D=&columns%5B4%5D%5Bsearchable%5D=true&columns%5B4%5D%5Borderable%5D=false&columns%5B4%5D%5Bsearch%5D%5Bvalue%5D=&columns%5B4%5D%5Bsearch%5D%5Bregex%5D=false&order%5B0%5D%5Bcolumn%5D=0&order%5B0%5D%5Bdir%5D=asc&start=0&length=4&search%5Bvalue%5D=&search%5Bregex%5D=false&_=1543368797553
[运行时间：0.128607s] [吞吐率：7.78req/s] [内存消耗：3,156.42kb] [文件加载：100]
[ info ] [ LANG ] D:\mf\pcnfctest\thinkphp\lang\zh-cn.php
[ info ] [ ROUTE ] array (
)
[ info ] [ HEADER ] array (
  'cookie' => 'pgv_pvi=7296268288; PHPSESSID=nobkbresbfb37ihhv58psoost5; workspaceParam=index%7CInfo',
  'accept-language' => 'zh-CN,zh;q=0.9,en;q=0.8,zh-TW;q=0.7',
  'accept-encoding' => 'gzip, deflate',
  'referer' => 'http://testt.pcnfc.com/Admin/Info/index',
  'user-agent' => 'Mozilla/5.0 (Windows NT 6.1; WOW64) AppleWebKit/537.36 (KHTML, like Gecko) Chrome/63.0.3239.132 Safari/537.36',
  'x-requested-with' => 'XMLHttpRequest',
  'accept' => 'application/json, text/javascript, */*; q=0.01',
  'connection' => 'close',
  'host' => 'testt.pcnfc.com',
)
[ info ] [ PARAM ] array (
  'draw' => '1',
  'columns' => 
  array (
    0 => 
    array (
      'data' => 'id',
      'name' => '',
      'searchable' => 'true',
      'orderable' => 'true',
      'search' => 
      array (
        'value' => '',
        'regex' => 'false',
      ),
    ),
    1 => 
    array (
      'data' => 'title',
      'name' => '',
      'searchable' => 'true',
      'orderable' => 'true',
      'search' => 
      array (
        'value' => '',
        'regex' => 'false',
      ),
    ),
    2 => 
    array (
      'data' => 
      array (
        '_' => 'username',
        'sort' => 'user_id',
      ),
      'name' => '',
      'searchable' => 'true',
      'orderable' => 'true',
      'search' => 
      array (
        'value' => '',
        'regex' => 'false',
      ),
    ),
    3 => 
    array (
      'data' => '',
      'name' => '',
      'searchable' => 'true',
      'orderable' => 'false',
      'search' => 
      array (
        'value' => '',
        'regex' => 'false',
      ),
    ),
    4 => 
    array (
      'data' => '',
      'name' => '',
      'searchable' => 'true',
      'orderable' => 'false',
      'search' => 
      array (
        'value' => '',
        'regex' => 'false',
      ),
    ),
  ),
  'order' => 
  array (
    0 => 
    array (
      'column' => '0',
      'dir' => 'asc',
    ),
  ),
  'start' => '0',
  'length' => '4',
  'search' => 
  array (
    'value' => '',
    'regex' => 'false',
  ),
  '_' => '1543368797553',
)
[ info ] [ DB ] INIT mysql
[ error ] [8]未定义数组索引: user_id[D:\mf\pcnfctest\application\admin\controller\Info.php:44]
[ error ] [8]未定义数组索引: id[D:\mf\pcnfctest\application\admin\controller\Info.php:47]
[ error ] [8]未定义数组索引: status[D:\mf\pcnfctest\application\admin\controller\Info.php:50]
[ error ] [8]未定义数组索引: plus[D:\mf\pcnfctest\application\admin\controller\Info.php:53]
[ error ] [8]未定义数组索引: keywords[D:\mf\pcnfctest\application\admin\controller\Info.php:56]
[ error ] [8]未定义数组索引: id[D:\mf\pcnfctest\application\admin\controller\Info.php:75]
[ error ] [8]未定义数组索引: id[D:\mf\pcnfctest\application\admin\controller\Info.php:82]
[ error ] [8]未定义数组索引: id[D:\mf\pcnfctest\application\admin\controller\Info.php:75]
[ error ] [8]未定义数组索引: id[D:\mf\pcnfctest\application\admin\controller\Info.php:82]
[ error ] [8]未定义数组索引: id[D:\mf\pcnfctest\application\admin\controller\Info.php:75]
[ error ] [8]未定义数组索引: id[D:\mf\pcnfctest\application\admin\controller\Info.php:82]
[ error ] [8]未定义数组索引: id[D:\mf\pcnfctest\application\admin\controller\Info.php:75]
[ error ] [8]未定义数组索引: id[D:\mf\pcnfctest\application\admin\controller\Info.php:82]
[ error ] [8]未定义数组索引: id[D:\mf\pcnfctest\application\admin\controller\Info.php:75]
[ error ] [8]未定义数组索引: id[D:\mf\pcnfctest\application\admin\controller\Info.php:82]
[ error ] [8]未定义数组索引: id[D:\mf\pcnfctest\application\admin\controller\Info.php:75]
[ error ] [8]未定义数组索引: id[D:\mf\pcnfctest\application\admin\controller\Info.php:82]
[ error ] [8]未定义数组索引: id[D:\mf\pcnfctest\application\admin\controller\Info.php:75]
[ error ] [8]未定义数组索引: id[D:\mf\pcnfctest\application\admin\controller\Info.php:82]
[ error ] [8]未定义数组索引: id[D:\mf\pcnfctest\application\admin\controller\Info.php:75]
[ error ] [8]未定义数组索引: id[D:\mf\pcnfctest\application\admin\controller\Info.php:82]
[ error ] [8]未定义数组索引: id[D:\mf\pcnfctest\application\admin\controller\Info.php:75]
[ error ] [8]未定义数组索引: id[D:\mf\pcnfctest\application\admin\controller\Info.php:82]
[ error ] [8]未定义数组索引: id[D:\mf\pcnfctest\application\admin\controller\Info.php:75]
[ error ] [8]未定义数组索引: id[D:\mf\pcnfctest\application\admin\controller\Info.php:82]
