---------------------------------------------------------------
[ 2019-03-03T22:23:16+08:00 ] 127.0.0.1 GET www.tp.com/index/ct/index
[è¿è¡Œæ—¶é—´ï¼š7.423425s] [åžåçŽ‡ï¼š0.13req/s] [å†…å­˜æ¶ˆè€—ï¼š2,441.85kb] [æ–‡ä»¶åŠ è½½ï¼š88]
[ info ] [ LANG ] E:\php\tp5\thinkphp\lang\zh-cn.php
[ info ] [ ROUTE ] array (
)
[ info ] [ HEADER ] array (
  'accept-language' => 'zh-CN,zh;q=0.8',
  'accept-encoding' => 'gzip, deflate, sdch',
  'accept' => 'text/html,application/xhtml+xml,application/xml;q=0.9,image/webp,*/*;q=0.8',
  'user-agent' => 'Mozilla/5.0 (Windows NT 6.1; WOW64) AppleWebKit/537.36 (KHTML, like Gecko) Chrome/58.0.3029.110 Safari/537.36 SE 2.X MetaSr 1.0',
  'upgrade-insecure-requests' => '1',
  'connection' => 'close',
  'host' => 'www.tp.com',
)
[ info ] [ PARAM ] array (
)
[ info ] [ DB ] INIT mysql
[ error ] [2002]SQLSTATE[HY000] [2002] ÓÉÓÚÄ¿±ê¼ÆËã»ú»ý¼«¾Ü¾ø£¬ÎÞ·¨Á¬½Ó¡£
[E:\php\tp5\thinkphp\library\think\db\Connection.php:528]
---------------------------------------------------------------
[ 2019-03-03T22:40:33+08:00 ] 127.0.0.1 GET www.tp.com/index/c/index
[è¿è¡Œæ—¶é—´ï¼š1.481085s] [åžåçŽ‡ï¼š0.68req/s] [å†…å­˜æ¶ˆè€—ï¼š2,466.43kb] [æ–‡ä»¶åŠ è½½ï¼š91]
[ info ] [ LANG ] E:\php\tp5\thinkphp\lang\zh-cn.php
[ info ] [ ROUTE ] array (
)
[ info ] [ HEADER ] array (
  'accept-language' => 'zh-CN,zh;q=0.9',
  'accept-encoding' => 'gzip, deflate',
  'accept' => 'text/html,application/xhtml+xml,application/xml;q=0.9,image/webp,image/apng,*/*;q=0.8',
  'user-agent' => 'Mozilla/5.0 (Windows NT 6.1; WOW64) AppleWebKit/537.36 (KHTML, like Gecko) Chrome/63.0.3239.132 Safari/537.36',
  'upgrade-insecure-requests' => '1',
  'connection' => 'close',
  'host' => 'www.tp.com',
)
[ info ] [ PARAM ] array (
)
[ info ] [ DB ] INIT mysql
[ error ] [10501]SQLSTATE[42S02]: Base table or view not found: 1146 Table 'test.info' doesn't exist[E:\php\tp5\thinkphp\library\think\db\Connection.php:687]
---------------------------------------------------------------
[ 2019-03-03T22:42:03+08:00 ] 127.0.0.1 GET www.tp.com/index/ct/index
[è¿è¡Œæ—¶é—´ï¼š1.434082s] [åžåçŽ‡ï¼š0.70req/s] [å†…å­˜æ¶ˆè€—ï¼š2,470.66kb] [æ–‡ä»¶åŠ è½½ï¼š91]
[ info ] [ LANG ] E:\php\tp5\thinkphp\lang\zh-cn.php
[ info ] [ ROUTE ] array (
)
[ info ] [ HEADER ] array (
  'cookie' => '__guid=141166900.475862584965909250.1551624034256.1643; monitor_count=1; Hm_lvt_cdce8cda34e84469b1c8015204129522=1551624035; Hm_lpvt_cdce8cda34e84469b1c8015204129522=1551624035',
  'accept-language' => 'zh-CN,zh;q=0.9',
  'accept-encoding' => 'gzip, deflate',
  'accept' => 'text/html,application/xhtml+xml,application/xml;q=0.9,image/webp,image/apng,*/*;q=0.8',
  'user-agent' => 'Mozilla/5.0 (Windows NT 6.1; WOW64) AppleWebKit/537.36 (KHTML, like Gecko) Chrome/63.0.3239.132 Safari/537.36',
  'upgrade-insecure-requests' => '1',
  'connection' => 'close',
  'host' => 'www.tp.com',
)
[ info ] [ PARAM ] array (
)
[ info ] [ DB ] INIT mysql
[ error ] [10501]SQLSTATE[HY000]: General error: 1220 Unknown pstmtId when executing.[E:\php\tp5\thinkphp\library\think\db\Connection.php:687]
---------------------------------------------------------------
[ 2019-03-03T22:42:27+08:00 ] 127.0.0.1 GET www.tp.com/index/ct/index
[è¿è¡Œæ—¶é—´ï¼š0.466027s] [åžåçŽ‡ï¼š2.15req/s] [å†…å­˜æ¶ˆè€—ï¼š2,470.82kb] [æ–‡ä»¶åŠ è½½ï¼š91]
[ info ] [ LANG ] E:\php\tp5\thinkphp\lang\zh-cn.php
[ info ] [ ROUTE ] array (
)
[ info ] [ HEADER ] array (
  'cookie' => '__guid=141166900.475862584965909250.1551624034256.1643; Hm_lvt_cdce8cda34e84469b1c8015204129522=1551624035; monitor_count=2; Hm_lpvt_cdce8cda34e84469b1c8015204129522=1551624124',
  'accept-language' => 'zh-CN,zh;q=0.9',
  'accept-encoding' => 'gzip, deflate',
  'accept' => 'text/html,application/xhtml+xml,application/xml;q=0.9,image/webp,image/apng,*/*;q=0.8',
  'user-agent' => 'Mozilla/5.0 (Windows NT 6.1; WOW64) AppleWebKit/537.36 (KHTML, like Gecko) Chrome/63.0.3239.132 Safari/537.36',
  'upgrade-insecure-requests' => '1',
  'cache-control' => 'max-age=0',
  'connection' => 'close',
  'host' => 'www.tp.com',
)
[ info ] [ PARAM ] array (
)
[ info ] [ DB ] INIT mysql
[ error ] [10501]SQLSTATE[HY000]: General error: 1220 Unknown pstmtId when executing.[E:\php\tp5\thinkphp\library\think\db\Connection.php:687]
---------------------------------------------------------------
[ 2019-03-03T22:45:38+08:00 ] 127.0.0.1 GET www.tp.com/index/ct/index
[è¿è¡Œæ—¶é—´ï¼š1.090062s] [åžåçŽ‡ï¼š0.92req/s] [å†…å­˜æ¶ˆè€—ï¼š2,470.48kb] [æ–‡ä»¶åŠ è½½ï¼š91]
[ info ] [ LANG ] E:\php\tp5\thinkphp\lang\zh-cn.php
[ info ] [ ROUTE ] array (
)
[ info ] [ HEADER ] array (
  'cookie' => '__guid=141166900.475862584965909250.1551624034256.1643; Hm_lvt_cdce8cda34e84469b1c8015204129522=1551624035; monitor_count=3; Hm_lpvt_cdce8cda34e84469b1c8015204129522=1551624149',
  'accept-language' => 'zh-CN,zh;q=0.9',
  'accept-encoding' => 'gzip, deflate',
  'accept' => 'text/html,application/xhtml+xml,application/xml;q=0.9,image/webp,image/apng,*/*;q=0.8',
  'user-agent' => 'Mozilla/5.0 (Windows NT 6.1; WOW64) AppleWebKit/537.36 (KHTML, like Gecko) Chrome/63.0.3239.132 Safari/537.36',
  'upgrade-insecure-requests' => '1',
  'cache-control' => 'max-age=0',
  'connection' => 'close',
  'host' => 'www.tp.com',
)
[ info ] [ PARAM ] array (
)
[ info ] [ DB ] INIT mysql
[ error ] [10501]SQLSTATE[HY000]: General error: 1220 Unknown pstmtId when executing.[E:\php\tp5\thinkphp\library\think\db\Connection.php:687]
---------------------------------------------------------------
[ 2019-03-03T22:46:24+08:00 ] 127.0.0.1 GET www.tp.com/index/ct/index
[è¿è¡Œæ—¶é—´ï¼š0.481028s] [åžåçŽ‡ï¼š2.08req/s] [å†…å­˜æ¶ˆè€—ï¼š2,470.59kb] [æ–‡ä»¶åŠ è½½ï¼š91]
[ info ] [ LANG ] E:\php\tp5\thinkphp\lang\zh-cn.php
[ info ] [ ROUTE ] array (
)
[ info ] [ HEADER ] array (
  'cookie' => '__guid=141166900.475862584965909250.1551624034256.1643; Hm_lvt_cdce8cda34e84469b1c8015204129522=1551624035; monitor_count=4; Hm_lpvt_cdce8cda34e84469b1c8015204129522=1551624340',
  'accept-language' => 'zh-CN,zh;q=0.9',
  'accept-encoding' => 'gzip, deflate',
  'accept' => 'text/html,application/xhtml+xml,application/xml;q=0.9,image/webp,image/apng,*/*;q=0.8',
  'user-agent' => 'Mozilla/5.0 (Windows NT 6.1; WOW64) AppleWebKit/537.36 (KHTML, like Gecko) Chrome/63.0.3239.132 Safari/537.36',
  'upgrade-insecure-requests' => '1',
  'cache-control' => 'max-age=0',
  'connection' => 'close',
  'host' => 'www.tp.com',
)
[ info ] [ PARAM ] array (
)
[ info ] [ DB ] INIT mysql
[ error ] [10501]SQLSTATE[HY000]: General error: 1220 Unknown pstmtId when executing.[E:\php\tp5\thinkphp\library\think\db\Connection.php:687]
---------------------------------------------------------------
[ 2019-03-03T22:46:28+08:00 ] 127.0.0.1 GET www.tp.com/index/ct/index
[è¿è¡Œæ—¶é—´ï¼š0.451026s] [åžåçŽ‡ï¼š2.22req/s] [å†…å­˜æ¶ˆè€—ï¼š2,470.59kb] [æ–‡ä»¶åŠ è½½ï¼š91]
[ info ] [ LANG ] E:\php\tp5\thinkphp\lang\zh-cn.php
[ info ] [ ROUTE ] array (
)
[ info ] [ HEADER ] array (
  'cookie' => '__guid=141166900.475862584965909250.1551624034256.1643; Hm_lvt_cdce8cda34e84469b1c8015204129522=1551624035; monitor_count=5; Hm_lpvt_cdce8cda34e84469b1c8015204129522=1551624385',
  'accept-language' => 'zh-CN,zh;q=0.9',
  'accept-encoding' => 'gzip, deflate',
  'accept' => 'text/html,application/xhtml+xml,application/xml;q=0.9,image/webp,image/apng,*/*;q=0.8',
  'user-agent' => 'Mozilla/5.0 (Windows NT 6.1; WOW64) AppleWebKit/537.36 (KHTML, like Gecko) Chrome/63.0.3239.132 Safari/537.36',
  'upgrade-insecure-requests' => '1',
  'cache-control' => 'max-age=0',
  'connection' => 'close',
  'host' => 'www.tp.com',
)
[ info ] [ PARAM ] array (
)
[ info ] [ DB ] INIT mysql
[ error ] [10501]SQLSTATE[HY000]: General error: 1220 Unknown pstmtId when executing.[E:\php\tp5\thinkphp\library\think\db\Connection.php:687]
---------------------------------------------------------------
[ 2019-03-03T22:46:30+08:00 ] 127.0.0.1 GET www.tp.com/index/ct/index
[è¿è¡Œæ—¶é—´ï¼š0.553031s] [åžåçŽ‡ï¼š1.81req/s] [å†…å­˜æ¶ˆè€—ï¼š2,470.59kb] [æ–‡ä»¶åŠ è½½ï¼š91]
[ info ] [ LANG ] E:\php\tp5\thinkphp\lang\zh-cn.php
[ info ] [ ROUTE ] array (
)
[ info ] [ HEADER ] array (
  'cookie' => '__guid=141166900.475862584965909250.1551624034256.1643; Hm_lvt_cdce8cda34e84469b1c8015204129522=1551624035; monitor_count=6; Hm_lpvt_cdce8cda34e84469b1c8015204129522=1551624389',
  'accept-language' => 'zh-CN,zh;q=0.9',
  'accept-encoding' => 'gzip, deflate',
  'accept' => 'text/html,application/xhtml+xml,application/xml;q=0.9,image/webp,image/apng,*/*;q=0.8',
  'user-agent' => 'Mozilla/5.0 (Windows NT 6.1; WOW64) AppleWebKit/537.36 (KHTML, like Gecko) Chrome/63.0.3239.132 Safari/537.36',
  'upgrade-insecure-requests' => '1',
  'cache-control' => 'max-age=0',
  'connection' => 'close',
  'host' => 'www.tp.com',
)
[ info ] [ PARAM ] array (
)
[ info ] [ DB ] INIT mysql
[ error ] [10501]SQLSTATE[HY000]: General error: 1220 Unknown pstmtId when executing.[E:\php\tp5\thinkphp\library\think\db\Connection.php:687]
---------------------------------------------------------------
[ 2019-03-03T22:46:34+08:00 ] 127.0.0.1 GET www.tp.com/index/ct/index
[è¿è¡Œæ—¶é—´ï¼š0.572033s] [åžåçŽ‡ï¼š1.75req/s] [å†…å­˜æ¶ˆè€—ï¼š2,470.59kb] [æ–‡ä»¶åŠ è½½ï¼š91]
[ info ] [ LANG ] E:\php\tp5\thinkphp\lang\zh-cn.php
[ info ] [ ROUTE ] array (
)
[ info ] [ HEADER ] array (
  'cookie' => '__guid=141166900.475862584965909250.1551624034256.1643; Hm_lvt_cdce8cda34e84469b1c8015204129522=1551624035; monitor_count=7; Hm_lpvt_cdce8cda34e84469b1c8015204129522=1551624391',
  'accept-language' => 'zh-CN,zh;q=0.9',
  'accept-encoding' => 'gzip, deflate',
  'accept' => 'text/html,application/xhtml+xml,application/xml;q=0.9,image/webp,image/apng,*/*;q=0.8',
  'user-agent' => 'Mozilla/5.0 (Windows NT 6.1; WOW64) AppleWebKit/537.36 (KHTML, like Gecko) Chrome/63.0.3239.132 Safari/537.36',
  'upgrade-insecure-requests' => '1',
  'cache-control' => 'max-age=0',
  'connection' => 'close',
  'host' => 'www.tp.com',
)
[ info ] [ PARAM ] array (
)
[ info ] [ DB ] INIT mysql
[ error ] [10501]SQLSTATE[HY000]: General error: 1220 Unknown pstmtId when executing.[E:\php\tp5\thinkphp\library\think\db\Connection.php:687]
---------------------------------------------------------------
[ 2019-03-03T22:46:54+08:00 ] 127.0.0.1 GET www.tp.com/index/ct/index
[è¿è¡Œæ—¶é—´ï¼š0.581034s] [åžåçŽ‡ï¼š1.72req/s] [å†…å­˜æ¶ˆè€—ï¼š2,470.63kb] [æ–‡ä»¶åŠ è½½ï¼š91]
[ info ] [ LANG ] E:\php\tp5\thinkphp\lang\zh-cn.php
[ info ] [ ROUTE ] array (
)
[ info ] [ HEADER ] array (
  'cookie' => '__guid=141166900.475862584965909250.1551624034256.1643; Hm_lvt_cdce8cda34e84469b1c8015204129522=1551624035; monitor_count=8; Hm_lpvt_cdce8cda34e84469b1c8015204129522=1551624395',
  'accept-language' => 'zh-CN,zh;q=0.9',
  'accept-encoding' => 'gzip, deflate',
  'accept' => 'text/html,application/xhtml+xml,application/xml;q=0.9,image/webp,image/apng,*/*;q=0.8',
  'user-agent' => 'Mozilla/5.0 (Windows NT 6.1; WOW64) AppleWebKit/537.36 (KHTML, like Gecko) Chrome/63.0.3239.132 Safari/537.36',
  'upgrade-insecure-requests' => '1',
  'cache-control' => 'max-age=0',
  'connection' => 'close',
  'host' => 'www.tp.com',
)
[ info ] [ PARAM ] array (
)
[ info ] [ DB ] INIT mysql
[ error ] [10501]SQLSTATE[HY000]: General error: 1220 Unknown pstmtId when executing.[E:\php\tp5\thinkphp\library\think\db\Connection.php:687]
---------------------------------------------------------------
[ 2019-03-03T22:46:56+08:00 ] 127.0.0.1 GET www.tp.com/index/ct/index
[è¿è¡Œæ—¶é—´ï¼š0.364021s] [åžåçŽ‡ï¼š2.75req/s] [å†…å­˜æ¶ˆè€—ï¼š2,470.63kb] [æ–‡ä»¶åŠ è½½ï¼š91]
[ info ] [ LANG ] E:\php\tp5\thinkphp\lang\zh-cn.php
[ info ] [ ROUTE ] array (
)
[ info ] [ HEADER ] array (
  'cookie' => '__guid=141166900.475862584965909250.1551624034256.1643; Hm_lvt_cdce8cda34e84469b1c8015204129522=1551624035; monitor_count=9; Hm_lpvt_cdce8cda34e84469b1c8015204129522=1551624415',
  'accept-language' => 'zh-CN,zh;q=0.9',
  'accept-encoding' => 'gzip, deflate',
  'accept' => 'text/html,application/xhtml+xml,application/xml;q=0.9,image/webp,image/apng,*/*;q=0.8',
  'user-agent' => 'Mozilla/5.0 (Windows NT 6.1; WOW64) AppleWebKit/537.36 (KHTML, like Gecko) Chrome/63.0.3239.132 Safari/537.36',
  'upgrade-insecure-requests' => '1',
  'cache-control' => 'max-age=0',
  'connection' => 'close',
  'host' => 'www.tp.com',
)
[ info ] [ PARAM ] array (
)
[ info ] [ DB ] INIT mysql
[ error ] [10501]SQLSTATE[HY000]: General error: 1220 Unknown pstmtId when executing.[E:\php\tp5\thinkphp\library\think\db\Connection.php:687]
---------------------------------------------------------------
[ 2019-03-03T22:47:04+08:00 ] 127.0.0.1 GET www.tp.com/index/ct/index
[è¿è¡Œæ—¶é—´ï¼š0.666039s] [åžåçŽ‡ï¼š1.50req/s] [å†…å­˜æ¶ˆè€—ï¼š2,470.59kb] [æ–‡ä»¶åŠ è½½ï¼š91]
[ info ] [ LANG ] E:\php\tp5\thinkphp\lang\zh-cn.php
[ info ] [ ROUTE ] array (
)
[ info ] [ HEADER ] array (
  'cookie' => '__guid=141166900.475862584965909250.1551624034256.1643; Hm_lvt_cdce8cda34e84469b1c8015204129522=1551624035; monitor_count=10; Hm_lpvt_cdce8cda34e84469b1c8015204129522=1551624417',
  'accept-language' => 'zh-CN,zh;q=0.9',
  'accept-encoding' => 'gzip, deflate',
  'accept' => 'text/html,application/xhtml+xml,application/xml;q=0.9,image/webp,image/apng,*/*;q=0.8',
  'user-agent' => 'Mozilla/5.0 (Windows NT 6.1; WOW64) AppleWebKit/537.36 (KHTML, like Gecko) Chrome/63.0.3239.132 Safari/537.36',
  'upgrade-insecure-requests' => '1',
  'cache-control' => 'max-age=0',
  'connection' => 'close',
  'host' => 'www.tp.com',
)
[ info ] [ PARAM ] array (
)
[ info ] [ DB ] INIT mysql
[ error ] [10501]SQLSTATE[HY000]: General error: 1220 Unknown pstmtId when executing.[E:\php\tp5\thinkphp\library\think\db\Connection.php:687]
---------------------------------------------------------------
[ 2019-03-03T22:47:06+08:00 ] 127.0.0.1 GET www.tp.com/index/ct/index
[è¿è¡Œæ—¶é—´ï¼š0.439025s] [åžåçŽ‡ï¼š2.28req/s] [å†…å­˜æ¶ˆè€—ï¼š2,470.59kb] [æ–‡ä»¶åŠ è½½ï¼š91]
[ info ] [ LANG ] E:\php\tp5\thinkphp\lang\zh-cn.php
[ info ] [ ROUTE ] array (
)
[ info ] [ HEADER ] array (
  'cookie' => '__guid=141166900.475862584965909250.1551624034256.1643; Hm_lvt_cdce8cda34e84469b1c8015204129522=1551624035; monitor_count=11; Hm_lpvt_cdce8cda34e84469b1c8015204129522=1551624425',
  'accept-language' => 'zh-CN,zh;q=0.9',
  'accept-encoding' => 'gzip, deflate',
  'accept' => 'text/html,application/xhtml+xml,application/xml;q=0.9,image/webp,image/apng,*/*;q=0.8',
  'user-agent' => 'Mozilla/5.0 (Windows NT 6.1; WOW64) AppleWebKit/537.36 (KHTML, like Gecko) Chrome/63.0.3239.132 Safari/537.36',
  'upgrade-insecure-requests' => '1',
  'cache-control' => 'max-age=0',
  'connection' => 'close',
  'host' => 'www.tp.com',
)
[ info ] [ PARAM ] array (
)
[ info ] [ DB ] INIT mysql
[ error ] [10501]SQLSTATE[HY000]: General error: 1220 Unknown pstmtId when executing.[E:\php\tp5\thinkphp\library\think\db\Connection.php:687]
---------------------------------------------------------------
[ 2019-03-03T22:47:08+08:00 ] 127.0.0.1 GET www.tp.com/index/ct/index
[è¿è¡Œæ—¶é—´ï¼š0.285017s] [åžåçŽ‡ï¼š3.51req/s] [å†…å­˜æ¶ˆè€—ï¼š2,470.59kb] [æ–‡ä»¶åŠ è½½ï¼š91]
[ info ] [ LANG ] E:\php\tp5\thinkphp\lang\zh-cn.php
[ info ] [ ROUTE ] array (
)
[ info ] [ HEADER ] array (
  'cookie' => '__guid=141166900.475862584965909250.1551624034256.1643; Hm_lvt_cdce8cda34e84469b1c8015204129522=1551624035; monitor_count=12; Hm_lpvt_cdce8cda34e84469b1c8015204129522=1551624427',
  'accept-language' => 'zh-CN,zh;q=0.9',
  'accept-encoding' => 'gzip, deflate',
  'accept' => 'text/html,application/xhtml+xml,application/xml;q=0.9,image/webp,image/apng,*/*;q=0.8',
  'user-agent' => 'Mozilla/5.0 (Windows NT 6.1; WOW64) AppleWebKit/537.36 (KHTML, like Gecko) Chrome/63.0.3239.132 Safari/537.36',
  'upgrade-insecure-requests' => '1',
  'cache-control' => 'max-age=0',
  'connection' => 'close',
  'host' => 'www.tp.com',
)
[ info ] [ PARAM ] array (
)
[ info ] [ DB ] INIT mysql
[ error ] [10501]SQLSTATE[HY000]: General error: 1220 Unknown pstmtId when executing.[E:\php\tp5\thinkphp\library\think\db\Connection.php:687]
---------------------------------------------------------------
[ 2019-03-03T22:47:58+08:00 ] 127.0.0.1 GET www.tp.com/index/ct/index
[è¿è¡Œæ—¶é—´ï¼š0.376022s] [åžåçŽ‡ï¼š2.66req/s] [å†…å­˜æ¶ˆè€—ï¼š2,470.63kb] [æ–‡ä»¶åŠ è½½ï¼š91]
[ info ] [ LANG ] E:\php\tp5\thinkphp\lang\zh-cn.php
[ info ] [ ROUTE ] array (
)
[ info ] [ HEADER ] array (
  'cookie' => '__guid=141166900.475862584965909250.1551624034256.1643; Hm_lvt_cdce8cda34e84469b1c8015204129522=1551624035; monitor_count=13; Hm_lpvt_cdce8cda34e84469b1c8015204129522=1551624429',
  'accept-language' => 'zh-CN,zh;q=0.9',
  'accept-encoding' => 'gzip, deflate',
  'accept' => 'text/html,application/xhtml+xml,application/xml;q=0.9,image/webp,image/apng,*/*;q=0.8',
  'user-agent' => 'Mozilla/5.0 (Windows NT 6.1; WOW64) AppleWebKit/537.36 (KHTML, like Gecko) Chrome/63.0.3239.132 Safari/537.36',
  'upgrade-insecure-requests' => '1',
  'cache-control' => 'max-age=0',
  'connection' => 'close',
  'host' => 'www.tp.com',
)
[ info ] [ PARAM ] array (
)
[ info ] [ DB ] INIT mysql
[ error ] [10501]SQLSTATE[HY000]: General error: 1220 Unknown pstmtId when executing.[E:\php\tp5\thinkphp\library\think\db\Connection.php:687]
---------------------------------------------------------------
[ 2019-03-03T22:48:00+08:00 ] 127.0.0.1 GET www.tp.com/index/ct/index
[è¿è¡Œæ—¶é—´ï¼š0.342020s] [åžåçŽ‡ï¼š2.92req/s] [å†…å­˜æ¶ˆè€—ï¼š2,470.63kb] [æ–‡ä»¶åŠ è½½ï¼š91]
[ info ] [ LANG ] E:\php\tp5\thinkphp\lang\zh-cn.php
[ info ] [ ROUTE ] array (
)
[ info ] [ HEADER ] array (
  'cookie' => '__guid=141166900.475862584965909250.1551624034256.1643; Hm_lvt_cdce8cda34e84469b1c8015204129522=1551624035; monitor_count=14; Hm_lpvt_cdce8cda34e84469b1c8015204129522=1551624479',
  'accept-language' => 'zh-CN,zh;q=0.9',
  'accept-encoding' => 'gzip, deflate',
  'accept' => 'text/html,application/xhtml+xml,application/xml;q=0.9,image/webp,image/apng,*/*;q=0.8',
  'user-agent' => 'Mozilla/5.0 (Windows NT 6.1; WOW64) AppleWebKit/537.36 (KHTML, like Gecko) Chrome/63.0.3239.132 Safari/537.36',
  'upgrade-insecure-requests' => '1',
  'cache-control' => 'max-age=0',
  'connection' => 'close',
  'host' => 'www.tp.com',
)
[ info ] [ PARAM ] array (
)
[ info ] [ DB ] INIT mysql
[ error ] [10501]SQLSTATE[HY000]: General error: 1220 Unknown pstmtId when executing.[E:\php\tp5\thinkphp\library\think\db\Connection.php:687]
---------------------------------------------------------------
[ 2019-03-03T22:48:02+08:00 ] 127.0.0.1 GET www.tp.com/index/ct/index
[è¿è¡Œæ—¶é—´ï¼š0.263015s] [åžåçŽ‡ï¼š3.80req/s] [å†…å­˜æ¶ˆè€—ï¼š2,470.63kb] [æ–‡ä»¶åŠ è½½ï¼š91]
[ info ] [ LANG ] E:\php\tp5\thinkphp\lang\zh-cn.php
[ info ] [ ROUTE ] array (
)
[ info ] [ HEADER ] array (
  'cookie' => '__guid=141166900.475862584965909250.1551624034256.1643; Hm_lvt_cdce8cda34e84469b1c8015204129522=1551624035; monitor_count=15; Hm_lpvt_cdce8cda34e84469b1c8015204129522=1551624481',
  'accept-language' => 'zh-CN,zh;q=0.9',
  'accept-encoding' => 'gzip, deflate',
  'accept' => 'text/html,application/xhtml+xml,application/xml;q=0.9,image/webp,image/apng,*/*;q=0.8',
  'user-agent' => 'Mozilla/5.0 (Windows NT 6.1; WOW64) AppleWebKit/537.36 (KHTML, like Gecko) Chrome/63.0.3239.132 Safari/537.36',
  'upgrade-insecure-requests' => '1',
  'cache-control' => 'max-age=0',
  'connection' => 'close',
  'host' => 'www.tp.com',
)
[ info ] [ PARAM ] array (
)
[ info ] [ DB ] INIT mysql
[ error ] [10501]SQLSTATE[HY000]: General error: 1220 Unknown pstmtId when executing.[E:\php\tp5\thinkphp\library\think\db\Connection.php:687]
---------------------------------------------------------------
[ 2019-03-03T22:48:42+08:00 ] 127.0.0.1 GET www.tp.com/index/ct/index
[è¿è¡Œæ—¶é—´ï¼š0.391023s] [åžåçŽ‡ï¼š2.56req/s] [å†…å­˜æ¶ˆè€—ï¼š2,470.61kb] [æ–‡ä»¶åŠ è½½ï¼š91]
[ info ] [ LANG ] E:\php\tp5\thinkphp\lang\zh-cn.php
[ info ] [ ROUTE ] array (
)
[ info ] [ HEADER ] array (
  'cookie' => '__guid=141166900.475862584965909250.1551624034256.1643; Hm_lvt_cdce8cda34e84469b1c8015204129522=1551624035; monitor_count=16; Hm_lpvt_cdce8cda34e84469b1c8015204129522=1551624483',
  'accept-language' => 'zh-CN,zh;q=0.9',
  'accept-encoding' => 'gzip, deflate',
  'accept' => 'text/html,application/xhtml+xml,application/xml;q=0.9,image/webp,image/apng,*/*;q=0.8',
  'user-agent' => 'Mozilla/5.0 (Windows NT 6.1; WOW64) AppleWebKit/537.36 (KHTML, like Gecko) Chrome/63.0.3239.132 Safari/537.36',
  'upgrade-insecure-requests' => '1',
  'cache-control' => 'max-age=0',
  'connection' => 'close',
  'host' => 'www.tp.com',
)
[ info ] [ PARAM ] array (
)
[ info ] [ DB ] INIT mysql
[ error ] [10501]SQLSTATE[HY000]: General error: 1220 Unknown pstmtId when executing.[E:\php\tp5\thinkphp\library\think\db\Connection.php:687]
---------------------------------------------------------------
[ 2019-03-03T22:48:44+08:00 ] 127.0.0.1 GET www.tp.com/index/ct/index
[è¿è¡Œæ—¶é—´ï¼š0.299017s] [åžåçŽ‡ï¼š3.34req/s] [å†…å­˜æ¶ˆè€—ï¼š2,470.61kb] [æ–‡ä»¶åŠ è½½ï¼š91]
[ info ] [ LANG ] E:\php\tp5\thinkphp\lang\zh-cn.php
[ info ] [ ROUTE ] array (
)
[ info ] [ HEADER ] array (
  'cookie' => '__guid=141166900.475862584965909250.1551624034256.1643; Hm_lvt_cdce8cda34e84469b1c8015204129522=1551624035; monitor_count=17; Hm_lpvt_cdce8cda34e84469b1c8015204129522=1551624523',
  'accept-language' => 'zh-CN,zh;q=0.9',
  'accept-encoding' => 'gzip, deflate',
  'accept' => 'text/html,application/xhtml+xml,application/xml;q=0.9,image/webp,image/apng,*/*;q=0.8',
  'user-agent' => 'Mozilla/5.0 (Windows NT 6.1; WOW64) AppleWebKit/537.36 (KHTML, like Gecko) Chrome/63.0.3239.132 Safari/537.36',
  'upgrade-insecure-requests' => '1',
  'cache-control' => 'max-age=0',
  'connection' => 'close',
  'host' => 'www.tp.com',
)
[ info ] [ PARAM ] array (
)
[ info ] [ DB ] INIT mysql
[ error ] [10501]SQLSTATE[HY000]: General error: 1220 Unknown pstmtId when executing.[E:\php\tp5\thinkphp\library\think\db\Connection.php:687]
---------------------------------------------------------------
[ 2019-03-03T23:01:38+08:00 ] 127.0.0.1 GET www.tp.com/index/ct/index
[è¿è¡Œæ—¶é—´ï¼š0.380022s] [åžåçŽ‡ï¼š2.63req/s] [å†…å­˜æ¶ˆè€—ï¼š2,480.38kb] [æ–‡ä»¶åŠ è½½ï¼š91]
[ info ] [ LANG ] E:\php\tp5\thinkphp\lang\zh-cn.php
[ info ] [ ROUTE ] array (
)
[ info ] [ HEADER ] array (
  'cookie' => '__guid=141166900.475862584965909250.1551624034256.1643; Hm_lvt_cdce8cda34e84469b1c8015204129522=1551624035; monitor_count=18; Hm_lpvt_cdce8cda34e84469b1c8015204129522=1551624524',
  'accept-language' => 'zh-CN,zh;q=0.9',
  'accept-encoding' => 'gzip, deflate',
  'accept' => 'text/html,application/xhtml+xml,application/xml;q=0.9,image/webp,image/apng,*/*;q=0.8',
  'user-agent' => 'Mozilla/5.0 (Windows NT 6.1; WOW64) AppleWebKit/537.36 (KHTML, like Gecko) Chrome/63.0.3239.132 Safari/537.36',
  'upgrade-insecure-requests' => '1',
  'cache-control' => 'max-age=0',
  'connection' => 'close',
  'host' => 'www.tp.com',
)
[ info ] [ PARAM ] array (
)
[ info ] [ DB ] INIT mysql
[ error ] [10501]SQLSTATE[HY000]: General error: 1220 Unknown pstmtId when executing.[E:\php\tp5\thinkphp\library\think\db\Connection.php:687]
---------------------------------------------------------------
[ 2019-03-03T23:01:44+08:00 ] 127.0.0.1 GET www.tp.com/index/ct/index1
[è¿è¡Œæ—¶é—´ï¼š0.184010s] [åžåçŽ‡ï¼š5.43req/s] [å†…å­˜æ¶ˆè€—ï¼š1,707.80kb] [æ–‡ä»¶åŠ è½½ï¼š84]
[ info ] [ LANG ] E:\php\tp5\thinkphp\lang\zh-cn.php
[ info ] [ ROUTE ] array (
)
[ info ] [ HEADER ] array (
  'cookie' => '__guid=141166900.475862584965909250.1551624034256.1643; Hm_lvt_cdce8cda34e84469b1c8015204129522=1551624035; monitor_count=19; Hm_lpvt_cdce8cda34e84469b1c8015204129522=1551625299',
  'accept-language' => 'zh-CN,zh;q=0.9',
  'accept-encoding' => 'gzip, deflate',
  'accept' => 'text/html,application/xhtml+xml,application/xml;q=0.9,image/webp,image/apng,*/*;q=0.8',
  'user-agent' => 'Mozilla/5.0 (Windows NT 6.1; WOW64) AppleWebKit/537.36 (KHTML, like Gecko) Chrome/63.0.3239.132 Safari/537.36',
  'upgrade-insecure-requests' => '1',
  'connection' => 'close',
  'host' => 'www.tp.com',
)
[ info ] [ PARAM ] array (
)
---------------------------------------------------------------
[ 2019-03-03T23:02:04+08:00 ] 127.0.0.1 GET www.tp.com/index/ct/index1
[è¿è¡Œæ—¶é—´ï¼š0.300017s] [åžåçŽ‡ï¼š3.33req/s] [å†…å­˜æ¶ˆè€—ï¼š1,724.86kb] [æ–‡ä»¶åŠ è½½ï¼š85]
[ info ] [ LANG ] E:\php\tp5\thinkphp\lang\zh-cn.php
[ info ] [ ROUTE ] array (
)
[ info ] [ HEADER ] array (
  'cookie' => '__guid=141166900.475862584965909250.1551624034256.1643; Hm_lvt_cdce8cda34e84469b1c8015204129522=1551624035; monitor_count=20; Hm_lpvt_cdce8cda34e84469b1c8015204129522=1551625306',
  'accept-language' => 'zh-CN,zh;q=0.9',
  'accept-encoding' => 'gzip, deflate',
  'accept' => 'text/html,application/xhtml+xml,application/xml;q=0.9,image/webp,image/apng,*/*;q=0.8',
  'user-agent' => 'Mozilla/5.0 (Windows NT 6.1; WOW64) AppleWebKit/537.36 (KHTML, like Gecko) Chrome/63.0.3239.132 Safari/537.36',
  'upgrade-insecure-requests' => '1',
  'cache-control' => 'max-age=0',
  'connection' => 'close',
  'host' => 'www.tp.com',
)
[ info ] [ PARAM ] array (
)
[ error ] [1]Class 'app\index\controller\PDO' not found[E:\php\tp5\application\index\controller\Ct.php:178]
---------------------------------------------------------------
[ 2019-03-03T23:02:49+08:00 ] 127.0.0.1 GET www.tp.com/index/ct/index1
[è¿è¡Œæ—¶é—´ï¼š4.910280s] [åžåçŽ‡ï¼š0.20req/s] [å†…å­˜æ¶ˆè€—ï¼š1,655.29kb] [æ–‡ä»¶åŠ è½½ï¼š80]
[ info ] [ LANG ] E:\php\tp5\thinkphp\lang\zh-cn.php
[ info ] [ ROUTE ] array (
)
[ info ] [ HEADER ] array (
  'cookie' => '__guid=141166900.475862584965909250.1551624034256.1643; Hm_lvt_cdce8cda34e84469b1c8015204129522=1551624035; monitor_count=21; Hm_lpvt_cdce8cda34e84469b1c8015204129522=1551625325',
  'accept-language' => 'zh-CN,zh;q=0.9',
  'accept-encoding' => 'gzip, deflate',
  'accept' => 'text/html,application/xhtml+xml,application/xml;q=0.9,image/webp,image/apng,*/*;q=0.8',
  'user-agent' => 'Mozilla/5.0 (Windows NT 6.1; WOW64) AppleWebKit/537.36 (KHTML, like Gecko) Chrome/63.0.3239.132 Safari/537.36',
  'upgrade-insecure-requests' => '1',
  'cache-control' => 'max-age=0',
  'connection' => 'close',
  'host' => 'www.tp.com',
)
[ info ] [ PARAM ] array (
)
---------------------------------------------------------------
[ 2019-03-03T23:06:58+08:00 ] 127.0.0.1 GET www.tp.com/index/ct/truncate
[è¿è¡Œæ—¶é—´ï¼š2.620150s] [åžåçŽ‡ï¼š0.38req/s] [å†…å­˜æ¶ˆè€—ï¼š2,410.95kb] [æ–‡ä»¶åŠ è½½ï¼š85]
[ info ] [ LANG ] E:\php\tp5\thinkphp\lang\zh-cn.php
[ info ] [ ROUTE ] array (
)
[ info ] [ HEADER ] array (
  'cookie' => '__guid=141166900.475862584965909250.1551624034256.1643; Hm_lvt_cdce8cda34e84469b1c8015204129522=1551624035; Hm_lpvt_cdce8cda34e84469b1c8015204129522=1551625325; monitor_count=22',
  'accept-language' => 'zh-CN,zh;q=0.9',
  'accept-encoding' => 'gzip, deflate',
  'accept' => 'text/html,application/xhtml+xml,application/xml;q=0.9,image/webp,image/apng,*/*;q=0.8',
  'user-agent' => 'Mozilla/5.0 (Windows NT 6.1; WOW64) AppleWebKit/537.36 (KHTML, like Gecko) Chrome/63.0.3239.132 Safari/537.36',
  'upgrade-insecure-requests' => '1',
  'connection' => 'close',
  'host' => 'www.tp.com',
)
[ info ] [ PARAM ] array (
)
[ info ] [ DB ] INIT mysql
---------------------------------------------------------------
[ 2019-03-03T23:08:22+08:00 ] 127.0.0.1 GET www.tp.com/index/ct/index1
[è¿è¡Œæ—¶é—´ï¼š4.467893s] [åžåçŽ‡ï¼š0.22req/s] [å†…å­˜æ¶ˆè€—ï¼š2,914.21kb] [æ–‡ä»¶åŠ è½½ï¼š91]
[ info ] [ LANG ] E:\php\tp5\thinkphp\lang\zh-cn.php
[ info ] [ ROUTE ] array (
)
[ info ] [ HEADER ] array (
  'cookie' => '__guid=141166900.475862584965909250.1551624034256.1643; Hm_lvt_cdce8cda34e84469b1c8015204129522=1551624035; Hm_lpvt_cdce8cda34e84469b1c8015204129522=1551625325; monitor_count=23',
  'accept-language' => 'zh-CN,zh;q=0.9',
  'accept-encoding' => 'gzip, deflate',
  'accept' => 'text/html,application/xhtml+xml,application/xml;q=0.9,image/webp,image/apng,*/*;q=0.8',
  'user-agent' => 'Mozilla/5.0 (Windows NT 6.1; WOW64) AppleWebKit/537.36 (KHTML, like Gecko) Chrome/63.0.3239.132 Safari/537.36',
  'upgrade-insecure-requests' => '1',
  'connection' => 'close',
  'host' => 'www.tp.com',
)
[ info ] [ PARAM ] array (
)
[ info ] [ DB ] INIT mysql
[ info ] [ DB ] INIT mysql
[ error ] [10501]SQLSTATE[HY000]: General error: 1220 Unknown pstmtId when executing.[E:\php\tp5\thinkphp\library\think\db\Connection.php:764]
---------------------------------------------------------------
[ 2019-03-03T23:08:52+08:00 ] 127.0.0.1 GET www.tp.com/index/ct/count
[è¿è¡Œæ—¶é—´ï¼š1.834045s] [åžåçŽ‡ï¼š0.55req/s] [å†…å­˜æ¶ˆè€—ï¼š2,416.05kb] [æ–‡ä»¶åŠ è½½ï¼š85]
[ info ] [ LANG ] E:\php\tp5\thinkphp\lang\zh-cn.php
[ info ] [ ROUTE ] array (
)
[ info ] [ HEADER ] array (
  'cookie' => '__guid=141166900.475862584965909250.1551624034256.1643; Hm_lvt_cdce8cda34e84469b1c8015204129522=1551624035; monitor_count=24; Hm_lpvt_cdce8cda34e84469b1c8015204129522=1551625704',
  'accept-language' => 'zh-CN,zh;q=0.9',
  'accept-encoding' => 'gzip, deflate',
  'accept' => 'text/html,application/xhtml+xml,application/xml;q=0.9,image/webp,image/apng,*/*;q=0.8',
  'user-agent' => 'Mozilla/5.0 (Windows NT 6.1; WOW64) AppleWebKit/537.36 (KHTML, like Gecko) Chrome/63.0.3239.132 Safari/537.36',
  'upgrade-insecure-requests' => '1',
  'connection' => 'close',
  'host' => 'www.tp.com',
)
[ info ] [ PARAM ] array (
)
[ info ] [ DB ] INIT mysql
---------------------------------------------------------------
[ 2019-03-03T23:16:49+08:00 ] 127.0.0.1 GET www.tp.com/index/ct/truncate
[è¿è¡Œæ—¶é—´ï¼š0.996815s] [åžåçŽ‡ï¼š1.00req/s] [å†…å­˜æ¶ˆè€—ï¼š2,411.27kb] [æ–‡ä»¶åŠ è½½ï¼š85]
[ info ] [ LANG ] E:\php\tp5\thinkphp\lang\zh-cn.php
[ info ] [ ROUTE ] array (
)
[ info ] [ HEADER ] array (
  'cookie' => '__guid=141166900.475862584965909250.1551624034256.1643; Hm_lvt_cdce8cda34e84469b1c8015204129522=1551624035; Hm_lpvt_cdce8cda34e84469b1c8015204129522=1551625704; monitor_count=25',
  'accept-language' => 'zh-CN,zh;q=0.9',
  'accept-encoding' => 'gzip, deflate',
  'accept' => 'text/html,application/xhtml+xml,application/xml;q=0.9,image/webp,image/apng,*/*;q=0.8',
  'user-agent' => 'Mozilla/5.0 (Windows NT 6.1; WOW64) AppleWebKit/537.36 (KHTML, like Gecko) Chrome/63.0.3239.132 Safari/537.36',
  'upgrade-insecure-requests' => '1',
  'connection' => 'close',
  'host' => 'www.tp.com',
)
[ info ] [ PARAM ] array (
)
[ info ] [ DB ] INIT mysql
---------------------------------------------------------------
[ 2019-03-03T23:16:51+08:00 ] 127.0.0.1 GET www.tp.com/index/ct/truncate
[è¿è¡Œæ—¶é—´ï¼š0.692621s] [åžåçŽ‡ï¼š1.44req/s] [å†…å­˜æ¶ˆè€—ï¼š2,411.42kb] [æ–‡ä»¶åŠ è½½ï¼š85]
[ info ] [ LANG ] E:\php\tp5\thinkphp\lang\zh-cn.php
[ info ] [ ROUTE ] array (
)
[ info ] [ HEADER ] array (
  'cookie' => '__guid=141166900.475862584965909250.1551624034256.1643; Hm_lvt_cdce8cda34e84469b1c8015204129522=1551624035; Hm_lpvt_cdce8cda34e84469b1c8015204129522=1551625704; monitor_count=26',
  'accept-language' => 'zh-CN,zh;q=0.9',
  'accept-encoding' => 'gzip, deflate',
  'accept' => 'text/html,application/xhtml+xml,application/xml;q=0.9,image/webp,image/apng,*/*;q=0.8',
  'user-agent' => 'Mozilla/5.0 (Windows NT 6.1; WOW64) AppleWebKit/537.36 (KHTML, like Gecko) Chrome/63.0.3239.132 Safari/537.36',
  'upgrade-insecure-requests' => '1',
  'cache-control' => 'max-age=0',
  'connection' => 'close',
  'host' => 'www.tp.com',
)
[ info ] [ PARAM ] array (
)
[ info ] [ DB ] INIT mysql
---------------------------------------------------------------
[ 2019-03-03T23:16:57+08:00 ] 127.0.0.1 GET www.tp.com/index/ct/index1
[è¿è¡Œæ—¶é—´ï¼š2.179439s] [åžåçŽ‡ï¼š0.46req/s] [å†…å­˜æ¶ˆè€—ï¼š2,914.93kb] [æ–‡ä»¶åŠ è½½ï¼š91]
[ info ] [ LANG ] E:\php\tp5\thinkphp\lang\zh-cn.php
[ info ] [ ROUTE ] array (
)
[ info ] [ HEADER ] array (
  'cookie' => '__guid=141166900.475862584965909250.1551624034256.1643; Hm_lvt_cdce8cda34e84469b1c8015204129522=1551624035; Hm_lpvt_cdce8cda34e84469b1c8015204129522=1551625704; monitor_count=27',
  'accept-language' => 'zh-CN,zh;q=0.9',
  'accept-encoding' => 'gzip, deflate',
  'accept' => 'text/html,application/xhtml+xml,application/xml;q=0.9,image/webp,image/apng,*/*;q=0.8',
  'user-agent' => 'Mozilla/5.0 (Windows NT 6.1; WOW64) AppleWebKit/537.36 (KHTML, like Gecko) Chrome/63.0.3239.132 Safari/537.36',
  'upgrade-insecure-requests' => '1',
  'cache-control' => 'max-age=0',
  'connection' => 'close',
  'host' => 'www.tp.com',
)
[ info ] [ PARAM ] array (
)
[ info ] [ DB ] INIT mysql
[ info ] [ DB ] INIT mysql
[ error ] [10501]SQLSTATE[HY000]: General error: 1220 Unknown pstmtId when executing.[E:\php\tp5\thinkphp\library\think\db\Connection.php:764]
---------------------------------------------------------------
[ 2019-03-03T23:17:14+08:00 ] 127.0.0.1 GET www.tp.com/index/ct/count
[è¿è¡Œæ—¶é—´ï¼š0.337205s] [åžåçŽ‡ï¼š2.97req/s] [å†…å­˜æ¶ˆè€—ï¼š2,416.42kb] [æ–‡ä»¶åŠ è½½ï¼š85]
[ info ] [ LANG ] E:\php\tp5\thinkphp\lang\zh-cn.php
[ info ] [ ROUTE ] array (
)
[ info ] [ HEADER ] array (
  'cookie' => '__guid=141166900.475862584965909250.1551624034256.1643; Hm_lvt_cdce8cda34e84469b1c8015204129522=1551624035; monitor_count=28; Hm_lpvt_cdce8cda34e84469b1c8015204129522=1551626219',
  'accept-language' => 'zh-CN,zh;q=0.9',
  'accept-encoding' => 'gzip, deflate',
  'accept' => 'text/html,application/xhtml+xml,application/xml;q=0.9,image/webp,image/apng,*/*;q=0.8',
  'user-agent' => 'Mozilla/5.0 (Windows NT 6.1; WOW64) AppleWebKit/537.36 (KHTML, like Gecko) Chrome/63.0.3239.132 Safari/537.36',
  'upgrade-insecure-requests' => '1',
  'connection' => 'close',
  'host' => 'www.tp.com',
)
[ info ] [ PARAM ] array (
)
[ info ] [ DB ] INIT mysql
---------------------------------------------------------------
[ 2019-03-03T23:17:17+08:00 ] 127.0.0.1 GET www.tp.com/index/ct/count
[è¿è¡Œæ—¶é—´ï¼š0.347808s] [åžåçŽ‡ï¼š2.88req/s] [å†…å­˜æ¶ˆè€—ï¼š2,416.63kb] [æ–‡ä»¶åŠ è½½ï¼š85]
[ info ] [ LANG ] E:\php\tp5\thinkphp\lang\zh-cn.php
[ info ] [ ROUTE ] array (
)
[ info ] [ HEADER ] array (
  'cookie' => '__guid=141166900.475862584965909250.1551624034256.1643; Hm_lvt_cdce8cda34e84469b1c8015204129522=1551624035; Hm_lpvt_cdce8cda34e84469b1c8015204129522=1551626219; monitor_count=29',
  'accept-language' => 'zh-CN,zh;q=0.9',
  'accept-encoding' => 'gzip, deflate',
  'accept' => 'text/html,application/xhtml+xml,application/xml;q=0.9,image/webp,image/apng,*/*;q=0.8',
  'user-agent' => 'Mozilla/5.0 (Windows NT 6.1; WOW64) AppleWebKit/537.36 (KHTML, like Gecko) Chrome/63.0.3239.132 Safari/537.36',
  'upgrade-insecure-requests' => '1',
  'cache-control' => 'max-age=0',
  'connection' => 'close',
  'host' => 'www.tp.com',
)
[ info ] [ PARAM ] array (
)
[ info ] [ DB ] INIT mysql
---------------------------------------------------------------
[ 2019-03-03T23:25:19+08:00 ] 127.0.0.1 GET www.tp.com/index/ct/wq
[è¿è¡Œæ—¶é—´ï¼š0.261606s] [åžåçŽ‡ï¼š3.82req/s] [å†…å­˜æ¶ˆè€—ï¼š1,720.15kb] [æ–‡ä»¶åŠ è½½ï¼š85]
[ info ] [ LANG ] E:\php\tp5\thinkphp\lang\zh-cn.php
[ info ] [ ROUTE ] array (
)
[ info ] [ HEADER ] array (
  'cookie' => '__guid=141166900.475862584965909250.1551624034256.1643; Hm_lvt_cdce8cda34e84469b1c8015204129522=1551624035; Hm_lpvt_cdce8cda34e84469b1c8015204129522=1551626219; monitor_count=30',
  'accept-language' => 'zh-CN,zh;q=0.9',
  'accept-encoding' => 'gzip, deflate',
  'accept' => 'text/html,application/xhtml+xml,application/xml;q=0.9,image/webp,image/apng,*/*;q=0.8',
  'user-agent' => 'Mozilla/5.0 (Windows NT 6.1; WOW64) AppleWebKit/537.36 (KHTML, like Gecko) Chrome/63.0.3239.132 Safari/537.36',
  'upgrade-insecure-requests' => '1',
  'connection' => 'close',
  'host' => 'www.tp.com',
)
[ info ] [ PARAM ] array (
)
[ error ] [2]implode(): Invalid arguments passed[E:\php\tp5\application\index\controller\Ct.php:284]
---------------------------------------------------------------
[ 2019-03-03T23:26:16+08:00 ] 127.0.0.1 GET www.tp.com/index/ct/wq
[è¿è¡Œæ—¶é—´ï¼š0.225008s] [åžåçŽ‡ï¼š4.44req/s] [å†…å­˜æ¶ˆè€—ï¼š1,657.87kb] [æ–‡ä»¶åŠ è½½ï¼š80]
[ info ] [ LANG ] E:\php\tp5\thinkphp\lang\zh-cn.php
[ info ] [ ROUTE ] array (
)
[ info ] [ HEADER ] array (
  'cookie' => '__guid=141166900.475862584965909250.1551624034256.1643; Hm_lvt_cdce8cda34e84469b1c8015204129522=1551624035; monitor_count=31; Hm_lpvt_cdce8cda34e84469b1c8015204129522=1551626722',
  'accept-language' => 'zh-CN,zh;q=0.9',
  'accept-encoding' => 'gzip, deflate',
  'accept' => 'text/html,application/xhtml+xml,application/xml;q=0.9,image/webp,image/apng,*/*;q=0.8',
  'user-agent' => 'Mozilla/5.0 (Windows NT 6.1; WOW64) AppleWebKit/537.36 (KHTML, like Gecko) Chrome/63.0.3239.132 Safari/537.36',
  'upgrade-insecure-requests' => '1',
  'cache-control' => 'max-age=0',
  'connection' => 'close',
  'host' => 'www.tp.com',
)
[ info ] [ PARAM ] array (
)
---------------------------------------------------------------
[ 2019-03-03T23:26:47+08:00 ] 127.0.0.1 GET www.tp.com/index/ct/wq
[è¿è¡Œæ—¶é—´ï¼š0.199408s] [åžåçŽ‡ï¼š5.01req/s] [å†…å­˜æ¶ˆè€—ï¼š1,657.87kb] [æ–‡ä»¶åŠ è½½ï¼š80]
[ info ] [ LANG ] E:\php\tp5\thinkphp\lang\zh-cn.php
[ info ] [ ROUTE ] array (
)
[ info ] [ HEADER ] array (
  'cookie' => '__guid=141166900.475862584965909250.1551624034256.1643; Hm_lvt_cdce8cda34e84469b1c8015204129522=1551624035; Hm_lpvt_cdce8cda34e84469b1c8015204129522=1551626722; monitor_count=32',
  'accept-language' => 'zh-CN,zh;q=0.9',
  'accept-encoding' => 'gzip, deflate',
  'accept' => 'text/html,application/xhtml+xml,application/xml;q=0.9,image/webp,image/apng,*/*;q=0.8',
  'user-agent' => 'Mozilla/5.0 (Windows NT 6.1; WOW64) AppleWebKit/537.36 (KHTML, like Gecko) Chrome/63.0.3239.132 Safari/537.36',
  'upgrade-insecure-requests' => '1',
  'cache-control' => 'max-age=0',
  'connection' => 'close',
  'host' => 'www.tp.com',
)
[ info ] [ PARAM ] array (
)
---------------------------------------------------------------
[ 2019-03-03T23:27:26+08:00 ] 127.0.0.1 GET www.tp.com/index/ct/wq
[è¿è¡Œæ—¶é—´ï¼š0.224802s] [åžåçŽ‡ï¼š4.45req/s] [å†…å­˜æ¶ˆè€—ï¼š1,658.04kb] [æ–‡ä»¶åŠ è½½ï¼š80]
[ info ] [ LANG ] E:\php\tp5\thinkphp\lang\zh-cn.php
[ info ] [ ROUTE ] array (
)
[ info ] [ HEADER ] array (
  'cookie' => '__guid=141166900.475862584965909250.1551624034256.1643; Hm_lvt_cdce8cda34e84469b1c8015204129522=1551624035; Hm_lpvt_cdce8cda34e84469b1c8015204129522=1551626722; monitor_count=33',
  'accept-language' => 'zh-CN,zh;q=0.9',
  'accept-encoding' => 'gzip, deflate',
  'accept' => 'text/html,application/xhtml+xml,application/xml;q=0.9,image/webp,image/apng,*/*;q=0.8',
  'user-agent' => 'Mozilla/5.0 (Windows NT 6.1; WOW64) AppleWebKit/537.36 (KHTML, like Gecko) Chrome/63.0.3239.132 Safari/537.36',
  'upgrade-insecure-requests' => '1',
  'cache-control' => 'max-age=0',
  'connection' => 'close',
  'host' => 'www.tp.com',
)
[ info ] [ PARAM ] array (
)
---------------------------------------------------------------
[ 2019-03-03T23:27:29+08:00 ] 127.0.0.1 GET www.tp.com/index/ct/wq
[è¿è¡Œæ—¶é—´ï¼š0.200201s] [åžåçŽ‡ï¼š4.99req/s] [å†…å­˜æ¶ˆè€—ï¼š1,658.04kb] [æ–‡ä»¶åŠ è½½ï¼š80]
[ info ] [ LANG ] E:\php\tp5\thinkphp\lang\zh-cn.php
[ info ] [ ROUTE ] array (
)
[ info ] [ HEADER ] array (
  'cookie' => '__guid=141166900.475862584965909250.1551624034256.1643; Hm_lvt_cdce8cda34e84469b1c8015204129522=1551624035; Hm_lpvt_cdce8cda34e84469b1c8015204129522=1551626722; monitor_count=34',
  'accept-language' => 'zh-CN,zh;q=0.9',
  'accept-encoding' => 'gzip, deflate',
  'accept' => 'text/html,application/xhtml+xml,application/xml;q=0.9,image/webp,image/apng,*/*;q=0.8',
  'user-agent' => 'Mozilla/5.0 (Windows NT 6.1; WOW64) AppleWebKit/537.36 (KHTML, like Gecko) Chrome/63.0.3239.132 Safari/537.36',
  'upgrade-insecure-requests' => '1',
  'cache-control' => 'max-age=0',
  'connection' => 'close',
  'host' => 'www.tp.com',
)
[ info ] [ PARAM ] array (
)
---------------------------------------------------------------
[ 2019-03-03T23:27:30+08:00 ] 127.0.0.1 GET www.tp.com/index/ct/wq
[è¿è¡Œæ—¶é—´ï¼š0.113201s] [åžåçŽ‡ï¼š8.83req/s] [å†…å­˜æ¶ˆè€—ï¼š1,658.04kb] [æ–‡ä»¶åŠ è½½ï¼š80]
[ info ] [ LANG ] E:\php\tp5\thinkphp\lang\zh-cn.php
[ info ] [ ROUTE ] array (
)
[ info ] [ HEADER ] array (
  'cookie' => '__guid=141166900.475862584965909250.1551624034256.1643; Hm_lvt_cdce8cda34e84469b1c8015204129522=1551624035; Hm_lpvt_cdce8cda34e84469b1c8015204129522=1551626722; monitor_count=35',
  'accept-language' => 'zh-CN,zh;q=0.9',
  'accept-encoding' => 'gzip, deflate',
  'accept' => 'text/html,application/xhtml+xml,application/xml;q=0.9,image/webp,image/apng,*/*;q=0.8',
  'user-agent' => 'Mozilla/5.0 (Windows NT 6.1; WOW64) AppleWebKit/537.36 (KHTML, like Gecko) Chrome/63.0.3239.132 Safari/537.36',
  'upgrade-insecure-requests' => '1',
  'cache-control' => 'max-age=0',
  'connection' => 'close',
  'host' => 'www.tp.com',
)
[ info ] [ PARAM ] array (
)
---------------------------------------------------------------
[ 2019-03-03T23:27:31+08:00 ] 127.0.0.1 GET www.tp.com/index/ct/wq
[è¿è¡Œæ—¶é—´ï¼š0.152400s] [åžåçŽ‡ï¼š6.56req/s] [å†…å­˜æ¶ˆè€—ï¼š1,658.04kb] [æ–‡ä»¶åŠ è½½ï¼š80]
[ info ] [ LANG ] E:\php\tp5\thinkphp\lang\zh-cn.php
[ info ] [ ROUTE ] array (
)
[ info ] [ HEADER ] array (
  'cookie' => '__guid=141166900.475862584965909250.1551624034256.1643; Hm_lvt_cdce8cda34e84469b1c8015204129522=1551624035; Hm_lpvt_cdce8cda34e84469b1c8015204129522=1551626722; monitor_count=36',
  'accept-language' => 'zh-CN,zh;q=0.9',
  'accept-encoding' => 'gzip, deflate',
  'accept' => 'text/html,application/xhtml+xml,application/xml;q=0.9,image/webp,image/apng,*/*;q=0.8',
  'user-agent' => 'Mozilla/5.0 (Windows NT 6.1; WOW64) AppleWebKit/537.36 (KHTML, like Gecko) Chrome/63.0.3239.132 Safari/537.36',
  'upgrade-insecure-requests' => '1',
  'cache-control' => 'max-age=0',
  'connection' => 'close',
  'host' => 'www.tp.com',
)
[ info ] [ PARAM ] array (
)
---------------------------------------------------------------
[ 2019-03-03T23:27:33+08:00 ] 127.0.0.1 GET www.tp.com/index/ct/wq
[è¿è¡Œæ—¶é—´ï¼š0.114201s] [åžåçŽ‡ï¼š8.76req/s] [å†…å­˜æ¶ˆè€—ï¼š1,658.04kb] [æ–‡ä»¶åŠ è½½ï¼š80]
[ info ] [ LANG ] E:\php\tp5\thinkphp\lang\zh-cn.php
[ info ] [ ROUTE ] array (
)
[ info ] [ HEADER ] array (
  'cookie' => '__guid=141166900.475862584965909250.1551624034256.1643; Hm_lvt_cdce8cda34e84469b1c8015204129522=1551624035; Hm_lpvt_cdce8cda34e84469b1c8015204129522=1551626722; monitor_count=37',
  'accept-language' => 'zh-CN,zh;q=0.9',
  'accept-encoding' => 'gzip, deflate',
  'accept' => 'text/html,application/xhtml+xml,application/xml;q=0.9,image/webp,image/apng,*/*;q=0.8',
  'user-agent' => 'Mozilla/5.0 (Windows NT 6.1; WOW64) AppleWebKit/537.36 (KHTML, like Gecko) Chrome/63.0.3239.132 Safari/537.36',
  'upgrade-insecure-requests' => '1',
  'cache-control' => 'max-age=0',
  'connection' => 'close',
  'host' => 'www.tp.com',
)
[ info ] [ PARAM ] array (
)
---------------------------------------------------------------
[ 2019-03-03T23:27:40+08:00 ] 127.0.0.1 GET www.tp.com/index/ct/wq
[è¿è¡Œæ—¶é—´ï¼š0.184002s] [åžåçŽ‡ï¼š5.43req/s] [å†…å­˜æ¶ˆè€—ï¼š1,658.04kb] [æ–‡ä»¶åŠ è½½ï¼š80]
[ info ] [ LANG ] E:\php\tp5\thinkphp\lang\zh-cn.php
[ info ] [ ROUTE ] array (
)
[ info ] [ HEADER ] array (
  'cookie' => '__guid=141166900.475862584965909250.1551624034256.1643; Hm_lvt_cdce8cda34e84469b1c8015204129522=1551624035; Hm_lpvt_cdce8cda34e84469b1c8015204129522=1551626722; monitor_count=38',
  'accept-language' => 'zh-CN,zh;q=0.9',
  'accept-encoding' => 'gzip, deflate',
  'accept' => 'text/html,application/xhtml+xml,application/xml;q=0.9,image/webp,image/apng,*/*;q=0.8',
  'user-agent' => 'Mozilla/5.0 (Windows NT 6.1; WOW64) AppleWebKit/537.36 (KHTML, like Gecko) Chrome/63.0.3239.132 Safari/537.36',
  'upgrade-insecure-requests' => '1',
  'cache-control' => 'max-age=0',
  'connection' => 'close',
  'host' => 'www.tp.com',
)
[ info ] [ PARAM ] array (
)
---------------------------------------------------------------
[ 2019-03-03T23:27:41+08:00 ] 127.0.0.1 GET www.tp.com/index/ct/wq
[è¿è¡Œæ—¶é—´ï¼š0.148401s] [åžåçŽ‡ï¼š6.74req/s] [å†…å­˜æ¶ˆè€—ï¼š1,658.04kb] [æ–‡ä»¶åŠ è½½ï¼š80]
[ info ] [ LANG ] E:\php\tp5\thinkphp\lang\zh-cn.php
[ info ] [ ROUTE ] array (
)
[ info ] [ HEADER ] array (
  'cookie' => '__guid=141166900.475862584965909250.1551624034256.1643; Hm_lvt_cdce8cda34e84469b1c8015204129522=1551624035; Hm_lpvt_cdce8cda34e84469b1c8015204129522=1551626722; monitor_count=39',
  'accept-language' => 'zh-CN,zh;q=0.9',
  'accept-encoding' => 'gzip, deflate',
  'accept' => 'text/html,application/xhtml+xml,application/xml;q=0.9,image/webp,image/apng,*/*;q=0.8',
  'user-agent' => 'Mozilla/5.0 (Windows NT 6.1; WOW64) AppleWebKit/537.36 (KHTML, like Gecko) Chrome/63.0.3239.132 Safari/537.36',
  'upgrade-insecure-requests' => '1',
  'cache-control' => 'max-age=0',
  'connection' => 'close',
  'host' => 'www.tp.com',
)
[ info ] [ PARAM ] array (
)
---------------------------------------------------------------
[ 2019-03-03T23:32:05+08:00 ] 127.0.0.1 GET www.tp.com/index/ct/wq
[è¿è¡Œæ—¶é—´ï¼š0.242807s] [åžåçŽ‡ï¼š4.12req/s] [å†…å­˜æ¶ˆè€—ï¼š1,658.11kb] [æ–‡ä»¶åŠ è½½ï¼š80]
[ info ] [ LANG ] E:\php\tp5\thinkphp\lang\zh-cn.php
[ info ] [ ROUTE ] array (
)
[ info ] [ HEADER ] array (
  'cookie' => '__guid=141166900.475862584965909250.1551624034256.1643; Hm_lvt_cdce8cda34e84469b1c8015204129522=1551624035; Hm_lpvt_cdce8cda34e84469b1c8015204129522=1551626722; monitor_count=40',
  'accept-language' => 'zh-CN,zh;q=0.9',
  'accept-encoding' => 'gzip, deflate',
  'accept' => 'text/html,application/xhtml+xml,application/xml;q=0.9,image/webp,image/apng,*/*;q=0.8',
  'user-agent' => 'Mozilla/5.0 (Windows NT 6.1; WOW64) AppleWebKit/537.36 (KHTML, like Gecko) Chrome/63.0.3239.132 Safari/537.36',
  'upgrade-insecure-requests' => '1',
  'cache-control' => 'max-age=0',
  'connection' => 'close',
  'host' => 'www.tp.com',
)
[ info ] [ PARAM ] array (
)
---------------------------------------------------------------
[ 2019-03-03T23:41:55+08:00 ] 127.0.0.1 GET www.tp.com/index/ct/wq
[è¿è¡Œæ—¶é—´ï¼š0.352403s] [åžåçŽ‡ï¼š2.84req/s] [å†…å­˜æ¶ˆè€—ï¼š1,657.80kb] [æ–‡ä»¶åŠ è½½ï¼š80]
[ info ] [ LANG ] E:\php\tp5\thinkphp\lang\zh-cn.php
[ info ] [ ROUTE ] array (
)
[ info ] [ HEADER ] array (
  'cookie' => '__guid=141166900.475862584965909250.1551624034256.1643; Hm_lvt_cdce8cda34e84469b1c8015204129522=1551624035; Hm_lpvt_cdce8cda34e84469b1c8015204129522=1551626722; monitor_count=41',
  'accept-language' => 'zh-CN,zh;q=0.9',
  'accept-encoding' => 'gzip, deflate',
  'accept' => 'text/html,application/xhtml+xml,application/xml;q=0.9,image/webp,image/apng,*/*;q=0.8',
  'user-agent' => 'Mozilla/5.0 (Windows NT 6.1; WOW64) AppleWebKit/537.36 (KHTML, like Gecko) Chrome/63.0.3239.132 Safari/537.36',
  'upgrade-insecure-requests' => '1',
  'cache-control' => 'max-age=0',
  'connection' => 'close',
  'host' => 'www.tp.com',
)
[ info ] [ PARAM ] array (
)
---------------------------------------------------------------
[ 2019-03-03T23:42:09+08:00 ] 127.0.0.1 GET www.tp.com/phpMyAdmin/
[è¿è¡Œæ—¶é—´ï¼š0.225004s] [åžåçŽ‡ï¼š4.44req/s] [å†…å­˜æ¶ˆè€—ï¼š1,292.52kb] [æ–‡ä»¶åŠ è½½ï¼š71]
[ info ] [ LANG ] E:\php\tp5\thinkphp\lang\zh-cn.php
---------------------------------------------------------------
[ 2019-03-03T23:42:18+08:00 ] 127.0.0.1 GET www.tp.com/phpMyAdmin
[è¿è¡Œæ—¶é—´ï¼š0.200606s] [åžåçŽ‡ï¼š4.98req/s] [å†…å­˜æ¶ˆè€—ï¼š1,292.52kb] [æ–‡ä»¶åŠ è½½ï¼š71]
[ info ] [ LANG ] E:\php\tp5\thinkphp\lang\zh-cn.php
---------------------------------------------------------------
[ 2019-03-03T23:43:41+08:00 ] 127.0.0.1 GET www.tp.com/index/ct/truncate
[è¿è¡Œæ—¶é—´ï¼š1.884043s] [åžåçŽ‡ï¼š0.53req/s] [å†…å­˜æ¶ˆè€—ï¼š2,411.84kb] [æ–‡ä»¶åŠ è½½ï¼š85]
[ info ] [ LANG ] E:\php\tp5\thinkphp\lang\zh-cn.php
[ info ] [ ROUTE ] array (
)
[ info ] [ HEADER ] array (
  'cookie' => '__guid=141166900.475862584965909250.1551624034256.1643; Hm_lvt_cdce8cda34e84469b1c8015204129522=1551624035; monitor_count=43; Hm_lpvt_cdce8cda34e84469b1c8015204129522=1551627739',
  'accept-language' => 'zh-CN,zh;q=0.9',
  'accept-encoding' => 'gzip, deflate',
  'accept' => 'text/html,application/xhtml+xml,application/xml;q=0.9,image/webp,image/apng,*/*;q=0.8',
  'user-agent' => 'Mozilla/5.0 (Windows NT 6.1; WOW64) AppleWebKit/537.36 (KHTML, like Gecko) Chrome/63.0.3239.132 Safari/537.36',
  'upgrade-insecure-requests' => '1',
  'connection' => 'close',
  'host' => 'www.tp.com',
)
[ info ] [ PARAM ] array (
)
[ info ] [ DB ] INIT mysql
---------------------------------------------------------------
[ 2019-03-03T23:43:50+08:00 ] 127.0.0.1 GET www.tp.com/index/ct/index1
[è¿è¡Œæ—¶é—´ï¼š2.478068s] [åžåçŽ‡ï¼š0.40req/s] [å†…å­˜æ¶ˆè€—ï¼š2,915.00kb] [æ–‡ä»¶åŠ è½½ï¼š91]
[ info ] [ LANG ] E:\php\tp5\thinkphp\lang\zh-cn.php
[ info ] [ ROUTE ] array (
)
[ info ] [ HEADER ] array (
  'cookie' => '__guid=141166900.475862584965909250.1551624034256.1643; Hm_lvt_cdce8cda34e84469b1c8015204129522=1551624035; Hm_lpvt_cdce8cda34e84469b1c8015204129522=1551627739; monitor_count=44',
  'accept-language' => 'zh-CN,zh;q=0.9',
  'accept-encoding' => 'gzip, deflate',
  'accept' => 'text/html,application/xhtml+xml,application/xml;q=0.9,image/webp,image/apng,*/*;q=0.8',
  'user-agent' => 'Mozilla/5.0 (Windows NT 6.1; WOW64) AppleWebKit/537.36 (KHTML, like Gecko) Chrome/63.0.3239.132 Safari/537.36',
  'upgrade-insecure-requests' => '1',
  'connection' => 'close',
  'host' => 'www.tp.com',
)
[ info ] [ PARAM ] array (
)
[ info ] [ DB ] INIT mysql
[ info ] [ DB ] INIT mysql
[ error ] [10501]SQLSTATE[HY000]: General error: 1220 Unknown pstmtId when executing.[E:\php\tp5\thinkphp\library\think\db\Connection.php:764]
---------------------------------------------------------------
[ 2019-03-03T23:47:21+08:00 ] 127.0.0.1 GET www.tp.com/index/ct/wq
[è¿è¡Œæ—¶é—´ï¼š0.271209s] [åžåçŽ‡ï¼š3.69req/s] [å†…å­˜æ¶ˆè€—ï¼š1,657.52kb] [æ–‡ä»¶åŠ è½½ï¼š80]
[ info ] [ LANG ] E:\php\tp5\thinkphp\lang\zh-cn.php
[ info ] [ ROUTE ] array (
)
[ info ] [ HEADER ] array (
  'cookie' => '__guid=141166900.475862584965909250.1551624034256.1643; Hm_lvt_cdce8cda34e84469b1c8015204129522=1551624035; monitor_count=45; Hm_lpvt_cdce8cda34e84469b1c8015204129522=1551627831',
  'accept-language' => 'zh-CN,zh;q=0.9',
  'accept-encoding' => 'gzip, deflate',
  'accept' => 'text/html,application/xhtml+xml,application/xml;q=0.9,image/webp,image/apng,*/*;q=0.8',
  'user-agent' => 'Mozilla/5.0 (Windows NT 6.1; WOW64) AppleWebKit/537.36 (KHTML, like Gecko) Chrome/63.0.3239.132 Safari/537.36',
  'upgrade-insecure-requests' => '1',
  'connection' => 'close',
  'host' => 'www.tp.com',
)
[ info ] [ PARAM ] array (
)
---------------------------------------------------------------
[ 2019-03-03T23:48:35+08:00 ] 127.0.0.1 GET www.tp.com/index/ct/index1
[è¿è¡Œæ—¶é—´ï¼š2.444437s] [åžåçŽ‡ï¼š0.41req/s] [å†…å­˜æ¶ˆè€—ï¼š2,915.02kb] [æ–‡ä»¶åŠ è½½ï¼š91]
[ info ] [ LANG ] E:\php\tp5\thinkphp\lang\zh-cn.php
[ info ] [ ROUTE ] array (
)
[ info ] [ HEADER ] array (
  'cookie' => '__guid=141166900.475862584965909250.1551624034256.1643; Hm_lvt_cdce8cda34e84469b1c8015204129522=1551624035; Hm_lpvt_cdce8cda34e84469b1c8015204129522=1551627831; monitor_count=46',
  'accept-language' => 'zh-CN,zh;q=0.9',
  'accept-encoding' => 'gzip, deflate',
  'accept' => 'text/html,application/xhtml+xml,application/xml;q=0.9,image/webp,image/apng,*/*;q=0.8',
  'user-agent' => 'Mozilla/5.0 (Windows NT 6.1; WOW64) AppleWebKit/537.36 (KHTML, like Gecko) Chrome/63.0.3239.132 Safari/537.36',
  'upgrade-insecure-requests' => '1',
  'connection' => 'close',
  'host' => 'www.tp.com',
)
[ info ] [ PARAM ] array (
)
[ info ] [ DB ] INIT mysql
[ info ] [ DB ] INIT mysql
[ error ] [10501]SQLSTATE[HY000]: General error: 1220 Unknown pstmtId when executing.[E:\php\tp5\thinkphp\library\think\db\Connection.php:764]
