---------------------------------------------------------------
[ 2019-03-05T00:01:48+08:00 ] 127.0.0.1 GET www.tp.com/index/ct/count
[è¿è¡Œæ—¶é—´ï¼š12.810733s] [åžåçŽ‡ï¼š0.08req/s] [å†…å­˜æ¶ˆè€—ï¼š2,416.39kb] [æ–‡ä»¶åŠ è½½ï¼š85]
[ info ] [ LANG ] E:\php\tp5\thinkphp\lang\zh-cn.php
[ info ] [ ROUTE ] array (
)
[ info ] [ HEADER ] array (
  'accept-language' => 'zh-CN,zh;q=0.8',
  'accept-encoding' => 'gzip, deflate, sdch',
  'accept' => 'text/html,application/xhtml+xml,application/xml;q=0.9,image/webp,*/*;q=0.8',
  'user-agent' => 'Mozilla/5.0 (Windows NT 6.1; WOW64) AppleWebKit/537.36 (KHTML, like Gecko) Chrome/58.0.3029.110 Safari/537.36 SE 2.X MetaSr 1.0',
  'upgrade-insecure-requests' => '1',
  'cache-control' => 'max-age=0',
  'connection' => 'close',
  'host' => 'www.tp.com',
)
[ info ] [ PARAM ] array (
)
[ info ] [ DB ] INIT mysql
---------------------------------------------------------------
[ 2019-03-05T00:02:00+08:00 ] 127.0.0.1 GET www.tp.com/index/ct/truncate
[è¿è¡Œæ—¶é—´ï¼š0.267015s] [åžåçŽ‡ï¼š3.75req/s] [å†…å­˜æ¶ˆè€—ï¼š2,411.33kb] [æ–‡ä»¶åŠ è½½ï¼š85]
[ info ] [ LANG ] E:\php\tp5\thinkphp\lang\zh-cn.php
[ info ] [ ROUTE ] array (
)
[ info ] [ HEADER ] array (
  'accept-language' => 'zh-CN,zh;q=0.8',
  'accept-encoding' => 'gzip, deflate, sdch',
  'accept' => 'text/html,application/xhtml+xml,application/xml;q=0.9,image/webp,*/*;q=0.8',
  'user-agent' => 'Mozilla/5.0 (Windows NT 6.1; WOW64) AppleWebKit/537.36 (KHTML, like Gecko) Chrome/58.0.3029.110 Safari/537.36 SE 2.X MetaSr 1.0',
  'upgrade-insecure-requests' => '1',
  'cache-control' => 'max-age=0',
  'connection' => 'close',
  'host' => 'www.tp.com',
)
[ info ] [ PARAM ] array (
)
[ info ] [ DB ] INIT mysql
---------------------------------------------------------------
[ 2019-03-05T00:09:29+08:00 ] 127.0.0.1 GET www.tp.com/index/ct/count
[è¿è¡Œæ—¶é—´ï¼š1.138066s] [åžåçŽ‡ï¼š0.88req/s] [å†…å­˜æ¶ˆè€—ï¼š2,416.40kb] [æ–‡ä»¶åŠ è½½ï¼š85]
[ info ] [ LANG ] E:\php\tp5\thinkphp\lang\zh-cn.php
[ info ] [ ROUTE ] array (
)
[ info ] [ HEADER ] array (
  'accept-language' => 'zh-CN,zh;q=0.8',
  'accept-encoding' => 'gzip, deflate, sdch',
  'accept' => 'text/html,application/xhtml+xml,application/xml;q=0.9,image/webp,*/*;q=0.8',
  'user-agent' => 'Mozilla/5.0 (Windows NT 6.1; WOW64) AppleWebKit/537.36 (KHTML, like Gecko) Chrome/58.0.3029.110 Safari/537.36 SE 2.X MetaSr 1.0',
  'upgrade-insecure-requests' => '1',
  'connection' => 'close',
  'host' => 'www.tp.com',
)
[ info ] [ PARAM ] array (
)
[ info ] [ DB ] INIT mysql
---------------------------------------------------------------
[ 2019-03-05T21:15:30+08:00 ] 127.0.0.1 GET www.tp.com/index/ct/count
[è¿è¡Œæ—¶é—´ï¼š12.836734s] [åžåçŽ‡ï¼š0.08req/s] [å†…å­˜æ¶ˆè€—ï¼š2,416.40kb] [æ–‡ä»¶åŠ è½½ï¼š85]
[ info ] [ LANG ] E:\php\tp5\thinkphp\lang\zh-cn.php
[ info ] [ ROUTE ] array (
)
[ info ] [ HEADER ] array (
  'accept-language' => 'zh-CN,zh;q=0.8',
  'accept-encoding' => 'gzip, deflate, sdch',
  'accept' => 'text/html,application/xhtml+xml,application/xml;q=0.9,image/webp,*/*;q=0.8',
  'user-agent' => 'Mozilla/5.0 (Windows NT 6.1; WOW64) AppleWebKit/537.36 (KHTML, like Gecko) Chrome/58.0.3029.110 Safari/537.36 SE 2.X MetaSr 1.0',
  'upgrade-insecure-requests' => '1',
  'cache-control' => 'max-age=0',
  'connection' => 'close',
  'host' => 'www.tp.com',
)
[ info ] [ PARAM ] array (
)
[ info ] [ DB ] INIT mysql
---------------------------------------------------------------
[ 2019-03-05T21:15:48+08:00 ] 127.0.0.1 GET www.tp.com/index/ct/count
[è¿è¡Œæ—¶é—´ï¼š1.066061s] [åžåçŽ‡ï¼š0.94req/s] [å†…å­˜æ¶ˆè€—ï¼š2,416.45kb] [æ–‡ä»¶åŠ è½½ï¼š85]
[ info ] [ LANG ] E:\php\tp5\thinkphp\lang\zh-cn.php
[ info ] [ ROUTE ] array (
)
[ info ] [ HEADER ] array (
  'accept-language' => 'zh-CN,zh;q=0.8',
  'accept-encoding' => 'gzip, deflate, sdch',
  'accept' => 'text/html,application/xhtml+xml,application/xml;q=0.9,image/webp,*/*;q=0.8',
  'user-agent' => 'Mozilla/5.0 (Windows NT 6.1; WOW64) AppleWebKit/537.36 (KHTML, like Gecko) Chrome/58.0.3029.110 Safari/537.36 SE 2.X MetaSr 1.0',
  'upgrade-insecure-requests' => '1',
  'cache-control' => 'max-age=0',
  'connection' => 'close',
  'host' => 'www.tp.com',
)
[ info ] [ PARAM ] array (
)
[ info ] [ DB ] INIT mysql
---------------------------------------------------------------
[ 2019-03-05T21:15:53+08:00 ] 127.0.0.1 GET www.tp.com/index/ct/count
[è¿è¡Œæ—¶é—´ï¼š0.589033s] [åžåçŽ‡ï¼š1.70req/s] [å†…å­˜æ¶ˆè€—ï¼š2,416.45kb] [æ–‡ä»¶åŠ è½½ï¼š85]
[ info ] [ LANG ] E:\php\tp5\thinkphp\lang\zh-cn.php
[ info ] [ ROUTE ] array (
)
[ info ] [ HEADER ] array (
  'accept-language' => 'zh-CN,zh;q=0.8',
  'accept-encoding' => 'gzip, deflate, sdch',
  'accept' => 'text/html,application/xhtml+xml,application/xml;q=0.9,image/webp,*/*;q=0.8',
  'user-agent' => 'Mozilla/5.0 (Windows NT 6.1; WOW64) AppleWebKit/537.36 (KHTML, like Gecko) Chrome/58.0.3029.110 Safari/537.36 SE 2.X MetaSr 1.0',
  'upgrade-insecure-requests' => '1',
  'cache-control' => 'max-age=0',
  'connection' => 'close',
  'host' => 'www.tp.com',
)
[ info ] [ PARAM ] array (
)
[ info ] [ DB ] INIT mysql
---------------------------------------------------------------
[ 2019-03-05T21:16:16+08:00 ] 127.0.0.1 GET www.tp.com/index/ct/count
[è¿è¡Œæ—¶é—´ï¼š1.476085s] [åžåçŽ‡ï¼š0.68req/s] [å†…å­˜æ¶ˆè€—ï¼š2,416.45kb] [æ–‡ä»¶åŠ è½½ï¼š85]
[ info ] [ LANG ] E:\php\tp5\thinkphp\lang\zh-cn.php
[ info ] [ ROUTE ] array (
)
[ info ] [ HEADER ] array (
  'accept-language' => 'zh-CN,zh;q=0.8',
  'accept-encoding' => 'gzip, deflate, sdch',
  'accept' => 'text/html,application/xhtml+xml,application/xml;q=0.9,image/webp,*/*;q=0.8',
  'user-agent' => 'Mozilla/5.0 (Windows NT 6.1; WOW64) AppleWebKit/537.36 (KHTML, like Gecko) Chrome/58.0.3029.110 Safari/537.36 SE 2.X MetaSr 1.0',
  'upgrade-insecure-requests' => '1',
  'cache-control' => 'max-age=0',
  'connection' => 'close',
  'host' => 'www.tp.com',
)
[ info ] [ PARAM ] array (
)
[ info ] [ DB ] INIT mysql
---------------------------------------------------------------
[ 2019-03-05T21:16:40+08:00 ] 127.0.0.1 GET www.tp.com/index/ct/count
[è¿è¡Œæ—¶é—´ï¼š0.486028s] [åžåçŽ‡ï¼š2.06req/s] [å†…å­˜æ¶ˆè€—ï¼š2,416.45kb] [æ–‡ä»¶åŠ è½½ï¼š85]
[ info ] [ LANG ] E:\php\tp5\thinkphp\lang\zh-cn.php
[ info ] [ ROUTE ] array (
)
[ info ] [ HEADER ] array (
  'accept-language' => 'zh-CN,zh;q=0.8',
  'accept-encoding' => 'gzip, deflate, sdch',
  'accept' => 'text/html,application/xhtml+xml,application/xml;q=0.9,image/webp,*/*;q=0.8',
  'user-agent' => 'Mozilla/5.0 (Windows NT 6.1; WOW64) AppleWebKit/537.36 (KHTML, like Gecko) Chrome/58.0.3029.110 Safari/537.36 SE 2.X MetaSr 1.0',
  'upgrade-insecure-requests' => '1',
  'cache-control' => 'max-age=0',
  'connection' => 'close',
  'host' => 'www.tp.com',
)
[ info ] [ PARAM ] array (
)
[ info ] [ DB ] INIT mysql
---------------------------------------------------------------
[ 2019-03-05T21:16:49+08:00 ] 127.0.0.1 GET www.tp.com/index/ct/truncate
[è¿è¡Œæ—¶é—´ï¼š0.733042s] [åžåçŽ‡ï¼š1.36req/s] [å†…å­˜æ¶ˆè€—ï¼š2,411.03kb] [æ–‡ä»¶åŠ è½½ï¼š85]
[ info ] [ LANG ] E:\php\tp5\thinkphp\lang\zh-cn.php
[ info ] [ ROUTE ] array (
)
[ info ] [ HEADER ] array (
  'accept-language' => 'zh-CN,zh;q=0.8',
  'accept-encoding' => 'gzip, deflate, sdch',
  'accept' => 'text/html,application/xhtml+xml,application/xml;q=0.9,image/webp,*/*;q=0.8',
  'user-agent' => 'Mozilla/5.0 (Windows NT 6.1; WOW64) AppleWebKit/537.36 (KHTML, like Gecko) Chrome/58.0.3029.110 Safari/537.36 SE 2.X MetaSr 1.0',
  'upgrade-insecure-requests' => '1',
  'connection' => 'close',
  'host' => 'www.tp.com',
)
[ info ] [ PARAM ] array (
)
[ info ] [ DB ] INIT mysql
---------------------------------------------------------------
[ 2019-03-05T21:16:50+08:00 ] 127.0.0.1 GET www.tp.com/index/ct/truncate
[è¿è¡Œæ—¶é—´ï¼š0.289016s] [åžåçŽ‡ï¼š3.46req/s] [å†…å­˜æ¶ˆè€—ï¼š2,411.33kb] [æ–‡ä»¶åŠ è½½ï¼š85]
[ info ] [ LANG ] E:\php\tp5\thinkphp\lang\zh-cn.php
[ info ] [ ROUTE ] array (
)
[ info ] [ HEADER ] array (
  'accept-language' => 'zh-CN,zh;q=0.8',
  'accept-encoding' => 'gzip, deflate, sdch',
  'accept' => 'text/html,application/xhtml+xml,application/xml;q=0.9,image/webp,*/*;q=0.8',
  'user-agent' => 'Mozilla/5.0 (Windows NT 6.1; WOW64) AppleWebKit/537.36 (KHTML, like Gecko) Chrome/58.0.3029.110 Safari/537.36 SE 2.X MetaSr 1.0',
  'upgrade-insecure-requests' => '1',
  'cache-control' => 'max-age=0',
  'connection' => 'close',
  'host' => 'www.tp.com',
)
[ info ] [ PARAM ] array (
)
[ info ] [ DB ] INIT mysql
---------------------------------------------------------------
[ 2019-03-05T21:16:55+08:00 ] 127.0.0.1 GET www.tp.com/index/ct/count
[è¿è¡Œæ—¶é—´ï¼š0.305018s] [åžåçŽ‡ï¼š3.28req/s] [å†…å­˜æ¶ˆè€—ï¼š2,416.30kb] [æ–‡ä»¶åŠ è½½ï¼š85]
[ info ] [ LANG ] E:\php\tp5\thinkphp\lang\zh-cn.php
[ info ] [ ROUTE ] array (
)
[ info ] [ HEADER ] array (
  'accept-language' => 'zh-CN,zh;q=0.8',
  'accept-encoding' => 'gzip, deflate, sdch',
  'accept' => 'text/html,application/xhtml+xml,application/xml;q=0.9,image/webp,*/*;q=0.8',
  'user-agent' => 'Mozilla/5.0 (Windows NT 6.1; WOW64) AppleWebKit/537.36 (KHTML, like Gecko) Chrome/58.0.3029.110 Safari/537.36 SE 2.X MetaSr 1.0',
  'upgrade-insecure-requests' => '1',
  'connection' => 'close',
  'host' => 'www.tp.com',
)
[ info ] [ PARAM ] array (
)
[ info ] [ DB ] INIT mysql
---------------------------------------------------------------
[ 2019-03-05T21:16:57+08:00 ] 127.0.0.1 GET www.tp.com/index/ct/count
[è¿è¡Œæ—¶é—´ï¼š0.439025s] [åžåçŽ‡ï¼š2.28req/s] [å†…å­˜æ¶ˆè€—ï¼š2,416.45kb] [æ–‡ä»¶åŠ è½½ï¼š85]
[ info ] [ LANG ] E:\php\tp5\thinkphp\lang\zh-cn.php
[ info ] [ ROUTE ] array (
)
[ info ] [ HEADER ] array (
  'accept-language' => 'zh-CN,zh;q=0.8',
  'accept-encoding' => 'gzip, deflate, sdch',
  'accept' => 'text/html,application/xhtml+xml,application/xml;q=0.9,image/webp,*/*;q=0.8',
  'user-agent' => 'Mozilla/5.0 (Windows NT 6.1; WOW64) AppleWebKit/537.36 (KHTML, like Gecko) Chrome/58.0.3029.110 Safari/537.36 SE 2.X MetaSr 1.0',
  'upgrade-insecure-requests' => '1',
  'cache-control' => 'max-age=0',
  'connection' => 'close',
  'host' => 'www.tp.com',
)
[ info ] [ PARAM ] array (
)
[ info ] [ DB ] INIT mysql
---------------------------------------------------------------
[ 2019-03-05T21:17:19+08:00 ] 127.0.0.1 GET www.tp.com/index/ct/count
[è¿è¡Œæ—¶é—´ï¼š0.396023s] [åžåçŽ‡ï¼š2.53req/s] [å†…å­˜æ¶ˆè€—ï¼š2,416.45kb] [æ–‡ä»¶åŠ è½½ï¼š85]
[ info ] [ LANG ] E:\php\tp5\thinkphp\lang\zh-cn.php
[ info ] [ ROUTE ] array (
)
[ info ] [ HEADER ] array (
  'accept-language' => 'zh-CN,zh;q=0.8',
  'accept-encoding' => 'gzip, deflate, sdch',
  'accept' => 'text/html,application/xhtml+xml,application/xml;q=0.9,image/webp,*/*;q=0.8',
  'user-agent' => 'Mozilla/5.0 (Windows NT 6.1; WOW64) AppleWebKit/537.36 (KHTML, like Gecko) Chrome/58.0.3029.110 Safari/537.36 SE 2.X MetaSr 1.0',
  'upgrade-insecure-requests' => '1',
  'cache-control' => 'max-age=0',
  'connection' => 'close',
  'host' => 'www.tp.com',
)
[ info ] [ PARAM ] array (
)
[ info ] [ DB ] INIT mysql
---------------------------------------------------------------
[ 2019-03-05T21:24:06+08:00 ] 127.0.0.1 GET www.tp.com/index/ct/count
[è¿è¡Œæ—¶é—´ï¼š1.004058s] [åžåçŽ‡ï¼š1.00req/s] [å†…å­˜æ¶ˆè€—ï¼š2,416.40kb] [æ–‡ä»¶åŠ è½½ï¼š85]
[ info ] [ LANG ] E:\php\tp5\thinkphp\lang\zh-cn.php
[ info ] [ ROUTE ] array (
)
[ info ] [ HEADER ] array (
  'accept-language' => 'zh-CN,zh;q=0.8',
  'accept-encoding' => 'gzip, deflate, sdch',
  'accept' => 'text/html,application/xhtml+xml,application/xml;q=0.9,image/webp,*/*;q=0.8',
  'user-agent' => 'Mozilla/5.0 (Windows NT 6.1; WOW64) AppleWebKit/537.36 (KHTML, like Gecko) Chrome/58.0.3029.110 Safari/537.36 SE 2.X MetaSr 1.0',
  'upgrade-insecure-requests' => '1',
  'cache-control' => 'max-age=0',
  'connection' => 'close',
  'host' => 'www.tp.com',
)
[ info ] [ PARAM ] array (
)
[ info ] [ DB ] INIT mysql
---------------------------------------------------------------
[ 2019-03-05T22:56:37+08:00 ] 127.0.0.1 GET www.tp.com/index/ct/index
[è¿è¡Œæ—¶é—´ï¼š2.293132s] [åžåçŽ‡ï¼š0.44req/s] [å†…å­˜æ¶ˆè€—ï¼š2,451.50kb] [æ–‡ä»¶åŠ è½½ï¼š88]
[ info ] [ LANG ] E:\php\tp5\thinkphp\lang\zh-cn.php
[ info ] [ ROUTE ] array (
)
[ info ] [ HEADER ] array (
  'accept-language' => 'zh-CN,zh;q=0.8',
  'accept-encoding' => 'gzip, deflate, sdch',
  'accept' => 'text/html,application/xhtml+xml,application/xml;q=0.9,image/webp,*/*;q=0.8',
  'user-agent' => 'Mozilla/5.0 (Windows NT 6.1; WOW64) AppleWebKit/537.36 (KHTML, like Gecko) Chrome/58.0.3029.110 Safari/537.36 SE 2.X MetaSr 1.0',
  'upgrade-insecure-requests' => '1',
  'connection' => 'close',
  'host' => 'www.tp.com',
)
[ info ] [ PARAM ] array (
)
[ info ] [ DB ] INIT mysql
[ error ] [2002]SQLSTATE[HY000] [2002] ÓÉÓÚÄ¿±ê¼ÆËã»ú»ý¼«¾Ü¾ø£¬ÎÞ·¨Á¬½Ó¡£
[E:\php\tp5\thinkphp\library\think\db\Connection.php:528]
