---------------------------------------------------------------
[ 2019-03-27T10:22:57+08:00 ] 127.0.0.1 GET test.pcnfc.com/index/index/hcb
[运行时间：2.017115s] [吞吐率：0.50req/s] [内存消耗：1,691.35kb] [文件加载：81]
[ info ] [ LANG ] D:\mf\pcnfctest\thinkphp\lang\zh-cn.php
[ info ] [ ROUTE ] array (
)
[ info ] [ HEADER ] array (
  'accept-language' => 'zh-CN,zh;q=0.9,en;q=0.8,zh-TW;q=0.7',
  'accept-encoding' => 'gzip, deflate',
  'accept' => 'text/html,application/xhtml+xml,application/xml;q=0.9,image/webp,image/apng,*/*;q=0.8',
  'user-agent' => 'Mozilla/5.0 (Windows NT 6.1; WOW64) AppleWebKit/537.36 (KHTML, like Gecko) Chrome/69.0.3497.100 Safari/537.36',
  'upgrade-insecure-requests' => '1',
  'connection' => 'close',
  'host' => 'test.pcnfc.com',
)
[ info ] [ PARAM ] array (
)
---------------------------------------------------------------
[ 2019-03-27T11:14:50+08:00 ] 127.0.0.1 GET test.pcnfc.com/index/index/t3
[运行时间：1.757101s] [吞吐率：0.57req/s] [内存消耗：1,753.84kb] [文件加载：86]
[ info ] [ LANG ] D:\mf\pcnfctest\thinkphp\lang\zh-cn.php
[ info ] [ ROUTE ] array (
)
[ info ] [ HEADER ] array (
  'accept-language' => 'zh-CN,zh;q=0.9,en;q=0.8,zh-TW;q=0.7',
  'accept-encoding' => 'gzip, deflate',
  'accept' => 'text/html,application/xhtml+xml,application/xml;q=0.9,image/webp,image/apng,*/*;q=0.8',
  'user-agent' => 'Mozilla/5.0 (Windows NT 6.1; WOW64) AppleWebKit/537.36 (KHTML, like Gecko) Chrome/69.0.3497.100 Safari/537.36',
  'upgrade-insecure-requests' => '1',
  'connection' => 'close',
  'host' => 'test.pcnfc.com',
)
[ info ] [ PARAM ] array (
)
[ error ] [8]未定义数组索引: data[D:\mf\pcnfctest\application\index\controller\Index.php:105]
---------------------------------------------------------------
[ 2019-03-27T11:14:55+08:00 ] 127.0.0.1 GET test.pcnfc.com/index/index/hcb
[运行时间：0.529031s] [吞吐率：1.89req/s] [内存消耗：1,691.19kb] [文件加载：81]
[ info ] [ LANG ] D:\mf\pcnfctest\thinkphp\lang\zh-cn.php
[ info ] [ ROUTE ] array (
)
[ info ] [ HEADER ] array (
  'accept-language' => 'zh-CN,zh;q=0.9,en;q=0.8,zh-TW;q=0.7',
  'accept-encoding' => 'gzip, deflate',
  'accept' => 'text/html,application/xhtml+xml,application/xml;q=0.9,image/webp,image/apng,*/*;q=0.8',
  'user-agent' => 'Mozilla/5.0 (Windows NT 6.1; WOW64) AppleWebKit/537.36 (KHTML, like Gecko) Chrome/69.0.3497.100 Safari/537.36',
  'upgrade-insecure-requests' => '1',
  'connection' => 'close',
  'host' => 'test.pcnfc.com',
)
[ info ] [ PARAM ] array (
)
---------------------------------------------------------------
[ 2019-03-27T11:43:47+08:00 ] 127.0.0.1 GET test.pcnfc.com/index/index/t3
[运行时间：1.817104s] [吞吐率：0.55req/s] [内存消耗：1,753.84kb] [文件加载：86]
[ info ] [ LANG ] D:\mf\pcnfctest\thinkphp\lang\zh-cn.php
[ info ] [ ROUTE ] array (
)
[ info ] [ HEADER ] array (
  'accept-language' => 'zh-CN,zh;q=0.9,en;q=0.8,zh-TW;q=0.7',
  'accept-encoding' => 'gzip, deflate',
  'accept' => 'text/html,application/xhtml+xml,application/xml;q=0.9,image/webp,image/apng,*/*;q=0.8',
  'user-agent' => 'Mozilla/5.0 (Windows NT 6.1; WOW64) AppleWebKit/537.36 (KHTML, like Gecko) Chrome/69.0.3497.100 Safari/537.36',
  'upgrade-insecure-requests' => '1',
  'connection' => 'close',
  'host' => 'test.pcnfc.com',
)
[ info ] [ PARAM ] array (
)
[ error ] [8]未定义数组索引: data[D:\mf\pcnfctest\application\index\controller\Index.php:105]
---------------------------------------------------------------
[ 2019-03-27T11:43:52+08:00 ] 127.0.0.1 GET test.pcnfc.com/index/index/hcb
[运行时间：0.552032s] [吞吐率：1.81req/s] [内存消耗：1,691.19kb] [文件加载：81]
[ info ] [ LANG ] D:\mf\pcnfctest\thinkphp\lang\zh-cn.php
[ info ] [ ROUTE ] array (
)
[ info ] [ HEADER ] array (
  'accept-language' => 'zh-CN,zh;q=0.9,en;q=0.8,zh-TW;q=0.7',
  'accept-encoding' => 'gzip, deflate',
  'accept' => 'text/html,application/xhtml+xml,application/xml;q=0.9,image/webp,image/apng,*/*;q=0.8',
  'user-agent' => 'Mozilla/5.0 (Windows NT 6.1; WOW64) AppleWebKit/537.36 (KHTML, like Gecko) Chrome/69.0.3497.100 Safari/537.36',
  'upgrade-insecure-requests' => '1',
  'connection' => 'close',
  'host' => 'test.pcnfc.com',
)
[ info ] [ PARAM ] array (
)
